[0.504s] Invoking command in '/home/yonathanarya/colcon_ws/build/turtlebot3_act_interfaces': CMAKE_PREFIX_PATH=${CMAKE_PREFIX_PATH}:/home/yonathanarya/colcon_ws/install/raspimouse_tugas:/home/yonathanarya/colcon_ws/install/turtlebot3_infiniteloop:/home/yonathanarya/colcon_ws/install/turtlebot3_actionserver:/home/yonathanarya/colcon_ws/install/turtlebot3_action:/opt/ros/foxy /usr/bin/cmake --build /home/yonathanarya/colcon_ws/build/turtlebot3_act_interfaces -- -j8 -l8
[1.972s] [  3%] Built target turtlebot3_act_interfaces__cpp
[1.973s] [ 12%] Built target turtlebot3_act_interfaces__rosidl_generator_c
[1.973s] [ 22%] Built target turtlebot3_act_interfaces__rosidl_typesupport_cpp
[1.975s] [ 32%] Built target turtlebot3_act_interfaces__rosidl_typesupport_introspection_c
[1.976s] [ 41%] Built target turtlebot3_act_interfaces__rosidl_typesupport_c
[1.976s] [ 51%] Built target turtlebot3_act_interfaces__rosidl_typesupport_fastrtps_cpp
[1.976s] [ 61%] Built target turtlebot3_act_interfaces__rosidl_typesupport_introspection_cpp
[1.977s] [ 70%] Built target turtlebot3_act_interfaces__rosidl_typesupport_fastrtps_c
[1.977s] [ 70%] Built target turtlebot3_act_interfaces
[1.980s] [ 74%] Built target turtlebot3_act_interfaces__py
[1.981s] [ 80%] Built target turtlebot3_act_interfaces__python
[1.981s] [ 87%] Built target turtlebot3_act_interfaces__rosidl_typesupport_fastrtps_c__pyext
[1.981s] [ 93%] Built target turtlebot3_act_interfaces__rosidl_typesupport_c__pyext
[1.981s] [100%] Built target turtlebot3_act_interfaces__rosidl_typesupport_introspection_c__pyext
[1.984s] Invoked command in '/home/yonathanarya/colcon_ws/build/turtlebot3_act_interfaces' returned '0': CMAKE_PREFIX_PATH=${CMAKE_PREFIX_PATH}:/home/yonathanarya/colcon_ws/install/raspimouse_tugas:/home/yonathanarya/colcon_ws/install/turtlebot3_infiniteloop:/home/yonathanarya/colcon_ws/install/turtlebot3_actionserver:/home/yonathanarya/colcon_ws/install/turtlebot3_action:/opt/ros/foxy /usr/bin/cmake --build /home/yonathanarya/colcon_ws/build/turtlebot3_act_interfaces -- -j8 -l8
[2.501s] Invoking command in '/home/yonathanarya/colcon_ws/build/turtlebot3_act_interfaces': CMAKE_PREFIX_PATH=${CMAKE_PREFIX_PATH}:/home/yonathanarya/colcon_ws/install/raspimouse_tugas:/home/yonathanarya/colcon_ws/install/turtlebot3_infiniteloop:/home/yonathanarya/colcon_ws/install/turtlebot3_actionserver:/home/yonathanarya/colcon_ws/install/turtlebot3_action:/opt/ros/foxy /usr/bin/cmake --install /home/yonathanarya/colcon_ws/build/turtlebot3_act_interfaces
[2.521s] -- Install configuration: ""
[2.522s] -- Execute custom install script
[2.523s] -- Up-to-date symlink: /home/yonathanarya/colcon_ws/install/turtlebot3_act_interfaces/share/ament_index/resource_index/rosidl_interfaces/turtlebot3_act_interfaces
[2.525s] -- Up-to-date symlink: /home/yonathanarya/colcon_ws/install/turtlebot3_act_interfaces/include/turtlebot3_act_interfaces/action/detail/task__functions.h
[2.526s] -- Up-to-date symlink: /home/yonathanarya/colcon_ws/install/turtlebot3_act_interfaces/include/turtlebot3_act_interfaces/action/detail/task__struct.h
[2.526s] -- Up-to-date symlink: /home/yonathanarya/colcon_ws/install/turtlebot3_act_interfaces/include/turtlebot3_act_interfaces/action/detail/task__type_support.h
[2.527s] -- Up-to-date symlink: /home/yonathanarya/colcon_ws/install/turtlebot3_act_interfaces/include/turtlebot3_act_interfaces/action/task.h
[2.527s] -- Up-to-date symlink: /home/yonathanarya/colcon_ws/install/turtlebot3_act_interfaces/include/turtlebot3_act_interfaces/msg/rosidl_generator_c__visibility_control.h
[2.528s] -- Up-to-date symlink: /home/yonathanarya/colcon_ws/install/turtlebot3_act_interfaces/share/turtlebot3_act_interfaces/environment/library_path.sh
[2.528s] -- Up-to-date symlink: /home/yonathanarya/colcon_ws/install/turtlebot3_act_interfaces/share/turtlebot3_act_interfaces/environment/library_path.dsv
[2.529s] -- Up-to-date symlink: /home/yonathanarya/colcon_ws/install/turtlebot3_act_interfaces/include/turtlebot3_act_interfaces/action/detail/task__rosidl_typesupport_fastrtps_c.h
[2.529s] -- Up-to-date symlink: /home/yonathanarya/colcon_ws/install/turtlebot3_act_interfaces/include/turtlebot3_act_interfaces/msg/rosidl_typesupport_fastrtps_c__visibility_control.h
[2.529s] -- Up-to-date symlink: /home/yonathanarya/colcon_ws/install/turtlebot3_act_interfaces/lib/libturtlebot3_act_interfaces__rosidl_typesupport_fastrtps_c.so
[2.532s] -- Up-to-date symlink: /home/yonathanarya/colcon_ws/install/turtlebot3_act_interfaces/include/turtlebot3_act_interfaces/action/detail/task__rosidl_typesupport_fastrtps_cpp.hpp
[2.533s] -- Up-to-date symlink: /home/yonathanarya/colcon_ws/install/turtlebot3_act_interfaces/include/turtlebot3_act_interfaces/msg/rosidl_typesupport_fastrtps_cpp__visibility_control.h
[2.533s] -- Up-to-date symlink: /home/yonathanarya/colcon_ws/install/turtlebot3_act_interfaces/lib/libturtlebot3_act_interfaces__rosidl_typesupport_fastrtps_cpp.so
[2.535s] -- Up-to-date symlink: /home/yonathanarya/colcon_ws/install/turtlebot3_act_interfaces/include/turtlebot3_act_interfaces/action/detail/task__rosidl_typesupport_introspection_c.h
[2.535s] -- Up-to-date symlink: /home/yonathanarya/colcon_ws/install/turtlebot3_act_interfaces/include/turtlebot3_act_interfaces/msg/rosidl_typesupport_introspection_c__visibility_control.h
[2.536s] -- Up-to-date symlink: /home/yonathanarya/colcon_ws/install/turtlebot3_act_interfaces/include/turtlebot3_act_interfaces/action/detail/task__builder.hpp
[2.536s] -- Up-to-date symlink: /home/yonathanarya/colcon_ws/install/turtlebot3_act_interfaces/include/turtlebot3_act_interfaces/action/detail/task__struct.hpp
[2.539s] -- Up-to-date symlink: /home/yonathanarya/colcon_ws/install/turtlebot3_act_interfaces/include/turtlebot3_act_interfaces/action/detail/task__traits.hpp
[2.540s] -- Up-to-date symlink: /home/yonathanarya/colcon_ws/install/turtlebot3_act_interfaces/include/turtlebot3_act_interfaces/action/task.hpp
[2.540s] -- Up-to-date symlink: /home/yonathanarya/colcon_ws/install/turtlebot3_act_interfaces/include/turtlebot3_act_interfaces/action/detail/task__rosidl_typesupport_introspection_cpp.hpp
[2.541s] -- Up-to-date symlink: /home/yonathanarya/colcon_ws/install/turtlebot3_act_interfaces/share/turtlebot3_act_interfaces/environment/pythonpath.sh
[2.541s] -- Up-to-date symlink: /home/yonathanarya/colcon_ws/install/turtlebot3_act_interfaces/share/turtlebot3_act_interfaces/environment/pythonpath.dsv
[2.542s] -- Up-to-date symlink: /home/yonathanarya/colcon_ws/install/turtlebot3_act_interfaces/lib/python3.8/site-packages/turtlebot3_act_interfaces/__init__.py
[2.542s] -- Up-to-date symlink: /home/yonathanarya/colcon_ws/install/turtlebot3_act_interfaces/lib/python3.8/site-packages/turtlebot3_act_interfaces/action/__init__.py
[2.543s] -- Up-to-date symlink: /home/yonathanarya/colcon_ws/install/turtlebot3_act_interfaces/lib/python3.8/site-packages/turtlebot3_act_interfaces/action/_task.py
[2.548s] -- Up-to-date symlink: /home/yonathanarya/colcon_ws/install/turtlebot3_act_interfaces/lib/python3.8/site-packages/turtlebot3_act_interfaces/turtlebot3_act_interfaces_s__rosidl_typesupport_fastrtps_c.cpython-38-x86_64-linux-gnu.so
[2.549s] -- Up-to-date symlink: /home/yonathanarya/colcon_ws/install/turtlebot3_act_interfaces/lib/python3.8/site-packages/turtlebot3_act_interfaces/turtlebot3_act_interfaces_s__rosidl_typesupport_introspection_c.cpython-38-x86_64-linux-gnu.so
[2.550s] -- Up-to-date symlink: /home/yonathanarya/colcon_ws/install/turtlebot3_act_interfaces/lib/python3.8/site-packages/turtlebot3_act_interfaces/turtlebot3_act_interfaces_s__rosidl_typesupport_c.cpython-38-x86_64-linux-gnu.so
[2.551s] -- Up-to-date symlink: /home/yonathanarya/colcon_ws/install/turtlebot3_act_interfaces/lib/libturtlebot3_act_interfaces__python.so
[2.551s] -- Up-to-date symlink: /home/yonathanarya/colcon_ws/install/turtlebot3_act_interfaces/share/turtlebot3_act_interfaces/action/Task.idl
[2.553s] -- Up-to-date symlink: /home/yonathanarya/colcon_ws/install/turtlebot3_act_interfaces/share/turtlebot3_act_interfaces/action/Task.action
[2.553s] -- Up-to-date symlink: /home/yonathanarya/colcon_ws/install/turtlebot3_act_interfaces/share/ament_index/resource_index/package_run_dependencies/turtlebot3_act_interfaces
[2.553s] -- Up-to-date symlink: /home/yonathanarya/colcon_ws/install/turtlebot3_act_interfaces/share/ament_index/resource_index/parent_prefix_path/turtlebot3_act_interfaces
[2.554s] -- Up-to-date symlink: /home/yonathanarya/colcon_ws/install/turtlebot3_act_interfaces/share/turtlebot3_act_interfaces/environment/ament_prefix_path.sh
[2.555s] -- Up-to-date symlink: /home/yonathanarya/colcon_ws/install/turtlebot3_act_interfaces/share/turtlebot3_act_interfaces/environment/ament_prefix_path.dsv
[2.557s] -- Up-to-date symlink: /home/yonathanarya/colcon_ws/install/turtlebot3_act_interfaces/share/turtlebot3_act_interfaces/environment/path.sh
[2.563s] -- Up-to-date symlink: /home/yonathanarya/colcon_ws/install/turtlebot3_act_interfaces/share/turtlebot3_act_interfaces/environment/path.dsv
[2.565s] -- Up-to-date symlink: /home/yonathanarya/colcon_ws/install/turtlebot3_act_interfaces/share/turtlebot3_act_interfaces/local_setup.bash
[2.565s] -- Up-to-date symlink: /home/yonathanarya/colcon_ws/install/turtlebot3_act_interfaces/share/turtlebot3_act_interfaces/local_setup.sh
[2.565s] -- Up-to-date symlink: /home/yonathanarya/colcon_ws/install/turtlebot3_act_interfaces/share/turtlebot3_act_interfaces/local_setup.zsh
[2.565s] -- Up-to-date symlink: /home/yonathanarya/colcon_ws/install/turtlebot3_act_interfaces/share/turtlebot3_act_interfaces/local_setup.dsv
[2.566s] -- Symlinking: /home/yonathanarya/colcon_ws/install/turtlebot3_act_interfaces/share/turtlebot3_act_interfaces/package.dsv
[2.614s] -- Up-to-date symlink: /home/yonathanarya/colcon_ws/install/turtlebot3_act_interfaces/share/ament_index/resource_index/packages/turtlebot3_act_interfaces
[2.619s] -- Up-to-date symlink: /home/yonathanarya/colcon_ws/install/turtlebot3_act_interfaces/share/turtlebot3_act_interfaces/cmake/rosidl_cmake-extras.cmake
[2.620s] -- Up-to-date symlink: /home/yonathanarya/colcon_ws/install/turtlebot3_act_interfaces/share/turtlebot3_act_interfaces/cmake/ament_cmake_export_dependencies-extras.cmake
[2.620s] -- Up-to-date symlink: /home/yonathanarya/colcon_ws/install/turtlebot3_act_interfaces/share/turtlebot3_act_interfaces/cmake/ament_cmake_export_libraries-extras.cmake
[2.621s] -- Up-to-date symlink: /home/yonathanarya/colcon_ws/install/turtlebot3_act_interfaces/share/turtlebot3_act_interfaces/cmake/ament_cmake_export_targets-extras.cmake
[2.621s] -- Up-to-date symlink: /home/yonathanarya/colcon_ws/install/turtlebot3_act_interfaces/share/turtlebot3_act_interfaces/cmake/ament_cmake_export_include_directories-extras.cmake
[2.622s] -- Up-to-date symlink: /home/yonathanarya/colcon_ws/install/turtlebot3_act_interfaces/share/turtlebot3_act_interfaces/cmake/rosidl_cmake_export_typesupport_libraries-extras.cmake
[2.623s] -- Up-to-date symlink: /home/yonathanarya/colcon_ws/install/turtlebot3_act_interfaces/share/turtlebot3_act_interfaces/cmake/rosidl_cmake_export_typesupport_targets-extras.cmake
[2.623s] -- Up-to-date symlink: /home/yonathanarya/colcon_ws/install/turtlebot3_act_interfaces/share/turtlebot3_act_interfaces/cmake/turtlebot3_act_interfacesConfig.cmake
[2.624s] -- Up-to-date symlink: /home/yonathanarya/colcon_ws/install/turtlebot3_act_interfaces/share/turtlebot3_act_interfaces/cmake/turtlebot3_act_interfacesConfig-version.cmake
[2.624s] -- Up-to-date symlink: /home/yonathanarya/colcon_ws/install/turtlebot3_act_interfaces/share/turtlebot3_act_interfaces/package.xml
[2.624s] -- Up-to-date: /home/yonathanarya/colcon_ws/install/turtlebot3_act_interfaces/lib/libturtlebot3_act_interfaces__rosidl_generator_c.so
[2.625s] -- Up-to-date: /home/yonathanarya/colcon_ws/install/turtlebot3_act_interfaces/lib/libturtlebot3_act_interfaces__rosidl_typesupport_introspection_c.so
[2.630s] -- Up-to-date: /home/yonathanarya/colcon_ws/install/turtlebot3_act_interfaces/lib/libturtlebot3_act_interfaces__rosidl_typesupport_c.so
[2.630s] -- Up-to-date: /home/yonathanarya/colcon_ws/install/turtlebot3_act_interfaces/lib/libturtlebot3_act_interfaces__rosidl_typesupport_introspection_cpp.so
[2.630s] -- Up-to-date: /home/yonathanarya/colcon_ws/install/turtlebot3_act_interfaces/lib/libturtlebot3_act_interfaces__rosidl_typesupport_cpp.so
[2.769s] -- Up-to-date: /home/yonathanarya/colcon_ws/install/turtlebot3_act_interfaces/share/turtlebot3_act_interfaces/cmake/turtlebot3_act_interfaces__rosidl_generator_cExport.cmake
[2.770s] -- Up-to-date: /home/yonathanarya/colcon_ws/install/turtlebot3_act_interfaces/share/turtlebot3_act_interfaces/cmake/turtlebot3_act_interfaces__rosidl_generator_cExport-noconfig.cmake
[2.770s] -- Up-to-date: /home/yonathanarya/colcon_ws/install/turtlebot3_act_interfaces/share/turtlebot3_act_interfaces/cmake/turtlebot3_act_interfaces__rosidl_typesupport_introspection_cExport.cmake
[2.771s] -- Up-to-date: /home/yonathanarya/colcon_ws/install/turtlebot3_act_interfaces/share/turtlebot3_act_interfaces/cmake/turtlebot3_act_interfaces__rosidl_typesupport_introspection_cExport-noconfig.cmake
[2.773s] -- Up-to-date: /home/yonathanarya/colcon_ws/install/turtlebot3_act_interfaces/share/turtlebot3_act_interfaces/cmake/turtlebot3_act_interfaces__rosidl_typesupport_cExport.cmake
[2.774s] -- Up-to-date: /home/yonathanarya/colcon_ws/install/turtlebot3_act_interfaces/share/turtlebot3_act_interfaces/cmake/turtlebot3_act_interfaces__rosidl_typesupport_cExport-noconfig.cmake
[2.774s] -- Up-to-date: /home/yonathanarya/colcon_ws/install/turtlebot3_act_interfaces/share/turtlebot3_act_interfaces/cmake/turtlebot3_act_interfaces__rosidl_generator_cppExport.cmake
[2.778s] -- Up-to-date: /home/yonathanarya/colcon_ws/install/turtlebot3_act_interfaces/share/turtlebot3_act_interfaces/cmake/turtlebot3_act_interfaces__rosidl_typesupport_introspection_cppExport.cmake
[2.778s] -- Up-to-date: /home/yonathanarya/colcon_ws/install/turtlebot3_act_interfaces/share/turtlebot3_act_interfaces/cmake/turtlebot3_act_interfaces__rosidl_typesupport_introspection_cppExport-noconfig.cmake
[2.778s] -- Up-to-date: /home/yonathanarya/colcon_ws/install/turtlebot3_act_interfaces/share/turtlebot3_act_interfaces/cmake/turtlebot3_act_interfaces__rosidl_typesupport_cppExport.cmake
[2.779s] -- Up-to-date: /home/yonathanarya/colcon_ws/install/turtlebot3_act_interfaces/share/turtlebot3_act_interfaces/cmake/turtlebot3_act_interfaces__rosidl_typesupport_cppExport-noconfig.cmake
[2.795s] Invoked command in '/home/yonathanarya/colcon_ws/build/turtlebot3_act_interfaces' returned '0': CMAKE_PREFIX_PATH=${CMAKE_PREFIX_PATH}:/home/yonathanarya/colcon_ws/install/raspimouse_tugas:/home/yonathanarya/colcon_ws/install/turtlebot3_infiniteloop:/home/yonathanarya/colcon_ws/install/turtlebot3_actionserver:/home/yonathanarya/colcon_ws/install/turtlebot3_action:/opt/ros/foxy /usr/bin/cmake --install /home/yonathanarya/colcon_ws/build/turtlebot3_act_interfaces
