running egg_info
creating ../../build/turtlebot3_action/turtlebot3_action.egg-info
writing ../../build/turtlebot3_action/turtlebot3_action.egg-info/PKG-INFO
writing dependency_links to ../../build/turtlebot3_action/turtlebot3_action.egg-info/dependency_links.txt
writing entry points to ../../build/turtlebot3_action/turtlebot3_action.egg-info/entry_points.txt
writing requirements to ../../build/turtlebot3_action/turtlebot3_action.egg-info/requires.txt
writing top-level names to ../../build/turtlebot3_action/turtlebot3_action.egg-info/top_level.txt
writing manifest file '../../build/turtlebot3_action/turtlebot3_action.egg-info/SOURCES.txt'
reading manifest file '../../build/turtlebot3_action/turtlebot3_action.egg-info/SOURCES.txt'
writing manifest file '../../build/turtlebot3_action/turtlebot3_action.egg-info/SOURCES.txt'
running build
running build_py
creating /home/yonathanarya/colcon_ws/build/turtlebot3_action/build
creating /home/yonathanarya/colcon_ws/build/turtlebot3_action/build/lib
creating /home/yonathanarya/colcon_ws/build/turtlebot3_action/build/lib/turtlebot3_action
copying turtlebot3_action/__init__.py -> /home/yonathanarya/colcon_ws/build/turtlebot3_action/build/lib/turtlebot3_action
running install
running install_lib
creating /home/yonathanarya/colcon_ws/install/turtlebot3_action/lib/python3.8/site-packages/turtlebot3_action
copying /home/yonathanarya/colcon_ws/build/turtlebot3_action/build/lib/turtlebot3_action/__init__.py -> /home/yonathanarya/colcon_ws/install/turtlebot3_action/lib/python3.8/site-packages/turtlebot3_action
byte-compiling /home/yonathanarya/colcon_ws/install/turtlebot3_action/lib/python3.8/site-packages/turtlebot3_action/__init__.py to __init__.cpython-38.pyc
running install_data
creating /home/yonathanarya/colcon_ws/install/turtlebot3_action/share/ament_index
creating /home/yonathanarya/colcon_ws/install/turtlebot3_action/share/ament_index/resource_index
creating /home/yonathanarya/colcon_ws/install/turtlebot3_action/share/ament_index/resource_index/packages
copying resource/turtlebot3_action -> /home/yonathanarya/colcon_ws/install/turtlebot3_action/share/ament_index/resource_index/packages
copying package.xml -> /home/yonathanarya/colcon_ws/install/turtlebot3_action/share/turtlebot3_action
running install_egg_info
Copying ../../build/turtlebot3_action/turtlebot3_action.egg-info to /home/yonathanarya/colcon_ws/install/turtlebot3_action/lib/python3.8/site-packages/turtlebot3_action-0.0.0-py3.8.egg-info
running install_scripts
Installing turtlebot3_patrol_client script to /home/yonathanarya/colcon_ws/install/turtlebot3_action/lib/turtlebot3_action
Installing turtlebot3_patrol_server script to /home/yonathanarya/colcon_ws/install/turtlebot3_action/lib/turtlebot3_action
writing list of installed files to '/home/yonathanarya/colcon_ws/build/turtlebot3_action/install.log'
