[0.224s] Invoking command in '/home/yonathanarya/colcon_ws/src/turtlebot3_action': PYTHONPATH=/home/yonathanarya/colcon_ws/install/turtlebot3_action/lib/python3.8/site-packages:${PYTHONPATH} /usr/bin/python3 setup.py egg_info --egg-base ../../build/turtlebot3_action build --build-base /home/yonathanarya/colcon_ws/build/turtlebot3_action/build install --prefix /home/yonathanarya/colcon_ws/install/turtlebot3_action --record /home/yonathanarya/colcon_ws/build/turtlebot3_action/install.log --single-version-externally-managed
[0.412s] running egg_info
[0.413s] creating ../../build/turtlebot3_action/turtlebot3_action.egg-info
[0.413s] writing ../../build/turtlebot3_action/turtlebot3_action.egg-info/PKG-INFO
[0.414s] writing dependency_links to ../../build/turtlebot3_action/turtlebot3_action.egg-info/dependency_links.txt
[0.414s] writing entry points to ../../build/turtlebot3_action/turtlebot3_action.egg-info/entry_points.txt
[0.414s] writing requirements to ../../build/turtlebot3_action/turtlebot3_action.egg-info/requires.txt
[0.414s] writing top-level names to ../../build/turtlebot3_action/turtlebot3_action.egg-info/top_level.txt
[0.415s] writing manifest file '../../build/turtlebot3_action/turtlebot3_action.egg-info/SOURCES.txt'
[0.445s] reading manifest file '../../build/turtlebot3_action/turtlebot3_action.egg-info/SOURCES.txt'
[0.445s] writing manifest file '../../build/turtlebot3_action/turtlebot3_action.egg-info/SOURCES.txt'
[0.446s] running build
[0.446s] running build_py
[0.446s] creating /home/yonathanarya/colcon_ws/build/turtlebot3_action/build
[0.446s] creating /home/yonathanarya/colcon_ws/build/turtlebot3_action/build/lib
[0.446s] creating /home/yonathanarya/colcon_ws/build/turtlebot3_action/build/lib/turtlebot3_action
[0.446s] copying turtlebot3_action/__init__.py -> /home/yonathanarya/colcon_ws/build/turtlebot3_action/build/lib/turtlebot3_action
[0.446s] running install
[0.447s] running install_lib
[0.448s] creating /home/yonathanarya/colcon_ws/install/turtlebot3_action/lib/python3.8/site-packages/turtlebot3_action
[0.448s] copying /home/yonathanarya/colcon_ws/build/turtlebot3_action/build/lib/turtlebot3_action/__init__.py -> /home/yonathanarya/colcon_ws/install/turtlebot3_action/lib/python3.8/site-packages/turtlebot3_action
[0.448s] byte-compiling /home/yonathanarya/colcon_ws/install/turtlebot3_action/lib/python3.8/site-packages/turtlebot3_action/__init__.py to __init__.cpython-38.pyc
[0.450s] running install_data
[0.450s] creating /home/yonathanarya/colcon_ws/install/turtlebot3_action/share/ament_index
[0.450s] creating /home/yonathanarya/colcon_ws/install/turtlebot3_action/share/ament_index/resource_index
[0.450s] creating /home/yonathanarya/colcon_ws/install/turtlebot3_action/share/ament_index/resource_index/packages
[0.450s] copying resource/turtlebot3_action -> /home/yonathanarya/colcon_ws/install/turtlebot3_action/share/ament_index/resource_index/packages
[0.450s] copying package.xml -> /home/yonathanarya/colcon_ws/install/turtlebot3_action/share/turtlebot3_action
[0.451s] running install_egg_info
[0.452s] Copying ../../build/turtlebot3_action/turtlebot3_action.egg-info to /home/yonathanarya/colcon_ws/install/turtlebot3_action/lib/python3.8/site-packages/turtlebot3_action-0.0.0-py3.8.egg-info
[0.453s] running install_scripts
[0.469s] Installing turtlebot3_patrol_client script to /home/yonathanarya/colcon_ws/install/turtlebot3_action/lib/turtlebot3_action
[0.469s] Installing turtlebot3_patrol_server script to /home/yonathanarya/colcon_ws/install/turtlebot3_action/lib/turtlebot3_action
[0.469s] writing list of installed files to '/home/yonathanarya/colcon_ws/build/turtlebot3_action/install.log'
[0.491s] Invoked command in '/home/yonathanarya/colcon_ws/src/turtlebot3_action' returned '0': PYTHONPATH=/home/yonathanarya/colcon_ws/install/turtlebot3_action/lib/python3.8/site-packages:${PYTHONPATH} /usr/bin/python3 setup.py egg_info --egg-base ../../build/turtlebot3_action build --build-base /home/yonathanarya/colcon_ws/build/turtlebot3_action/build install --prefix /home/yonathanarya/colcon_ws/install/turtlebot3_action --record /home/yonathanarya/colcon_ws/build/turtlebot3_action/install.log --single-version-externally-managed
