[0.022s] Invoking command in '/home/yonathanarya/colcon_ws/build/turtlebot3_act_interfaces': CMAKE_PREFIX_PATH=${CMAKE_PREFIX_PATH}:/home/yonathanarya/colcon_ws/install/turtlebot3_infiniteloop:/home/yonathanarya/colcon_ws/install/turtlebot3_actionserver:/home/yonathanarya/colcon_ws/install/turtlebot3_action:/opt/ros/foxy /usr/bin/cmake --build /home/yonathanarya/colcon_ws/build/turtlebot3_act_interfaces -- -j8 -l8
[0.070s] -- Found ament_cmake: 0.9.9 (/opt/ros/foxy/share/ament_cmake/cmake)
[0.102s] -- Found PythonInterp: /usr/bin/python3 (found suitable version "3.8.10", minimum required is "3") 
[0.103s] -- Using PYTHON_EXECUTABLE: /usr/bin/python3
[0.349s] -- Found rosidl_default_generators: 1.0.1 (/opt/ros/foxy/share/rosidl_default_generators/cmake)
[0.353s] -- Using all available rosidl_typesupport_c: rosidl_typesupport_fastrtps_c;rosidl_typesupport_introspection_c
[0.360s] -- Found rosidl_adapter: 1.2.1 (/opt/ros/foxy/share/rosidl_adapter/cmake)
[0.553s] -- Using all available rosidl_typesupport_cpp: rosidl_typesupport_fastrtps_cpp;rosidl_typesupport_introspection_cpp
[0.648s] -- Found PythonInterp: /usr/bin/python3 (found version "3.8.10") 
[0.926s] -- Found ament_cmake_ros: 0.9.2 (/opt/ros/foxy/share/ament_cmake_ros/cmake)
[1.090s] -- Using all available rosidl_typesupport_c: rosidl_typesupport_fastrtps_c;rosidl_typesupport_introspection_c
[1.123s] -- Using all available rosidl_typesupport_cpp: rosidl_typesupport_fastrtps_cpp;rosidl_typesupport_introspection_cpp
[1.164s] -- Found PythonInterp: /usr/bin/python3 (found suitable version "3.8.10", minimum required is "3.5") 
[1.164s] -- Found python_cmake_module: 0.8.1 (/opt/ros/foxy/share/python_cmake_module/cmake)
[1.199s] -- Using PYTHON_EXECUTABLE: /usr/bin/python3
[1.199s] -- Using PYTHON_INCLUDE_DIRS: /usr/include/python3.8
[1.199s] -- Using PYTHON_LIBRARIES: /usr/lib/x86_64-linux-gnu/libpython3.8.so
[1.237s] -- Found ament_lint_auto: 0.9.6 (/opt/ros/foxy/share/ament_lint_auto/cmake)
[1.250s] -- Added test 'copyright' to check source files copyright and LICENSE
[1.253s] -- Added test 'lint_cmake' to check CMake code style
[1.254s] -- Added test 'xmllint' to check XML markup files
[1.260s] -- Configuring done
[1.338s] -- Generating done
[1.342s] -- Build files have been written to: /home/yonathanarya/colcon_ws/build/turtlebot3_act_interfaces
[1.388s] [  3%] [34m[1mGenerating C code for ROS interfaces[0m
[1.405s] [  6%] [34m[1mGenerating C++ code for ROS interfaces[0m
[2.110s] [35m[1mScanning dependencies of target turtlebot3_act_interfaces__rosidl_generator_c[0m
[2.140s] [  9%] [32mBuilding C object CMakeFiles/turtlebot3_act_interfaces__rosidl_generator_c.dir/rosidl_generator_c/turtlebot3_act_interfaces/action/detail/task__functions.c.o[0m
[2.159s] [  9%] Built target turtlebot3_act_interfaces__cpp
[2.182s] [ 12%] [34m[1mGenerating C++ type support dispatch for ROS interfaces[0m
[2.184s] [ 16%] [34m[1mGenerating C++ type support for eProsima Fast-RTPS[0m
[2.188s] [ 19%] [34m[1mGenerating C++ introspection for ROS interfaces[0m
[2.373s] [ 22%] [32m[1mLinking C shared library libturtlebot3_act_interfaces__rosidl_generator_c.so[0m
[2.497s] [ 22%] Built target turtlebot3_act_interfaces__rosidl_generator_c
[2.533s] [ 25%] [34m[1mGenerating C type support dispatch for ROS interfaces[0m
[2.540s] [ 29%] [34m[1mGenerating C introspection for ROS interfaces[0m
[3.051s] [35m[1mScanning dependencies of target turtlebot3_act_interfaces__rosidl_typesupport_cpp[0m
[3.094s] [ 32%] [32mBuilding CXX object CMakeFiles/turtlebot3_act_interfaces__rosidl_typesupport_cpp.dir/rosidl_typesupport_cpp/turtlebot3_act_interfaces/action/task__type_support.cpp.o[0m
[3.176s] [35m[1mScanning dependencies of target turtlebot3_act_interfaces__rosidl_typesupport_introspection_cpp[0m
[3.237s] [ 35%] [32mBuilding CXX object CMakeFiles/turtlebot3_act_interfaces__rosidl_typesupport_introspection_cpp.dir/rosidl_typesupport_introspection_cpp/turtlebot3_act_interfaces/action/detail/task__type_support.cpp.o[0m
[3.390s] [35m[1mScanning dependencies of target turtlebot3_act_interfaces__rosidl_typesupport_c[0m
[3.429s] [ 38%] [32mBuilding CXX object CMakeFiles/turtlebot3_act_interfaces__rosidl_typesupport_c.dir/rosidl_typesupport_c/turtlebot3_act_interfaces/action/task__type_support.cpp.o[0m
[3.455s] [35m[1mScanning dependencies of target turtlebot3_act_interfaces__rosidl_typesupport_fastrtps_cpp[0m
[3.519s] [ 41%] [32mBuilding CXX object CMakeFiles/turtlebot3_act_interfaces__rosidl_typesupport_fastrtps_cpp.dir/rosidl_typesupport_fastrtps_cpp/turtlebot3_act_interfaces/action/detail/dds_fastrtps/task__type_support.cpp.o[0m
[3.567s] [ 45%] [32m[1mLinking CXX shared library libturtlebot3_act_interfaces__rosidl_typesupport_c.so[0m
[3.577s] [35m[1mScanning dependencies of target turtlebot3_act_interfaces__rosidl_typesupport_introspection_c[0m
[3.617s] [ 48%] [32mBuilding C object CMakeFiles/turtlebot3_act_interfaces__rosidl_typesupport_introspection_c.dir/rosidl_typesupport_introspection_c/turtlebot3_act_interfaces/action/detail/task__type_support.c.o[0m
[3.687s] [ 48%] Built target turtlebot3_act_interfaces__rosidl_typesupport_c
[3.739s] [ 51%] [32m[1mLinking C shared library libturtlebot3_act_interfaces__rosidl_typesupport_introspection_c.so[0m
[3.812s] [ 51%] Built target turtlebot3_act_interfaces__rosidl_typesupport_introspection_c
[4.021s] [ 54%] [32m[1mLinking CXX shared library libturtlebot3_act_interfaces__rosidl_typesupport_cpp.so[0m
[4.125s] [ 54%] Built target turtlebot3_act_interfaces__rosidl_typesupport_cpp
[4.143s] [ 58%] [32m[1mLinking CXX shared library libturtlebot3_act_interfaces__rosidl_typesupport_introspection_cpp.so[0m
[4.353s] [ 58%] Built target turtlebot3_act_interfaces__rosidl_typesupport_introspection_cpp
[4.684s] [ 61%] [32m[1mLinking CXX shared library libturtlebot3_act_interfaces__rosidl_typesupport_fastrtps_cpp.so[0m
[4.840s] [ 61%] Built target turtlebot3_act_interfaces__rosidl_typesupport_fastrtps_cpp
[4.858s] [ 64%] [34m[1mGenerating C type support for eProsima Fast-RTPS[0m
[5.335s] [35m[1mScanning dependencies of target turtlebot3_act_interfaces__rosidl_typesupport_fastrtps_c[0m
[5.359s] [ 67%] [32mBuilding CXX object CMakeFiles/turtlebot3_act_interfaces__rosidl_typesupport_fastrtps_c.dir/rosidl_typesupport_fastrtps_c/turtlebot3_act_interfaces/action/detail/task__type_support_c.cpp.o[0m
[5.896s] [ 70%] [32m[1mLinking CXX shared library libturtlebot3_act_interfaces__rosidl_typesupport_fastrtps_c.so[0m
[6.054s] [ 70%] Built target turtlebot3_act_interfaces__rosidl_typesupport_fastrtps_c
[6.088s] [ 70%] Built target turtlebot3_act_interfaces
[6.122s] [ 74%] [34m[1mGenerating Python code for ROS interfaces[0m
[7.179s] [ 74%] Built target turtlebot3_act_interfaces__py
[7.197s] [35m[1mScanning dependencies of target turtlebot3_act_interfaces__python[0m
[7.219s] [ 77%] [32mBuilding C object CMakeFiles/turtlebot3_act_interfaces__python.dir/rosidl_generator_py/turtlebot3_act_interfaces/action/_task_s.c.o[0m
[7.395s] [ 80%] [32m[1mLinking C shared library rosidl_generator_py/turtlebot3_act_interfaces/libturtlebot3_act_interfaces__python.so[0m
[7.464s] [ 80%] Built target turtlebot3_act_interfaces__python
[7.483s] [35m[1mScanning dependencies of target turtlebot3_act_interfaces__rosidl_typesupport_introspection_c__pyext[0m
[7.484s] [35m[1mScanning dependencies of target turtlebot3_act_interfaces__rosidl_typesupport_c__pyext[0m
[7.484s] [35m[1mScanning dependencies of target turtlebot3_act_interfaces__rosidl_typesupport_fastrtps_c__pyext[0m
[7.509s] [ 83%] [32mBuilding C object CMakeFiles/turtlebot3_act_interfaces__rosidl_typesupport_c__pyext.dir/rosidl_generator_py/turtlebot3_act_interfaces/_turtlebot3_act_interfaces_s.ep.rosidl_typesupport_c.c.o[0m
[7.509s] [ 87%] [32mBuilding C object CMakeFiles/turtlebot3_act_interfaces__rosidl_typesupport_introspection_c__pyext.dir/rosidl_generator_py/turtlebot3_act_interfaces/_turtlebot3_act_interfaces_s.ep.rosidl_typesupport_introspection_c.c.o[0m
[7.520s] [ 90%] [32mBuilding C object CMakeFiles/turtlebot3_act_interfaces__rosidl_typesupport_fastrtps_c__pyext.dir/rosidl_generator_py/turtlebot3_act_interfaces/_turtlebot3_act_interfaces_s.ep.rosidl_typesupport_fastrtps_c.c.o[0m
[7.676s] [ 93%] [32m[1mLinking C shared library rosidl_generator_py/turtlebot3_act_interfaces/turtlebot3_act_interfaces_s__rosidl_typesupport_introspection_c.cpython-38-x86_64-linux-gnu.so[0m
[7.696s] [ 96%] [32m[1mLinking C shared library rosidl_generator_py/turtlebot3_act_interfaces/turtlebot3_act_interfaces_s__rosidl_typesupport_c.cpython-38-x86_64-linux-gnu.so[0m
[7.731s] [100%] [32m[1mLinking CXX shared library rosidl_generator_py/turtlebot3_act_interfaces/turtlebot3_act_interfaces_s__rosidl_typesupport_fastrtps_c.cpython-38-x86_64-linux-gnu.so[0m
[7.755s] [100%] Built target turtlebot3_act_interfaces__rosidl_typesupport_introspection_c__pyext
[7.778s] [100%] Built target turtlebot3_act_interfaces__rosidl_typesupport_c__pyext
[7.859s] [100%] Built target turtlebot3_act_interfaces__rosidl_typesupport_fastrtps_c__pyext
[7.880s] Invoked command in '/home/yonathanarya/colcon_ws/build/turtlebot3_act_interfaces' returned '0': CMAKE_PREFIX_PATH=${CMAKE_PREFIX_PATH}:/home/yonathanarya/colcon_ws/install/turtlebot3_infiniteloop:/home/yonathanarya/colcon_ws/install/turtlebot3_actionserver:/home/yonathanarya/colcon_ws/install/turtlebot3_action:/opt/ros/foxy /usr/bin/cmake --build /home/yonathanarya/colcon_ws/build/turtlebot3_act_interfaces -- -j8 -l8
[7.976s] Invoking command in '/home/yonathanarya/colcon_ws/build/turtlebot3_act_interfaces': CMAKE_PREFIX_PATH=${CMAKE_PREFIX_PATH}:/home/yonathanarya/colcon_ws/install/turtlebot3_infiniteloop:/home/yonathanarya/colcon_ws/install/turtlebot3_actionserver:/home/yonathanarya/colcon_ws/install/turtlebot3_action:/opt/ros/foxy /usr/bin/cmake --install /home/yonathanarya/colcon_ws/build/turtlebot3_act_interfaces
[7.990s] -- Install configuration: ""
[7.991s] -- Up-to-date: /home/yonathanarya/colcon_ws/install/turtlebot3_act_interfaces/share/ament_index/resource_index/rosidl_interfaces/turtlebot3_act_interfaces
[7.992s] -- Up-to-date: /home/yonathanarya/colcon_ws/install/turtlebot3_act_interfaces/include/turtlebot3_act_interfaces
[7.992s] -- Up-to-date: /home/yonathanarya/colcon_ws/install/turtlebot3_act_interfaces/include/turtlebot3_act_interfaces/action
[7.992s] -- Installing: /home/yonathanarya/colcon_ws/install/turtlebot3_act_interfaces/include/turtlebot3_act_interfaces/action/task.h
[7.992s] -- Up-to-date: /home/yonathanarya/colcon_ws/install/turtlebot3_act_interfaces/include/turtlebot3_act_interfaces/action/detail
[7.992s] -- Installing: /home/yonathanarya/colcon_ws/install/turtlebot3_act_interfaces/include/turtlebot3_act_interfaces/action/detail/task__functions.h
[7.993s] -- Installing: /home/yonathanarya/colcon_ws/install/turtlebot3_act_interfaces/include/turtlebot3_act_interfaces/action/detail/task__struct.h
[7.993s] -- Installing: /home/yonathanarya/colcon_ws/install/turtlebot3_act_interfaces/include/turtlebot3_act_interfaces/action/detail/task__type_support.h
[7.993s] -- Installing: /home/yonathanarya/colcon_ws/install/turtlebot3_act_interfaces/include/turtlebot3_act_interfaces/action/detail/task__functions.c
[7.993s] -- Up-to-date: /home/yonathanarya/colcon_ws/install/turtlebot3_act_interfaces/include/turtlebot3_act_interfaces/msg
[7.993s] -- Up-to-date: /home/yonathanarya/colcon_ws/install/turtlebot3_act_interfaces/include/turtlebot3_act_interfaces/msg/rosidl_generator_c__visibility_control.h
[7.993s] -- Up-to-date: /home/yonathanarya/colcon_ws/install/turtlebot3_act_interfaces/share/turtlebot3_act_interfaces/environment/library_path.sh
[7.994s] -- Installing: /home/yonathanarya/colcon_ws/install/turtlebot3_act_interfaces/share/turtlebot3_act_interfaces/environment/library_path.dsv
[7.994s] -- Installing: /home/yonathanarya/colcon_ws/install/turtlebot3_act_interfaces/lib/libturtlebot3_act_interfaces__rosidl_generator_c.so
[7.994s] -- Set runtime path of "/home/yonathanarya/colcon_ws/install/turtlebot3_act_interfaces/lib/libturtlebot3_act_interfaces__rosidl_generator_c.so" to ""
[7.994s] -- Up-to-date: /home/yonathanarya/colcon_ws/install/turtlebot3_act_interfaces/include/turtlebot3_act_interfaces
[7.995s] -- Up-to-date: /home/yonathanarya/colcon_ws/install/turtlebot3_act_interfaces/include/turtlebot3_act_interfaces/action
[7.995s] -- Up-to-date: /home/yonathanarya/colcon_ws/install/turtlebot3_act_interfaces/include/turtlebot3_act_interfaces/action/detail
[7.995s] -- Installing: /home/yonathanarya/colcon_ws/install/turtlebot3_act_interfaces/include/turtlebot3_act_interfaces/action/detail/task__rosidl_typesupport_fastrtps_c.h
[7.995s] -- Up-to-date: /home/yonathanarya/colcon_ws/install/turtlebot3_act_interfaces/include/turtlebot3_act_interfaces/msg
[7.995s] -- Up-to-date: /home/yonathanarya/colcon_ws/install/turtlebot3_act_interfaces/include/turtlebot3_act_interfaces/msg/rosidl_typesupport_fastrtps_c__visibility_control.h
[7.995s] -- Installing: /home/yonathanarya/colcon_ws/install/turtlebot3_act_interfaces/lib/libturtlebot3_act_interfaces__rosidl_typesupport_fastrtps_c.so
[7.996s] -- Set runtime path of "/home/yonathanarya/colcon_ws/install/turtlebot3_act_interfaces/lib/libturtlebot3_act_interfaces__rosidl_typesupport_fastrtps_c.so" to ""
[7.996s] -- Up-to-date: /home/yonathanarya/colcon_ws/install/turtlebot3_act_interfaces/include/turtlebot3_act_interfaces
[7.996s] -- Up-to-date: /home/yonathanarya/colcon_ws/install/turtlebot3_act_interfaces/include/turtlebot3_act_interfaces/action
[7.996s] -- Up-to-date: /home/yonathanarya/colcon_ws/install/turtlebot3_act_interfaces/include/turtlebot3_act_interfaces/action/detail
[7.996s] -- Up-to-date: /home/yonathanarya/colcon_ws/install/turtlebot3_act_interfaces/include/turtlebot3_act_interfaces/action/detail/dds_fastrtps
[7.996s] -- Installing: /home/yonathanarya/colcon_ws/install/turtlebot3_act_interfaces/include/turtlebot3_act_interfaces/action/detail/task__rosidl_typesupport_fastrtps_cpp.hpp
[7.996s] -- Up-to-date: /home/yonathanarya/colcon_ws/install/turtlebot3_act_interfaces/include/turtlebot3_act_interfaces/msg
[7.997s] -- Up-to-date: /home/yonathanarya/colcon_ws/install/turtlebot3_act_interfaces/include/turtlebot3_act_interfaces/msg/rosidl_typesupport_fastrtps_cpp__visibility_control.h
[7.997s] -- Installing: /home/yonathanarya/colcon_ws/install/turtlebot3_act_interfaces/lib/libturtlebot3_act_interfaces__rosidl_typesupport_fastrtps_cpp.so
[7.997s] -- Set runtime path of "/home/yonathanarya/colcon_ws/install/turtlebot3_act_interfaces/lib/libturtlebot3_act_interfaces__rosidl_typesupport_fastrtps_cpp.so" to ""
[7.997s] -- Up-to-date: /home/yonathanarya/colcon_ws/install/turtlebot3_act_interfaces/include/turtlebot3_act_interfaces
[7.997s] -- Up-to-date: /home/yonathanarya/colcon_ws/install/turtlebot3_act_interfaces/include/turtlebot3_act_interfaces/action
[7.997s] -- Up-to-date: /home/yonathanarya/colcon_ws/install/turtlebot3_act_interfaces/include/turtlebot3_act_interfaces/action/detail
[7.998s] -- Installing: /home/yonathanarya/colcon_ws/install/turtlebot3_act_interfaces/include/turtlebot3_act_interfaces/action/detail/task__type_support.c
[7.998s] -- Installing: /home/yonathanarya/colcon_ws/install/turtlebot3_act_interfaces/include/turtlebot3_act_interfaces/action/detail/task__rosidl_typesupport_introspection_c.h
[7.998s] -- Up-to-date: /home/yonathanarya/colcon_ws/install/turtlebot3_act_interfaces/include/turtlebot3_act_interfaces/msg
[7.998s] -- Up-to-date: /home/yonathanarya/colcon_ws/install/turtlebot3_act_interfaces/include/turtlebot3_act_interfaces/msg/rosidl_typesupport_introspection_c__visibility_control.h
[7.998s] -- Installing: /home/yonathanarya/colcon_ws/install/turtlebot3_act_interfaces/lib/libturtlebot3_act_interfaces__rosidl_typesupport_introspection_c.so
[7.999s] -- Set runtime path of "/home/yonathanarya/colcon_ws/install/turtlebot3_act_interfaces/lib/libturtlebot3_act_interfaces__rosidl_typesupport_introspection_c.so" to ""
[7.999s] -- Installing: /home/yonathanarya/colcon_ws/install/turtlebot3_act_interfaces/lib/libturtlebot3_act_interfaces__rosidl_typesupport_c.so
[7.999s] -- Set runtime path of "/home/yonathanarya/colcon_ws/install/turtlebot3_act_interfaces/lib/libturtlebot3_act_interfaces__rosidl_typesupport_c.so" to ""
[8.000s] -- Up-to-date: /home/yonathanarya/colcon_ws/install/turtlebot3_act_interfaces/include/turtlebot3_act_interfaces
[8.000s] -- Up-to-date: /home/yonathanarya/colcon_ws/install/turtlebot3_act_interfaces/include/turtlebot3_act_interfaces/action
[8.000s] -- Up-to-date: /home/yonathanarya/colcon_ws/install/turtlebot3_act_interfaces/include/turtlebot3_act_interfaces/action/detail
[8.000s] -- Installing: /home/yonathanarya/colcon_ws/install/turtlebot3_act_interfaces/include/turtlebot3_act_interfaces/action/detail/task__struct.hpp
[8.000s] -- Installing: /home/yonathanarya/colcon_ws/install/turtlebot3_act_interfaces/include/turtlebot3_act_interfaces/action/detail/task__traits.hpp
[8.001s] -- Installing: /home/yonathanarya/colcon_ws/install/turtlebot3_act_interfaces/include/turtlebot3_act_interfaces/action/detail/task__builder.hpp
[8.001s] -- Installing: /home/yonathanarya/colcon_ws/install/turtlebot3_act_interfaces/include/turtlebot3_act_interfaces/action/task.hpp
[8.001s] -- Up-to-date: /home/yonathanarya/colcon_ws/install/turtlebot3_act_interfaces/include/turtlebot3_act_interfaces
[8.001s] -- Up-to-date: /home/yonathanarya/colcon_ws/install/turtlebot3_act_interfaces/include/turtlebot3_act_interfaces/action
[8.001s] -- Up-to-date: /home/yonathanarya/colcon_ws/install/turtlebot3_act_interfaces/include/turtlebot3_act_interfaces/action/detail
[8.001s] -- Installing: /home/yonathanarya/colcon_ws/install/turtlebot3_act_interfaces/include/turtlebot3_act_interfaces/action/detail/task__rosidl_typesupport_introspection_cpp.hpp
[8.001s] -- Installing: /home/yonathanarya/colcon_ws/install/turtlebot3_act_interfaces/include/turtlebot3_act_interfaces/action/detail/task__type_support.cpp
[8.002s] -- Installing: /home/yonathanarya/colcon_ws/install/turtlebot3_act_interfaces/lib/libturtlebot3_act_interfaces__rosidl_typesupport_introspection_cpp.so
[8.002s] -- Set runtime path of "/home/yonathanarya/colcon_ws/install/turtlebot3_act_interfaces/lib/libturtlebot3_act_interfaces__rosidl_typesupport_introspection_cpp.so" to ""
[8.003s] -- Installing: /home/yonathanarya/colcon_ws/install/turtlebot3_act_interfaces/lib/libturtlebot3_act_interfaces__rosidl_typesupport_cpp.so
[8.004s] -- Set runtime path of "/home/yonathanarya/colcon_ws/install/turtlebot3_act_interfaces/lib/libturtlebot3_act_interfaces__rosidl_typesupport_cpp.so" to ""
[8.004s] -- Up-to-date: /home/yonathanarya/colcon_ws/install/turtlebot3_act_interfaces/share/turtlebot3_act_interfaces/environment/pythonpath.sh
[8.005s] -- Installing: /home/yonathanarya/colcon_ws/install/turtlebot3_act_interfaces/share/turtlebot3_act_interfaces/environment/pythonpath.dsv
[8.005s] -- Installing: /home/yonathanarya/colcon_ws/install/turtlebot3_act_interfaces/lib/python3.8/site-packages/turtlebot3_act_interfaces/__init__.py
[8.067s] Compiling '/home/yonathanarya/colcon_ws/install/turtlebot3_act_interfaces/lib/python3.8/site-packages/turtlebot3_act_interfaces/__init__.py'...
[8.078s] -- Up-to-date: /home/yonathanarya/colcon_ws/install/turtlebot3_act_interfaces/lib/python3.8/site-packages/turtlebot3_act_interfaces/action
[8.079s] -- Installing: /home/yonathanarya/colcon_ws/install/turtlebot3_act_interfaces/lib/python3.8/site-packages/turtlebot3_act_interfaces/action/__init__.py
[8.079s] -- Installing: /home/yonathanarya/colcon_ws/install/turtlebot3_act_interfaces/lib/python3.8/site-packages/turtlebot3_act_interfaces/action/_task.py
[8.079s] -- Installing: /home/yonathanarya/colcon_ws/install/turtlebot3_act_interfaces/lib/python3.8/site-packages/turtlebot3_act_interfaces/action/_task_s.c
[8.079s] -- Installing: /home/yonathanarya/colcon_ws/install/turtlebot3_act_interfaces/lib/python3.8/site-packages/turtlebot3_act_interfaces/turtlebot3_act_interfaces_s__rosidl_typesupport_fastrtps_c.cpython-38-x86_64-linux-gnu.so
[8.080s] -- Set runtime path of "/home/yonathanarya/colcon_ws/install/turtlebot3_act_interfaces/lib/python3.8/site-packages/turtlebot3_act_interfaces/turtlebot3_act_interfaces_s__rosidl_typesupport_fastrtps_c.cpython-38-x86_64-linux-gnu.so" to ""
[8.081s] -- Installing: /home/yonathanarya/colcon_ws/install/turtlebot3_act_interfaces/lib/python3.8/site-packages/turtlebot3_act_interfaces/turtlebot3_act_interfaces_s__rosidl_typesupport_introspection_c.cpython-38-x86_64-linux-gnu.so
[8.082s] -- Set runtime path of "/home/yonathanarya/colcon_ws/install/turtlebot3_act_interfaces/lib/python3.8/site-packages/turtlebot3_act_interfaces/turtlebot3_act_interfaces_s__rosidl_typesupport_introspection_c.cpython-38-x86_64-linux-gnu.so" to ""
[8.083s] -- Installing: /home/yonathanarya/colcon_ws/install/turtlebot3_act_interfaces/lib/python3.8/site-packages/turtlebot3_act_interfaces/turtlebot3_act_interfaces_s__rosidl_typesupport_c.cpython-38-x86_64-linux-gnu.so
[8.084s] -- Set runtime path of "/home/yonathanarya/colcon_ws/install/turtlebot3_act_interfaces/lib/python3.8/site-packages/turtlebot3_act_interfaces/turtlebot3_act_interfaces_s__rosidl_typesupport_c.cpython-38-x86_64-linux-gnu.so" to ""
[8.084s] -- Installing: /home/yonathanarya/colcon_ws/install/turtlebot3_act_interfaces/lib/libturtlebot3_act_interfaces__python.so
[8.085s] -- Set runtime path of "/home/yonathanarya/colcon_ws/install/turtlebot3_act_interfaces/lib/libturtlebot3_act_interfaces__python.so" to ""
[8.085s] -- Installing: /home/yonathanarya/colcon_ws/install/turtlebot3_act_interfaces/share/turtlebot3_act_interfaces/action/Task.idl
[8.085s] -- Installing: /home/yonathanarya/colcon_ws/install/turtlebot3_act_interfaces/share/turtlebot3_act_interfaces/action/Task.action
[8.086s] -- Up-to-date: /home/yonathanarya/colcon_ws/install/turtlebot3_act_interfaces/share/ament_index/resource_index/package_run_dependencies/turtlebot3_act_interfaces
[8.086s] -- Up-to-date: /home/yonathanarya/colcon_ws/install/turtlebot3_act_interfaces/share/ament_index/resource_index/parent_prefix_path/turtlebot3_act_interfaces
[8.086s] -- Up-to-date: /home/yonathanarya/colcon_ws/install/turtlebot3_act_interfaces/share/turtlebot3_act_interfaces/environment/ament_prefix_path.sh
[8.086s] -- Installing: /home/yonathanarya/colcon_ws/install/turtlebot3_act_interfaces/share/turtlebot3_act_interfaces/environment/ament_prefix_path.dsv
[8.086s] -- Up-to-date: /home/yonathanarya/colcon_ws/install/turtlebot3_act_interfaces/share/turtlebot3_act_interfaces/environment/path.sh
[8.087s] -- Installing: /home/yonathanarya/colcon_ws/install/turtlebot3_act_interfaces/share/turtlebot3_act_interfaces/environment/path.dsv
[8.087s] -- Up-to-date: /home/yonathanarya/colcon_ws/install/turtlebot3_act_interfaces/share/turtlebot3_act_interfaces/local_setup.bash
[8.087s] -- Up-to-date: /home/yonathanarya/colcon_ws/install/turtlebot3_act_interfaces/share/turtlebot3_act_interfaces/local_setup.sh
[8.087s] -- Up-to-date: /home/yonathanarya/colcon_ws/install/turtlebot3_act_interfaces/share/turtlebot3_act_interfaces/local_setup.zsh
[8.087s] -- Installing: /home/yonathanarya/colcon_ws/install/turtlebot3_act_interfaces/share/turtlebot3_act_interfaces/local_setup.dsv
[8.088s] -- Installing: /home/yonathanarya/colcon_ws/install/turtlebot3_act_interfaces/share/turtlebot3_act_interfaces/package.dsv
[8.088s] -- Up-to-date: /home/yonathanarya/colcon_ws/install/turtlebot3_act_interfaces/share/ament_index/resource_index/packages/turtlebot3_act_interfaces
[8.088s] -- Up-to-date: /home/yonathanarya/colcon_ws/install/turtlebot3_act_interfaces/share/turtlebot3_act_interfaces/cmake/turtlebot3_act_interfaces__rosidl_generator_cExport.cmake
[8.088s] -- Installing: /home/yonathanarya/colcon_ws/install/turtlebot3_act_interfaces/share/turtlebot3_act_interfaces/cmake/turtlebot3_act_interfaces__rosidl_generator_cExport-noconfig.cmake
[8.088s] -- Up-to-date: /home/yonathanarya/colcon_ws/install/turtlebot3_act_interfaces/share/turtlebot3_act_interfaces/cmake/turtlebot3_act_interfaces__rosidl_typesupport_introspection_cExport.cmake
[8.089s] -- Installing: /home/yonathanarya/colcon_ws/install/turtlebot3_act_interfaces/share/turtlebot3_act_interfaces/cmake/turtlebot3_act_interfaces__rosidl_typesupport_introspection_cExport-noconfig.cmake
[8.089s] -- Up-to-date: /home/yonathanarya/colcon_ws/install/turtlebot3_act_interfaces/share/turtlebot3_act_interfaces/cmake/turtlebot3_act_interfaces__rosidl_typesupport_cExport.cmake
[8.090s] -- Installing: /home/yonathanarya/colcon_ws/install/turtlebot3_act_interfaces/share/turtlebot3_act_interfaces/cmake/turtlebot3_act_interfaces__rosidl_typesupport_cExport-noconfig.cmake
[8.090s] -- Up-to-date: /home/yonathanarya/colcon_ws/install/turtlebot3_act_interfaces/share/turtlebot3_act_interfaces/cmake/turtlebot3_act_interfaces__rosidl_generator_cppExport.cmake
[8.090s] -- Up-to-date: /home/yonathanarya/colcon_ws/install/turtlebot3_act_interfaces/share/turtlebot3_act_interfaces/cmake/turtlebot3_act_interfaces__rosidl_typesupport_introspection_cppExport.cmake
[8.091s] -- Installing: /home/yonathanarya/colcon_ws/install/turtlebot3_act_interfaces/share/turtlebot3_act_interfaces/cmake/turtlebot3_act_interfaces__rosidl_typesupport_introspection_cppExport-noconfig.cmake
[8.091s] -- Up-to-date: /home/yonathanarya/colcon_ws/install/turtlebot3_act_interfaces/share/turtlebot3_act_interfaces/cmake/turtlebot3_act_interfaces__rosidl_typesupport_cppExport.cmake
[8.091s] -- Installing: /home/yonathanarya/colcon_ws/install/turtlebot3_act_interfaces/share/turtlebot3_act_interfaces/cmake/turtlebot3_act_interfaces__rosidl_typesupport_cppExport-noconfig.cmake
[8.091s] -- Up-to-date: /home/yonathanarya/colcon_ws/install/turtlebot3_act_interfaces/share/turtlebot3_act_interfaces/cmake/rosidl_cmake-extras.cmake
[8.091s] -- Up-to-date: /home/yonathanarya/colcon_ws/install/turtlebot3_act_interfaces/share/turtlebot3_act_interfaces/cmake/ament_cmake_export_dependencies-extras.cmake
[8.092s] -- Up-to-date: /home/yonathanarya/colcon_ws/install/turtlebot3_act_interfaces/share/turtlebot3_act_interfaces/cmake/ament_cmake_export_libraries-extras.cmake
[8.092s] -- Up-to-date: /home/yonathanarya/colcon_ws/install/turtlebot3_act_interfaces/share/turtlebot3_act_interfaces/cmake/ament_cmake_export_targets-extras.cmake
[8.092s] -- Up-to-date: /home/yonathanarya/colcon_ws/install/turtlebot3_act_interfaces/share/turtlebot3_act_interfaces/cmake/ament_cmake_export_include_directories-extras.cmake
[8.092s] -- Up-to-date: /home/yonathanarya/colcon_ws/install/turtlebot3_act_interfaces/share/turtlebot3_act_interfaces/cmake/rosidl_cmake_export_typesupport_libraries-extras.cmake
[8.092s] -- Up-to-date: /home/yonathanarya/colcon_ws/install/turtlebot3_act_interfaces/share/turtlebot3_act_interfaces/cmake/rosidl_cmake_export_typesupport_targets-extras.cmake
[8.092s] -- Up-to-date: /home/yonathanarya/colcon_ws/install/turtlebot3_act_interfaces/share/turtlebot3_act_interfaces/cmake/turtlebot3_act_interfacesConfig.cmake
[8.092s] -- Up-to-date: /home/yonathanarya/colcon_ws/install/turtlebot3_act_interfaces/share/turtlebot3_act_interfaces/cmake/turtlebot3_act_interfacesConfig-version.cmake
[8.093s] -- Up-to-date: /home/yonathanarya/colcon_ws/install/turtlebot3_act_interfaces/share/turtlebot3_act_interfaces/package.xml
[8.096s] Invoked command in '/home/yonathanarya/colcon_ws/build/turtlebot3_act_interfaces' returned '0': CMAKE_PREFIX_PATH=${CMAKE_PREFIX_PATH}:/home/yonathanarya/colcon_ws/install/turtlebot3_infiniteloop:/home/yonathanarya/colcon_ws/install/turtlebot3_actionserver:/home/yonathanarya/colcon_ws/install/turtlebot3_action:/opt/ros/foxy /usr/bin/cmake --install /home/yonathanarya/colcon_ws/build/turtlebot3_act_interfaces
