[0.025s] Invoking command in '/home/yonathanarya/colcon_ws/build/raspimouse_description': CMAKE_PREFIX_PATH=${CMAKE_PREFIX_PATH}:/home/yonathanarya/colcon_ws/install/raspimouse_tugas:/home/yonathanarya/colcon_ws/install/turtlebot3_infiniteloop:/home/yonathanarya/colcon_ws/install/turtlebot3_actionserver:/home/yonathanarya/colcon_ws/install/turtlebot3_action:/opt/ros/foxy /usr/bin/cmake --build /home/yonathanarya/colcon_ws/build/raspimouse_description -- -j8 -l8
[0.070s] -- Found ament_cmake: 0.9.9 (/opt/ros/foxy/share/ament_cmake/cmake)
[0.121s] -- Using PYTHON_EXECUTABLE: /usr/bin/python3
[0.426s] -- Override CMake install command with custom implementation using symlinks instead of copying resources
[0.437s] -- Found ament_lint_auto: 0.9.6 (/opt/ros/foxy/share/ament_lint_auto/cmake)
[0.557s] -- Added test 'copyright' to check source files copyright and LICENSE
[0.569s] -- Added test 'flake8' to check Python code syntax and style conventions
[0.571s] -- Added test 'lint_cmake' to check CMake code style
[0.573s] -- Added test 'pep257' to check Python code against some of the style conventions in PEP 257
[0.579s] -- Added test 'xmllint' to check XML markup files
[0.582s] -- Configuring done
[0.588s] -- Generating done
[0.590s] -- Build files have been written to: /home/yonathanarya/colcon_ws/build/raspimouse_description
[0.624s] Invoked command in '/home/yonathanarya/colcon_ws/build/raspimouse_description' returned '0': CMAKE_PREFIX_PATH=${CMAKE_PREFIX_PATH}:/home/yonathanarya/colcon_ws/install/raspimouse_tugas:/home/yonathanarya/colcon_ws/install/turtlebot3_infiniteloop:/home/yonathanarya/colcon_ws/install/turtlebot3_actionserver:/home/yonathanarya/colcon_ws/install/turtlebot3_action:/opt/ros/foxy /usr/bin/cmake --build /home/yonathanarya/colcon_ws/build/raspimouse_description -- -j8 -l8
[0.682s] Invoking command in '/home/yonathanarya/colcon_ws/build/raspimouse_description': CMAKE_PREFIX_PATH=${CMAKE_PREFIX_PATH}:/home/yonathanarya/colcon_ws/install/raspimouse_tugas:/home/yonathanarya/colcon_ws/install/turtlebot3_infiniteloop:/home/yonathanarya/colcon_ws/install/turtlebot3_actionserver:/home/yonathanarya/colcon_ws/install/turtlebot3_action:/opt/ros/foxy /usr/bin/cmake --install /home/yonathanarya/colcon_ws/build/raspimouse_description
[0.701s] -- Install configuration: ""
[0.702s] -- Execute custom install script
[0.704s] -- Up-to-date symlink: /home/yonathanarya/colcon_ws/install/raspimouse_description/share/raspimouse_description//launch/config/urdf.rviz
[0.704s] -- Up-to-date symlink: /home/yonathanarya/colcon_ws/install/raspimouse_description/share/raspimouse_description//launch/display.launch.py
[0.706s] -- Up-to-date symlink: /home/yonathanarya/colcon_ws/install/raspimouse_description/share/raspimouse_description//meshes/dae/body/RasPiMouse_TopPlate.dae
[0.706s] -- Up-to-date symlink: /home/yonathanarya/colcon_ws/install/raspimouse_description/share/raspimouse_description//meshes/dae/body/RasPiMouse_body-TopPlate-URG.dae
[0.706s] -- Up-to-date symlink: /home/yonathanarya/colcon_ws/install/raspimouse_description/share/raspimouse_description//meshes/dae/body/RasPiMouse_body-TopPlate.dae
[0.707s] -- Up-to-date symlink: /home/yonathanarya/colcon_ws/install/raspimouse_description/share/raspimouse_description//meshes/dae/body/RasPiMouse_body.dae
[0.709s] -- Up-to-date symlink: /home/yonathanarya/colcon_ws/install/raspimouse_description/share/raspimouse_description//meshes/dae/sensor/URG.dae
[0.710s] -- Up-to-date symlink: /home/yonathanarya/colcon_ws/install/raspimouse_description/share/raspimouse_description//meshes/dae/sensor/URG_center.dae
[0.710s] -- Up-to-date symlink: /home/yonathanarya/colcon_ws/install/raspimouse_description/share/raspimouse_description//meshes/dae/wheel/RasPiMouse_wheel.dae
[0.710s] -- Up-to-date symlink: /home/yonathanarya/colcon_ws/install/raspimouse_description/share/raspimouse_description//meshes/stl/RasPiMouse_TopPlate.stl
[0.711s] -- Up-to-date symlink: /home/yonathanarya/colcon_ws/install/raspimouse_description/share/raspimouse_description//meshes/stl/RasPiMouse_base-metric.stl
[0.711s] -- Up-to-date symlink: /home/yonathanarya/colcon_ws/install/raspimouse_description/share/raspimouse_description//meshes/stl/RasPiMouse_sensor-metric.stl
[0.711s] -- Up-to-date symlink: /home/yonathanarya/colcon_ws/install/raspimouse_description/share/raspimouse_description//meshes/stl/RasPiMouse_wheel-metric.stl
[0.711s] -- Up-to-date symlink: /home/yonathanarya/colcon_ws/install/raspimouse_description/share/raspimouse_description//meshes/stl/RasPiMouse_wheel-mm.stl
[0.712s] -- Up-to-date symlink: /home/yonathanarya/colcon_ws/install/raspimouse_description/share/raspimouse_description//meshes/stl/URG-04LX-UG01.stl
[0.713s] -- Up-to-date symlink: /home/yonathanarya/colcon_ws/install/raspimouse_description/share/raspimouse_description//meshes/stl/color/RasPiMouse_body_black.stl
[0.713s] -- Up-to-date symlink: /home/yonathanarya/colcon_ws/install/raspimouse_description/share/raspimouse_description//meshes/stl/color/RasPiMouse_body_gray.stl
[0.713s] -- Up-to-date symlink: /home/yonathanarya/colcon_ws/install/raspimouse_description/share/raspimouse_description//meshes/stl/color/RasPiMouse_body_green.stl
[0.713s] -- Up-to-date symlink: /home/yonathanarya/colcon_ws/install/raspimouse_description/share/raspimouse_description//meshes/stl/color/RasPiMouse_body_red.stl
[0.713s] -- Up-to-date symlink: /home/yonathanarya/colcon_ws/install/raspimouse_description/share/raspimouse_description//meshes/stl/color/RasPiMouse_wheel_black.stl
[0.714s] -- Up-to-date symlink: /home/yonathanarya/colcon_ws/install/raspimouse_description/share/raspimouse_description//meshes/stl/color/RasPiMouse_wheel_gray.stl
[0.714s] -- Up-to-date symlink: /home/yonathanarya/colcon_ws/install/raspimouse_description/share/raspimouse_description//urdf/body/body.urdf.xacro
[0.714s] -- Up-to-date symlink: /home/yonathanarya/colcon_ws/install/raspimouse_description/share/raspimouse_description//urdf/common.xacro
[0.714s] -- Up-to-date symlink: /home/yonathanarya/colcon_ws/install/raspimouse_description/share/raspimouse_description//urdf/raspimouse.urdf.xacro
[0.715s] -- Up-to-date symlink: /home/yonathanarya/colcon_ws/install/raspimouse_description/share/raspimouse_description//urdf/sensors/lightsens.gazebo.xacro
[0.715s] -- Up-to-date symlink: /home/yonathanarya/colcon_ws/install/raspimouse_description/share/raspimouse_description//urdf/sensors/lightsens.urdf.xacro
[0.715s] -- Up-to-date symlink: /home/yonathanarya/colcon_ws/install/raspimouse_description/share/raspimouse_description//urdf/sensors/lrf.gazebo.xacro
[0.716s] -- Up-to-date symlink: /home/yonathanarya/colcon_ws/install/raspimouse_description/share/raspimouse_description//urdf/sensors/lrf.urdf.xacro
[0.716s] -- Up-to-date symlink: /home/yonathanarya/colcon_ws/install/raspimouse_description/share/raspimouse_description//urdf/wheel/diffdrive.gazebo.xacro
[0.716s] -- Up-to-date symlink: /home/yonathanarya/colcon_ws/install/raspimouse_description/share/raspimouse_description//urdf/wheel/wheel.urdf.xacro
[0.717s] -- Up-to-date symlink: /home/yonathanarya/colcon_ws/install/raspimouse_description/share/ament_index/resource_index/package_run_dependencies/raspimouse_description
[0.717s] -- Up-to-date symlink: /home/yonathanarya/colcon_ws/install/raspimouse_description/share/ament_index/resource_index/parent_prefix_path/raspimouse_description
[0.718s] -- Up-to-date symlink: /home/yonathanarya/colcon_ws/install/raspimouse_description/share/raspimouse_description/environment/ament_prefix_path.sh
[0.718s] -- Up-to-date symlink: /home/yonathanarya/colcon_ws/install/raspimouse_description/share/raspimouse_description/environment/ament_prefix_path.dsv
[0.718s] -- Up-to-date symlink: /home/yonathanarya/colcon_ws/install/raspimouse_description/share/raspimouse_description/environment/path.sh
[0.719s] -- Up-to-date symlink: /home/yonathanarya/colcon_ws/install/raspimouse_description/share/raspimouse_description/environment/path.dsv
[0.719s] -- Up-to-date symlink: /home/yonathanarya/colcon_ws/install/raspimouse_description/share/raspimouse_description/local_setup.bash
[0.719s] -- Up-to-date symlink: /home/yonathanarya/colcon_ws/install/raspimouse_description/share/raspimouse_description/local_setup.sh
[0.720s] -- Up-to-date symlink: /home/yonathanarya/colcon_ws/install/raspimouse_description/share/raspimouse_description/local_setup.zsh
[0.720s] -- Up-to-date symlink: /home/yonathanarya/colcon_ws/install/raspimouse_description/share/raspimouse_description/local_setup.dsv
[0.721s] -- Up-to-date symlink: /home/yonathanarya/colcon_ws/install/raspimouse_description/share/raspimouse_description/package.dsv
[0.721s] -- Up-to-date symlink: /home/yonathanarya/colcon_ws/install/raspimouse_description/share/ament_index/resource_index/packages/raspimouse_description
[0.722s] -- Up-to-date symlink: /home/yonathanarya/colcon_ws/install/raspimouse_description/share/raspimouse_description/cmake/raspimouse_descriptionConfig.cmake
[0.722s] -- Up-to-date symlink: /home/yonathanarya/colcon_ws/install/raspimouse_description/share/raspimouse_description/cmake/raspimouse_descriptionConfig-version.cmake
[0.722s] -- Up-to-date symlink: /home/yonathanarya/colcon_ws/install/raspimouse_description/share/raspimouse_description/package.xml
[0.727s] Invoked command in '/home/yonathanarya/colcon_ws/build/raspimouse_description' returned '0': CMAKE_PREFIX_PATH=${CMAKE_PREFIX_PATH}:/home/yonathanarya/colcon_ws/install/raspimouse_tugas:/home/yonathanarya/colcon_ws/install/turtlebot3_infiniteloop:/home/yonathanarya/colcon_ws/install/turtlebot3_actionserver:/home/yonathanarya/colcon_ws/install/turtlebot3_action:/opt/ros/foxy /usr/bin/cmake --install /home/yonathanarya/colcon_ws/build/raspimouse_description
