[1.723s] Invoking command in '/home/yonathanarya/colcon_ws/src/turtlebot3_actionserver': PYTHONPATH=/home/yonathanarya/colcon_ws/install/turtlebot3_actionserver/lib/python3.8/site-packages:${PYTHONPATH} /usr/bin/python3 setup.py egg_info --egg-base ../../build/turtlebot3_actionserver build --build-base /home/yonathanarya/colcon_ws/build/turtlebot3_actionserver/build install --prefix /home/yonathanarya/colcon_ws/install/turtlebot3_actionserver --record /home/yonathanarya/colcon_ws/build/turtlebot3_actionserver/install.log --single-version-externally-managed
[2.524s] running egg_info
[2.526s] writing ../../build/turtlebot3_actionserver/turtlebot3_actionserver.egg-info/PKG-INFO
[2.527s] writing dependency_links to ../../build/turtlebot3_actionserver/turtlebot3_actionserver.egg-info/dependency_links.txt
[2.527s] writing entry points to ../../build/turtlebot3_actionserver/turtlebot3_actionserver.egg-info/entry_points.txt
[2.527s] writing requirements to ../../build/turtlebot3_actionserver/turtlebot3_actionserver.egg-info/requires.txt
[2.530s] writing top-level names to ../../build/turtlebot3_actionserver/turtlebot3_actionserver.egg-info/top_level.txt
[2.649s] reading manifest file '../../build/turtlebot3_actionserver/turtlebot3_actionserver.egg-info/SOURCES.txt'
[2.651s] writing manifest file '../../build/turtlebot3_actionserver/turtlebot3_actionserver.egg-info/SOURCES.txt'
[2.652s] running build
[2.652s] running build_py
[2.655s] running install
[2.658s] running install_lib
[2.662s] running install_data
[2.663s] running install_egg_info
[2.670s] removing '/home/yonathanarya/colcon_ws/install/turtlebot3_actionserver/lib/python3.8/site-packages/turtlebot3_actionserver-1.0.0-py3.8.egg-info' (and everything under it)
[2.675s] Copying ../../build/turtlebot3_actionserver/turtlebot3_actionserver.egg-info to /home/yonathanarya/colcon_ws/install/turtlebot3_actionserver/lib/python3.8/site-packages/turtlebot3_actionserver-1.0.0-py3.8.egg-info
[2.677s] running install_scripts
[2.740s] Installing turtlebot3_client script to /home/yonathanarya/colcon_ws/install/turtlebot3_actionserver/lib/turtlebot3_actionserver
[2.740s] Installing turtlebot3_server script to /home/yonathanarya/colcon_ws/install/turtlebot3_actionserver/lib/turtlebot3_actionserver
[2.742s] writing list of installed files to '/home/yonathanarya/colcon_ws/build/turtlebot3_actionserver/install.log'
[2.842s] Invoked command in '/home/yonathanarya/colcon_ws/src/turtlebot3_actionserver' returned '0': PYTHONPATH=/home/yonathanarya/colcon_ws/install/turtlebot3_actionserver/lib/python3.8/site-packages:${PYTHONPATH} /usr/bin/python3 setup.py egg_info --egg-base ../../build/turtlebot3_actionserver build --build-base /home/yonathanarya/colcon_ws/build/turtlebot3_actionserver/build install --prefix /home/yonathanarya/colcon_ws/install/turtlebot3_actionserver --record /home/yonathanarya/colcon_ws/build/turtlebot3_actionserver/install.log --single-version-externally-managed
