[0.519s] Invoking command in '/home/yonathanarya/colcon_ws/src/raspimouse_tugas': PYTHONPATH=/home/yonathanarya/colcon_ws/install/raspimouse_tugas/lib/python3.8/site-packages:${PYTHONPATH} /usr/bin/python3 setup.py egg_info --egg-base ../../build/raspimouse_tugas build --build-base /home/yonathanarya/colcon_ws/build/raspimouse_tugas/build install --prefix /home/yonathanarya/colcon_ws/install/raspimouse_tugas --record /home/yonathanarya/colcon_ws/build/raspimouse_tugas/install.log --single-version-externally-managed
[0.993s] running egg_info
[0.994s] writing ../../build/raspimouse_tugas/raspimouse_tugas.egg-info/PKG-INFO
[0.995s] writing dependency_links to ../../build/raspimouse_tugas/raspimouse_tugas.egg-info/dependency_links.txt
[0.995s] writing entry points to ../../build/raspimouse_tugas/raspimouse_tugas.egg-info/entry_points.txt
[0.996s] writing requirements to ../../build/raspimouse_tugas/raspimouse_tugas.egg-info/requires.txt
[0.996s] writing top-level names to ../../build/raspimouse_tugas/raspimouse_tugas.egg-info/top_level.txt
[1.057s] reading manifest file '../../build/raspimouse_tugas/raspimouse_tugas.egg-info/SOURCES.txt'
[1.059s] writing manifest file '../../build/raspimouse_tugas/raspimouse_tugas.egg-info/SOURCES.txt'
[1.059s] running build
[1.059s] running build_py
[1.060s] running install
[1.061s] running install_lib
[1.064s] running install_data
[1.065s] copying launch/tugas.launch.py -> /home/yonathanarya/colcon_ws/install/raspimouse_tugas/share/raspimouse_tugas
[1.066s] running install_egg_info
[1.072s] removing '/home/yonathanarya/colcon_ws/install/raspimouse_tugas/lib/python3.8/site-packages/raspimouse_tugas-1.0.0-py3.8.egg-info' (and everything under it)
[1.073s] Copying ../../build/raspimouse_tugas/raspimouse_tugas.egg-info to /home/yonathanarya/colcon_ws/install/raspimouse_tugas/lib/python3.8/site-packages/raspimouse_tugas-1.0.0-py3.8.egg-info
[1.075s] running install_scripts
[1.123s] writing list of installed files to '/home/yonathanarya/colcon_ws/build/raspimouse_tugas/install.log'
[1.179s] Invoked command in '/home/yonathanarya/colcon_ws/src/raspimouse_tugas' returned '0': PYTHONPATH=/home/yonathanarya/colcon_ws/install/raspimouse_tugas/lib/python3.8/site-packages:${PYTHONPATH} /usr/bin/python3 setup.py egg_info --egg-base ../../build/raspimouse_tugas build --build-base /home/yonathanarya/colcon_ws/build/raspimouse_tugas/build install --prefix /home/yonathanarya/colcon_ws/install/raspimouse_tugas --record /home/yonathanarya/colcon_ws/build/raspimouse_tugas/install.log --single-version-externally-managed
