[0.011s] Invoking command in '/home/yonathanarya/colcon_ws/build/turtlebot3_simulations': CMAKE_PREFIX_PATH=/home/yonathanarya/colcon_ws/install/turtlebot3_gazebo:/home/yonathanarya/colcon_ws/install/turtlebot3_fake_node:/home/yonathanarya/colcon_ws/install/turtlebot3_simulations:/home/yonathanarya/colcon_ws/install/turtlebot3_act_interfaces:/home/yonathanarya/colcon_ws/install/turtlebot3_infiniteloop:/home/yonathanarya/colcon_ws/install/turtlebot3_actionserver:/home/yonathanarya/colcon_ws/install/turtlebot3_action:/opt/ros/foxy /usr/bin/cmake /home/yonathanarya/colcon_ws/src/turtlebot3_simulations/turtlebot3_simulations -DAMENT_CMAKE_SYMLINK_INSTALL=1 -DCMAKE_INSTALL_PREFIX=/home/yonathanarya/colcon_ws/install/turtlebot3_simulations
[0.027s] -- Found ament_cmake: 0.9.9 (/opt/ros/foxy/share/ament_cmake/cmake)
[0.058s] -- Using PYTHON_EXECUTABLE: /usr/bin/python3
[0.245s] -- Override CMake install command with custom implementation using symlinks instead of copying resources
[0.320s] -- Configuring done
[0.324s] -- Generating done
[0.325s] -- Build files have been written to: /home/yonathanarya/colcon_ws/build/turtlebot3_simulations
[0.330s] Invoked command in '/home/yonathanarya/colcon_ws/build/turtlebot3_simulations' returned '0': CMAKE_PREFIX_PATH=/home/yonathanarya/colcon_ws/install/turtlebot3_gazebo:/home/yonathanarya/colcon_ws/install/turtlebot3_fake_node:/home/yonathanarya/colcon_ws/install/turtlebot3_simulations:/home/yonathanarya/colcon_ws/install/turtlebot3_act_interfaces:/home/yonathanarya/colcon_ws/install/turtlebot3_infiniteloop:/home/yonathanarya/colcon_ws/install/turtlebot3_actionserver:/home/yonathanarya/colcon_ws/install/turtlebot3_action:/opt/ros/foxy /usr/bin/cmake /home/yonathanarya/colcon_ws/src/turtlebot3_simulations/turtlebot3_simulations -DAMENT_CMAKE_SYMLINK_INSTALL=1 -DCMAKE_INSTALL_PREFIX=/home/yonathanarya/colcon_ws/install/turtlebot3_simulations
[0.331s] Invoking command in '/home/yonathanarya/colcon_ws/build/turtlebot3_simulations': CMAKE_PREFIX_PATH=/home/yonathanarya/colcon_ws/install/turtlebot3_gazebo:/home/yonathanarya/colcon_ws/install/turtlebot3_fake_node:/home/yonathanarya/colcon_ws/install/turtlebot3_simulations:/home/yonathanarya/colcon_ws/install/turtlebot3_act_interfaces:/home/yonathanarya/colcon_ws/install/turtlebot3_infiniteloop:/home/yonathanarya/colcon_ws/install/turtlebot3_actionserver:/home/yonathanarya/colcon_ws/install/turtlebot3_action:/opt/ros/foxy /usr/bin/cmake --build /home/yonathanarya/colcon_ws/build/turtlebot3_simulations -- -j8 -l8
[0.369s] Invoked command in '/home/yonathanarya/colcon_ws/build/turtlebot3_simulations' returned '0': CMAKE_PREFIX_PATH=/home/yonathanarya/colcon_ws/install/turtlebot3_gazebo:/home/yonathanarya/colcon_ws/install/turtlebot3_fake_node:/home/yonathanarya/colcon_ws/install/turtlebot3_simulations:/home/yonathanarya/colcon_ws/install/turtlebot3_act_interfaces:/home/yonathanarya/colcon_ws/install/turtlebot3_infiniteloop:/home/yonathanarya/colcon_ws/install/turtlebot3_actionserver:/home/yonathanarya/colcon_ws/install/turtlebot3_action:/opt/ros/foxy /usr/bin/cmake --build /home/yonathanarya/colcon_ws/build/turtlebot3_simulations -- -j8 -l8
[0.393s] Invoking command in '/home/yonathanarya/colcon_ws/build/turtlebot3_simulations': CMAKE_PREFIX_PATH=/home/yonathanarya/colcon_ws/install/turtlebot3_gazebo:/home/yonathanarya/colcon_ws/install/turtlebot3_fake_node:/home/yonathanarya/colcon_ws/install/turtlebot3_simulations:/home/yonathanarya/colcon_ws/install/turtlebot3_act_interfaces:/home/yonathanarya/colcon_ws/install/turtlebot3_infiniteloop:/home/yonathanarya/colcon_ws/install/turtlebot3_actionserver:/home/yonathanarya/colcon_ws/install/turtlebot3_action:/opt/ros/foxy /usr/bin/cmake --install /home/yonathanarya/colcon_ws/build/turtlebot3_simulations
[0.401s] -- Install configuration: ""
[0.401s] -- Execute custom install script
[0.402s] -- Up-to-date symlink: /home/yonathanarya/colcon_ws/install/turtlebot3_simulations/share/ament_index/resource_index/package_run_dependencies/turtlebot3_simulations
[0.402s] -- Up-to-date symlink: /home/yonathanarya/colcon_ws/install/turtlebot3_simulations/share/ament_index/resource_index/parent_prefix_path/turtlebot3_simulations
[0.402s] -- Up-to-date symlink: /home/yonathanarya/colcon_ws/install/turtlebot3_simulations/share/turtlebot3_simulations/environment/ament_prefix_path.sh
[0.403s] -- Up-to-date symlink: /home/yonathanarya/colcon_ws/install/turtlebot3_simulations/share/turtlebot3_simulations/environment/ament_prefix_path.dsv
[0.403s] -- Up-to-date symlink: /home/yonathanarya/colcon_ws/install/turtlebot3_simulations/share/turtlebot3_simulations/environment/path.sh
[0.403s] -- Up-to-date symlink: /home/yonathanarya/colcon_ws/install/turtlebot3_simulations/share/turtlebot3_simulations/environment/path.dsv
[0.403s] -- Up-to-date symlink: /home/yonathanarya/colcon_ws/install/turtlebot3_simulations/share/turtlebot3_simulations/local_setup.bash
[0.404s] -- Up-to-date symlink: /home/yonathanarya/colcon_ws/install/turtlebot3_simulations/share/turtlebot3_simulations/local_setup.sh
[0.404s] -- Up-to-date symlink: /home/yonathanarya/colcon_ws/install/turtlebot3_simulations/share/turtlebot3_simulations/local_setup.zsh
[0.404s] -- Up-to-date symlink: /home/yonathanarya/colcon_ws/install/turtlebot3_simulations/share/turtlebot3_simulations/local_setup.dsv
[0.405s] -- Symlinking: /home/yonathanarya/colcon_ws/install/turtlebot3_simulations/share/turtlebot3_simulations/package.dsv
[0.414s] -- Up-to-date symlink: /home/yonathanarya/colcon_ws/install/turtlebot3_simulations/share/ament_index/resource_index/packages/turtlebot3_simulations
[0.414s] -- Up-to-date symlink: /home/yonathanarya/colcon_ws/install/turtlebot3_simulations/share/turtlebot3_simulations/cmake/turtlebot3_simulationsConfig.cmake
[0.414s] -- Up-to-date symlink: /home/yonathanarya/colcon_ws/install/turtlebot3_simulations/share/turtlebot3_simulations/cmake/turtlebot3_simulationsConfig-version.cmake
[0.415s] -- Up-to-date symlink: /home/yonathanarya/colcon_ws/install/turtlebot3_simulations/share/turtlebot3_simulations/package.xml
[0.418s] Invoked command in '/home/yonathanarya/colcon_ws/build/turtlebot3_simulations' returned '0': CMAKE_PREFIX_PATH=/home/yonathanarya/colcon_ws/install/turtlebot3_gazebo:/home/yonathanarya/colcon_ws/install/turtlebot3_fake_node:/home/yonathanarya/colcon_ws/install/turtlebot3_simulations:/home/yonathanarya/colcon_ws/install/turtlebot3_act_interfaces:/home/yonathanarya/colcon_ws/install/turtlebot3_infiniteloop:/home/yonathanarya/colcon_ws/install/turtlebot3_actionserver:/home/yonathanarya/colcon_ws/install/turtlebot3_action:/opt/ros/foxy /usr/bin/cmake --install /home/yonathanarya/colcon_ws/build/turtlebot3_simulations
