[1.999s] Invoking command in '/home/yonathanarya/colcon_ws/build/turtlebot3_action': PYTHONPATH=/home/yonathanarya/colcon_ws/install/turtlebot3_action/lib/python3.8/site-packages:${PYTHONPATH} /usr/bin/python3 setup.py develop --prefix /home/yonathanarya/colcon_ws/install/turtlebot3_action --uninstall --editable --build-directory /home/yonathanarya/colcon_ws/build/turtlebot3_action/build
[2.830s] running develop
[3.339s] Invoked command in '/home/yonathanarya/colcon_ws/build/turtlebot3_action' returned '0': PYTHONPATH=/home/yonathanarya/colcon_ws/install/turtlebot3_action/lib/python3.8/site-packages:${PYTHONPATH} /usr/bin/python3 setup.py develop --prefix /home/yonathanarya/colcon_ws/install/turtlebot3_action --uninstall --editable --build-directory /home/yonathanarya/colcon_ws/build/turtlebot3_action/build
[3.341s] Invoking command in '/home/yonathanarya/colcon_ws/src/turtlebot3_action': PYTHONPATH=/home/yonathanarya/colcon_ws/install/turtlebot3_action/lib/python3.8/site-packages:${PYTHONPATH} /usr/bin/python3 setup.py egg_info --egg-base ../../build/turtlebot3_action build --build-base /home/yonathanarya/colcon_ws/build/turtlebot3_action/build install --prefix /home/yonathanarya/colcon_ws/install/turtlebot3_action --record /home/yonathanarya/colcon_ws/build/turtlebot3_action/install.log --single-version-externally-managed
[3.981s] running egg_info
[3.981s] writing ../../build/turtlebot3_action/turtlebot3_action.egg-info/PKG-INFO
[3.982s] writing dependency_links to ../../build/turtlebot3_action/turtlebot3_action.egg-info/dependency_links.txt
[3.987s] writing entry points to ../../build/turtlebot3_action/turtlebot3_action.egg-info/entry_points.txt
[3.987s] writing requirements to ../../build/turtlebot3_action/turtlebot3_action.egg-info/requires.txt
[3.988s] writing top-level names to ../../build/turtlebot3_action/turtlebot3_action.egg-info/top_level.txt
[4.052s] reading manifest file '../../build/turtlebot3_action/turtlebot3_action.egg-info/SOURCES.txt'
[4.053s] writing manifest file '../../build/turtlebot3_action/turtlebot3_action.egg-info/SOURCES.txt'
[4.053s] running build
[4.053s] running build_py
[4.053s] running install
[4.055s] running install_lib
[4.058s] running install_data
[4.059s] running install_egg_info
[4.062s] removing '/home/yonathanarya/colcon_ws/install/turtlebot3_action/lib/python3.8/site-packages/turtlebot3_action-0.0.0-py3.8.egg-info' (and everything under it)
[4.062s] Copying ../../build/turtlebot3_action/turtlebot3_action.egg-info to /home/yonathanarya/colcon_ws/install/turtlebot3_action/lib/python3.8/site-packages/turtlebot3_action-0.0.0-py3.8.egg-info
[4.064s] running install_scripts
[4.099s] Installing turtlebot3_patrol_client script to /home/yonathanarya/colcon_ws/install/turtlebot3_action/lib/turtlebot3_action
[4.099s] Installing turtlebot3_patrol_server script to /home/yonathanarya/colcon_ws/install/turtlebot3_action/lib/turtlebot3_action
[4.099s] writing list of installed files to '/home/yonathanarya/colcon_ws/build/turtlebot3_action/install.log'
[4.155s] Invoked command in '/home/yonathanarya/colcon_ws/src/turtlebot3_action' returned '0': PYTHONPATH=/home/yonathanarya/colcon_ws/install/turtlebot3_action/lib/python3.8/site-packages:${PYTHONPATH} /usr/bin/python3 setup.py egg_info --egg-base ../../build/turtlebot3_action build --build-base /home/yonathanarya/colcon_ws/build/turtlebot3_action/build install --prefix /home/yonathanarya/colcon_ws/install/turtlebot3_action --record /home/yonathanarya/colcon_ws/build/turtlebot3_action/install.log --single-version-externally-managed
