[0.537s] DEBUG:colcon:Command line arguments: ['/usr/bin/colcon', 'build', '--packages-select', 'raspimouse_tugas']
[0.537s] DEBUG:colcon:Parsed command line arguments: Namespace(ament_cmake_args=None, base_paths=['.'], build_base='build', catkin_cmake_args=None, catkin_skip_building_tests=False, cmake_args=None, cmake_clean_cache=False, cmake_clean_first=False, cmake_force_configure=False, cmake_target=None, cmake_target_skip_unavailable=False, continue_on_error=False, event_handlers=None, executor='parallel', ignore_user_meta=False, install_base='install', log_base=None, log_level=None, main=<bound method BuildVerb.main of <colcon_core.verb.build.BuildVerb object at 0x7ff5e883c9d0>>, merge_install=False, metas=['./colcon.meta'], packages_above=None, packages_above_and_dependencies=None, packages_above_depth=None, packages_end=None, packages_ignore=None, packages_ignore_regex=None, packages_select=['raspimouse_tugas'], packages_select_build_failed=False, packages_select_by_dep=None, packages_select_regex=None, packages_select_test_failures=False, packages_skip=None, packages_skip_build_finished=False, packages_skip_by_dep=None, packages_skip_regex=None, packages_skip_test_passed=False, packages_skip_up_to=None, packages_start=None, packages_up_to=None, packages_up_to_regex=None, parallel_workers=8, paths=None, symlink_install=False, test_result_base=None, verb_extension=<colcon_core.verb.build.BuildVerb object at 0x7ff5e883c9d0>, verb_name='build', verb_parser=<colcon_defaults.argument_parser.defaults.DefaultArgumentsDecorator object at 0x7ff5e88df580>)
[0.546s] Level 1:colcon.colcon_core.package_discovery:discover_packages(colcon_meta) check parameters
[0.547s] Level 1:colcon.colcon_core.package_discovery:discover_packages(recursive) check parameters
[0.547s] Level 1:colcon.colcon_core.package_discovery:discover_packages(ignore) check parameters
[0.547s] Level 1:colcon.colcon_core.package_discovery:discover_packages(path) check parameters
[0.547s] Level 1:colcon.colcon_core.package_discovery:discover_packages(colcon_meta) discover
[0.547s] Level 1:colcon.colcon_core.package_discovery:discover_packages(recursive) discover
[0.547s] INFO:colcon.colcon_core.package_discovery:Crawling recursively for packages in '/home/yonathanarya/colcon_ws'
[0.547s] Level 1:colcon.colcon_core.package_identification:_identify(.) by extensions ['ignore', 'ignore_ament_install']
[0.547s] Level 1:colcon.colcon_core.package_identification:_identify(.) by extension 'ignore'
[0.547s] Level 1:colcon.colcon_core.package_identification:_identify(.) by extension 'ignore_ament_install'
[0.547s] Level 1:colcon.colcon_core.package_identification:_identify(.) by extensions ['colcon_pkg']
[0.548s] Level 1:colcon.colcon_core.package_identification:_identify(.) by extension 'colcon_pkg'
[0.548s] Level 1:colcon.colcon_core.package_identification:_identify(.) by extensions ['colcon_meta']
[0.548s] Level 1:colcon.colcon_core.package_identification:_identify(.) by extension 'colcon_meta'
[0.548s] Level 1:colcon.colcon_core.package_identification:_identify(.) by extensions ['ros']
[0.548s] Level 1:colcon.colcon_core.package_identification:_identify(.) by extension 'ros'
[0.576s] Level 1:colcon.colcon_core.package_identification:_identify(.) by extensions ['cmake', 'python']
[0.576s] Level 1:colcon.colcon_core.package_identification:_identify(.) by extension 'cmake'
[0.577s] Level 1:colcon.colcon_core.package_identification:_identify(.) by extension 'python'
[0.577s] Level 1:colcon.colcon_core.package_identification:_identify(.) by extensions ['python_setup_py']
[0.577s] Level 1:colcon.colcon_core.package_identification:_identify(.) by extension 'python_setup_py'
[0.577s] Level 1:colcon.colcon_core.package_identification:_identify(build) by extensions ['ignore', 'ignore_ament_install']
[0.577s] Level 1:colcon.colcon_core.package_identification:_identify(build) by extension 'ignore'
[0.577s] Level 1:colcon.colcon_core.package_identification:_identify(build) ignored
[0.577s] Level 1:colcon.colcon_core.package_identification:_identify(install) by extensions ['ignore', 'ignore_ament_install']
[0.578s] Level 1:colcon.colcon_core.package_identification:_identify(install) by extension 'ignore'
[0.578s] Level 1:colcon.colcon_core.package_identification:_identify(install) ignored
[0.578s] Level 1:colcon.colcon_core.package_identification:_identify(log) by extensions ['ignore', 'ignore_ament_install']
[0.578s] Level 1:colcon.colcon_core.package_identification:_identify(log) by extension 'ignore'
[0.578s] Level 1:colcon.colcon_core.package_identification:_identify(log) ignored
[0.578s] Level 1:colcon.colcon_core.package_identification:_identify(src) by extensions ['ignore', 'ignore_ament_install']
[0.578s] Level 1:colcon.colcon_core.package_identification:_identify(src) by extension 'ignore'
[0.579s] Level 1:colcon.colcon_core.package_identification:_identify(src) by extension 'ignore_ament_install'
[0.579s] Level 1:colcon.colcon_core.package_identification:_identify(src) by extensions ['colcon_pkg']
[0.579s] Level 1:colcon.colcon_core.package_identification:_identify(src) by extension 'colcon_pkg'
[0.579s] Level 1:colcon.colcon_core.package_identification:_identify(src) by extensions ['colcon_meta']
[0.579s] Level 1:colcon.colcon_core.package_identification:_identify(src) by extension 'colcon_meta'
[0.579s] Level 1:colcon.colcon_core.package_identification:_identify(src) by extensions ['ros']
[0.579s] Level 1:colcon.colcon_core.package_identification:_identify(src) by extension 'ros'
[0.579s] Level 1:colcon.colcon_core.package_identification:_identify(src) by extensions ['cmake', 'python']
[0.579s] Level 1:colcon.colcon_core.package_identification:_identify(src) by extension 'cmake'
[0.579s] Level 1:colcon.colcon_core.package_identification:_identify(src) by extension 'python'
[0.579s] Level 1:colcon.colcon_core.package_identification:_identify(src) by extensions ['python_setup_py']
[0.579s] Level 1:colcon.colcon_core.package_identification:_identify(src) by extension 'python_setup_py'
[0.580s] Level 1:colcon.colcon_core.package_identification:_identify(src/raspimouse_description) by extensions ['ignore', 'ignore_ament_install']
[0.580s] Level 1:colcon.colcon_core.package_identification:_identify(src/raspimouse_description) by extension 'ignore'
[0.580s] Level 1:colcon.colcon_core.package_identification:_identify(src/raspimouse_description) by extension 'ignore_ament_install'
[0.580s] Level 1:colcon.colcon_core.package_identification:_identify(src/raspimouse_description) by extensions ['colcon_pkg']
[0.580s] Level 1:colcon.colcon_core.package_identification:_identify(src/raspimouse_description) by extension 'colcon_pkg'
[0.580s] Level 1:colcon.colcon_core.package_identification:_identify(src/raspimouse_description) by extensions ['colcon_meta']
[0.580s] Level 1:colcon.colcon_core.package_identification:_identify(src/raspimouse_description) by extension 'colcon_meta'
[0.580s] Level 1:colcon.colcon_core.package_identification:_identify(src/raspimouse_description) by extensions ['ros']
[0.581s] Level 1:colcon.colcon_core.package_identification:_identify(src/raspimouse_description) by extension 'ros'
[0.588s] DEBUG:colcon.colcon_core.package_identification:Package 'src/raspimouse_description' with type 'ros.ament_cmake' and name 'raspimouse_description'
[0.588s] Level 1:colcon.colcon_core.package_identification:_identify(src/raspimouse_tugas) by extensions ['ignore', 'ignore_ament_install']
[0.588s] Level 1:colcon.colcon_core.package_identification:_identify(src/raspimouse_tugas) by extension 'ignore'
[0.589s] Level 1:colcon.colcon_core.package_identification:_identify(src/raspimouse_tugas) by extension 'ignore_ament_install'
[0.589s] Level 1:colcon.colcon_core.package_identification:_identify(src/raspimouse_tugas) by extensions ['colcon_pkg']
[0.589s] Level 1:colcon.colcon_core.package_identification:_identify(src/raspimouse_tugas) by extension 'colcon_pkg'
[0.589s] Level 1:colcon.colcon_core.package_identification:_identify(src/raspimouse_tugas) by extensions ['colcon_meta']
[0.589s] Level 1:colcon.colcon_core.package_identification:_identify(src/raspimouse_tugas) by extension 'colcon_meta'
[0.589s] Level 1:colcon.colcon_core.package_identification:_identify(src/raspimouse_tugas) by extensions ['ros']
[0.589s] Level 1:colcon.colcon_core.package_identification:_identify(src/raspimouse_tugas) by extension 'ros'
[0.590s] DEBUG:colcon.colcon_core.package_identification:Package 'src/raspimouse_tugas' with type 'ros.ament_python' and name 'raspimouse_tugas'
[0.590s] Level 1:colcon.colcon_core.package_identification:_identify(src/turtlebot3_act_interfaces) by extensions ['ignore', 'ignore_ament_install']
[0.590s] Level 1:colcon.colcon_core.package_identification:_identify(src/turtlebot3_act_interfaces) by extension 'ignore'
[0.590s] Level 1:colcon.colcon_core.package_identification:_identify(src/turtlebot3_act_interfaces) by extension 'ignore_ament_install'
[0.591s] Level 1:colcon.colcon_core.package_identification:_identify(src/turtlebot3_act_interfaces) by extensions ['colcon_pkg']
[0.591s] Level 1:colcon.colcon_core.package_identification:_identify(src/turtlebot3_act_interfaces) by extension 'colcon_pkg'
[0.591s] Level 1:colcon.colcon_core.package_identification:_identify(src/turtlebot3_act_interfaces) by extensions ['colcon_meta']
[0.591s] Level 1:colcon.colcon_core.package_identification:_identify(src/turtlebot3_act_interfaces) by extension 'colcon_meta'
[0.591s] Level 1:colcon.colcon_core.package_identification:_identify(src/turtlebot3_act_interfaces) by extensions ['ros']
[0.591s] Level 1:colcon.colcon_core.package_identification:_identify(src/turtlebot3_act_interfaces) by extension 'ros'
[0.592s] DEBUG:colcon.colcon_core.package_identification:Package 'src/turtlebot3_act_interfaces' with type 'ros.ament_cmake' and name 'turtlebot3_act_interfaces'
[0.592s] Level 1:colcon.colcon_core.package_identification:_identify(src/turtlebot3_action) by extensions ['ignore', 'ignore_ament_install']
[0.592s] Level 1:colcon.colcon_core.package_identification:_identify(src/turtlebot3_action) by extension 'ignore'
[0.592s] Level 1:colcon.colcon_core.package_identification:_identify(src/turtlebot3_action) by extension 'ignore_ament_install'
[0.592s] Level 1:colcon.colcon_core.package_identification:_identify(src/turtlebot3_action) by extensions ['colcon_pkg']
[0.592s] Level 1:colcon.colcon_core.package_identification:_identify(src/turtlebot3_action) by extension 'colcon_pkg'
[0.592s] Level 1:colcon.colcon_core.package_identification:_identify(src/turtlebot3_action) by extensions ['colcon_meta']
[0.593s] Level 1:colcon.colcon_core.package_identification:_identify(src/turtlebot3_action) by extension 'colcon_meta'
[0.593s] Level 1:colcon.colcon_core.package_identification:_identify(src/turtlebot3_action) by extensions ['ros']
[0.593s] Level 1:colcon.colcon_core.package_identification:_identify(src/turtlebot3_action) by extension 'ros'
[0.594s] DEBUG:colcon.colcon_core.package_identification:Package 'src/turtlebot3_action' with type 'ros.ament_python' and name 'turtlebot3_action'
[0.594s] Level 1:colcon.colcon_core.package_identification:_identify(src/turtlebot3_actionserver) by extensions ['ignore', 'ignore_ament_install']
[0.594s] Level 1:colcon.colcon_core.package_identification:_identify(src/turtlebot3_actionserver) by extension 'ignore'
[0.594s] Level 1:colcon.colcon_core.package_identification:_identify(src/turtlebot3_actionserver) by extension 'ignore_ament_install'
[0.594s] Level 1:colcon.colcon_core.package_identification:_identify(src/turtlebot3_actionserver) by extensions ['colcon_pkg']
[0.594s] Level 1:colcon.colcon_core.package_identification:_identify(src/turtlebot3_actionserver) by extension 'colcon_pkg'
[0.594s] Level 1:colcon.colcon_core.package_identification:_identify(src/turtlebot3_actionserver) by extensions ['colcon_meta']
[0.594s] Level 1:colcon.colcon_core.package_identification:_identify(src/turtlebot3_actionserver) by extension 'colcon_meta'
[0.594s] Level 1:colcon.colcon_core.package_identification:_identify(src/turtlebot3_actionserver) by extensions ['ros']
[0.594s] Level 1:colcon.colcon_core.package_identification:_identify(src/turtlebot3_actionserver) by extension 'ros'
[0.596s] DEBUG:colcon.colcon_core.package_identification:Package 'src/turtlebot3_actionserver' with type 'ros.ament_python' and name 'turtlebot3_actionserver'
[0.597s] Level 1:colcon.colcon_core.package_identification:_identify(src/turtlebot3_infiniteloop) by extensions ['ignore', 'ignore_ament_install']
[0.597s] Level 1:colcon.colcon_core.package_identification:_identify(src/turtlebot3_infiniteloop) by extension 'ignore'
[0.597s] Level 1:colcon.colcon_core.package_identification:_identify(src/turtlebot3_infiniteloop) by extension 'ignore_ament_install'
[0.597s] Level 1:colcon.colcon_core.package_identification:_identify(src/turtlebot3_infiniteloop) by extensions ['colcon_pkg']
[0.598s] Level 1:colcon.colcon_core.package_identification:_identify(src/turtlebot3_infiniteloop) by extension 'colcon_pkg'
[0.598s] Level 1:colcon.colcon_core.package_identification:_identify(src/turtlebot3_infiniteloop) by extensions ['colcon_meta']
[0.598s] Level 1:colcon.colcon_core.package_identification:_identify(src/turtlebot3_infiniteloop) by extension 'colcon_meta'
[0.598s] Level 1:colcon.colcon_core.package_identification:_identify(src/turtlebot3_infiniteloop) by extensions ['ros']
[0.598s] Level 1:colcon.colcon_core.package_identification:_identify(src/turtlebot3_infiniteloop) by extension 'ros'
[0.600s] DEBUG:colcon.colcon_core.package_identification:Package 'src/turtlebot3_infiniteloop' with type 'ros.ament_python' and name 'turtlebot3_infiniteloop'
[0.601s] Level 1:colcon.colcon_core.package_identification:_identify(src/turtlebot3_simulations) by extensions ['ignore', 'ignore_ament_install']
[0.601s] Level 1:colcon.colcon_core.package_identification:_identify(src/turtlebot3_simulations) by extension 'ignore'
[0.601s] Level 1:colcon.colcon_core.package_identification:_identify(src/turtlebot3_simulations) by extension 'ignore_ament_install'
[0.601s] Level 1:colcon.colcon_core.package_identification:_identify(src/turtlebot3_simulations) by extensions ['colcon_pkg']
[0.601s] Level 1:colcon.colcon_core.package_identification:_identify(src/turtlebot3_simulations) by extension 'colcon_pkg'
[0.602s] Level 1:colcon.colcon_core.package_identification:_identify(src/turtlebot3_simulations) by extensions ['colcon_meta']
[0.602s] Level 1:colcon.colcon_core.package_identification:_identify(src/turtlebot3_simulations) by extension 'colcon_meta'
[0.602s] Level 1:colcon.colcon_core.package_identification:_identify(src/turtlebot3_simulations) by extensions ['ros']
[0.602s] Level 1:colcon.colcon_core.package_identification:_identify(src/turtlebot3_simulations) by extension 'ros'
[0.602s] Level 1:colcon.colcon_core.package_identification:_identify(src/turtlebot3_simulations) by extensions ['cmake', 'python']
[0.602s] Level 1:colcon.colcon_core.package_identification:_identify(src/turtlebot3_simulations) by extension 'cmake'
[0.602s] Level 1:colcon.colcon_core.package_identification:_identify(src/turtlebot3_simulations) by extension 'python'
[0.602s] Level 1:colcon.colcon_core.package_identification:_identify(src/turtlebot3_simulations) by extensions ['python_setup_py']
[0.602s] Level 1:colcon.colcon_core.package_identification:_identify(src/turtlebot3_simulations) by extension 'python_setup_py'
[0.603s] Level 1:colcon.colcon_core.package_identification:_identify(src/turtlebot3_simulations/turtlebot3_fake_node) by extensions ['ignore', 'ignore_ament_install']
[0.603s] Level 1:colcon.colcon_core.package_identification:_identify(src/turtlebot3_simulations/turtlebot3_fake_node) by extension 'ignore'
[0.603s] Level 1:colcon.colcon_core.package_identification:_identify(src/turtlebot3_simulations/turtlebot3_fake_node) by extension 'ignore_ament_install'
[0.603s] Level 1:colcon.colcon_core.package_identification:_identify(src/turtlebot3_simulations/turtlebot3_fake_node) by extensions ['colcon_pkg']
[0.603s] Level 1:colcon.colcon_core.package_identification:_identify(src/turtlebot3_simulations/turtlebot3_fake_node) by extension 'colcon_pkg'
[0.603s] Level 1:colcon.colcon_core.package_identification:_identify(src/turtlebot3_simulations/turtlebot3_fake_node) by extensions ['colcon_meta']
[0.603s] Level 1:colcon.colcon_core.package_identification:_identify(src/turtlebot3_simulations/turtlebot3_fake_node) by extension 'colcon_meta'
[0.603s] Level 1:colcon.colcon_core.package_identification:_identify(src/turtlebot3_simulations/turtlebot3_fake_node) by extensions ['ros']
[0.603s] Level 1:colcon.colcon_core.package_identification:_identify(src/turtlebot3_simulations/turtlebot3_fake_node) by extension 'ros'
[0.605s] DEBUG:colcon.colcon_core.package_identification:Package 'src/turtlebot3_simulations/turtlebot3_fake_node' with type 'ros.ament_cmake' and name 'turtlebot3_fake_node'
[0.605s] Level 1:colcon.colcon_core.package_identification:_identify(src/turtlebot3_simulations/turtlebot3_gazebo) by extensions ['ignore', 'ignore_ament_install']
[0.605s] Level 1:colcon.colcon_core.package_identification:_identify(src/turtlebot3_simulations/turtlebot3_gazebo) by extension 'ignore'
[0.606s] Level 1:colcon.colcon_core.package_identification:_identify(src/turtlebot3_simulations/turtlebot3_gazebo) by extension 'ignore_ament_install'
[0.606s] Level 1:colcon.colcon_core.package_identification:_identify(src/turtlebot3_simulations/turtlebot3_gazebo) by extensions ['colcon_pkg']
[0.606s] Level 1:colcon.colcon_core.package_identification:_identify(src/turtlebot3_simulations/turtlebot3_gazebo) by extension 'colcon_pkg'
[0.606s] Level 1:colcon.colcon_core.package_identification:_identify(src/turtlebot3_simulations/turtlebot3_gazebo) by extensions ['colcon_meta']
[0.606s] Level 1:colcon.colcon_core.package_identification:_identify(src/turtlebot3_simulations/turtlebot3_gazebo) by extension 'colcon_meta'
[0.606s] Level 1:colcon.colcon_core.package_identification:_identify(src/turtlebot3_simulations/turtlebot3_gazebo) by extensions ['ros']
[0.606s] Level 1:colcon.colcon_core.package_identification:_identify(src/turtlebot3_simulations/turtlebot3_gazebo) by extension 'ros'
[0.608s] DEBUG:colcon.colcon_core.package_identification:Package 'src/turtlebot3_simulations/turtlebot3_gazebo' with type 'ros.ament_cmake' and name 'turtlebot3_gazebo'
[0.608s] Level 1:colcon.colcon_core.package_identification:_identify(src/turtlebot3_simulations/turtlebot3_simulations) by extensions ['ignore', 'ignore_ament_install']
[0.608s] Level 1:colcon.colcon_core.package_identification:_identify(src/turtlebot3_simulations/turtlebot3_simulations) by extension 'ignore'
[0.608s] Level 1:colcon.colcon_core.package_identification:_identify(src/turtlebot3_simulations/turtlebot3_simulations) by extension 'ignore_ament_install'
[0.608s] Level 1:colcon.colcon_core.package_identification:_identify(src/turtlebot3_simulations/turtlebot3_simulations) by extensions ['colcon_pkg']
[0.608s] Level 1:colcon.colcon_core.package_identification:_identify(src/turtlebot3_simulations/turtlebot3_simulations) by extension 'colcon_pkg'
[0.608s] Level 1:colcon.colcon_core.package_identification:_identify(src/turtlebot3_simulations/turtlebot3_simulations) by extensions ['colcon_meta']
[0.608s] Level 1:colcon.colcon_core.package_identification:_identify(src/turtlebot3_simulations/turtlebot3_simulations) by extension 'colcon_meta'
[0.608s] Level 1:colcon.colcon_core.package_identification:_identify(src/turtlebot3_simulations/turtlebot3_simulations) by extensions ['ros']
[0.608s] Level 1:colcon.colcon_core.package_identification:_identify(src/turtlebot3_simulations/turtlebot3_simulations) by extension 'ros'
[0.609s] DEBUG:colcon.colcon_core.package_identification:Package 'src/turtlebot3_simulations/turtlebot3_simulations' with type 'ros.ament_cmake' and name 'turtlebot3_simulations'
[0.609s] Level 1:colcon.colcon_core.package_discovery:discover_packages(recursive) using defaults
[0.609s] Level 1:colcon.colcon_core.package_discovery:discover_packages(ignore) discover
[0.610s] Level 1:colcon.colcon_core.package_discovery:discover_packages(ignore) using defaults
[0.610s] Level 1:colcon.colcon_core.package_discovery:discover_packages(path) discover
[0.610s] Level 1:colcon.colcon_core.package_discovery:discover_packages(path) using defaults
[0.641s] INFO:colcon.colcon_core.package_selection:Skipping not selected package 'raspimouse_description' in 'src/raspimouse_description'
[0.641s] INFO:colcon.colcon_core.package_selection:Skipping not selected package 'turtlebot3_act_interfaces' in 'src/turtlebot3_act_interfaces'
[0.641s] INFO:colcon.colcon_core.package_selection:Skipping not selected package 'turtlebot3_action' in 'src/turtlebot3_action'
[0.641s] INFO:colcon.colcon_core.package_selection:Skipping not selected package 'turtlebot3_actionserver' in 'src/turtlebot3_actionserver'
[0.641s] INFO:colcon.colcon_core.package_selection:Skipping not selected package 'turtlebot3_fake_node' in 'src/turtlebot3_simulations/turtlebot3_fake_node'
[0.641s] INFO:colcon.colcon_core.package_selection:Skipping not selected package 'turtlebot3_gazebo' in 'src/turtlebot3_simulations/turtlebot3_gazebo'
[0.641s] INFO:colcon.colcon_core.package_selection:Skipping not selected package 'turtlebot3_infiniteloop' in 'src/turtlebot3_infiniteloop'
[0.641s] INFO:colcon.colcon_core.package_selection:Skipping not selected package 'turtlebot3_simulations' in 'src/turtlebot3_simulations/turtlebot3_simulations'
[0.651s] Level 5:colcon.colcon_core.verb:set package 'raspimouse_tugas' build argument 'cmake_args' from command line to 'None'
[0.651s] Level 5:colcon.colcon_core.verb:set package 'raspimouse_tugas' build argument 'cmake_target' from command line to 'None'
[0.651s] Level 5:colcon.colcon_core.verb:set package 'raspimouse_tugas' build argument 'cmake_target_skip_unavailable' from command line to 'False'
[0.651s] Level 5:colcon.colcon_core.verb:set package 'raspimouse_tugas' build argument 'cmake_clean_cache' from command line to 'False'
[0.651s] Level 5:colcon.colcon_core.verb:set package 'raspimouse_tugas' build argument 'cmake_clean_first' from command line to 'False'
[0.651s] Level 5:colcon.colcon_core.verb:set package 'raspimouse_tugas' build argument 'cmake_force_configure' from command line to 'False'
[0.651s] Level 5:colcon.colcon_core.verb:set package 'raspimouse_tugas' build argument 'ament_cmake_args' from command line to 'None'
[0.651s] Level 5:colcon.colcon_core.verb:set package 'raspimouse_tugas' build argument 'catkin_cmake_args' from command line to 'None'
[0.651s] Level 5:colcon.colcon_core.verb:set package 'raspimouse_tugas' build argument 'catkin_skip_building_tests' from command line to 'False'
[0.651s] DEBUG:colcon.colcon_core.verb:Building package 'raspimouse_tugas' with the following arguments: {'ament_cmake_args': None, 'build_base': '/home/yonathanarya/colcon_ws/build/raspimouse_tugas', 'catkin_cmake_args': None, 'catkin_skip_building_tests': False, 'cmake_args': None, 'cmake_clean_cache': False, 'cmake_clean_first': False, 'cmake_force_configure': False, 'cmake_target': None, 'cmake_target_skip_unavailable': False, 'install_base': '/home/yonathanarya/colcon_ws/install/raspimouse_tugas', 'merge_install': False, 'path': '/home/yonathanarya/colcon_ws/src/raspimouse_tugas', 'symlink_install': False, 'test_result_base': None}
[0.652s] INFO:colcon.colcon_core.executor:Executing jobs using 'parallel' executor
[0.655s] DEBUG:colcon.colcon_parallel_executor.executor.parallel:run_until_complete
[0.655s] INFO:colcon.colcon_ros.task.ament_python.build:Building ROS package in '/home/yonathanarya/colcon_ws/src/raspimouse_tugas' with build type 'ament_python'
[0.655s] Level 1:colcon.colcon_core.shell:create_environment_hook('raspimouse_tugas', 'ament_prefix_path')
[0.662s] INFO:colcon.colcon_core.plugin_system:Skipping extension 'colcon_core.shell.bat': Not used on non-Windows systems
[0.662s] INFO:colcon.colcon_core.shell:Creating environment hook '/home/yonathanarya/colcon_ws/install/raspimouse_tugas/share/raspimouse_tugas/hook/ament_prefix_path.ps1'
[0.665s] INFO:colcon.colcon_core.shell:Creating environment descriptor '/home/yonathanarya/colcon_ws/install/raspimouse_tugas/share/raspimouse_tugas/hook/ament_prefix_path.dsv'
[0.665s] INFO:colcon.colcon_core.shell:Creating environment hook '/home/yonathanarya/colcon_ws/install/raspimouse_tugas/share/raspimouse_tugas/hook/ament_prefix_path.sh'
[0.667s] INFO:colcon.colcon_core.shell:Skip shell extension 'powershell' for command environment: Not usable outside of PowerShell
[0.667s] DEBUG:colcon.colcon_core.shell:Skip shell extension 'dsv' for command environment
[0.671s] DEBUG:colcon.colcon_core.shell:Ignoring prefix path '/opt/ros/foxy'
[1.129s] INFO:colcon.colcon_core.task.python.build:Building Python package in '/home/yonathanarya/colcon_ws/src/raspimouse_tugas'
[1.130s] INFO:colcon.colcon_core.shell:Skip shell extension 'powershell' for command environment: Not usable outside of PowerShell
[1.131s] DEBUG:colcon.colcon_core.shell:Skip shell extension 'dsv' for command environment
[1.134s] DEBUG:colcon.colcon_core.shell:Ignoring prefix path '/opt/ros/foxy'
[1.147s] DEBUG:colcon.colcon_core.event_handler.log_command:Invoking command in '/home/yonathanarya/colcon_ws/src/raspimouse_tugas': PYTHONPATH=/home/yonathanarya/colcon_ws/install/raspimouse_tugas/lib/python3.8/site-packages:${PYTHONPATH} /usr/bin/python3 setup.py egg_info --egg-base ../../build/raspimouse_tugas build --build-base /home/yonathanarya/colcon_ws/build/raspimouse_tugas/build install --prefix /home/yonathanarya/colcon_ws/install/raspimouse_tugas --record /home/yonathanarya/colcon_ws/build/raspimouse_tugas/install.log --single-version-externally-managed
[1.839s] DEBUG:colcon.colcon_core.event_handler.log_command:Invoked command in '/home/yonathanarya/colcon_ws/src/raspimouse_tugas' returned '0': PYTHONPATH=/home/yonathanarya/colcon_ws/install/raspimouse_tugas/lib/python3.8/site-packages:${PYTHONPATH} /usr/bin/python3 setup.py egg_info --egg-base ../../build/raspimouse_tugas build --build-base /home/yonathanarya/colcon_ws/build/raspimouse_tugas/build install --prefix /home/yonathanarya/colcon_ws/install/raspimouse_tugas --record /home/yonathanarya/colcon_ws/build/raspimouse_tugas/install.log --single-version-externally-managed
[1.845s] Level 1:colcon.colcon_core.environment:checking '/home/yonathanarya/colcon_ws/install/raspimouse_tugas' for CMake module files
[1.846s] Level 1:colcon.colcon_core.environment:checking '/home/yonathanarya/colcon_ws/install/raspimouse_tugas' for CMake config files
[1.849s] Level 1:colcon.colcon_core.environment:checking '/home/yonathanarya/colcon_ws/install/raspimouse_tugas/lib'
[1.849s] Level 1:colcon.colcon_core.environment:checking '/home/yonathanarya/colcon_ws/install/raspimouse_tugas/bin'
[1.850s] Level 1:colcon.colcon_core.environment:checking '/home/yonathanarya/colcon_ws/install/raspimouse_tugas/lib/pkgconfig/raspimouse_tugas.pc'
[1.850s] Level 1:colcon.colcon_core.environment:checking '/home/yonathanarya/colcon_ws/install/raspimouse_tugas/lib/python3.8/site-packages'
[1.850s] Level 1:colcon.colcon_core.shell:create_environment_hook('raspimouse_tugas', 'pythonpath')
[1.851s] INFO:colcon.colcon_core.shell:Creating environment hook '/home/yonathanarya/colcon_ws/install/raspimouse_tugas/share/raspimouse_tugas/hook/pythonpath.ps1'
[1.852s] INFO:colcon.colcon_core.shell:Creating environment descriptor '/home/yonathanarya/colcon_ws/install/raspimouse_tugas/share/raspimouse_tugas/hook/pythonpath.dsv'
[1.853s] INFO:colcon.colcon_core.shell:Creating environment hook '/home/yonathanarya/colcon_ws/install/raspimouse_tugas/share/raspimouse_tugas/hook/pythonpath.sh'
[1.853s] Level 1:colcon.colcon_core.environment:create_environment_scripts_only(raspimouse_tugas)
[1.855s] INFO:colcon.colcon_core.shell:Creating package script '/home/yonathanarya/colcon_ws/install/raspimouse_tugas/share/raspimouse_tugas/package.ps1'
[1.856s] INFO:colcon.colcon_core.shell:Creating package descriptor '/home/yonathanarya/colcon_ws/install/raspimouse_tugas/share/raspimouse_tugas/package.dsv'
[1.858s] INFO:colcon.colcon_core.shell:Creating package script '/home/yonathanarya/colcon_ws/install/raspimouse_tugas/share/raspimouse_tugas/package.sh'
[1.859s] INFO:colcon.colcon_core.shell:Creating package script '/home/yonathanarya/colcon_ws/install/raspimouse_tugas/share/raspimouse_tugas/package.bash'
[1.861s] INFO:colcon.colcon_core.shell:Creating package script '/home/yonathanarya/colcon_ws/install/raspimouse_tugas/share/raspimouse_tugas/package.zsh'
[1.865s] Level 1:colcon.colcon_core.environment:create_file_with_runtime_dependencies(/home/yonathanarya/colcon_ws/install/raspimouse_tugas/share/colcon-core/packages/raspimouse_tugas)
[1.866s] DEBUG:colcon.colcon_parallel_executor.executor.parallel:closing loop
[1.866s] DEBUG:colcon.colcon_parallel_executor.executor.parallel:loop closed
[1.866s] DEBUG:colcon.colcon_parallel_executor.executor.parallel:run_until_complete finished with '0'
[1.867s] DEBUG:colcon.colcon_core.event_reactor:joining thread
[1.876s] INFO:colcon.colcon_core.plugin_system:Skipping extension 'colcon_notification.desktop_notification.terminal_notifier': Not used on non-Darwin systems
[1.877s] INFO:colcon.colcon_core.plugin_system:Skipping extension 'colcon_notification.desktop_notification.win32': Not used on non-Windows systems
[1.877s] INFO:colcon.colcon_notification.desktop_notification:Sending desktop notification using 'notify2'
[1.909s] DEBUG:colcon.colcon_core.event_reactor:joined thread
[1.913s] INFO:colcon.colcon_core.shell:Creating prefix script '/home/yonathanarya/colcon_ws/install/local_setup.ps1'
[1.915s] INFO:colcon.colcon_core.shell:Creating prefix util module '/home/yonathanarya/colcon_ws/install/_local_setup_util_ps1.py'
[1.918s] INFO:colcon.colcon_core.shell:Creating prefix chain script '/home/yonathanarya/colcon_ws/install/setup.ps1'
[1.922s] INFO:colcon.colcon_core.shell:Creating prefix script '/home/yonathanarya/colcon_ws/install/local_setup.sh'
[1.923s] INFO:colcon.colcon_core.shell:Creating prefix util module '/home/yonathanarya/colcon_ws/install/_local_setup_util_sh.py'
[1.924s] INFO:colcon.colcon_core.shell:Creating prefix chain script '/home/yonathanarya/colcon_ws/install/setup.sh'
[1.931s] INFO:colcon.colcon_core.shell:Creating prefix script '/home/yonathanarya/colcon_ws/install/local_setup.bash'
[1.932s] INFO:colcon.colcon_core.shell:Creating prefix chain script '/home/yonathanarya/colcon_ws/install/setup.bash'
[1.937s] INFO:colcon.colcon_core.shell:Creating prefix script '/home/yonathanarya/colcon_ws/install/local_setup.zsh'
[1.938s] INFO:colcon.colcon_core.shell:Creating prefix chain script '/home/yonathanarya/colcon_ws/install/setup.zsh'
