[0.134s] Invoking command in '/home/yonathanarya/colcon_ws/build/turtlebot3_fake_node': CMAKE_PREFIX_PATH=${CMAKE_PREFIX_PATH}:/home/yonathanarya/colcon_ws/install/turtlebot3_infiniteloop:/home/yonathanarya/colcon_ws/install/turtlebot3_actionserver:/home/yonathanarya/colcon_ws/install/turtlebot3_action:/opt/ros/foxy /usr/bin/cmake --build /home/yonathanarya/colcon_ws/build/turtlebot3_fake_node -- -j8 -l8
[2.695s] [100%] Built target turtlebot3_fake_node
[2.715s] Invoked command in '/home/yonathanarya/colcon_ws/build/turtlebot3_fake_node' returned '0': CMAKE_PREFIX_PATH=${CMAKE_PREFIX_PATH}:/home/yonathanarya/colcon_ws/install/turtlebot3_infiniteloop:/home/yonathanarya/colcon_ws/install/turtlebot3_actionserver:/home/yonathanarya/colcon_ws/install/turtlebot3_action:/opt/ros/foxy /usr/bin/cmake --build /home/yonathanarya/colcon_ws/build/turtlebot3_fake_node -- -j8 -l8
[2.895s] Invoking command in '/home/yonathanarya/colcon_ws/build/turtlebot3_fake_node': CMAKE_PREFIX_PATH=${CMAKE_PREFIX_PATH}:/home/yonathanarya/colcon_ws/install/turtlebot3_infiniteloop:/home/yonathanarya/colcon_ws/install/turtlebot3_actionserver:/home/yonathanarya/colcon_ws/install/turtlebot3_action:/opt/ros/foxy /usr/bin/cmake --install /home/yonathanarya/colcon_ws/build/turtlebot3_fake_node
[2.953s] -- Install configuration: ""
[2.960s] -- Execute custom install script
[2.961s] -- Up-to-date symlink: /home/yonathanarya/colcon_ws/install/turtlebot3_fake_node/lib/turtlebot3_fake_node/turtlebot3_fake_node
[2.961s] -- Up-to-date symlink: /home/yonathanarya/colcon_ws/install/turtlebot3_fake_node/share/turtlebot3_fake_node/launch/rviz2.launch.py
[2.972s] -- Up-to-date symlink: /home/yonathanarya/colcon_ws/install/turtlebot3_fake_node/share/turtlebot3_fake_node/launch/turtlebot3_fake_node.launch.py
[2.984s] -- Up-to-date symlink: /home/yonathanarya/colcon_ws/install/turtlebot3_fake_node/share/turtlebot3_fake_node/param/burger.yaml
[2.985s] -- Up-to-date symlink: /home/yonathanarya/colcon_ws/install/turtlebot3_fake_node/share/turtlebot3_fake_node/param/waffle.yaml
[2.985s] -- Up-to-date symlink: /home/yonathanarya/colcon_ws/install/turtlebot3_fake_node/share/turtlebot3_fake_node/param/waffle_pi.yaml
[2.985s] -- Up-to-date symlink: /home/yonathanarya/colcon_ws/install/turtlebot3_fake_node/share/turtlebot3_fake_node/rviz/model.rviz
[2.986s] -- Up-to-date symlink: /home/yonathanarya/colcon_ws/install/turtlebot3_fake_node/include//turtlebot3_fake_node/turtlebot3_fake_node.hpp
[2.986s] -- Up-to-date symlink: /home/yonathanarya/colcon_ws/install/turtlebot3_fake_node/share/ament_index/resource_index/package_run_dependencies/turtlebot3_fake_node
[2.987s] -- Up-to-date symlink: /home/yonathanarya/colcon_ws/install/turtlebot3_fake_node/share/ament_index/resource_index/parent_prefix_path/turtlebot3_fake_node
[2.988s] -- Up-to-date symlink: /home/yonathanarya/colcon_ws/install/turtlebot3_fake_node/share/turtlebot3_fake_node/environment/ament_prefix_path.sh
[2.988s] -- Up-to-date symlink: /home/yonathanarya/colcon_ws/install/turtlebot3_fake_node/share/turtlebot3_fake_node/environment/ament_prefix_path.dsv
[2.989s] -- Up-to-date symlink: /home/yonathanarya/colcon_ws/install/turtlebot3_fake_node/share/turtlebot3_fake_node/environment/path.sh
[2.990s] -- Up-to-date symlink: /home/yonathanarya/colcon_ws/install/turtlebot3_fake_node/share/turtlebot3_fake_node/environment/path.dsv
[2.990s] -- Up-to-date symlink: /home/yonathanarya/colcon_ws/install/turtlebot3_fake_node/share/turtlebot3_fake_node/local_setup.bash
[2.991s] -- Up-to-date symlink: /home/yonathanarya/colcon_ws/install/turtlebot3_fake_node/share/turtlebot3_fake_node/local_setup.sh
[2.991s] -- Up-to-date symlink: /home/yonathanarya/colcon_ws/install/turtlebot3_fake_node/share/turtlebot3_fake_node/local_setup.zsh
[2.991s] -- Up-to-date symlink: /home/yonathanarya/colcon_ws/install/turtlebot3_fake_node/share/turtlebot3_fake_node/local_setup.dsv
[2.992s] -- Symlinking: /home/yonathanarya/colcon_ws/install/turtlebot3_fake_node/share/turtlebot3_fake_node/package.dsv
[3.035s] -- Up-to-date symlink: /home/yonathanarya/colcon_ws/install/turtlebot3_fake_node/share/ament_index/resource_index/packages/turtlebot3_fake_node
[3.036s] -- Up-to-date symlink: /home/yonathanarya/colcon_ws/install/turtlebot3_fake_node/share/turtlebot3_fake_node/cmake/ament_cmake_export_include_directories-extras.cmake
[3.037s] -- Up-to-date symlink: /home/yonathanarya/colcon_ws/install/turtlebot3_fake_node/share/turtlebot3_fake_node/cmake/ament_cmake_export_dependencies-extras.cmake
[3.040s] -- Up-to-date symlink: /home/yonathanarya/colcon_ws/install/turtlebot3_fake_node/share/turtlebot3_fake_node/cmake/turtlebot3_fake_nodeConfig.cmake
[3.048s] -- Up-to-date symlink: /home/yonathanarya/colcon_ws/install/turtlebot3_fake_node/share/turtlebot3_fake_node/cmake/turtlebot3_fake_nodeConfig-version.cmake
[3.049s] -- Up-to-date symlink: /home/yonathanarya/colcon_ws/install/turtlebot3_fake_node/share/turtlebot3_fake_node/package.xml
[3.065s] Invoked command in '/home/yonathanarya/colcon_ws/build/turtlebot3_fake_node' returned '0': CMAKE_PREFIX_PATH=${CMAKE_PREFIX_PATH}:/home/yonathanarya/colcon_ws/install/turtlebot3_infiniteloop:/home/yonathanarya/colcon_ws/install/turtlebot3_actionserver:/home/yonathanarya/colcon_ws/install/turtlebot3_action:/opt/ros/foxy /usr/bin/cmake --install /home/yonathanarya/colcon_ws/build/turtlebot3_fake_node
