[0.054s] Invoking command in '/home/yonathanarya/colcon_ws/build/turtlebot3_gazebo': CMAKE_PREFIX_PATH=/home/yonathanarya/colcon_ws/install/turtlebot3_infiniteloop:/home/yonathanarya/colcon_ws/install/turtlebot3_actionserver:/home/yonathanarya/colcon_ws/install/turtlebot3_action:/opt/ros/foxy:${CMAKE_PREFIX_PATH} /usr/bin/cmake /home/yonathanarya/colcon_ws/src/turtlebot3_simulations/turtlebot3_gazebo -DCMAKE_INSTALL_PREFIX=/home/yonathanarya/colcon_ws/install/turtlebot3_gazebo
[1.574s] -- Found ament_cmake: 0.9.9 (/opt/ros/foxy/share/ament_cmake/cmake)
[1.574s] -- Using PYTHON_EXECUTABLE: /usr/bin/python3
[1.574s] -- Override CMake install command with custom implementation using symlinks instead of copying resources
[1.575s] -- Found DART: /usr/include (Required is at least version "6.6") found components: dart 
[1.575s] -- Found Protobuf: /usr/lib/x86_64-linux-gnu/libprotobuf.so;-lpthread (found version "3.6.1") 
[1.575s] -- Looking for ignition-math6 -- found version 6.9.2
[1.575s] -- Searching for dependencies of ignition-math6
[1.576s] -- Looking for OGRE...
[1.576s] -- Found Ogre Ghadamon (1.9.0)
[1.577s] -- Found OGRE: optimized;/usr/lib/x86_64-linux-gnu/libOgreMain.so;debug;/usr/lib/x86_64-linux-gnu/libOgreMain.so
[1.578s] -- Looking for OGRE_Paging...
[1.578s] -- Found OGRE_Paging: optimized;/usr/lib/x86_64-linux-gnu/libOgrePaging.so;debug;/usr/lib/x86_64-linux-gnu/libOgrePaging.so
[1.578s] -- Looking for OGRE_Terrain...
[1.578s] -- Found OGRE_Terrain: optimized;/usr/lib/x86_64-linux-gnu/libOgreTerrain.so;debug;/usr/lib/x86_64-linux-gnu/libOgreTerrain.so
[1.578s] -- Looking for OGRE_Property...
[1.578s] -- Found OGRE_Property: optimized;/usr/lib/x86_64-linux-gnu/libOgreProperty.so;debug;/usr/lib/x86_64-linux-gnu/libOgreProperty.so
[1.578s] -- Looking for OGRE_RTShaderSystem...
[1.579s] -- Found OGRE_RTShaderSystem: optimized;/usr/lib/x86_64-linux-gnu/libOgreRTShaderSystem.so;debug;/usr/lib/x86_64-linux-gnu/libOgreRTShaderSystem.so
[1.579s] -- Looking for OGRE_Volume...
[1.579s] -- Found OGRE_Volume: optimized;/usr/lib/x86_64-linux-gnu/libOgreVolume.so;debug;/usr/lib/x86_64-linux-gnu/libOgreVolume.so
[1.579s] -- Looking for OGRE_Overlay...
[1.579s] -- Found OGRE_Overlay: optimized;/usr/lib/x86_64-linux-gnu/libOgreOverlay.so;debug;/usr/lib/x86_64-linux-gnu/libOgreOverlay.so
[1.579s] -- Looking for ignition-math6 -- found version 6.9.2
[1.579s] -- Looking for ignition-transport8 -- found version 8.2.1
[1.580s] -- Searching for dependencies of ignition-transport8
[1.580s] -- Found Protobuf: /usr/lib/x86_64-linux-gnu/libprotobuf.so;-lpthread (found suitable version "3.6.1", minimum required is "3") 
[1.580s] -- Config-file not installed for ZeroMQ -- checking for pkg-config
[1.580s] -- Checking for module 'libzmq >= 4'
[1.580s] --   Found libzmq , version 4.3.2
[1.580s] -- Checking for module 'uuid'
[1.580s] --   Found uuid, version 2.34.0
[1.581s] -- Looking for ignition-msgs5 -- found version 5.8.1
[1.581s] -- Searching for dependencies of ignition-msgs5
[1.581s] -- Looking for ignition-math6 -- found version 6.9.2
[1.581s] -- Checking for module 'tinyxml2'
[1.584s] --   Found tinyxml2, version 6.2.0
[1.584s] -- Looking for ignition-msgs5 -- found version 5.8.1
[1.585s] -- Looking for ignition-common3 -- found version 3.14.0
[1.585s] -- Searching for dependencies of ignition-common3
[1.586s] -- Looking for dlfcn.h - found
[1.587s] -- Looking for libdl - found
[1.592s] -- Searching for <ignition-common3> component [graphics]
[1.593s] -- Looking for ignition-common3-graphics -- found version 3.14.0
[1.594s] -- Searching for dependencies of ignition-common3-graphics
[1.594s] -- Looking for ignition-math6 -- found version 6.9.2
[1.595s] -- Looking for ignition-fuel_tools4 -- found version 4.4.0
[1.595s] -- Searching for dependencies of ignition-fuel_tools4
[1.595s] -- Checking for module 'jsoncpp'
[1.595s] --   Found jsoncpp, version 1.7.4
[1.623s] -- Checking for module 'libzip'
[1.635s] --   Found libzip, version 1.5.1
[1.802s] -- Looking for ignition-common3 -- found version 3.14.0
[1.803s] -- Looking for ignition-math6 -- found version 6.9.2
[1.803s] -- Looking for ignition-msgs5 -- found version 5.8.1
[1.806s] -- Found gazebo_ros_pkgs: 3.5.3 (/opt/ros/foxy/share/gazebo_ros_pkgs/cmake)
[1.806s] -- Found geometry_msgs: 2.0.4 (/opt/ros/foxy/share/geometry_msgs/cmake)
[1.842s] -- Using all available rosidl_typesupport_c: rosidl_typesupport_fastrtps_c;rosidl_typesupport_introspection_c
[1.850s] -- Found rosidl_adapter: 1.2.1 (/opt/ros/foxy/share/rosidl_adapter/cmake)
[2.092s] -- Using all available rosidl_typesupport_cpp: rosidl_typesupport_fastrtps_cpp;rosidl_typesupport_introspection_cpp
[2.293s] -- Found nav_msgs: 2.0.4 (/opt/ros/foxy/share/nav_msgs/cmake)
[2.468s] -- Found rclcpp: 2.4.0 (/opt/ros/foxy/share/rclcpp/cmake)
[2.540s] -- Found rmw_implementation_cmake: 1.0.3 (/opt/ros/foxy/share/rmw_implementation_cmake/cmake)
[2.540s] -- Using RMW implementation 'rmw_fastrtps_cpp' as default
[2.741s] -- Found sensor_msgs: 2.0.4 (/opt/ros/foxy/share/sensor_msgs/cmake)
[2.840s] -- Found tf2: 0.13.12 (/opt/ros/foxy/share/tf2/cmake)
[2.947s] -- Configuring done
[2.982s] -- Generating done
[2.985s] -- Build files have been written to: /home/yonathanarya/colcon_ws/build/turtlebot3_gazebo
