[2.594s] Invoking command in '/home/yonathanarya/colcon_ws/src/turtlebot3_infiniteloop': PYTHONPATH=/home/yonathanarya/colcon_ws/install/turtlebot3_infiniteloop/lib/python3.8/site-packages:${PYTHONPATH} /usr/bin/python3 setup.py egg_info --egg-base ../../build/turtlebot3_infiniteloop build --build-base /home/yonathanarya/colcon_ws/build/turtlebot3_infiniteloop/build install --prefix /home/yonathanarya/colcon_ws/install/turtlebot3_infiniteloop --record /home/yonathanarya/colcon_ws/build/turtlebot3_infiniteloop/install.log --single-version-externally-managed
[4.866s] running egg_info
[4.872s] writing ../../build/turtlebot3_infiniteloop/turtlebot3_infiniteloop.egg-info/PKG-INFO
[4.875s] writing dependency_links to ../../build/turtlebot3_infiniteloop/turtlebot3_infiniteloop.egg-info/dependency_links.txt
[4.877s] writing entry points to ../../build/turtlebot3_infiniteloop/turtlebot3_infiniteloop.egg-info/entry_points.txt
[4.880s] writing requirements to ../../build/turtlebot3_infiniteloop/turtlebot3_infiniteloop.egg-info/requires.txt
[4.881s] writing top-level names to ../../build/turtlebot3_infiniteloop/turtlebot3_infiniteloop.egg-info/top_level.txt
[5.158s] reading manifest file '../../build/turtlebot3_infiniteloop/turtlebot3_infiniteloop.egg-info/SOURCES.txt'
[5.164s] writing manifest file '../../build/turtlebot3_infiniteloop/turtlebot3_infiniteloop.egg-info/SOURCES.txt'
[5.167s] running build
[5.170s] running build_py
[5.172s] copying turtlebot3_infiniteloop/infinite_loop.py -> /home/yonathanarya/colcon_ws/build/turtlebot3_infiniteloop/build/lib/turtlebot3_infiniteloop
[5.175s] running install
[5.179s] running install_lib
[5.185s] copying /home/yonathanarya/colcon_ws/build/turtlebot3_infiniteloop/build/lib/turtlebot3_infiniteloop/infinite_loop.py -> /home/yonathanarya/colcon_ws/install/turtlebot3_infiniteloop/lib/python3.8/site-packages/turtlebot3_infiniteloop
[5.190s] byte-compiling /home/yonathanarya/colcon_ws/install/turtlebot3_infiniteloop/lib/python3.8/site-packages/turtlebot3_infiniteloop/infinite_loop.py to infinite_loop.cpython-38.pyc
[5.201s] running install_data
[5.205s] running install_egg_info
[5.209s] removing '/home/yonathanarya/colcon_ws/install/turtlebot3_infiniteloop/lib/python3.8/site-packages/turtlebot3_infiniteloop-1.0.0-py3.8.egg-info' (and everything under it)
[5.213s] Copying ../../build/turtlebot3_infiniteloop/turtlebot3_infiniteloop.egg-info to /home/yonathanarya/colcon_ws/install/turtlebot3_infiniteloop/lib/python3.8/site-packages/turtlebot3_infiniteloop-1.0.0-py3.8.egg-info
[5.224s] running install_scripts
[5.377s] Installing infinite_loop script to /home/yonathanarya/colcon_ws/install/turtlebot3_infiniteloop/lib/turtlebot3_infiniteloop
[5.380s] writing list of installed files to '/home/yonathanarya/colcon_ws/build/turtlebot3_infiniteloop/install.log'
[5.555s] Invoked command in '/home/yonathanarya/colcon_ws/src/turtlebot3_infiniteloop' returned '0': PYTHONPATH=/home/yonathanarya/colcon_ws/install/turtlebot3_infiniteloop/lib/python3.8/site-packages:${PYTHONPATH} /usr/bin/python3 setup.py egg_info --egg-base ../../build/turtlebot3_infiniteloop build --build-base /home/yonathanarya/colcon_ws/build/turtlebot3_infiniteloop/build install --prefix /home/yonathanarya/colcon_ws/install/turtlebot3_infiniteloop --record /home/yonathanarya/colcon_ws/build/turtlebot3_infiniteloop/install.log --single-version-externally-managed
