[0.515s] Invoking command in '/home/yonathanarya/colcon_ws/src/raspimouse_tugas': PYTHONPATH=/home/yonathanarya/colcon_ws/install/raspimouse_tugas/lib/python3.8/site-packages:${PYTHONPATH} /usr/bin/python3 setup.py egg_info --egg-base ../../build/raspimouse_tugas build --build-base /home/yonathanarya/colcon_ws/build/raspimouse_tugas/build install --prefix /home/yonathanarya/colcon_ws/install/raspimouse_tugas --record /home/yonathanarya/colcon_ws/build/raspimouse_tugas/install.log --single-version-externally-managed
[1.012s] running egg_info
[1.013s] writing ../../build/raspimouse_tugas/raspimouse_tugas.egg-info/PKG-INFO
[1.013s] writing dependency_links to ../../build/raspimouse_tugas/raspimouse_tugas.egg-info/dependency_links.txt
[1.014s] writing entry points to ../../build/raspimouse_tugas/raspimouse_tugas.egg-info/entry_points.txt
[1.014s] writing requirements to ../../build/raspimouse_tugas/raspimouse_tugas.egg-info/requires.txt
[1.014s] writing top-level names to ../../build/raspimouse_tugas/raspimouse_tugas.egg-info/top_level.txt
[1.080s] reading manifest file '../../build/raspimouse_tugas/raspimouse_tugas.egg-info/SOURCES.txt'
[1.081s] writing manifest file '../../build/raspimouse_tugas/raspimouse_tugas.egg-info/SOURCES.txt'
[1.082s] running build
[1.082s] running build_py
[1.082s] running install
[1.085s] running install_lib
[1.088s] running install_data
[1.089s] copying launch/tugas.launch.py -> /home/yonathanarya/colcon_ws/install/raspimouse_tugas/share/raspimouse_tugas
[1.089s] running install_egg_info
[1.092s] removing '/home/yonathanarya/colcon_ws/install/raspimouse_tugas/lib/python3.8/site-packages/raspimouse_tugas-1.0.0-py3.8.egg-info' (and everything under it)
[1.092s] Copying ../../build/raspimouse_tugas/raspimouse_tugas.egg-info to /home/yonathanarya/colcon_ws/install/raspimouse_tugas/lib/python3.8/site-packages/raspimouse_tugas-1.0.0-py3.8.egg-info
[1.093s] running install_scripts
[1.128s] writing list of installed files to '/home/yonathanarya/colcon_ws/build/raspimouse_tugas/install.log'
[1.176s] Invoked command in '/home/yonathanarya/colcon_ws/src/raspimouse_tugas' returned '0': PYTHONPATH=/home/yonathanarya/colcon_ws/install/raspimouse_tugas/lib/python3.8/site-packages:${PYTHONPATH} /usr/bin/python3 setup.py egg_info --egg-base ../../build/raspimouse_tugas build --build-base /home/yonathanarya/colcon_ws/build/raspimouse_tugas/build install --prefix /home/yonathanarya/colcon_ws/install/raspimouse_tugas --record /home/yonathanarya/colcon_ws/build/raspimouse_tugas/install.log --single-version-externally-managed
