[0.029s] Invoking command in '/home/yonathanarya/colcon_ws/build/turtlebot3_act_interfaces': CMAKE_PREFIX_PATH=${CMAKE_PREFIX_PATH}:/home/yonathanarya/colcon_ws/install/turtlebot3_infiniteloop:/home/yonathanarya/colcon_ws/install/turtlebot3_actionserver:/home/yonathanarya/colcon_ws/install/turtlebot3_action:/opt/ros/foxy /usr/bin/cmake --build /home/yonathanarya/colcon_ws/build/turtlebot3_act_interfaces -- -j8 -l8
[0.125s] [  9%] Built target turtlebot3_act_interfaces__rosidl_generator_c
[0.126s] [ 12%] Built target turtlebot3_act_interfaces__cpp
[0.173s] [ 22%] Built target turtlebot3_act_interfaces__rosidl_typesupport_c
[0.173s] [ 32%] Built target turtlebot3_act_interfaces__rosidl_typesupport_cpp
[0.179s] [ 41%] Built target turtlebot3_act_interfaces__rosidl_typesupport_introspection_c
[0.179s] [ 51%] Built target turtlebot3_act_interfaces__rosidl_typesupport_introspection_cpp
[0.189s] [ 61%] Built target turtlebot3_act_interfaces__rosidl_typesupport_fastrtps_cpp
[0.234s] [ 70%] Built target turtlebot3_act_interfaces__rosidl_typesupport_fastrtps_c
[0.267s] [ 70%] Built target turtlebot3_act_interfaces
[0.301s] [ 74%] Built target turtlebot3_act_interfaces__py
[0.345s] [ 80%] Built target turtlebot3_act_interfaces__python
[0.389s] [100%] Built target turtlebot3_act_interfaces__rosidl_typesupport_introspection_c__pyext
[0.390s] [100%] Built target turtlebot3_act_interfaces__rosidl_typesupport_c__pyext
[0.390s] [100%] Built target turtlebot3_act_interfaces__rosidl_typesupport_fastrtps_c__pyext
[0.409s] Invoked command in '/home/yonathanarya/colcon_ws/build/turtlebot3_act_interfaces' returned '0': CMAKE_PREFIX_PATH=${CMAKE_PREFIX_PATH}:/home/yonathanarya/colcon_ws/install/turtlebot3_infiniteloop:/home/yonathanarya/colcon_ws/install/turtlebot3_actionserver:/home/yonathanarya/colcon_ws/install/turtlebot3_action:/opt/ros/foxy /usr/bin/cmake --build /home/yonathanarya/colcon_ws/build/turtlebot3_act_interfaces -- -j8 -l8
[0.509s] Invoking command in '/home/yonathanarya/colcon_ws/build/turtlebot3_act_interfaces': CMAKE_PREFIX_PATH=${CMAKE_PREFIX_PATH}:/home/yonathanarya/colcon_ws/install/turtlebot3_infiniteloop:/home/yonathanarya/colcon_ws/install/turtlebot3_actionserver:/home/yonathanarya/colcon_ws/install/turtlebot3_action:/opt/ros/foxy /usr/bin/cmake --install /home/yonathanarya/colcon_ws/build/turtlebot3_act_interfaces
[0.525s] -- Install configuration: ""
[0.525s] -- Up-to-date: /home/yonathanarya/colcon_ws/install/turtlebot3_act_interfaces/share/ament_index/resource_index/rosidl_interfaces/turtlebot3_act_interfaces
[0.526s] -- Up-to-date: /home/yonathanarya/colcon_ws/install/turtlebot3_act_interfaces/include/turtlebot3_act_interfaces
[0.526s] -- Up-to-date: /home/yonathanarya/colcon_ws/install/turtlebot3_act_interfaces/include/turtlebot3_act_interfaces/action
[0.527s] -- Up-to-date: /home/yonathanarya/colcon_ws/install/turtlebot3_act_interfaces/include/turtlebot3_act_interfaces/action/task.h
[0.527s] -- Up-to-date: /home/yonathanarya/colcon_ws/install/turtlebot3_act_interfaces/include/turtlebot3_act_interfaces/action/detail
[0.527s] -- Up-to-date: /home/yonathanarya/colcon_ws/install/turtlebot3_act_interfaces/include/turtlebot3_act_interfaces/action/detail/task__functions.h
[0.527s] -- Up-to-date: /home/yonathanarya/colcon_ws/install/turtlebot3_act_interfaces/include/turtlebot3_act_interfaces/action/detail/task__struct.h
[0.527s] -- Up-to-date: /home/yonathanarya/colcon_ws/install/turtlebot3_act_interfaces/include/turtlebot3_act_interfaces/action/detail/task__type_support.h
[0.528s] -- Up-to-date: /home/yonathanarya/colcon_ws/install/turtlebot3_act_interfaces/include/turtlebot3_act_interfaces/action/detail/task__functions.c
[0.528s] -- Up-to-date: /home/yonathanarya/colcon_ws/install/turtlebot3_act_interfaces/include/turtlebot3_act_interfaces/msg
[0.528s] -- Up-to-date: /home/yonathanarya/colcon_ws/install/turtlebot3_act_interfaces/include/turtlebot3_act_interfaces/msg/rosidl_generator_c__visibility_control.h
[0.528s] -- Up-to-date: /home/yonathanarya/colcon_ws/install/turtlebot3_act_interfaces/share/turtlebot3_act_interfaces/environment/library_path.sh
[0.528s] -- Up-to-date: /home/yonathanarya/colcon_ws/install/turtlebot3_act_interfaces/share/turtlebot3_act_interfaces/environment/library_path.dsv
[0.528s] -- Up-to-date: /home/yonathanarya/colcon_ws/install/turtlebot3_act_interfaces/lib/libturtlebot3_act_interfaces__rosidl_generator_c.so
[0.528s] -- Up-to-date: /home/yonathanarya/colcon_ws/install/turtlebot3_act_interfaces/include/turtlebot3_act_interfaces
[0.529s] -- Up-to-date: /home/yonathanarya/colcon_ws/install/turtlebot3_act_interfaces/include/turtlebot3_act_interfaces/action
[0.529s] -- Up-to-date: /home/yonathanarya/colcon_ws/install/turtlebot3_act_interfaces/include/turtlebot3_act_interfaces/action/detail
[0.529s] -- Up-to-date: /home/yonathanarya/colcon_ws/install/turtlebot3_act_interfaces/include/turtlebot3_act_interfaces/action/detail/task__rosidl_typesupport_fastrtps_c.h
[0.529s] -- Up-to-date: /home/yonathanarya/colcon_ws/install/turtlebot3_act_interfaces/include/turtlebot3_act_interfaces/msg
[0.529s] -- Up-to-date: /home/yonathanarya/colcon_ws/install/turtlebot3_act_interfaces/include/turtlebot3_act_interfaces/msg/rosidl_typesupport_fastrtps_c__visibility_control.h
[0.530s] -- Up-to-date: /home/yonathanarya/colcon_ws/install/turtlebot3_act_interfaces/lib/libturtlebot3_act_interfaces__rosidl_typesupport_fastrtps_c.so
[0.530s] -- Up-to-date: /home/yonathanarya/colcon_ws/install/turtlebot3_act_interfaces/include/turtlebot3_act_interfaces
[0.530s] -- Up-to-date: /home/yonathanarya/colcon_ws/install/turtlebot3_act_interfaces/include/turtlebot3_act_interfaces/action
[0.530s] -- Up-to-date: /home/yonathanarya/colcon_ws/install/turtlebot3_act_interfaces/include/turtlebot3_act_interfaces/action/detail
[0.530s] -- Up-to-date: /home/yonathanarya/colcon_ws/install/turtlebot3_act_interfaces/include/turtlebot3_act_interfaces/action/detail/dds_fastrtps
[0.530s] -- Up-to-date: /home/yonathanarya/colcon_ws/install/turtlebot3_act_interfaces/include/turtlebot3_act_interfaces/action/detail/task__rosidl_typesupport_fastrtps_cpp.hpp
[0.530s] -- Up-to-date: /home/yonathanarya/colcon_ws/install/turtlebot3_act_interfaces/include/turtlebot3_act_interfaces/msg
[0.531s] -- Up-to-date: /home/yonathanarya/colcon_ws/install/turtlebot3_act_interfaces/include/turtlebot3_act_interfaces/msg/rosidl_typesupport_fastrtps_cpp__visibility_control.h
[0.531s] -- Up-to-date: /home/yonathanarya/colcon_ws/install/turtlebot3_act_interfaces/lib/libturtlebot3_act_interfaces__rosidl_typesupport_fastrtps_cpp.so
[0.531s] -- Up-to-date: /home/yonathanarya/colcon_ws/install/turtlebot3_act_interfaces/include/turtlebot3_act_interfaces
[0.531s] -- Up-to-date: /home/yonathanarya/colcon_ws/install/turtlebot3_act_interfaces/include/turtlebot3_act_interfaces/action
[0.531s] -- Up-to-date: /home/yonathanarya/colcon_ws/install/turtlebot3_act_interfaces/include/turtlebot3_act_interfaces/action/detail
[0.532s] -- Up-to-date: /home/yonathanarya/colcon_ws/install/turtlebot3_act_interfaces/include/turtlebot3_act_interfaces/action/detail/task__type_support.c
[0.532s] -- Up-to-date: /home/yonathanarya/colcon_ws/install/turtlebot3_act_interfaces/include/turtlebot3_act_interfaces/action/detail/task__rosidl_typesupport_introspection_c.h
[0.532s] -- Up-to-date: /home/yonathanarya/colcon_ws/install/turtlebot3_act_interfaces/include/turtlebot3_act_interfaces/msg
[0.532s] -- Up-to-date: /home/yonathanarya/colcon_ws/install/turtlebot3_act_interfaces/include/turtlebot3_act_interfaces/msg/rosidl_typesupport_introspection_c__visibility_control.h
[0.532s] -- Up-to-date: /home/yonathanarya/colcon_ws/install/turtlebot3_act_interfaces/lib/libturtlebot3_act_interfaces__rosidl_typesupport_introspection_c.so
[0.532s] -- Up-to-date: /home/yonathanarya/colcon_ws/install/turtlebot3_act_interfaces/lib/libturtlebot3_act_interfaces__rosidl_typesupport_c.so
[0.533s] -- Up-to-date: /home/yonathanarya/colcon_ws/install/turtlebot3_act_interfaces/include/turtlebot3_act_interfaces
[0.533s] -- Up-to-date: /home/yonathanarya/colcon_ws/install/turtlebot3_act_interfaces/include/turtlebot3_act_interfaces/action
[0.533s] -- Up-to-date: /home/yonathanarya/colcon_ws/install/turtlebot3_act_interfaces/include/turtlebot3_act_interfaces/action/detail
[0.533s] -- Up-to-date: /home/yonathanarya/colcon_ws/install/turtlebot3_act_interfaces/include/turtlebot3_act_interfaces/action/detail/task__struct.hpp
[0.533s] -- Up-to-date: /home/yonathanarya/colcon_ws/install/turtlebot3_act_interfaces/include/turtlebot3_act_interfaces/action/detail/task__traits.hpp
[0.533s] -- Up-to-date: /home/yonathanarya/colcon_ws/install/turtlebot3_act_interfaces/include/turtlebot3_act_interfaces/action/detail/task__builder.hpp
[0.533s] -- Up-to-date: /home/yonathanarya/colcon_ws/install/turtlebot3_act_interfaces/include/turtlebot3_act_interfaces/action/task.hpp
[0.534s] -- Up-to-date: /home/yonathanarya/colcon_ws/install/turtlebot3_act_interfaces/include/turtlebot3_act_interfaces
[0.534s] -- Up-to-date: /home/yonathanarya/colcon_ws/install/turtlebot3_act_interfaces/include/turtlebot3_act_interfaces/action
[0.534s] -- Up-to-date: /home/yonathanarya/colcon_ws/install/turtlebot3_act_interfaces/include/turtlebot3_act_interfaces/action/detail
[0.534s] -- Up-to-date: /home/yonathanarya/colcon_ws/install/turtlebot3_act_interfaces/include/turtlebot3_act_interfaces/action/detail/task__rosidl_typesupport_introspection_cpp.hpp
[0.534s] -- Up-to-date: /home/yonathanarya/colcon_ws/install/turtlebot3_act_interfaces/include/turtlebot3_act_interfaces/action/detail/task__type_support.cpp
[0.534s] -- Up-to-date: /home/yonathanarya/colcon_ws/install/turtlebot3_act_interfaces/lib/libturtlebot3_act_interfaces__rosidl_typesupport_introspection_cpp.so
[0.534s] -- Up-to-date: /home/yonathanarya/colcon_ws/install/turtlebot3_act_interfaces/lib/libturtlebot3_act_interfaces__rosidl_typesupport_cpp.so
[0.534s] -- Up-to-date: /home/yonathanarya/colcon_ws/install/turtlebot3_act_interfaces/share/turtlebot3_act_interfaces/environment/pythonpath.sh
[0.535s] -- Up-to-date: /home/yonathanarya/colcon_ws/install/turtlebot3_act_interfaces/share/turtlebot3_act_interfaces/environment/pythonpath.dsv
[0.535s] -- Up-to-date: /home/yonathanarya/colcon_ws/install/turtlebot3_act_interfaces/lib/python3.8/site-packages/turtlebot3_act_interfaces/__init__.py
[0.600s] -- Up-to-date: /home/yonathanarya/colcon_ws/install/turtlebot3_act_interfaces/lib/python3.8/site-packages/turtlebot3_act_interfaces/action
[0.600s] -- Up-to-date: /home/yonathanarya/colcon_ws/install/turtlebot3_act_interfaces/lib/python3.8/site-packages/turtlebot3_act_interfaces/action/__init__.py
[0.600s] -- Up-to-date: /home/yonathanarya/colcon_ws/install/turtlebot3_act_interfaces/lib/python3.8/site-packages/turtlebot3_act_interfaces/action/_task.py
[0.600s] -- Up-to-date: /home/yonathanarya/colcon_ws/install/turtlebot3_act_interfaces/lib/python3.8/site-packages/turtlebot3_act_interfaces/action/_task_s.c
[0.600s] -- Up-to-date: /home/yonathanarya/colcon_ws/install/turtlebot3_act_interfaces/lib/python3.8/site-packages/turtlebot3_act_interfaces/turtlebot3_act_interfaces_s__rosidl_typesupport_fastrtps_c.cpython-38-x86_64-linux-gnu.so
[0.601s] -- Up-to-date: /home/yonathanarya/colcon_ws/install/turtlebot3_act_interfaces/lib/python3.8/site-packages/turtlebot3_act_interfaces/turtlebot3_act_interfaces_s__rosidl_typesupport_introspection_c.cpython-38-x86_64-linux-gnu.so
[0.603s] -- Up-to-date: /home/yonathanarya/colcon_ws/install/turtlebot3_act_interfaces/lib/python3.8/site-packages/turtlebot3_act_interfaces/turtlebot3_act_interfaces_s__rosidl_typesupport_c.cpython-38-x86_64-linux-gnu.so
[0.604s] -- Up-to-date: /home/yonathanarya/colcon_ws/install/turtlebot3_act_interfaces/lib/libturtlebot3_act_interfaces__python.so
[0.605s] -- Up-to-date: /home/yonathanarya/colcon_ws/install/turtlebot3_act_interfaces/share/turtlebot3_act_interfaces/action/Task.idl
[0.606s] -- Up-to-date: /home/yonathanarya/colcon_ws/install/turtlebot3_act_interfaces/share/turtlebot3_act_interfaces/action/Task.action
[0.607s] -- Up-to-date: /home/yonathanarya/colcon_ws/install/turtlebot3_act_interfaces/share/ament_index/resource_index/package_run_dependencies/turtlebot3_act_interfaces
[0.607s] -- Up-to-date: /home/yonathanarya/colcon_ws/install/turtlebot3_act_interfaces/share/ament_index/resource_index/parent_prefix_path/turtlebot3_act_interfaces
[0.608s] -- Up-to-date: /home/yonathanarya/colcon_ws/install/turtlebot3_act_interfaces/share/turtlebot3_act_interfaces/environment/ament_prefix_path.sh
[0.608s] -- Up-to-date: /home/yonathanarya/colcon_ws/install/turtlebot3_act_interfaces/share/turtlebot3_act_interfaces/environment/ament_prefix_path.dsv
[0.608s] -- Up-to-date: /home/yonathanarya/colcon_ws/install/turtlebot3_act_interfaces/share/turtlebot3_act_interfaces/environment/path.sh
[0.608s] -- Up-to-date: /home/yonathanarya/colcon_ws/install/turtlebot3_act_interfaces/share/turtlebot3_act_interfaces/environment/path.dsv
[0.608s] -- Up-to-date: /home/yonathanarya/colcon_ws/install/turtlebot3_act_interfaces/share/turtlebot3_act_interfaces/local_setup.bash
[0.608s] -- Up-to-date: /home/yonathanarya/colcon_ws/install/turtlebot3_act_interfaces/share/turtlebot3_act_interfaces/local_setup.sh
[0.609s] -- Up-to-date: /home/yonathanarya/colcon_ws/install/turtlebot3_act_interfaces/share/turtlebot3_act_interfaces/local_setup.zsh
[0.609s] -- Up-to-date: /home/yonathanarya/colcon_ws/install/turtlebot3_act_interfaces/share/turtlebot3_act_interfaces/local_setup.dsv
[0.609s] -- Installing: /home/yonathanarya/colcon_ws/install/turtlebot3_act_interfaces/share/turtlebot3_act_interfaces/package.dsv
[0.609s] -- Up-to-date: /home/yonathanarya/colcon_ws/install/turtlebot3_act_interfaces/share/ament_index/resource_index/packages/turtlebot3_act_interfaces
[0.610s] -- Up-to-date: /home/yonathanarya/colcon_ws/install/turtlebot3_act_interfaces/share/turtlebot3_act_interfaces/cmake/turtlebot3_act_interfaces__rosidl_generator_cExport.cmake
[0.610s] -- Up-to-date: /home/yonathanarya/colcon_ws/install/turtlebot3_act_interfaces/share/turtlebot3_act_interfaces/cmake/turtlebot3_act_interfaces__rosidl_generator_cExport-noconfig.cmake
[0.610s] -- Up-to-date: /home/yonathanarya/colcon_ws/install/turtlebot3_act_interfaces/share/turtlebot3_act_interfaces/cmake/turtlebot3_act_interfaces__rosidl_typesupport_introspection_cExport.cmake
[0.610s] -- Up-to-date: /home/yonathanarya/colcon_ws/install/turtlebot3_act_interfaces/share/turtlebot3_act_interfaces/cmake/turtlebot3_act_interfaces__rosidl_typesupport_introspection_cExport-noconfig.cmake
[0.610s] -- Up-to-date: /home/yonathanarya/colcon_ws/install/turtlebot3_act_interfaces/share/turtlebot3_act_interfaces/cmake/turtlebot3_act_interfaces__rosidl_typesupport_cExport.cmake
[0.610s] -- Up-to-date: /home/yonathanarya/colcon_ws/install/turtlebot3_act_interfaces/share/turtlebot3_act_interfaces/cmake/turtlebot3_act_interfaces__rosidl_typesupport_cExport-noconfig.cmake
[0.611s] -- Up-to-date: /home/yonathanarya/colcon_ws/install/turtlebot3_act_interfaces/share/turtlebot3_act_interfaces/cmake/turtlebot3_act_interfaces__rosidl_generator_cppExport.cmake
[0.611s] -- Up-to-date: /home/yonathanarya/colcon_ws/install/turtlebot3_act_interfaces/share/turtlebot3_act_interfaces/cmake/turtlebot3_act_interfaces__rosidl_typesupport_introspection_cppExport.cmake
[0.611s] -- Up-to-date: /home/yonathanarya/colcon_ws/install/turtlebot3_act_interfaces/share/turtlebot3_act_interfaces/cmake/turtlebot3_act_interfaces__rosidl_typesupport_introspection_cppExport-noconfig.cmake
[0.611s] -- Up-to-date: /home/yonathanarya/colcon_ws/install/turtlebot3_act_interfaces/share/turtlebot3_act_interfaces/cmake/turtlebot3_act_interfaces__rosidl_typesupport_cppExport.cmake
[0.611s] -- Up-to-date: /home/yonathanarya/colcon_ws/install/turtlebot3_act_interfaces/share/turtlebot3_act_interfaces/cmake/turtlebot3_act_interfaces__rosidl_typesupport_cppExport-noconfig.cmake
[0.611s] -- Up-to-date: /home/yonathanarya/colcon_ws/install/turtlebot3_act_interfaces/share/turtlebot3_act_interfaces/cmake/rosidl_cmake-extras.cmake
[0.611s] -- Up-to-date: /home/yonathanarya/colcon_ws/install/turtlebot3_act_interfaces/share/turtlebot3_act_interfaces/cmake/ament_cmake_export_dependencies-extras.cmake
[0.612s] -- Up-to-date: /home/yonathanarya/colcon_ws/install/turtlebot3_act_interfaces/share/turtlebot3_act_interfaces/cmake/ament_cmake_export_libraries-extras.cmake
[0.612s] -- Up-to-date: /home/yonathanarya/colcon_ws/install/turtlebot3_act_interfaces/share/turtlebot3_act_interfaces/cmake/ament_cmake_export_targets-extras.cmake
[0.612s] -- Up-to-date: /home/yonathanarya/colcon_ws/install/turtlebot3_act_interfaces/share/turtlebot3_act_interfaces/cmake/ament_cmake_export_include_directories-extras.cmake
[0.612s] -- Up-to-date: /home/yonathanarya/colcon_ws/install/turtlebot3_act_interfaces/share/turtlebot3_act_interfaces/cmake/rosidl_cmake_export_typesupport_libraries-extras.cmake
[0.612s] -- Up-to-date: /home/yonathanarya/colcon_ws/install/turtlebot3_act_interfaces/share/turtlebot3_act_interfaces/cmake/rosidl_cmake_export_typesupport_targets-extras.cmake
[0.612s] -- Up-to-date: /home/yonathanarya/colcon_ws/install/turtlebot3_act_interfaces/share/turtlebot3_act_interfaces/cmake/turtlebot3_act_interfacesConfig.cmake
[0.612s] -- Up-to-date: /home/yonathanarya/colcon_ws/install/turtlebot3_act_interfaces/share/turtlebot3_act_interfaces/cmake/turtlebot3_act_interfacesConfig-version.cmake
[0.612s] -- Up-to-date: /home/yonathanarya/colcon_ws/install/turtlebot3_act_interfaces/share/turtlebot3_act_interfaces/package.xml
[0.616s] Invoked command in '/home/yonathanarya/colcon_ws/build/turtlebot3_act_interfaces' returned '0': CMAKE_PREFIX_PATH=${CMAKE_PREFIX_PATH}:/home/yonathanarya/colcon_ws/install/turtlebot3_infiniteloop:/home/yonathanarya/colcon_ws/install/turtlebot3_actionserver:/home/yonathanarya/colcon_ws/install/turtlebot3_action:/opt/ros/foxy /usr/bin/cmake --install /home/yonathanarya/colcon_ws/build/turtlebot3_act_interfaces
