[1.106s] DEBUG:colcon:Command line arguments: ['/usr/bin/colcon', 'build', '--packages-select', 'turtlebot3_infiniteloop']
[1.106s] DEBUG:colcon:Parsed command line arguments: Namespace(ament_cmake_args=None, base_paths=['.'], build_base='build', catkin_cmake_args=None, catkin_skip_building_tests=False, cmake_args=None, cmake_clean_cache=False, cmake_clean_first=False, cmake_force_configure=False, cmake_target=None, cmake_target_skip_unavailable=False, continue_on_error=False, event_handlers=None, executor='parallel', ignore_user_meta=False, install_base='install', log_base=None, log_level=None, main=<bound method BuildVerb.main of <colcon_core.verb.build.BuildVerb object at 0x7f9cf66644c0>>, merge_install=False, metas=['./colcon.meta'], packages_above=None, packages_above_and_dependencies=None, packages_above_depth=None, packages_end=None, packages_ignore=None, packages_ignore_regex=None, packages_select=['turtlebot3_infiniteloop'], packages_select_build_failed=False, packages_select_by_dep=None, packages_select_regex=None, packages_select_test_failures=False, packages_skip=None, packages_skip_build_finished=False, packages_skip_by_dep=None, packages_skip_regex=None, packages_skip_test_passed=False, packages_skip_up_to=None, packages_start=None, packages_up_to=None, packages_up_to_regex=None, parallel_workers=8, paths=None, symlink_install=False, test_result_base=None, verb_extension=<colcon_core.verb.build.BuildVerb object at 0x7f9cf66644c0>, verb_name='build', verb_parser=<colcon_defaults.argument_parser.defaults.DefaultArgumentsDecorator object at 0x7f9cf6664a00>)
[1.125s] Level 1:colcon.colcon_core.package_discovery:discover_packages(colcon_meta) check parameters
[1.126s] Level 1:colcon.colcon_core.package_discovery:discover_packages(recursive) check parameters
[1.126s] Level 1:colcon.colcon_core.package_discovery:discover_packages(ignore) check parameters
[1.126s] Level 1:colcon.colcon_core.package_discovery:discover_packages(path) check parameters
[1.126s] Level 1:colcon.colcon_core.package_discovery:discover_packages(colcon_meta) discover
[1.127s] Level 1:colcon.colcon_core.package_discovery:discover_packages(recursive) discover
[1.127s] INFO:colcon.colcon_core.package_discovery:Crawling recursively for packages in '/home/yonathanarya/colcon_ws'
[1.127s] Level 1:colcon.colcon_core.package_identification:_identify(.) by extensions ['ignore', 'ignore_ament_install']
[1.128s] Level 1:colcon.colcon_core.package_identification:_identify(.) by extension 'ignore'
[1.128s] Level 1:colcon.colcon_core.package_identification:_identify(.) by extension 'ignore_ament_install'
[1.129s] Level 1:colcon.colcon_core.package_identification:_identify(.) by extensions ['colcon_pkg']
[1.129s] Level 1:colcon.colcon_core.package_identification:_identify(.) by extension 'colcon_pkg'
[1.129s] Level 1:colcon.colcon_core.package_identification:_identify(.) by extensions ['colcon_meta']
[1.129s] Level 1:colcon.colcon_core.package_identification:_identify(.) by extension 'colcon_meta'
[1.129s] Level 1:colcon.colcon_core.package_identification:_identify(.) by extensions ['ros']
[1.129s] Level 1:colcon.colcon_core.package_identification:_identify(.) by extension 'ros'
[1.176s] Level 1:colcon.colcon_core.package_identification:_identify(.) by extensions ['cmake', 'python']
[1.176s] Level 1:colcon.colcon_core.package_identification:_identify(.) by extension 'cmake'
[1.177s] Level 1:colcon.colcon_core.package_identification:_identify(.) by extension 'python'
[1.177s] Level 1:colcon.colcon_core.package_identification:_identify(.) by extensions ['python_setup_py']
[1.177s] Level 1:colcon.colcon_core.package_identification:_identify(.) by extension 'python_setup_py'
[1.179s] Level 1:colcon.colcon_core.package_identification:_identify(build) by extensions ['ignore', 'ignore_ament_install']
[1.180s] Level 1:colcon.colcon_core.package_identification:_identify(build) by extension 'ignore'
[1.181s] Level 1:colcon.colcon_core.package_identification:_identify(build) ignored
[1.183s] Level 1:colcon.colcon_core.package_identification:_identify(install) by extensions ['ignore', 'ignore_ament_install']
[1.184s] Level 1:colcon.colcon_core.package_identification:_identify(install) by extension 'ignore'
[1.184s] Level 1:colcon.colcon_core.package_identification:_identify(install) ignored
[1.186s] Level 1:colcon.colcon_core.package_identification:_identify(log) by extensions ['ignore', 'ignore_ament_install']
[1.187s] Level 1:colcon.colcon_core.package_identification:_identify(log) by extension 'ignore'
[1.189s] Level 1:colcon.colcon_core.package_identification:_identify(log) ignored
[1.191s] Level 1:colcon.colcon_core.package_identification:_identify(src) by extensions ['ignore', 'ignore_ament_install']
[1.191s] Level 1:colcon.colcon_core.package_identification:_identify(src) by extension 'ignore'
[1.191s] Level 1:colcon.colcon_core.package_identification:_identify(src) by extension 'ignore_ament_install'
[1.192s] Level 1:colcon.colcon_core.package_identification:_identify(src) by extensions ['colcon_pkg']
[1.192s] Level 1:colcon.colcon_core.package_identification:_identify(src) by extension 'colcon_pkg'
[1.192s] Level 1:colcon.colcon_core.package_identification:_identify(src) by extensions ['colcon_meta']
[1.192s] Level 1:colcon.colcon_core.package_identification:_identify(src) by extension 'colcon_meta'
[1.192s] Level 1:colcon.colcon_core.package_identification:_identify(src) by extensions ['ros']
[1.192s] Level 1:colcon.colcon_core.package_identification:_identify(src) by extension 'ros'
[1.193s] Level 1:colcon.colcon_core.package_identification:_identify(src) by extensions ['cmake', 'python']
[1.193s] Level 1:colcon.colcon_core.package_identification:_identify(src) by extension 'cmake'
[1.193s] Level 1:colcon.colcon_core.package_identification:_identify(src) by extension 'python'
[1.193s] Level 1:colcon.colcon_core.package_identification:_identify(src) by extensions ['python_setup_py']
[1.193s] Level 1:colcon.colcon_core.package_identification:_identify(src) by extension 'python_setup_py'
[1.193s] Level 1:colcon.colcon_core.package_identification:_identify(src/turtlebot3_infiniteloop) by extensions ['ignore', 'ignore_ament_install']
[1.194s] Level 1:colcon.colcon_core.package_identification:_identify(src/turtlebot3_infiniteloop) by extension 'ignore'
[1.194s] Level 1:colcon.colcon_core.package_identification:_identify(src/turtlebot3_infiniteloop) by extension 'ignore_ament_install'
[1.195s] Level 1:colcon.colcon_core.package_identification:_identify(src/turtlebot3_infiniteloop) by extensions ['colcon_pkg']
[1.196s] Level 1:colcon.colcon_core.package_identification:_identify(src/turtlebot3_infiniteloop) by extension 'colcon_pkg'
[1.198s] Level 1:colcon.colcon_core.package_identification:_identify(src/turtlebot3_infiniteloop) by extensions ['colcon_meta']
[1.199s] Level 1:colcon.colcon_core.package_identification:_identify(src/turtlebot3_infiniteloop) by extension 'colcon_meta'
[1.200s] Level 1:colcon.colcon_core.package_identification:_identify(src/turtlebot3_infiniteloop) by extensions ['ros']
[1.201s] Level 1:colcon.colcon_core.package_identification:_identify(src/turtlebot3_infiniteloop) by extension 'ros'
[1.219s] DEBUG:colcon.colcon_core.package_identification:Package 'src/turtlebot3_infiniteloop' with type 'ros.ament_python' and name 'turtlebot3_infiniteloop'
[1.220s] Level 1:colcon.colcon_core.package_identification:_identify(src/turtlebot3_simulations) by extensions ['ignore', 'ignore_ament_install']
[1.221s] Level 1:colcon.colcon_core.package_identification:_identify(src/turtlebot3_simulations) by extension 'ignore'
[1.223s] Level 1:colcon.colcon_core.package_identification:_identify(src/turtlebot3_simulations) by extension 'ignore_ament_install'
[1.224s] Level 1:colcon.colcon_core.package_identification:_identify(src/turtlebot3_simulations) by extensions ['colcon_pkg']
[1.224s] Level 1:colcon.colcon_core.package_identification:_identify(src/turtlebot3_simulations) by extension 'colcon_pkg'
[1.224s] Level 1:colcon.colcon_core.package_identification:_identify(src/turtlebot3_simulations) by extensions ['colcon_meta']
[1.224s] Level 1:colcon.colcon_core.package_identification:_identify(src/turtlebot3_simulations) by extension 'colcon_meta'
[1.224s] Level 1:colcon.colcon_core.package_identification:_identify(src/turtlebot3_simulations) by extensions ['ros']
[1.224s] Level 1:colcon.colcon_core.package_identification:_identify(src/turtlebot3_simulations) by extension 'ros'
[1.225s] Level 1:colcon.colcon_core.package_identification:_identify(src/turtlebot3_simulations) by extensions ['cmake', 'python']
[1.225s] Level 1:colcon.colcon_core.package_identification:_identify(src/turtlebot3_simulations) by extension 'cmake'
[1.225s] Level 1:colcon.colcon_core.package_identification:_identify(src/turtlebot3_simulations) by extension 'python'
[1.225s] Level 1:colcon.colcon_core.package_identification:_identify(src/turtlebot3_simulations) by extensions ['python_setup_py']
[1.225s] Level 1:colcon.colcon_core.package_identification:_identify(src/turtlebot3_simulations) by extension 'python_setup_py'
[1.226s] Level 1:colcon.colcon_core.package_identification:_identify(src/turtlebot3_simulations/turtlebot3_fake_node) by extensions ['ignore', 'ignore_ament_install']
[1.226s] Level 1:colcon.colcon_core.package_identification:_identify(src/turtlebot3_simulations/turtlebot3_fake_node) by extension 'ignore'
[1.227s] Level 1:colcon.colcon_core.package_identification:_identify(src/turtlebot3_simulations/turtlebot3_fake_node) by extension 'ignore_ament_install'
[1.229s] Level 1:colcon.colcon_core.package_identification:_identify(src/turtlebot3_simulations/turtlebot3_fake_node) by extensions ['colcon_pkg']
[1.230s] Level 1:colcon.colcon_core.package_identification:_identify(src/turtlebot3_simulations/turtlebot3_fake_node) by extension 'colcon_pkg'
[1.231s] Level 1:colcon.colcon_core.package_identification:_identify(src/turtlebot3_simulations/turtlebot3_fake_node) by extensions ['colcon_meta']
[1.231s] Level 1:colcon.colcon_core.package_identification:_identify(src/turtlebot3_simulations/turtlebot3_fake_node) by extension 'colcon_meta'
[1.232s] Level 1:colcon.colcon_core.package_identification:_identify(src/turtlebot3_simulations/turtlebot3_fake_node) by extensions ['ros']
[1.233s] Level 1:colcon.colcon_core.package_identification:_identify(src/turtlebot3_simulations/turtlebot3_fake_node) by extension 'ros'
[1.240s] DEBUG:colcon.colcon_core.package_identification:Package 'src/turtlebot3_simulations/turtlebot3_fake_node' with type 'ros.ament_cmake' and name 'turtlebot3_fake_node'
[1.241s] Level 1:colcon.colcon_core.package_identification:_identify(src/turtlebot3_simulations/turtlebot3_gazebo) by extensions ['ignore', 'ignore_ament_install']
[1.241s] Level 1:colcon.colcon_core.package_identification:_identify(src/turtlebot3_simulations/turtlebot3_gazebo) by extension 'ignore'
[1.241s] Level 1:colcon.colcon_core.package_identification:_identify(src/turtlebot3_simulations/turtlebot3_gazebo) by extension 'ignore_ament_install'
[1.242s] Level 1:colcon.colcon_core.package_identification:_identify(src/turtlebot3_simulations/turtlebot3_gazebo) by extensions ['colcon_pkg']
[1.242s] Level 1:colcon.colcon_core.package_identification:_identify(src/turtlebot3_simulations/turtlebot3_gazebo) by extension 'colcon_pkg'
[1.242s] Level 1:colcon.colcon_core.package_identification:_identify(src/turtlebot3_simulations/turtlebot3_gazebo) by extensions ['colcon_meta']
[1.243s] Level 1:colcon.colcon_core.package_identification:_identify(src/turtlebot3_simulations/turtlebot3_gazebo) by extension 'colcon_meta'
[1.245s] Level 1:colcon.colcon_core.package_identification:_identify(src/turtlebot3_simulations/turtlebot3_gazebo) by extensions ['ros']
[1.246s] Level 1:colcon.colcon_core.package_identification:_identify(src/turtlebot3_simulations/turtlebot3_gazebo) by extension 'ros'
[1.256s] DEBUG:colcon.colcon_core.package_identification:Package 'src/turtlebot3_simulations/turtlebot3_gazebo' with type 'ros.ament_cmake' and name 'turtlebot3_gazebo'
[1.257s] Level 1:colcon.colcon_core.package_identification:_identify(src/turtlebot3_simulations/turtlebot3_simulations) by extensions ['ignore', 'ignore_ament_install']
[1.257s] Level 1:colcon.colcon_core.package_identification:_identify(src/turtlebot3_simulations/turtlebot3_simulations) by extension 'ignore'
[1.258s] Level 1:colcon.colcon_core.package_identification:_identify(src/turtlebot3_simulations/turtlebot3_simulations) by extension 'ignore_ament_install'
[1.258s] Level 1:colcon.colcon_core.package_identification:_identify(src/turtlebot3_simulations/turtlebot3_simulations) by extensions ['colcon_pkg']
[1.258s] Level 1:colcon.colcon_core.package_identification:_identify(src/turtlebot3_simulations/turtlebot3_simulations) by extension 'colcon_pkg'
[1.258s] Level 1:colcon.colcon_core.package_identification:_identify(src/turtlebot3_simulations/turtlebot3_simulations) by extensions ['colcon_meta']
[1.258s] Level 1:colcon.colcon_core.package_identification:_identify(src/turtlebot3_simulations/turtlebot3_simulations) by extension 'colcon_meta'
[1.258s] Level 1:colcon.colcon_core.package_identification:_identify(src/turtlebot3_simulations/turtlebot3_simulations) by extensions ['ros']
[1.259s] Level 1:colcon.colcon_core.package_identification:_identify(src/turtlebot3_simulations/turtlebot3_simulations) by extension 'ros'
[1.266s] DEBUG:colcon.colcon_core.package_identification:Package 'src/turtlebot3_simulations/turtlebot3_simulations' with type 'ros.ament_cmake' and name 'turtlebot3_simulations'
[1.267s] Level 1:colcon.colcon_core.package_discovery:discover_packages(recursive) using defaults
[1.268s] Level 1:colcon.colcon_core.package_discovery:discover_packages(ignore) discover
[1.268s] Level 1:colcon.colcon_core.package_discovery:discover_packages(ignore) using defaults
[1.269s] Level 1:colcon.colcon_core.package_discovery:discover_packages(path) discover
[1.269s] Level 1:colcon.colcon_core.package_discovery:discover_packages(path) using defaults
[1.445s] INFO:colcon.colcon_core.package_selection:Skipping not selected package 'turtlebot3_fake_node' in 'src/turtlebot3_simulations/turtlebot3_fake_node'
[1.446s] INFO:colcon.colcon_core.package_selection:Skipping not selected package 'turtlebot3_gazebo' in 'src/turtlebot3_simulations/turtlebot3_gazebo'
[1.447s] INFO:colcon.colcon_core.package_selection:Skipping not selected package 'turtlebot3_simulations' in 'src/turtlebot3_simulations/turtlebot3_simulations'
[1.473s] Level 5:colcon.colcon_core.verb:set package 'turtlebot3_infiniteloop' build argument 'cmake_args' from command line to 'None'
[1.473s] Level 5:colcon.colcon_core.verb:set package 'turtlebot3_infiniteloop' build argument 'cmake_target' from command line to 'None'
[1.474s] Level 5:colcon.colcon_core.verb:set package 'turtlebot3_infiniteloop' build argument 'cmake_target_skip_unavailable' from command line to 'False'
[1.474s] Level 5:colcon.colcon_core.verb:set package 'turtlebot3_infiniteloop' build argument 'cmake_clean_cache' from command line to 'False'
[1.474s] Level 5:colcon.colcon_core.verb:set package 'turtlebot3_infiniteloop' build argument 'cmake_clean_first' from command line to 'False'
[1.474s] Level 5:colcon.colcon_core.verb:set package 'turtlebot3_infiniteloop' build argument 'cmake_force_configure' from command line to 'False'
[1.474s] Level 5:colcon.colcon_core.verb:set package 'turtlebot3_infiniteloop' build argument 'ament_cmake_args' from command line to 'None'
[1.474s] Level 5:colcon.colcon_core.verb:set package 'turtlebot3_infiniteloop' build argument 'catkin_cmake_args' from command line to 'None'
[1.475s] Level 5:colcon.colcon_core.verb:set package 'turtlebot3_infiniteloop' build argument 'catkin_skip_building_tests' from command line to 'False'
[1.475s] DEBUG:colcon.colcon_core.verb:Building package 'turtlebot3_infiniteloop' with the following arguments: {'ament_cmake_args': None, 'build_base': '/home/yonathanarya/colcon_ws/build/turtlebot3_infiniteloop', 'catkin_cmake_args': None, 'catkin_skip_building_tests': False, 'cmake_args': None, 'cmake_clean_cache': False, 'cmake_clean_first': False, 'cmake_force_configure': False, 'cmake_target': None, 'cmake_target_skip_unavailable': False, 'install_base': '/home/yonathanarya/colcon_ws/install/turtlebot3_infiniteloop', 'merge_install': False, 'path': '/home/yonathanarya/colcon_ws/src/turtlebot3_infiniteloop', 'symlink_install': False, 'test_result_base': None}
[1.478s] INFO:colcon.colcon_core.executor:Executing jobs using 'parallel' executor
[1.496s] DEBUG:colcon.colcon_parallel_executor.executor.parallel:run_until_complete
[1.496s] INFO:colcon.colcon_ros.task.ament_python.build:Building ROS package in '/home/yonathanarya/colcon_ws/src/turtlebot3_infiniteloop' with build type 'ament_python'
[1.497s] Level 1:colcon.colcon_core.shell:create_environment_hook('turtlebot3_infiniteloop', 'ament_prefix_path')
[1.549s] INFO:colcon.colcon_core.plugin_system:Skipping extension 'colcon_core.shell.bat': Not used on non-Windows systems
[1.551s] INFO:colcon.colcon_core.shell:Creating environment hook '/home/yonathanarya/colcon_ws/install/turtlebot3_infiniteloop/share/turtlebot3_infiniteloop/hook/ament_prefix_path.ps1'
[1.558s] INFO:colcon.colcon_core.shell:Creating environment descriptor '/home/yonathanarya/colcon_ws/install/turtlebot3_infiniteloop/share/turtlebot3_infiniteloop/hook/ament_prefix_path.dsv'
[1.561s] INFO:colcon.colcon_core.shell:Creating environment hook '/home/yonathanarya/colcon_ws/install/turtlebot3_infiniteloop/share/turtlebot3_infiniteloop/hook/ament_prefix_path.sh'
[1.573s] INFO:colcon.colcon_core.shell:Skip shell extension 'powershell' for command environment: Not usable outside of PowerShell
[1.574s] DEBUG:colcon.colcon_core.shell:Skip shell extension 'dsv' for command environment
[1.606s] DEBUG:colcon.colcon_core.shell:Ignoring prefix path '/opt/ros/foxy'
[3.565s] INFO:colcon.colcon_core.task.python.build:Building Python package in '/home/yonathanarya/colcon_ws/src/turtlebot3_infiniteloop'
[3.575s] INFO:colcon.colcon_core.shell:Skip shell extension 'powershell' for command environment: Not usable outside of PowerShell
[3.576s] DEBUG:colcon.colcon_core.shell:Skip shell extension 'dsv' for command environment
[3.592s] DEBUG:colcon.colcon_core.shell:Ignoring prefix path '/opt/ros/foxy'
[3.643s] DEBUG:colcon.colcon_core.event_handler.log_command:Invoking command in '/home/yonathanarya/colcon_ws/src/turtlebot3_infiniteloop': PYTHONPATH=/home/yonathanarya/colcon_ws/install/turtlebot3_infiniteloop/lib/python3.8/site-packages:${PYTHONPATH} /usr/bin/python3 setup.py egg_info --egg-base ../../build/turtlebot3_infiniteloop build --build-base /home/yonathanarya/colcon_ws/build/turtlebot3_infiniteloop/build install --prefix /home/yonathanarya/colcon_ws/install/turtlebot3_infiniteloop --record /home/yonathanarya/colcon_ws/build/turtlebot3_infiniteloop/install.log --single-version-externally-managed
[6.050s] DEBUG:colcon.colcon_core.event_handler.log_command:Invoked command in '/home/yonathanarya/colcon_ws/src/turtlebot3_infiniteloop' returned '0': PYTHONPATH=/home/yonathanarya/colcon_ws/install/turtlebot3_infiniteloop/lib/python3.8/site-packages:${PYTHONPATH} /usr/bin/python3 setup.py egg_info --egg-base ../../build/turtlebot3_infiniteloop build --build-base /home/yonathanarya/colcon_ws/build/turtlebot3_infiniteloop/build install --prefix /home/yonathanarya/colcon_ws/install/turtlebot3_infiniteloop --record /home/yonathanarya/colcon_ws/build/turtlebot3_infiniteloop/install.log --single-version-externally-managed
[6.090s] Level 1:colcon.colcon_core.environment:checking '/home/yonathanarya/colcon_ws/install/turtlebot3_infiniteloop' for CMake module files
[6.095s] Level 1:colcon.colcon_core.environment:checking '/home/yonathanarya/colcon_ws/install/turtlebot3_infiniteloop' for CMake config files
[6.105s] Level 1:colcon.colcon_core.environment:checking '/home/yonathanarya/colcon_ws/install/turtlebot3_infiniteloop/lib'
[6.106s] Level 1:colcon.colcon_core.environment:checking '/home/yonathanarya/colcon_ws/install/turtlebot3_infiniteloop/bin'
[6.107s] Level 1:colcon.colcon_core.environment:checking '/home/yonathanarya/colcon_ws/install/turtlebot3_infiniteloop/lib/pkgconfig/turtlebot3_infiniteloop.pc'
[6.110s] Level 1:colcon.colcon_core.environment:checking '/home/yonathanarya/colcon_ws/install/turtlebot3_infiniteloop/lib/python3.8/site-packages'
[6.111s] Level 1:colcon.colcon_core.shell:create_environment_hook('turtlebot3_infiniteloop', 'pythonpath')
[6.141s] INFO:colcon.colcon_core.shell:Creating environment hook '/home/yonathanarya/colcon_ws/install/turtlebot3_infiniteloop/share/turtlebot3_infiniteloop/hook/pythonpath.ps1'
[6.149s] INFO:colcon.colcon_core.shell:Creating environment descriptor '/home/yonathanarya/colcon_ws/install/turtlebot3_infiniteloop/share/turtlebot3_infiniteloop/hook/pythonpath.dsv'
[6.157s] INFO:colcon.colcon_core.shell:Creating environment hook '/home/yonathanarya/colcon_ws/install/turtlebot3_infiniteloop/share/turtlebot3_infiniteloop/hook/pythonpath.sh'
[6.159s] Level 1:colcon.colcon_core.environment:create_environment_scripts_only(turtlebot3_infiniteloop)
[6.161s] INFO:colcon.colcon_core.shell:Creating package script '/home/yonathanarya/colcon_ws/install/turtlebot3_infiniteloop/share/turtlebot3_infiniteloop/package.ps1'
[6.164s] INFO:colcon.colcon_core.shell:Creating package descriptor '/home/yonathanarya/colcon_ws/install/turtlebot3_infiniteloop/share/turtlebot3_infiniteloop/package.dsv'
[6.167s] INFO:colcon.colcon_core.shell:Creating package script '/home/yonathanarya/colcon_ws/install/turtlebot3_infiniteloop/share/turtlebot3_infiniteloop/package.sh'
[6.178s] INFO:colcon.colcon_core.shell:Creating package script '/home/yonathanarya/colcon_ws/install/turtlebot3_infiniteloop/share/turtlebot3_infiniteloop/package.bash'
[6.189s] INFO:colcon.colcon_core.shell:Creating package script '/home/yonathanarya/colcon_ws/install/turtlebot3_infiniteloop/share/turtlebot3_infiniteloop/package.zsh'
[6.196s] Level 1:colcon.colcon_core.environment:create_file_with_runtime_dependencies(/home/yonathanarya/colcon_ws/install/turtlebot3_infiniteloop/share/colcon-core/packages/turtlebot3_infiniteloop)
[6.207s] DEBUG:colcon.colcon_parallel_executor.executor.parallel:closing loop
[6.209s] DEBUG:colcon.colcon_parallel_executor.executor.parallel:loop closed
[6.210s] DEBUG:colcon.colcon_parallel_executor.executor.parallel:run_until_complete finished with '0'
[6.211s] DEBUG:colcon.colcon_core.event_reactor:joining thread
[6.299s] INFO:colcon.colcon_core.plugin_system:Skipping extension 'colcon_notification.desktop_notification.terminal_notifier': Not used on non-Darwin systems
[6.301s] INFO:colcon.colcon_core.plugin_system:Skipping extension 'colcon_notification.desktop_notification.win32': Not used on non-Windows systems
[6.301s] INFO:colcon.colcon_notification.desktop_notification:Sending desktop notification using 'notify2'
[6.435s] DEBUG:colcon.colcon_core.event_reactor:joined thread
[6.437s] INFO:colcon.colcon_core.shell:Creating prefix script '/home/yonathanarya/colcon_ws/install/local_setup.ps1'
[6.443s] INFO:colcon.colcon_core.shell:Creating prefix util module '/home/yonathanarya/colcon_ws/install/_local_setup_util_ps1.py'
[6.452s] INFO:colcon.colcon_core.shell:Creating prefix chain script '/home/yonathanarya/colcon_ws/install/setup.ps1'
[6.465s] INFO:colcon.colcon_core.shell:Creating prefix script '/home/yonathanarya/colcon_ws/install/local_setup.sh'
[6.471s] INFO:colcon.colcon_core.shell:Creating prefix util module '/home/yonathanarya/colcon_ws/install/_local_setup_util_sh.py'
[6.474s] INFO:colcon.colcon_core.shell:Creating prefix chain script '/home/yonathanarya/colcon_ws/install/setup.sh'
[6.502s] INFO:colcon.colcon_core.shell:Creating prefix script '/home/yonathanarya/colcon_ws/install/local_setup.bash'
[6.506s] INFO:colcon.colcon_core.shell:Creating prefix chain script '/home/yonathanarya/colcon_ws/install/setup.bash'
[6.530s] INFO:colcon.colcon_core.shell:Creating prefix script '/home/yonathanarya/colcon_ws/install/local_setup.zsh'
[6.536s] INFO:colcon.colcon_core.shell:Creating prefix chain script '/home/yonathanarya/colcon_ws/install/setup.zsh'
