[0.234s] Invoking command in '/home/yonathanarya/colcon_ws/src/turtlesim_polygon': PYTHONPATH=/home/yonathanarya/colcon_ws/install/turtlesim_polygon/lib/python3.8/site-packages:${PYTHONPATH} /usr/bin/python3 setup.py egg_info --egg-base ../../build/turtlesim_polygon build --build-base /home/yonathanarya/colcon_ws/build/turtlesim_polygon/build install --prefix /home/yonathanarya/colcon_ws/install/turtlesim_polygon --record /home/yonathanarya/colcon_ws/build/turtlesim_polygon/install.log --single-version-externally-managed
[0.437s] running egg_info
[0.438s] creating ../../build/turtlesim_polygon/turtlesim_polygon.egg-info
[0.438s] writing ../../build/turtlesim_polygon/turtlesim_polygon.egg-info/PKG-INFO
[0.438s] writing dependency_links to ../../build/turtlesim_polygon/turtlesim_polygon.egg-info/dependency_links.txt
[0.439s] writing entry points to ../../build/turtlesim_polygon/turtlesim_polygon.egg-info/entry_points.txt
[0.439s] writing requirements to ../../build/turtlesim_polygon/turtlesim_polygon.egg-info/requires.txt
[0.439s] writing top-level names to ../../build/turtlesim_polygon/turtlesim_polygon.egg-info/top_level.txt
[0.440s] writing manifest file '../../build/turtlesim_polygon/turtlesim_polygon.egg-info/SOURCES.txt'
[0.473s] reading manifest file '../../build/turtlesim_polygon/turtlesim_polygon.egg-info/SOURCES.txt'
[0.474s] writing manifest file '../../build/turtlesim_polygon/turtlesim_polygon.egg-info/SOURCES.txt'
[0.474s] running build
[0.474s] running build_py
[0.474s] creating /home/yonathanarya/colcon_ws/build/turtlesim_polygon/build
[0.475s] creating /home/yonathanarya/colcon_ws/build/turtlesim_polygon/build/lib
[0.475s] creating /home/yonathanarya/colcon_ws/build/turtlesim_polygon/build/lib/turtlesim_polygon
[0.475s] copying turtlesim_polygon/__init__.py -> /home/yonathanarya/colcon_ws/build/turtlesim_polygon/build/lib/turtlesim_polygon
[0.475s] copying turtlesim_polygon/server.py -> /home/yonathanarya/colcon_ws/build/turtlesim_polygon/build/lib/turtlesim_polygon
[0.475s] copying turtlesim_polygon/client.py -> /home/yonathanarya/colcon_ws/build/turtlesim_polygon/build/lib/turtlesim_polygon
[0.475s] copying turtlesim_polygon/server_polygon.py -> /home/yonathanarya/colcon_ws/build/turtlesim_polygon/build/lib/turtlesim_polygon
[0.475s] copying turtlesim_polygon/client_polygon.py -> /home/yonathanarya/colcon_ws/build/turtlesim_polygon/build/lib/turtlesim_polygon
[0.475s] running install
[0.476s] running install_lib
[0.477s] creating /home/yonathanarya/colcon_ws/install/turtlesim_polygon/lib/python3.8/site-packages/turtlesim_polygon
[0.477s] copying /home/yonathanarya/colcon_ws/build/turtlesim_polygon/build/lib/turtlesim_polygon/__init__.py -> /home/yonathanarya/colcon_ws/install/turtlesim_polygon/lib/python3.8/site-packages/turtlesim_polygon
[0.477s] copying /home/yonathanarya/colcon_ws/build/turtlesim_polygon/build/lib/turtlesim_polygon/server.py -> /home/yonathanarya/colcon_ws/install/turtlesim_polygon/lib/python3.8/site-packages/turtlesim_polygon
[0.477s] copying /home/yonathanarya/colcon_ws/build/turtlesim_polygon/build/lib/turtlesim_polygon/client.py -> /home/yonathanarya/colcon_ws/install/turtlesim_polygon/lib/python3.8/site-packages/turtlesim_polygon
[0.477s] copying /home/yonathanarya/colcon_ws/build/turtlesim_polygon/build/lib/turtlesim_polygon/server_polygon.py -> /home/yonathanarya/colcon_ws/install/turtlesim_polygon/lib/python3.8/site-packages/turtlesim_polygon
[0.477s] copying /home/yonathanarya/colcon_ws/build/turtlesim_polygon/build/lib/turtlesim_polygon/client_polygon.py -> /home/yonathanarya/colcon_ws/install/turtlesim_polygon/lib/python3.8/site-packages/turtlesim_polygon
[0.478s] byte-compiling /home/yonathanarya/colcon_ws/install/turtlesim_polygon/lib/python3.8/site-packages/turtlesim_polygon/__init__.py to __init__.cpython-38.pyc
[0.479s] byte-compiling /home/yonathanarya/colcon_ws/install/turtlesim_polygon/lib/python3.8/site-packages/turtlesim_polygon/server.py to server.cpython-38.pyc
[0.479s] byte-compiling /home/yonathanarya/colcon_ws/install/turtlesim_polygon/lib/python3.8/site-packages/turtlesim_polygon/client.py to client.cpython-38.pyc
[0.479s] byte-compiling /home/yonathanarya/colcon_ws/install/turtlesim_polygon/lib/python3.8/site-packages/turtlesim_polygon/server_polygon.py to server_polygon.cpython-38.pyc
[0.480s] byte-compiling /home/yonathanarya/colcon_ws/install/turtlesim_polygon/lib/python3.8/site-packages/turtlesim_polygon/client_polygon.py to client_polygon.cpython-38.pyc
[0.480s] running install_data
[0.481s] creating /home/yonathanarya/colcon_ws/install/turtlesim_polygon/share/ament_index
[0.481s] creating /home/yonathanarya/colcon_ws/install/turtlesim_polygon/share/ament_index/resource_index
[0.481s] creating /home/yonathanarya/colcon_ws/install/turtlesim_polygon/share/ament_index/resource_index/packages
[0.481s] copying resource/turtlesim_polygon -> /home/yonathanarya/colcon_ws/install/turtlesim_polygon/share/ament_index/resource_index/packages
[0.481s] copying package.xml -> /home/yonathanarya/colcon_ws/install/turtlesim_polygon/share/turtlesim_polygon
[0.481s] running install_egg_info
[0.483s] Copying ../../build/turtlesim_polygon/turtlesim_polygon.egg-info to /home/yonathanarya/colcon_ws/install/turtlesim_polygon/lib/python3.8/site-packages/turtlesim_polygon-1.0.0-py3.8.egg-info
[0.484s] running install_scripts
[0.500s] Installing client script to /home/yonathanarya/colcon_ws/install/turtlesim_polygon/lib/turtlesim_polygon
[0.500s] Installing server script to /home/yonathanarya/colcon_ws/install/turtlesim_polygon/lib/turtlesim_polygon
[0.501s] writing list of installed files to '/home/yonathanarya/colcon_ws/build/turtlesim_polygon/install.log'
[0.521s] Invoked command in '/home/yonathanarya/colcon_ws/src/turtlesim_polygon' returned '0': PYTHONPATH=/home/yonathanarya/colcon_ws/install/turtlesim_polygon/lib/python3.8/site-packages:${PYTHONPATH} /usr/bin/python3 setup.py egg_info --egg-base ../../build/turtlesim_polygon build --build-base /home/yonathanarya/colcon_ws/build/turtlesim_polygon/build install --prefix /home/yonathanarya/colcon_ws/install/turtlesim_polygon --record /home/yonathanarya/colcon_ws/build/turtlesim_polygon/install.log --single-version-externally-managed
