[0.386s] DEBUG:colcon:Command line arguments: ['/usr/bin/colcon', 'build', '--packages-select', 'turtlebot3_act_interfaces']
[0.386s] DEBUG:colcon:Parsed command line arguments: Namespace(ament_cmake_args=None, base_paths=['.'], build_base='build', catkin_cmake_args=None, catkin_skip_building_tests=False, cmake_args=None, cmake_clean_cache=False, cmake_clean_first=False, cmake_force_configure=False, cmake_target=None, cmake_target_skip_unavailable=False, continue_on_error=False, event_handlers=None, executor='parallel', ignore_user_meta=False, install_base='install', log_base=None, log_level=None, main=<bound method BuildVerb.main of <colcon_core.verb.build.BuildVerb object at 0x7fc8fc0f3730>>, merge_install=False, metas=['./colcon.meta'], packages_above=None, packages_above_and_dependencies=None, packages_above_depth=None, packages_end=None, packages_ignore=None, packages_ignore_regex=None, packages_select=['turtlebot3_act_interfaces'], packages_select_build_failed=False, packages_select_by_dep=None, packages_select_regex=None, packages_select_test_failures=False, packages_skip=None, packages_skip_build_finished=False, packages_skip_by_dep=None, packages_skip_regex=None, packages_skip_test_passed=False, packages_skip_up_to=None, packages_start=None, packages_up_to=None, packages_up_to_regex=None, parallel_workers=8, paths=None, symlink_install=False, test_result_base=None, verb_extension=<colcon_core.verb.build.BuildVerb object at 0x7fc8fc0f3730>, verb_name='build', verb_parser=<colcon_defaults.argument_parser.defaults.DefaultArgumentsDecorator object at 0x7fc8fc0f3c70>)
[0.393s] Level 1:colcon.colcon_core.package_discovery:discover_packages(colcon_meta) check parameters
[0.393s] Level 1:colcon.colcon_core.package_discovery:discover_packages(recursive) check parameters
[0.393s] Level 1:colcon.colcon_core.package_discovery:discover_packages(ignore) check parameters
[0.393s] Level 1:colcon.colcon_core.package_discovery:discover_packages(path) check parameters
[0.393s] Level 1:colcon.colcon_core.package_discovery:discover_packages(colcon_meta) discover
[0.394s] Level 1:colcon.colcon_core.package_discovery:discover_packages(recursive) discover
[0.394s] INFO:colcon.colcon_core.package_discovery:Crawling recursively for packages in '/home/yonathanarya/colcon_ws'
[0.394s] Level 1:colcon.colcon_core.package_identification:_identify(.) by extensions ['ignore', 'ignore_ament_install']
[0.394s] Level 1:colcon.colcon_core.package_identification:_identify(.) by extension 'ignore'
[0.394s] Level 1:colcon.colcon_core.package_identification:_identify(.) by extension 'ignore_ament_install'
[0.394s] Level 1:colcon.colcon_core.package_identification:_identify(.) by extensions ['colcon_pkg']
[0.394s] Level 1:colcon.colcon_core.package_identification:_identify(.) by extension 'colcon_pkg'
[0.395s] Level 1:colcon.colcon_core.package_identification:_identify(.) by extensions ['colcon_meta']
[0.395s] Level 1:colcon.colcon_core.package_identification:_identify(.) by extension 'colcon_meta'
[0.395s] Level 1:colcon.colcon_core.package_identification:_identify(.) by extensions ['ros']
[0.395s] Level 1:colcon.colcon_core.package_identification:_identify(.) by extension 'ros'
[0.413s] Level 1:colcon.colcon_core.package_identification:_identify(.) by extensions ['cmake', 'python']
[0.413s] Level 1:colcon.colcon_core.package_identification:_identify(.) by extension 'cmake'
[0.413s] Level 1:colcon.colcon_core.package_identification:_identify(.) by extension 'python'
[0.414s] Level 1:colcon.colcon_core.package_identification:_identify(.) by extensions ['python_setup_py']
[0.414s] Level 1:colcon.colcon_core.package_identification:_identify(.) by extension 'python_setup_py'
[0.414s] Level 1:colcon.colcon_core.package_identification:_identify(build) by extensions ['ignore', 'ignore_ament_install']
[0.414s] Level 1:colcon.colcon_core.package_identification:_identify(build) by extension 'ignore'
[0.414s] Level 1:colcon.colcon_core.package_identification:_identify(build) ignored
[0.414s] Level 1:colcon.colcon_core.package_identification:_identify(install) by extensions ['ignore', 'ignore_ament_install']
[0.414s] Level 1:colcon.colcon_core.package_identification:_identify(install) by extension 'ignore'
[0.415s] Level 1:colcon.colcon_core.package_identification:_identify(install) ignored
[0.415s] Level 1:colcon.colcon_core.package_identification:_identify(log) by extensions ['ignore', 'ignore_ament_install']
[0.415s] Level 1:colcon.colcon_core.package_identification:_identify(log) by extension 'ignore'
[0.415s] Level 1:colcon.colcon_core.package_identification:_identify(log) ignored
[0.415s] Level 1:colcon.colcon_core.package_identification:_identify(src) by extensions ['ignore', 'ignore_ament_install']
[0.415s] Level 1:colcon.colcon_core.package_identification:_identify(src) by extension 'ignore'
[0.416s] Level 1:colcon.colcon_core.package_identification:_identify(src) by extension 'ignore_ament_install'
[0.416s] Level 1:colcon.colcon_core.package_identification:_identify(src) by extensions ['colcon_pkg']
[0.416s] Level 1:colcon.colcon_core.package_identification:_identify(src) by extension 'colcon_pkg'
[0.416s] Level 1:colcon.colcon_core.package_identification:_identify(src) by extensions ['colcon_meta']
[0.416s] Level 1:colcon.colcon_core.package_identification:_identify(src) by extension 'colcon_meta'
[0.416s] Level 1:colcon.colcon_core.package_identification:_identify(src) by extensions ['ros']
[0.416s] Level 1:colcon.colcon_core.package_identification:_identify(src) by extension 'ros'
[0.416s] Level 1:colcon.colcon_core.package_identification:_identify(src) by extensions ['cmake', 'python']
[0.416s] Level 1:colcon.colcon_core.package_identification:_identify(src) by extension 'cmake'
[0.416s] Level 1:colcon.colcon_core.package_identification:_identify(src) by extension 'python'
[0.416s] Level 1:colcon.colcon_core.package_identification:_identify(src) by extensions ['python_setup_py']
[0.417s] Level 1:colcon.colcon_core.package_identification:_identify(src) by extension 'python_setup_py'
[0.417s] Level 1:colcon.colcon_core.package_identification:_identify(src/turtlebot3_act_interfaces) by extensions ['ignore', 'ignore_ament_install']
[0.417s] Level 1:colcon.colcon_core.package_identification:_identify(src/turtlebot3_act_interfaces) by extension 'ignore'
[0.417s] Level 1:colcon.colcon_core.package_identification:_identify(src/turtlebot3_act_interfaces) by extension 'ignore_ament_install'
[0.417s] Level 1:colcon.colcon_core.package_identification:_identify(src/turtlebot3_act_interfaces) by extensions ['colcon_pkg']
[0.417s] Level 1:colcon.colcon_core.package_identification:_identify(src/turtlebot3_act_interfaces) by extension 'colcon_pkg'
[0.417s] Level 1:colcon.colcon_core.package_identification:_identify(src/turtlebot3_act_interfaces) by extensions ['colcon_meta']
[0.417s] Level 1:colcon.colcon_core.package_identification:_identify(src/turtlebot3_act_interfaces) by extension 'colcon_meta'
[0.417s] Level 1:colcon.colcon_core.package_identification:_identify(src/turtlebot3_act_interfaces) by extensions ['ros']
[0.417s] Level 1:colcon.colcon_core.package_identification:_identify(src/turtlebot3_act_interfaces) by extension 'ros'
[0.421s] DEBUG:colcon.colcon_core.package_identification:Package 'src/turtlebot3_act_interfaces' with type 'ros.ament_cmake' and name 'turtlebot3_act_interfaces'
[0.421s] Level 1:colcon.colcon_core.package_identification:_identify(src/turtlebot3_action) by extensions ['ignore', 'ignore_ament_install']
[0.421s] Level 1:colcon.colcon_core.package_identification:_identify(src/turtlebot3_action) by extension 'ignore'
[0.421s] Level 1:colcon.colcon_core.package_identification:_identify(src/turtlebot3_action) by extension 'ignore_ament_install'
[0.421s] Level 1:colcon.colcon_core.package_identification:_identify(src/turtlebot3_action) by extensions ['colcon_pkg']
[0.421s] Level 1:colcon.colcon_core.package_identification:_identify(src/turtlebot3_action) by extension 'colcon_pkg'
[0.421s] Level 1:colcon.colcon_core.package_identification:_identify(src/turtlebot3_action) by extensions ['colcon_meta']
[0.421s] Level 1:colcon.colcon_core.package_identification:_identify(src/turtlebot3_action) by extension 'colcon_meta'
[0.421s] Level 1:colcon.colcon_core.package_identification:_identify(src/turtlebot3_action) by extensions ['ros']
[0.421s] Level 1:colcon.colcon_core.package_identification:_identify(src/turtlebot3_action) by extension 'ros'
[0.422s] DEBUG:colcon.colcon_core.package_identification:Package 'src/turtlebot3_action' with type 'ros.ament_python' and name 'turtlebot3_action'
[0.422s] Level 1:colcon.colcon_core.package_identification:_identify(src/turtlebot3_actionserver) by extensions ['ignore', 'ignore_ament_install']
[0.422s] Level 1:colcon.colcon_core.package_identification:_identify(src/turtlebot3_actionserver) by extension 'ignore'
[0.423s] Level 1:colcon.colcon_core.package_identification:_identify(src/turtlebot3_actionserver) by extension 'ignore_ament_install'
[0.423s] Level 1:colcon.colcon_core.package_identification:_identify(src/turtlebot3_actionserver) by extensions ['colcon_pkg']
[0.423s] Level 1:colcon.colcon_core.package_identification:_identify(src/turtlebot3_actionserver) by extension 'colcon_pkg'
[0.423s] Level 1:colcon.colcon_core.package_identification:_identify(src/turtlebot3_actionserver) by extensions ['colcon_meta']
[0.423s] Level 1:colcon.colcon_core.package_identification:_identify(src/turtlebot3_actionserver) by extension 'colcon_meta'
[0.423s] Level 1:colcon.colcon_core.package_identification:_identify(src/turtlebot3_actionserver) by extensions ['ros']
[0.423s] Level 1:colcon.colcon_core.package_identification:_identify(src/turtlebot3_actionserver) by extension 'ros'
[0.424s] DEBUG:colcon.colcon_core.package_identification:Package 'src/turtlebot3_actionserver' with type 'ros.ament_python' and name 'turtlebot3_actionserver'
[0.424s] Level 1:colcon.colcon_core.package_identification:_identify(src/turtlebot3_infiniteloop) by extensions ['ignore', 'ignore_ament_install']
[0.424s] Level 1:colcon.colcon_core.package_identification:_identify(src/turtlebot3_infiniteloop) by extension 'ignore'
[0.425s] Level 1:colcon.colcon_core.package_identification:_identify(src/turtlebot3_infiniteloop) by extension 'ignore_ament_install'
[0.425s] Level 1:colcon.colcon_core.package_identification:_identify(src/turtlebot3_infiniteloop) by extensions ['colcon_pkg']
[0.425s] Level 1:colcon.colcon_core.package_identification:_identify(src/turtlebot3_infiniteloop) by extension 'colcon_pkg'
[0.425s] Level 1:colcon.colcon_core.package_identification:_identify(src/turtlebot3_infiniteloop) by extensions ['colcon_meta']
[0.425s] Level 1:colcon.colcon_core.package_identification:_identify(src/turtlebot3_infiniteloop) by extension 'colcon_meta'
[0.425s] Level 1:colcon.colcon_core.package_identification:_identify(src/turtlebot3_infiniteloop) by extensions ['ros']
[0.425s] Level 1:colcon.colcon_core.package_identification:_identify(src/turtlebot3_infiniteloop) by extension 'ros'
[0.426s] DEBUG:colcon.colcon_core.package_identification:Package 'src/turtlebot3_infiniteloop' with type 'ros.ament_python' and name 'turtlebot3_infiniteloop'
[0.426s] Level 1:colcon.colcon_core.package_identification:_identify(src/turtlebot3_simulations) by extensions ['ignore', 'ignore_ament_install']
[0.426s] Level 1:colcon.colcon_core.package_identification:_identify(src/turtlebot3_simulations) by extension 'ignore'
[0.426s] Level 1:colcon.colcon_core.package_identification:_identify(src/turtlebot3_simulations) by extension 'ignore_ament_install'
[0.426s] Level 1:colcon.colcon_core.package_identification:_identify(src/turtlebot3_simulations) by extensions ['colcon_pkg']
[0.426s] Level 1:colcon.colcon_core.package_identification:_identify(src/turtlebot3_simulations) by extension 'colcon_pkg'
[0.426s] Level 1:colcon.colcon_core.package_identification:_identify(src/turtlebot3_simulations) by extensions ['colcon_meta']
[0.426s] Level 1:colcon.colcon_core.package_identification:_identify(src/turtlebot3_simulations) by extension 'colcon_meta'
[0.427s] Level 1:colcon.colcon_core.package_identification:_identify(src/turtlebot3_simulations) by extensions ['ros']
[0.427s] Level 1:colcon.colcon_core.package_identification:_identify(src/turtlebot3_simulations) by extension 'ros'
[0.427s] Level 1:colcon.colcon_core.package_identification:_identify(src/turtlebot3_simulations) by extensions ['cmake', 'python']
[0.427s] Level 1:colcon.colcon_core.package_identification:_identify(src/turtlebot3_simulations) by extension 'cmake'
[0.427s] Level 1:colcon.colcon_core.package_identification:_identify(src/turtlebot3_simulations) by extension 'python'
[0.427s] Level 1:colcon.colcon_core.package_identification:_identify(src/turtlebot3_simulations) by extensions ['python_setup_py']
[0.427s] Level 1:colcon.colcon_core.package_identification:_identify(src/turtlebot3_simulations) by extension 'python_setup_py'
[0.427s] Level 1:colcon.colcon_core.package_identification:_identify(src/turtlebot3_simulations/turtlebot3_fake_node) by extensions ['ignore', 'ignore_ament_install']
[0.427s] Level 1:colcon.colcon_core.package_identification:_identify(src/turtlebot3_simulations/turtlebot3_fake_node) by extension 'ignore'
[0.428s] Level 1:colcon.colcon_core.package_identification:_identify(src/turtlebot3_simulations/turtlebot3_fake_node) by extension 'ignore_ament_install'
[0.428s] Level 1:colcon.colcon_core.package_identification:_identify(src/turtlebot3_simulations/turtlebot3_fake_node) by extensions ['colcon_pkg']
[0.428s] Level 1:colcon.colcon_core.package_identification:_identify(src/turtlebot3_simulations/turtlebot3_fake_node) by extension 'colcon_pkg'
[0.428s] Level 1:colcon.colcon_core.package_identification:_identify(src/turtlebot3_simulations/turtlebot3_fake_node) by extensions ['colcon_meta']
[0.428s] Level 1:colcon.colcon_core.package_identification:_identify(src/turtlebot3_simulations/turtlebot3_fake_node) by extension 'colcon_meta'
[0.428s] Level 1:colcon.colcon_core.package_identification:_identify(src/turtlebot3_simulations/turtlebot3_fake_node) by extensions ['ros']
[0.428s] Level 1:colcon.colcon_core.package_identification:_identify(src/turtlebot3_simulations/turtlebot3_fake_node) by extension 'ros'
[0.430s] DEBUG:colcon.colcon_core.package_identification:Package 'src/turtlebot3_simulations/turtlebot3_fake_node' with type 'ros.ament_cmake' and name 'turtlebot3_fake_node'
[0.431s] Level 1:colcon.colcon_core.package_identification:_identify(src/turtlebot3_simulations/turtlebot3_gazebo) by extensions ['ignore', 'ignore_ament_install']
[0.431s] Level 1:colcon.colcon_core.package_identification:_identify(src/turtlebot3_simulations/turtlebot3_gazebo) by extension 'ignore'
[0.431s] Level 1:colcon.colcon_core.package_identification:_identify(src/turtlebot3_simulations/turtlebot3_gazebo) by extension 'ignore_ament_install'
[0.431s] Level 1:colcon.colcon_core.package_identification:_identify(src/turtlebot3_simulations/turtlebot3_gazebo) by extensions ['colcon_pkg']
[0.431s] Level 1:colcon.colcon_core.package_identification:_identify(src/turtlebot3_simulations/turtlebot3_gazebo) by extension 'colcon_pkg'
[0.432s] Level 1:colcon.colcon_core.package_identification:_identify(src/turtlebot3_simulations/turtlebot3_gazebo) by extensions ['colcon_meta']
[0.432s] Level 1:colcon.colcon_core.package_identification:_identify(src/turtlebot3_simulations/turtlebot3_gazebo) by extension 'colcon_meta'
[0.432s] Level 1:colcon.colcon_core.package_identification:_identify(src/turtlebot3_simulations/turtlebot3_gazebo) by extensions ['ros']
[0.432s] Level 1:colcon.colcon_core.package_identification:_identify(src/turtlebot3_simulations/turtlebot3_gazebo) by extension 'ros'
[0.434s] DEBUG:colcon.colcon_core.package_identification:Package 'src/turtlebot3_simulations/turtlebot3_gazebo' with type 'ros.ament_cmake' and name 'turtlebot3_gazebo'
[0.434s] Level 1:colcon.colcon_core.package_identification:_identify(src/turtlebot3_simulations/turtlebot3_simulations) by extensions ['ignore', 'ignore_ament_install']
[0.434s] Level 1:colcon.colcon_core.package_identification:_identify(src/turtlebot3_simulations/turtlebot3_simulations) by extension 'ignore'
[0.434s] Level 1:colcon.colcon_core.package_identification:_identify(src/turtlebot3_simulations/turtlebot3_simulations) by extension 'ignore_ament_install'
[0.435s] Level 1:colcon.colcon_core.package_identification:_identify(src/turtlebot3_simulations/turtlebot3_simulations) by extensions ['colcon_pkg']
[0.435s] Level 1:colcon.colcon_core.package_identification:_identify(src/turtlebot3_simulations/turtlebot3_simulations) by extension 'colcon_pkg'
[0.435s] Level 1:colcon.colcon_core.package_identification:_identify(src/turtlebot3_simulations/turtlebot3_simulations) by extensions ['colcon_meta']
[0.435s] Level 1:colcon.colcon_core.package_identification:_identify(src/turtlebot3_simulations/turtlebot3_simulations) by extension 'colcon_meta'
[0.435s] Level 1:colcon.colcon_core.package_identification:_identify(src/turtlebot3_simulations/turtlebot3_simulations) by extensions ['ros']
[0.435s] Level 1:colcon.colcon_core.package_identification:_identify(src/turtlebot3_simulations/turtlebot3_simulations) by extension 'ros'
[0.436s] DEBUG:colcon.colcon_core.package_identification:Package 'src/turtlebot3_simulations/turtlebot3_simulations' with type 'ros.ament_cmake' and name 'turtlebot3_simulations'
[0.436s] Level 1:colcon.colcon_core.package_discovery:discover_packages(recursive) using defaults
[0.436s] Level 1:colcon.colcon_core.package_discovery:discover_packages(ignore) discover
[0.436s] Level 1:colcon.colcon_core.package_discovery:discover_packages(ignore) using defaults
[0.436s] Level 1:colcon.colcon_core.package_discovery:discover_packages(path) discover
[0.436s] Level 1:colcon.colcon_core.package_discovery:discover_packages(path) using defaults
[0.464s] INFO:colcon.colcon_core.package_selection:Skipping not selected package 'turtlebot3_action' in 'src/turtlebot3_action'
[0.464s] INFO:colcon.colcon_core.package_selection:Skipping not selected package 'turtlebot3_actionserver' in 'src/turtlebot3_actionserver'
[0.464s] INFO:colcon.colcon_core.package_selection:Skipping not selected package 'turtlebot3_fake_node' in 'src/turtlebot3_simulations/turtlebot3_fake_node'
[0.464s] INFO:colcon.colcon_core.package_selection:Skipping not selected package 'turtlebot3_gazebo' in 'src/turtlebot3_simulations/turtlebot3_gazebo'
[0.464s] INFO:colcon.colcon_core.package_selection:Skipping not selected package 'turtlebot3_infiniteloop' in 'src/turtlebot3_infiniteloop'
[0.465s] INFO:colcon.colcon_core.package_selection:Skipping not selected package 'turtlebot3_simulations' in 'src/turtlebot3_simulations/turtlebot3_simulations'
[0.468s] Level 5:colcon.colcon_core.verb:set package 'turtlebot3_act_interfaces' build argument 'cmake_args' from command line to 'None'
[0.469s] Level 5:colcon.colcon_core.verb:set package 'turtlebot3_act_interfaces' build argument 'cmake_target' from command line to 'None'
[0.469s] Level 5:colcon.colcon_core.verb:set package 'turtlebot3_act_interfaces' build argument 'cmake_target_skip_unavailable' from command line to 'False'
[0.469s] Level 5:colcon.colcon_core.verb:set package 'turtlebot3_act_interfaces' build argument 'cmake_clean_cache' from command line to 'False'
[0.469s] Level 5:colcon.colcon_core.verb:set package 'turtlebot3_act_interfaces' build argument 'cmake_clean_first' from command line to 'False'
[0.469s] Level 5:colcon.colcon_core.verb:set package 'turtlebot3_act_interfaces' build argument 'cmake_force_configure' from command line to 'False'
[0.469s] Level 5:colcon.colcon_core.verb:set package 'turtlebot3_act_interfaces' build argument 'ament_cmake_args' from command line to 'None'
[0.469s] Level 5:colcon.colcon_core.verb:set package 'turtlebot3_act_interfaces' build argument 'catkin_cmake_args' from command line to 'None'
[0.469s] Level 5:colcon.colcon_core.verb:set package 'turtlebot3_act_interfaces' build argument 'catkin_skip_building_tests' from command line to 'False'
[0.469s] DEBUG:colcon.colcon_core.verb:Building package 'turtlebot3_act_interfaces' with the following arguments: {'ament_cmake_args': None, 'build_base': '/home/yonathanarya/colcon_ws/build/turtlebot3_act_interfaces', 'catkin_cmake_args': None, 'catkin_skip_building_tests': False, 'cmake_args': None, 'cmake_clean_cache': False, 'cmake_clean_first': False, 'cmake_force_configure': False, 'cmake_target': None, 'cmake_target_skip_unavailable': False, 'install_base': '/home/yonathanarya/colcon_ws/install/turtlebot3_act_interfaces', 'merge_install': False, 'path': '/home/yonathanarya/colcon_ws/src/turtlebot3_act_interfaces', 'symlink_install': False, 'test_result_base': None}
[0.469s] INFO:colcon.colcon_core.executor:Executing jobs using 'parallel' executor
[0.472s] DEBUG:colcon.colcon_parallel_executor.executor.parallel:run_until_complete
[0.473s] INFO:colcon.colcon_ros.task.ament_cmake.build:Building ROS package in '/home/yonathanarya/colcon_ws/src/turtlebot3_act_interfaces' with build type 'ament_cmake'
[0.473s] INFO:colcon.colcon_cmake.task.cmake.build:Building CMake package in '/home/yonathanarya/colcon_ws/src/turtlebot3_act_interfaces'
[0.480s] INFO:colcon.colcon_core.plugin_system:Skipping extension 'colcon_core.shell.bat': Not used on non-Windows systems
[0.482s] INFO:colcon.colcon_core.shell:Skip shell extension 'powershell' for command environment: Not usable outside of PowerShell
[0.482s] DEBUG:colcon.colcon_core.shell:Skip shell extension 'dsv' for command environment
[0.486s] DEBUG:colcon.colcon_core.shell:Ignoring prefix path '/opt/ros/foxy'
[0.503s] DEBUG:colcon.colcon_core.event_handler.log_command:Invoking command in '/home/yonathanarya/colcon_ws/build/turtlebot3_act_interfaces': CMAKE_PREFIX_PATH=${CMAKE_PREFIX_PATH}:/home/yonathanarya/colcon_ws/install/turtlebot3_infiniteloop:/home/yonathanarya/colcon_ws/install/turtlebot3_actionserver:/home/yonathanarya/colcon_ws/install/turtlebot3_action:/opt/ros/foxy /usr/bin/cmake --build /home/yonathanarya/colcon_ws/build/turtlebot3_act_interfaces -- -j8 -l8
[1.077s] DEBUG:colcon.colcon_core.event_handler.log_command:Invoked command in '/home/yonathanarya/colcon_ws/build/turtlebot3_act_interfaces' returned '2': CMAKE_PREFIX_PATH=${CMAKE_PREFIX_PATH}:/home/yonathanarya/colcon_ws/install/turtlebot3_infiniteloop:/home/yonathanarya/colcon_ws/install/turtlebot3_actionserver:/home/yonathanarya/colcon_ws/install/turtlebot3_action:/opt/ros/foxy /usr/bin/cmake --build /home/yonathanarya/colcon_ws/build/turtlebot3_act_interfaces -- -j8 -l8
[1.144s] Level 1:colcon.colcon_core.environment:create_environment_scripts_only(turtlebot3_act_interfaces)
[1.149s] Level 1:colcon.colcon_core.environment:checking '/home/yonathanarya/colcon_ws/install/turtlebot3_act_interfaces' for CMake module files
[1.151s] Level 1:colcon.colcon_core.environment:checking '/home/yonathanarya/colcon_ws/install/turtlebot3_act_interfaces' for CMake config files
[1.152s] Level 1:colcon.colcon_core.shell:create_environment_hook('turtlebot3_act_interfaces', 'cmake_prefix_path')
[1.153s] INFO:colcon.colcon_core.shell:Creating environment hook '/home/yonathanarya/colcon_ws/install/turtlebot3_act_interfaces/share/turtlebot3_act_interfaces/hook/cmake_prefix_path.ps1'
[1.155s] INFO:colcon.colcon_core.shell:Creating environment descriptor '/home/yonathanarya/colcon_ws/install/turtlebot3_act_interfaces/share/turtlebot3_act_interfaces/hook/cmake_prefix_path.dsv'
[1.156s] INFO:colcon.colcon_core.shell:Creating environment hook '/home/yonathanarya/colcon_ws/install/turtlebot3_act_interfaces/share/turtlebot3_act_interfaces/hook/cmake_prefix_path.sh'
[1.157s] Level 1:colcon.colcon_core.environment:checking '/home/yonathanarya/colcon_ws/install/turtlebot3_act_interfaces/lib'
[1.157s] Level 1:colcon.colcon_core.shell:create_environment_hook('turtlebot3_act_interfaces', 'ld_library_path_lib')
[1.158s] INFO:colcon.colcon_core.shell:Creating environment hook '/home/yonathanarya/colcon_ws/install/turtlebot3_act_interfaces/share/turtlebot3_act_interfaces/hook/ld_library_path_lib.ps1'
[1.159s] INFO:colcon.colcon_core.shell:Creating environment descriptor '/home/yonathanarya/colcon_ws/install/turtlebot3_act_interfaces/share/turtlebot3_act_interfaces/hook/ld_library_path_lib.dsv'
[1.159s] INFO:colcon.colcon_core.shell:Creating environment hook '/home/yonathanarya/colcon_ws/install/turtlebot3_act_interfaces/share/turtlebot3_act_interfaces/hook/ld_library_path_lib.sh'
[1.160s] Level 1:colcon.colcon_core.environment:checking '/home/yonathanarya/colcon_ws/install/turtlebot3_act_interfaces/bin'
[1.160s] Level 1:colcon.colcon_core.environment:checking '/home/yonathanarya/colcon_ws/install/turtlebot3_act_interfaces/lib/pkgconfig/turtlebot3_act_interfaces.pc'
[1.160s] Level 1:colcon.colcon_core.environment:checking '/home/yonathanarya/colcon_ws/install/turtlebot3_act_interfaces/lib/python3.8/site-packages'
[1.160s] Level 1:colcon.colcon_core.shell:create_environment_hook('turtlebot3_act_interfaces', 'pythonpath')
[1.161s] INFO:colcon.colcon_core.shell:Creating environment hook '/home/yonathanarya/colcon_ws/install/turtlebot3_act_interfaces/share/turtlebot3_act_interfaces/hook/pythonpath.ps1'
[1.162s] INFO:colcon.colcon_core.shell:Creating environment descriptor '/home/yonathanarya/colcon_ws/install/turtlebot3_act_interfaces/share/turtlebot3_act_interfaces/hook/pythonpath.dsv'
[1.163s] INFO:colcon.colcon_core.shell:Creating environment hook '/home/yonathanarya/colcon_ws/install/turtlebot3_act_interfaces/share/turtlebot3_act_interfaces/hook/pythonpath.sh'
[1.165s] INFO:colcon.colcon_core.shell:Creating package script '/home/yonathanarya/colcon_ws/install/turtlebot3_act_interfaces/share/turtlebot3_act_interfaces/package.ps1'
[1.167s] INFO:colcon.colcon_core.shell:Creating package descriptor '/home/yonathanarya/colcon_ws/install/turtlebot3_act_interfaces/share/turtlebot3_act_interfaces/package.dsv'
[1.169s] INFO:colcon.colcon_core.shell:Creating package script '/home/yonathanarya/colcon_ws/install/turtlebot3_act_interfaces/share/turtlebot3_act_interfaces/package.sh'
[1.171s] INFO:colcon.colcon_core.shell:Creating package script '/home/yonathanarya/colcon_ws/install/turtlebot3_act_interfaces/share/turtlebot3_act_interfaces/package.bash'
[1.172s] INFO:colcon.colcon_core.shell:Creating package script '/home/yonathanarya/colcon_ws/install/turtlebot3_act_interfaces/share/turtlebot3_act_interfaces/package.zsh'
[1.173s] Level 1:colcon.colcon_core.environment:create_file_with_runtime_dependencies(/home/yonathanarya/colcon_ws/install/turtlebot3_act_interfaces/share/colcon-core/packages/turtlebot3_act_interfaces)
[1.184s] DEBUG:colcon.colcon_parallel_executor.executor.parallel:closing loop
[1.185s] DEBUG:colcon.colcon_parallel_executor.executor.parallel:loop closed
[1.185s] DEBUG:colcon.colcon_parallel_executor.executor.parallel:run_until_complete finished with '2'
[1.186s] DEBUG:colcon.colcon_core.event_reactor:joining thread
[1.194s] INFO:colcon.colcon_core.plugin_system:Skipping extension 'colcon_notification.desktop_notification.terminal_notifier': Not used on non-Darwin systems
[1.195s] INFO:colcon.colcon_core.plugin_system:Skipping extension 'colcon_notification.desktop_notification.win32': Not used on non-Windows systems
[1.195s] INFO:colcon.colcon_notification.desktop_notification:Sending desktop notification using 'notify2'
[1.223s] DEBUG:colcon.colcon_core.event_reactor:joined thread
[1.224s] INFO:colcon.colcon_core.shell:Creating prefix script '/home/yonathanarya/colcon_ws/install/local_setup.ps1'
[1.226s] INFO:colcon.colcon_core.shell:Creating prefix util module '/home/yonathanarya/colcon_ws/install/_local_setup_util_ps1.py'
[1.229s] INFO:colcon.colcon_core.shell:Creating prefix chain script '/home/yonathanarya/colcon_ws/install/setup.ps1'
[1.234s] INFO:colcon.colcon_core.shell:Creating prefix script '/home/yonathanarya/colcon_ws/install/local_setup.sh'
[1.235s] INFO:colcon.colcon_core.shell:Creating prefix util module '/home/yonathanarya/colcon_ws/install/_local_setup_util_sh.py'
[1.236s] INFO:colcon.colcon_core.shell:Creating prefix chain script '/home/yonathanarya/colcon_ws/install/setup.sh'
[1.239s] INFO:colcon.colcon_core.shell:Creating prefix script '/home/yonathanarya/colcon_ws/install/local_setup.bash'
[1.240s] INFO:colcon.colcon_core.shell:Creating prefix chain script '/home/yonathanarya/colcon_ws/install/setup.bash'
[1.244s] INFO:colcon.colcon_core.shell:Creating prefix script '/home/yonathanarya/colcon_ws/install/local_setup.zsh'
[1.246s] INFO:colcon.colcon_core.shell:Creating prefix chain script '/home/yonathanarya/colcon_ws/install/setup.zsh'
