[0.503s] DEBUG:colcon:Command line arguments: ['/usr/bin/colcon', 'build', '--packages-select', 'raspimouse_tugas']
[0.503s] DEBUG:colcon:Parsed command line arguments: Namespace(ament_cmake_args=None, base_paths=['.'], build_base='build', catkin_cmake_args=None, catkin_skip_building_tests=False, cmake_args=None, cmake_clean_cache=False, cmake_clean_first=False, cmake_force_configure=False, cmake_target=None, cmake_target_skip_unavailable=False, continue_on_error=False, event_handlers=None, executor='parallel', ignore_user_meta=False, install_base='install', log_base=None, log_level=None, main=<bound method BuildVerb.main of <colcon_core.verb.build.BuildVerb object at 0x7f2358031b20>>, merge_install=False, metas=['./colcon.meta'], packages_above=None, packages_above_and_dependencies=None, packages_above_depth=None, packages_end=None, packages_ignore=None, packages_ignore_regex=None, packages_select=['raspimouse_tugas'], packages_select_build_failed=False, packages_select_by_dep=None, packages_select_regex=None, packages_select_test_failures=False, packages_skip=None, packages_skip_build_finished=False, packages_skip_by_dep=None, packages_skip_regex=None, packages_skip_test_passed=False, packages_skip_up_to=None, packages_start=None, packages_up_to=None, packages_up_to_regex=None, parallel_workers=8, paths=None, symlink_install=False, test_result_base=None, verb_extension=<colcon_core.verb.build.BuildVerb object at 0x7f2358031b20>, verb_name='build', verb_parser=<colcon_defaults.argument_parser.defaults.DefaultArgumentsDecorator object at 0x7f23580ce6a0>)
[0.515s] Level 1:colcon.colcon_core.package_discovery:discover_packages(colcon_meta) check parameters
[0.515s] Level 1:colcon.colcon_core.package_discovery:discover_packages(recursive) check parameters
[0.516s] Level 1:colcon.colcon_core.package_discovery:discover_packages(ignore) check parameters
[0.516s] Level 1:colcon.colcon_core.package_discovery:discover_packages(path) check parameters
[0.516s] Level 1:colcon.colcon_core.package_discovery:discover_packages(colcon_meta) discover
[0.516s] Level 1:colcon.colcon_core.package_discovery:discover_packages(recursive) discover
[0.516s] INFO:colcon.colcon_core.package_discovery:Crawling recursively for packages in '/home/yonathanarya/colcon_ws'
[0.516s] Level 1:colcon.colcon_core.package_identification:_identify(.) by extensions ['ignore', 'ignore_ament_install']
[0.516s] Level 1:colcon.colcon_core.package_identification:_identify(.) by extension 'ignore'
[0.516s] Level 1:colcon.colcon_core.package_identification:_identify(.) by extension 'ignore_ament_install'
[0.517s] Level 1:colcon.colcon_core.package_identification:_identify(.) by extensions ['colcon_pkg']
[0.517s] Level 1:colcon.colcon_core.package_identification:_identify(.) by extension 'colcon_pkg'
[0.517s] Level 1:colcon.colcon_core.package_identification:_identify(.) by extensions ['colcon_meta']
[0.517s] Level 1:colcon.colcon_core.package_identification:_identify(.) by extension 'colcon_meta'
[0.517s] Level 1:colcon.colcon_core.package_identification:_identify(.) by extensions ['ros']
[0.517s] Level 1:colcon.colcon_core.package_identification:_identify(.) by extension 'ros'
[0.542s] Level 1:colcon.colcon_core.package_identification:_identify(.) by extensions ['cmake', 'python']
[0.542s] Level 1:colcon.colcon_core.package_identification:_identify(.) by extension 'cmake'
[0.542s] Level 1:colcon.colcon_core.package_identification:_identify(.) by extension 'python'
[0.542s] Level 1:colcon.colcon_core.package_identification:_identify(.) by extensions ['python_setup_py']
[0.542s] Level 1:colcon.colcon_core.package_identification:_identify(.) by extension 'python_setup_py'
[0.542s] Level 1:colcon.colcon_core.package_identification:_identify(build) by extensions ['ignore', 'ignore_ament_install']
[0.543s] Level 1:colcon.colcon_core.package_identification:_identify(build) by extension 'ignore'
[0.543s] Level 1:colcon.colcon_core.package_identification:_identify(build) ignored
[0.543s] Level 1:colcon.colcon_core.package_identification:_identify(install) by extensions ['ignore', 'ignore_ament_install']
[0.543s] Level 1:colcon.colcon_core.package_identification:_identify(install) by extension 'ignore'
[0.543s] Level 1:colcon.colcon_core.package_identification:_identify(install) ignored
[0.544s] Level 1:colcon.colcon_core.package_identification:_identify(log) by extensions ['ignore', 'ignore_ament_install']
[0.544s] Level 1:colcon.colcon_core.package_identification:_identify(log) by extension 'ignore'
[0.544s] Level 1:colcon.colcon_core.package_identification:_identify(log) ignored
[0.545s] Level 1:colcon.colcon_core.package_identification:_identify(src) by extensions ['ignore', 'ignore_ament_install']
[0.545s] Level 1:colcon.colcon_core.package_identification:_identify(src) by extension 'ignore'
[0.545s] Level 1:colcon.colcon_core.package_identification:_identify(src) by extension 'ignore_ament_install'
[0.545s] Level 1:colcon.colcon_core.package_identification:_identify(src) by extensions ['colcon_pkg']
[0.545s] Level 1:colcon.colcon_core.package_identification:_identify(src) by extension 'colcon_pkg'
[0.545s] Level 1:colcon.colcon_core.package_identification:_identify(src) by extensions ['colcon_meta']
[0.545s] Level 1:colcon.colcon_core.package_identification:_identify(src) by extension 'colcon_meta'
[0.545s] Level 1:colcon.colcon_core.package_identification:_identify(src) by extensions ['ros']
[0.545s] Level 1:colcon.colcon_core.package_identification:_identify(src) by extension 'ros'
[0.546s] Level 1:colcon.colcon_core.package_identification:_identify(src) by extensions ['cmake', 'python']
[0.546s] Level 1:colcon.colcon_core.package_identification:_identify(src) by extension 'cmake'
[0.546s] Level 1:colcon.colcon_core.package_identification:_identify(src) by extension 'python'
[0.546s] Level 1:colcon.colcon_core.package_identification:_identify(src) by extensions ['python_setup_py']
[0.546s] Level 1:colcon.colcon_core.package_identification:_identify(src) by extension 'python_setup_py'
[0.546s] Level 1:colcon.colcon_core.package_identification:_identify(src/raspimouse_tugas) by extensions ['ignore', 'ignore_ament_install']
[0.546s] Level 1:colcon.colcon_core.package_identification:_identify(src/raspimouse_tugas) by extension 'ignore'
[0.546s] Level 1:colcon.colcon_core.package_identification:_identify(src/raspimouse_tugas) by extension 'ignore_ament_install'
[0.547s] Level 1:colcon.colcon_core.package_identification:_identify(src/raspimouse_tugas) by extensions ['colcon_pkg']
[0.547s] Level 1:colcon.colcon_core.package_identification:_identify(src/raspimouse_tugas) by extension 'colcon_pkg'
[0.547s] Level 1:colcon.colcon_core.package_identification:_identify(src/raspimouse_tugas) by extensions ['colcon_meta']
[0.547s] Level 1:colcon.colcon_core.package_identification:_identify(src/raspimouse_tugas) by extension 'colcon_meta'
[0.547s] Level 1:colcon.colcon_core.package_identification:_identify(src/raspimouse_tugas) by extensions ['ros']
[0.547s] Level 1:colcon.colcon_core.package_identification:_identify(src/raspimouse_tugas) by extension 'ros'
[0.551s] DEBUG:colcon.colcon_core.package_identification:Package 'src/raspimouse_tugas' with type 'ros.ament_python' and name 'raspimouse_tugas'
[0.551s] Level 1:colcon.colcon_core.package_identification:_identify(src/turtlebot3_act_interfaces) by extensions ['ignore', 'ignore_ament_install']
[0.551s] Level 1:colcon.colcon_core.package_identification:_identify(src/turtlebot3_act_interfaces) by extension 'ignore'
[0.551s] Level 1:colcon.colcon_core.package_identification:_identify(src/turtlebot3_act_interfaces) by extension 'ignore_ament_install'
[0.551s] Level 1:colcon.colcon_core.package_identification:_identify(src/turtlebot3_act_interfaces) by extensions ['colcon_pkg']
[0.551s] Level 1:colcon.colcon_core.package_identification:_identify(src/turtlebot3_act_interfaces) by extension 'colcon_pkg'
[0.552s] Level 1:colcon.colcon_core.package_identification:_identify(src/turtlebot3_act_interfaces) by extensions ['colcon_meta']
[0.552s] Level 1:colcon.colcon_core.package_identification:_identify(src/turtlebot3_act_interfaces) by extension 'colcon_meta'
[0.552s] Level 1:colcon.colcon_core.package_identification:_identify(src/turtlebot3_act_interfaces) by extensions ['ros']
[0.552s] Level 1:colcon.colcon_core.package_identification:_identify(src/turtlebot3_act_interfaces) by extension 'ros'
[0.553s] DEBUG:colcon.colcon_core.package_identification:Package 'src/turtlebot3_act_interfaces' with type 'ros.ament_cmake' and name 'turtlebot3_act_interfaces'
[0.554s] Level 1:colcon.colcon_core.package_identification:_identify(src/turtlebot3_action) by extensions ['ignore', 'ignore_ament_install']
[0.555s] Level 1:colcon.colcon_core.package_identification:_identify(src/turtlebot3_action) by extension 'ignore'
[0.555s] Level 1:colcon.colcon_core.package_identification:_identify(src/turtlebot3_action) by extension 'ignore_ament_install'
[0.556s] Level 1:colcon.colcon_core.package_identification:_identify(src/turtlebot3_action) by extensions ['colcon_pkg']
[0.556s] Level 1:colcon.colcon_core.package_identification:_identify(src/turtlebot3_action) by extension 'colcon_pkg'
[0.556s] Level 1:colcon.colcon_core.package_identification:_identify(src/turtlebot3_action) by extensions ['colcon_meta']
[0.557s] Level 1:colcon.colcon_core.package_identification:_identify(src/turtlebot3_action) by extension 'colcon_meta'
[0.557s] Level 1:colcon.colcon_core.package_identification:_identify(src/turtlebot3_action) by extensions ['ros']
[0.557s] Level 1:colcon.colcon_core.package_identification:_identify(src/turtlebot3_action) by extension 'ros'
[0.558s] DEBUG:colcon.colcon_core.package_identification:Package 'src/turtlebot3_action' with type 'ros.ament_python' and name 'turtlebot3_action'
[0.559s] Level 1:colcon.colcon_core.package_identification:_identify(src/turtlebot3_actionserver) by extensions ['ignore', 'ignore_ament_install']
[0.559s] Level 1:colcon.colcon_core.package_identification:_identify(src/turtlebot3_actionserver) by extension 'ignore'
[0.559s] Level 1:colcon.colcon_core.package_identification:_identify(src/turtlebot3_actionserver) by extension 'ignore_ament_install'
[0.559s] Level 1:colcon.colcon_core.package_identification:_identify(src/turtlebot3_actionserver) by extensions ['colcon_pkg']
[0.559s] Level 1:colcon.colcon_core.package_identification:_identify(src/turtlebot3_actionserver) by extension 'colcon_pkg'
[0.559s] Level 1:colcon.colcon_core.package_identification:_identify(src/turtlebot3_actionserver) by extensions ['colcon_meta']
[0.560s] Level 1:colcon.colcon_core.package_identification:_identify(src/turtlebot3_actionserver) by extension 'colcon_meta'
[0.560s] Level 1:colcon.colcon_core.package_identification:_identify(src/turtlebot3_actionserver) by extensions ['ros']
[0.560s] Level 1:colcon.colcon_core.package_identification:_identify(src/turtlebot3_actionserver) by extension 'ros'
[0.562s] DEBUG:colcon.colcon_core.package_identification:Package 'src/turtlebot3_actionserver' with type 'ros.ament_python' and name 'turtlebot3_actionserver'
[0.562s] Level 1:colcon.colcon_core.package_identification:_identify(src/turtlebot3_infiniteloop) by extensions ['ignore', 'ignore_ament_install']
[0.563s] Level 1:colcon.colcon_core.package_identification:_identify(src/turtlebot3_infiniteloop) by extension 'ignore'
[0.563s] Level 1:colcon.colcon_core.package_identification:_identify(src/turtlebot3_infiniteloop) by extension 'ignore_ament_install'
[0.563s] Level 1:colcon.colcon_core.package_identification:_identify(src/turtlebot3_infiniteloop) by extensions ['colcon_pkg']
[0.563s] Level 1:colcon.colcon_core.package_identification:_identify(src/turtlebot3_infiniteloop) by extension 'colcon_pkg'
[0.563s] Level 1:colcon.colcon_core.package_identification:_identify(src/turtlebot3_infiniteloop) by extensions ['colcon_meta']
[0.563s] Level 1:colcon.colcon_core.package_identification:_identify(src/turtlebot3_infiniteloop) by extension 'colcon_meta'
[0.563s] Level 1:colcon.colcon_core.package_identification:_identify(src/turtlebot3_infiniteloop) by extensions ['ros']
[0.563s] Level 1:colcon.colcon_core.package_identification:_identify(src/turtlebot3_infiniteloop) by extension 'ros'
[0.564s] DEBUG:colcon.colcon_core.package_identification:Package 'src/turtlebot3_infiniteloop' with type 'ros.ament_python' and name 'turtlebot3_infiniteloop'
[0.564s] Level 1:colcon.colcon_core.package_identification:_identify(src/turtlebot3_simulations) by extensions ['ignore', 'ignore_ament_install']
[0.564s] Level 1:colcon.colcon_core.package_identification:_identify(src/turtlebot3_simulations) by extension 'ignore'
[0.565s] Level 1:colcon.colcon_core.package_identification:_identify(src/turtlebot3_simulations) by extension 'ignore_ament_install'
[0.565s] Level 1:colcon.colcon_core.package_identification:_identify(src/turtlebot3_simulations) by extensions ['colcon_pkg']
[0.565s] Level 1:colcon.colcon_core.package_identification:_identify(src/turtlebot3_simulations) by extension 'colcon_pkg'
[0.565s] Level 1:colcon.colcon_core.package_identification:_identify(src/turtlebot3_simulations) by extensions ['colcon_meta']
[0.565s] Level 1:colcon.colcon_core.package_identification:_identify(src/turtlebot3_simulations) by extension 'colcon_meta'
[0.565s] Level 1:colcon.colcon_core.package_identification:_identify(src/turtlebot3_simulations) by extensions ['ros']
[0.565s] Level 1:colcon.colcon_core.package_identification:_identify(src/turtlebot3_simulations) by extension 'ros'
[0.565s] Level 1:colcon.colcon_core.package_identification:_identify(src/turtlebot3_simulations) by extensions ['cmake', 'python']
[0.565s] Level 1:colcon.colcon_core.package_identification:_identify(src/turtlebot3_simulations) by extension 'cmake'
[0.565s] Level 1:colcon.colcon_core.package_identification:_identify(src/turtlebot3_simulations) by extension 'python'
[0.566s] Level 1:colcon.colcon_core.package_identification:_identify(src/turtlebot3_simulations) by extensions ['python_setup_py']
[0.566s] Level 1:colcon.colcon_core.package_identification:_identify(src/turtlebot3_simulations) by extension 'python_setup_py'
[0.566s] Level 1:colcon.colcon_core.package_identification:_identify(src/turtlebot3_simulations/turtlebot3_fake_node) by extensions ['ignore', 'ignore_ament_install']
[0.566s] Level 1:colcon.colcon_core.package_identification:_identify(src/turtlebot3_simulations/turtlebot3_fake_node) by extension 'ignore'
[0.566s] Level 1:colcon.colcon_core.package_identification:_identify(src/turtlebot3_simulations/turtlebot3_fake_node) by extension 'ignore_ament_install'
[0.566s] Level 1:colcon.colcon_core.package_identification:_identify(src/turtlebot3_simulations/turtlebot3_fake_node) by extensions ['colcon_pkg']
[0.566s] Level 1:colcon.colcon_core.package_identification:_identify(src/turtlebot3_simulations/turtlebot3_fake_node) by extension 'colcon_pkg'
[0.566s] Level 1:colcon.colcon_core.package_identification:_identify(src/turtlebot3_simulations/turtlebot3_fake_node) by extensions ['colcon_meta']
[0.566s] Level 1:colcon.colcon_core.package_identification:_identify(src/turtlebot3_simulations/turtlebot3_fake_node) by extension 'colcon_meta'
[0.567s] Level 1:colcon.colcon_core.package_identification:_identify(src/turtlebot3_simulations/turtlebot3_fake_node) by extensions ['ros']
[0.567s] Level 1:colcon.colcon_core.package_identification:_identify(src/turtlebot3_simulations/turtlebot3_fake_node) by extension 'ros'
[0.569s] DEBUG:colcon.colcon_core.package_identification:Package 'src/turtlebot3_simulations/turtlebot3_fake_node' with type 'ros.ament_cmake' and name 'turtlebot3_fake_node'
[0.570s] Level 1:colcon.colcon_core.package_identification:_identify(src/turtlebot3_simulations/turtlebot3_gazebo) by extensions ['ignore', 'ignore_ament_install']
[0.570s] Level 1:colcon.colcon_core.package_identification:_identify(src/turtlebot3_simulations/turtlebot3_gazebo) by extension 'ignore'
[0.570s] Level 1:colcon.colcon_core.package_identification:_identify(src/turtlebot3_simulations/turtlebot3_gazebo) by extension 'ignore_ament_install'
[0.571s] Level 1:colcon.colcon_core.package_identification:_identify(src/turtlebot3_simulations/turtlebot3_gazebo) by extensions ['colcon_pkg']
[0.571s] Level 1:colcon.colcon_core.package_identification:_identify(src/turtlebot3_simulations/turtlebot3_gazebo) by extension 'colcon_pkg'
[0.571s] Level 1:colcon.colcon_core.package_identification:_identify(src/turtlebot3_simulations/turtlebot3_gazebo) by extensions ['colcon_meta']
[0.571s] Level 1:colcon.colcon_core.package_identification:_identify(src/turtlebot3_simulations/turtlebot3_gazebo) by extension 'colcon_meta'
[0.571s] Level 1:colcon.colcon_core.package_identification:_identify(src/turtlebot3_simulations/turtlebot3_gazebo) by extensions ['ros']
[0.571s] Level 1:colcon.colcon_core.package_identification:_identify(src/turtlebot3_simulations/turtlebot3_gazebo) by extension 'ros'
[0.573s] DEBUG:colcon.colcon_core.package_identification:Package 'src/turtlebot3_simulations/turtlebot3_gazebo' with type 'ros.ament_cmake' and name 'turtlebot3_gazebo'
[0.574s] Level 1:colcon.colcon_core.package_identification:_identify(src/turtlebot3_simulations/turtlebot3_simulations) by extensions ['ignore', 'ignore_ament_install']
[0.574s] Level 1:colcon.colcon_core.package_identification:_identify(src/turtlebot3_simulations/turtlebot3_simulations) by extension 'ignore'
[0.574s] Level 1:colcon.colcon_core.package_identification:_identify(src/turtlebot3_simulations/turtlebot3_simulations) by extension 'ignore_ament_install'
[0.574s] Level 1:colcon.colcon_core.package_identification:_identify(src/turtlebot3_simulations/turtlebot3_simulations) by extensions ['colcon_pkg']
[0.574s] Level 1:colcon.colcon_core.package_identification:_identify(src/turtlebot3_simulations/turtlebot3_simulations) by extension 'colcon_pkg'
[0.574s] Level 1:colcon.colcon_core.package_identification:_identify(src/turtlebot3_simulations/turtlebot3_simulations) by extensions ['colcon_meta']
[0.574s] Level 1:colcon.colcon_core.package_identification:_identify(src/turtlebot3_simulations/turtlebot3_simulations) by extension 'colcon_meta'
[0.574s] Level 1:colcon.colcon_core.package_identification:_identify(src/turtlebot3_simulations/turtlebot3_simulations) by extensions ['ros']
[0.575s] Level 1:colcon.colcon_core.package_identification:_identify(src/turtlebot3_simulations/turtlebot3_simulations) by extension 'ros'
[0.576s] DEBUG:colcon.colcon_core.package_identification:Package 'src/turtlebot3_simulations/turtlebot3_simulations' with type 'ros.ament_cmake' and name 'turtlebot3_simulations'
[0.576s] Level 1:colcon.colcon_core.package_discovery:discover_packages(recursive) using defaults
[0.576s] Level 1:colcon.colcon_core.package_discovery:discover_packages(ignore) discover
[0.576s] Level 1:colcon.colcon_core.package_discovery:discover_packages(ignore) using defaults
[0.576s] Level 1:colcon.colcon_core.package_discovery:discover_packages(path) discover
[0.576s] Level 1:colcon.colcon_core.package_discovery:discover_packages(path) using defaults
[0.607s] INFO:colcon.colcon_core.package_selection:Skipping not selected package 'turtlebot3_act_interfaces' in 'src/turtlebot3_act_interfaces'
[0.607s] INFO:colcon.colcon_core.package_selection:Skipping not selected package 'turtlebot3_action' in 'src/turtlebot3_action'
[0.607s] INFO:colcon.colcon_core.package_selection:Skipping not selected package 'turtlebot3_actionserver' in 'src/turtlebot3_actionserver'
[0.607s] INFO:colcon.colcon_core.package_selection:Skipping not selected package 'turtlebot3_fake_node' in 'src/turtlebot3_simulations/turtlebot3_fake_node'
[0.607s] INFO:colcon.colcon_core.package_selection:Skipping not selected package 'turtlebot3_gazebo' in 'src/turtlebot3_simulations/turtlebot3_gazebo'
[0.607s] INFO:colcon.colcon_core.package_selection:Skipping not selected package 'turtlebot3_infiniteloop' in 'src/turtlebot3_infiniteloop'
[0.607s] INFO:colcon.colcon_core.package_selection:Skipping not selected package 'turtlebot3_simulations' in 'src/turtlebot3_simulations/turtlebot3_simulations'
[0.611s] Level 5:colcon.colcon_core.verb:set package 'raspimouse_tugas' build argument 'cmake_args' from command line to 'None'
[0.611s] Level 5:colcon.colcon_core.verb:set package 'raspimouse_tugas' build argument 'cmake_target' from command line to 'None'
[0.612s] Level 5:colcon.colcon_core.verb:set package 'raspimouse_tugas' build argument 'cmake_target_skip_unavailable' from command line to 'False'
[0.612s] Level 5:colcon.colcon_core.verb:set package 'raspimouse_tugas' build argument 'cmake_clean_cache' from command line to 'False'
[0.612s] Level 5:colcon.colcon_core.verb:set package 'raspimouse_tugas' build argument 'cmake_clean_first' from command line to 'False'
[0.612s] Level 5:colcon.colcon_core.verb:set package 'raspimouse_tugas' build argument 'cmake_force_configure' from command line to 'False'
[0.612s] Level 5:colcon.colcon_core.verb:set package 'raspimouse_tugas' build argument 'ament_cmake_args' from command line to 'None'
[0.612s] Level 5:colcon.colcon_core.verb:set package 'raspimouse_tugas' build argument 'catkin_cmake_args' from command line to 'None'
[0.612s] Level 5:colcon.colcon_core.verb:set package 'raspimouse_tugas' build argument 'catkin_skip_building_tests' from command line to 'False'
[0.612s] DEBUG:colcon.colcon_core.verb:Building package 'raspimouse_tugas' with the following arguments: {'ament_cmake_args': None, 'build_base': '/home/yonathanarya/colcon_ws/build/raspimouse_tugas', 'catkin_cmake_args': None, 'catkin_skip_building_tests': False, 'cmake_args': None, 'cmake_clean_cache': False, 'cmake_clean_first': False, 'cmake_force_configure': False, 'cmake_target': None, 'cmake_target_skip_unavailable': False, 'install_base': '/home/yonathanarya/colcon_ws/install/raspimouse_tugas', 'merge_install': False, 'path': '/home/yonathanarya/colcon_ws/src/raspimouse_tugas', 'symlink_install': False, 'test_result_base': None}
[0.612s] INFO:colcon.colcon_core.executor:Executing jobs using 'parallel' executor
[0.616s] DEBUG:colcon.colcon_parallel_executor.executor.parallel:run_until_complete
[0.617s] INFO:colcon.colcon_ros.task.ament_python.build:Building ROS package in '/home/yonathanarya/colcon_ws/src/raspimouse_tugas' with build type 'ament_python'
[0.617s] Level 1:colcon.colcon_core.shell:create_environment_hook('raspimouse_tugas', 'ament_prefix_path')
[0.624s] INFO:colcon.colcon_core.plugin_system:Skipping extension 'colcon_core.shell.bat': Not used on non-Windows systems
[0.624s] INFO:colcon.colcon_core.shell:Creating environment hook '/home/yonathanarya/colcon_ws/install/raspimouse_tugas/share/raspimouse_tugas/hook/ament_prefix_path.ps1'
[0.625s] INFO:colcon.colcon_core.shell:Creating environment descriptor '/home/yonathanarya/colcon_ws/install/raspimouse_tugas/share/raspimouse_tugas/hook/ament_prefix_path.dsv'
[0.626s] INFO:colcon.colcon_core.shell:Creating environment hook '/home/yonathanarya/colcon_ws/install/raspimouse_tugas/share/raspimouse_tugas/hook/ament_prefix_path.sh'
[0.627s] INFO:colcon.colcon_core.shell:Skip shell extension 'powershell' for command environment: Not usable outside of PowerShell
[0.627s] DEBUG:colcon.colcon_core.shell:Skip shell extension 'dsv' for command environment
[0.632s] DEBUG:colcon.colcon_core.shell:Ignoring prefix path '/opt/ros/foxy'
[1.053s] INFO:colcon.colcon_core.task.python.build:Building Python package in '/home/yonathanarya/colcon_ws/src/raspimouse_tugas'
[1.055s] INFO:colcon.colcon_core.shell:Skip shell extension 'powershell' for command environment: Not usable outside of PowerShell
[1.055s] DEBUG:colcon.colcon_core.shell:Skip shell extension 'dsv' for command environment
[1.059s] DEBUG:colcon.colcon_core.shell:Ignoring prefix path '/opt/ros/foxy'
[1.070s] DEBUG:colcon.colcon_core.event_handler.log_command:Invoking command in '/home/yonathanarya/colcon_ws/src/raspimouse_tugas': PYTHONPATH=/home/yonathanarya/colcon_ws/install/raspimouse_tugas/lib/python3.8/site-packages:${PYTHONPATH} /usr/bin/python3 setup.py egg_info --egg-base ../../build/raspimouse_tugas build --build-base /home/yonathanarya/colcon_ws/build/raspimouse_tugas/build install --prefix /home/yonathanarya/colcon_ws/install/raspimouse_tugas --record /home/yonathanarya/colcon_ws/build/raspimouse_tugas/install.log --single-version-externally-managed
[1.680s] DEBUG:colcon.colcon_core.event_handler.log_command:Invoked command in '/home/yonathanarya/colcon_ws/src/raspimouse_tugas' returned '0': PYTHONPATH=/home/yonathanarya/colcon_ws/install/raspimouse_tugas/lib/python3.8/site-packages:${PYTHONPATH} /usr/bin/python3 setup.py egg_info --egg-base ../../build/raspimouse_tugas build --build-base /home/yonathanarya/colcon_ws/build/raspimouse_tugas/build install --prefix /home/yonathanarya/colcon_ws/install/raspimouse_tugas --record /home/yonathanarya/colcon_ws/build/raspimouse_tugas/install.log --single-version-externally-managed
[1.686s] Level 1:colcon.colcon_core.environment:checking '/home/yonathanarya/colcon_ws/install/raspimouse_tugas' for CMake module files
[1.687s] Level 1:colcon.colcon_core.environment:checking '/home/yonathanarya/colcon_ws/install/raspimouse_tugas' for CMake config files
[1.690s] Level 1:colcon.colcon_core.environment:checking '/home/yonathanarya/colcon_ws/install/raspimouse_tugas/lib'
[1.691s] Level 1:colcon.colcon_core.environment:checking '/home/yonathanarya/colcon_ws/install/raspimouse_tugas/bin'
[1.691s] Level 1:colcon.colcon_core.environment:checking '/home/yonathanarya/colcon_ws/install/raspimouse_tugas/lib/pkgconfig/raspimouse_tugas.pc'
[1.691s] Level 1:colcon.colcon_core.environment:checking '/home/yonathanarya/colcon_ws/install/raspimouse_tugas/lib/python3.8/site-packages'
[1.692s] Level 1:colcon.colcon_core.shell:create_environment_hook('raspimouse_tugas', 'pythonpath')
[1.693s] INFO:colcon.colcon_core.shell:Creating environment hook '/home/yonathanarya/colcon_ws/install/raspimouse_tugas/share/raspimouse_tugas/hook/pythonpath.ps1'
[1.694s] INFO:colcon.colcon_core.shell:Creating environment descriptor '/home/yonathanarya/colcon_ws/install/raspimouse_tugas/share/raspimouse_tugas/hook/pythonpath.dsv'
[1.695s] INFO:colcon.colcon_core.shell:Creating environment hook '/home/yonathanarya/colcon_ws/install/raspimouse_tugas/share/raspimouse_tugas/hook/pythonpath.sh'
[1.695s] Level 1:colcon.colcon_core.environment:create_environment_scripts_only(raspimouse_tugas)
[1.696s] INFO:colcon.colcon_core.shell:Creating package script '/home/yonathanarya/colcon_ws/install/raspimouse_tugas/share/raspimouse_tugas/package.ps1'
[1.698s] INFO:colcon.colcon_core.shell:Creating package descriptor '/home/yonathanarya/colcon_ws/install/raspimouse_tugas/share/raspimouse_tugas/package.dsv'
[1.699s] INFO:colcon.colcon_core.shell:Creating package script '/home/yonathanarya/colcon_ws/install/raspimouse_tugas/share/raspimouse_tugas/package.sh'
[1.701s] INFO:colcon.colcon_core.shell:Creating package script '/home/yonathanarya/colcon_ws/install/raspimouse_tugas/share/raspimouse_tugas/package.bash'
[1.703s] INFO:colcon.colcon_core.shell:Creating package script '/home/yonathanarya/colcon_ws/install/raspimouse_tugas/share/raspimouse_tugas/package.zsh'
[1.704s] Level 1:colcon.colcon_core.environment:create_file_with_runtime_dependencies(/home/yonathanarya/colcon_ws/install/raspimouse_tugas/share/colcon-core/packages/raspimouse_tugas)
[1.705s] DEBUG:colcon.colcon_parallel_executor.executor.parallel:closing loop
[1.706s] DEBUG:colcon.colcon_parallel_executor.executor.parallel:loop closed
[1.706s] DEBUG:colcon.colcon_parallel_executor.executor.parallel:run_until_complete finished with '0'
[1.707s] DEBUG:colcon.colcon_core.event_reactor:joining thread
[1.720s] INFO:colcon.colcon_core.plugin_system:Skipping extension 'colcon_notification.desktop_notification.terminal_notifier': Not used on non-Darwin systems
[1.720s] INFO:colcon.colcon_core.plugin_system:Skipping extension 'colcon_notification.desktop_notification.win32': Not used on non-Windows systems
[1.721s] INFO:colcon.colcon_notification.desktop_notification:Sending desktop notification using 'notify2'
[1.753s] DEBUG:colcon.colcon_core.event_reactor:joined thread
[1.756s] INFO:colcon.colcon_core.shell:Creating prefix script '/home/yonathanarya/colcon_ws/install/local_setup.ps1'
[1.759s] INFO:colcon.colcon_core.shell:Creating prefix util module '/home/yonathanarya/colcon_ws/install/_local_setup_util_ps1.py'
[1.762s] INFO:colcon.colcon_core.shell:Creating prefix chain script '/home/yonathanarya/colcon_ws/install/setup.ps1'
[1.767s] INFO:colcon.colcon_core.shell:Creating prefix script '/home/yonathanarya/colcon_ws/install/local_setup.sh'
[1.770s] INFO:colcon.colcon_core.shell:Creating prefix util module '/home/yonathanarya/colcon_ws/install/_local_setup_util_sh.py'
[1.771s] INFO:colcon.colcon_core.shell:Creating prefix chain script '/home/yonathanarya/colcon_ws/install/setup.sh'
[1.780s] INFO:colcon.colcon_core.shell:Creating prefix script '/home/yonathanarya/colcon_ws/install/local_setup.bash'
[1.781s] INFO:colcon.colcon_core.shell:Creating prefix chain script '/home/yonathanarya/colcon_ws/install/setup.bash'
[1.788s] INFO:colcon.colcon_core.shell:Creating prefix script '/home/yonathanarya/colcon_ws/install/local_setup.zsh'
[1.790s] INFO:colcon.colcon_core.shell:Creating prefix chain script '/home/yonathanarya/colcon_ws/install/setup.zsh'
