[0.053s] Invoking command in '/home/yonathanarya/colcon_ws/build/turtlebot3_act_interfaces': CMAKE_PREFIX_PATH=/home/yonathanarya/colcon_ws/install/turtlebot3_infiniteloop:/home/yonathanarya/colcon_ws/install/turtlebot3_actionserver:/home/yonathanarya/colcon_ws/install/turtlebot3_action:/opt/ros/foxy:${CMAKE_PREFIX_PATH} /usr/bin/cmake /home/yonathanarya/colcon_ws/src/turtlebot3_act_interfaces -DCMAKE_INSTALL_PREFIX=/home/yonathanarya/colcon_ws/install/turtlebot3_act_interfaces
[1.596s] -- Found ament_cmake: 0.9.9 (/opt/ros/foxy/share/ament_cmake/cmake)
[1.596s] -- Found PythonInterp: /usr/bin/python3 (found suitable version "3.8.10", minimum required is "3") 
[1.596s] -- Using PYTHON_EXECUTABLE: /usr/bin/python3
[1.596s] -- Override CMake install command with custom implementation using symlinks instead of copying resources
[1.596s] -- Found rosidl_default_generators: 1.0.1 (/opt/ros/foxy/share/rosidl_default_generators/cmake)
[1.596s] -- Using all available rosidl_typesupport_c: rosidl_typesupport_fastrtps_c;rosidl_typesupport_introspection_c
[1.596s] -- Found rosidl_adapter: 1.2.1 (/opt/ros/foxy/share/rosidl_adapter/cmake)
[1.597s] -- Using all available rosidl_typesupport_cpp: rosidl_typesupport_fastrtps_cpp;rosidl_typesupport_introspection_cpp
[1.597s] -- Found PythonInterp: /usr/bin/python3 (found version "3.8.10") 
[1.597s] -- Found ament_cmake_ros: 0.9.2 (/opt/ros/foxy/share/ament_cmake_ros/cmake)
[1.597s] -- Using all available rosidl_typesupport_c: rosidl_typesupport_fastrtps_c;rosidl_typesupport_introspection_c
[1.598s] -- Using all available rosidl_typesupport_cpp: rosidl_typesupport_fastrtps_cpp;rosidl_typesupport_introspection_cpp
[1.598s] -- Found PythonInterp: /usr/bin/python3 (found suitable version "3.8.10", minimum required is "3.5") 
[1.599s] -- Found python_cmake_module: 0.8.1 (/opt/ros/foxy/share/python_cmake_module/cmake)
[1.599s] -- Using PYTHON_EXECUTABLE: /usr/bin/python3
[1.599s] -- Using PYTHON_INCLUDE_DIRS: /usr/include/python3.8
[1.602s] -- Using PYTHON_LIBRARIES: /usr/lib/x86_64-linux-gnu/libpython3.8.so
[1.603s] -- Found ament_lint_auto: 0.9.6 (/opt/ros/foxy/share/ament_lint_auto/cmake)
[1.603s] -- Added test 'copyright' to check source files copyright and LICENSE
[1.603s] -- Added test 'lint_cmake' to check CMake code style
[1.604s] -- Added test 'xmllint' to check XML markup files
[1.604s] -- Configuring done
[1.604s] -- Generating done
[1.604s] -- Build files have been written to: /home/yonathanarya/colcon_ws/build/turtlebot3_act_interfaces
[1.611s] Invoked command in '/home/yonathanarya/colcon_ws/build/turtlebot3_act_interfaces' returned '0': CMAKE_PREFIX_PATH=/home/yonathanarya/colcon_ws/install/turtlebot3_infiniteloop:/home/yonathanarya/colcon_ws/install/turtlebot3_actionserver:/home/yonathanarya/colcon_ws/install/turtlebot3_action:/opt/ros/foxy:${CMAKE_PREFIX_PATH} /usr/bin/cmake /home/yonathanarya/colcon_ws/src/turtlebot3_act_interfaces -DCMAKE_INSTALL_PREFIX=/home/yonathanarya/colcon_ws/install/turtlebot3_act_interfaces
[1.612s] Invoking command in '/home/yonathanarya/colcon_ws/build/turtlebot3_act_interfaces': CMAKE_PREFIX_PATH=/home/yonathanarya/colcon_ws/install/turtlebot3_infiniteloop:/home/yonathanarya/colcon_ws/install/turtlebot3_actionserver:/home/yonathanarya/colcon_ws/install/turtlebot3_action:/opt/ros/foxy:${CMAKE_PREFIX_PATH} /usr/bin/cmake --build /home/yonathanarya/colcon_ws/build/turtlebot3_act_interfaces -- -j8 -l8
[2.106s] [  3%] Built target turtlebot3_act_interfaces__cpp
[2.107s] [ 12%] Built target turtlebot3_act_interfaces__rosidl_generator_c
[2.107s] [ 22%] Built target turtlebot3_act_interfaces__rosidl_typesupport_introspection_cpp
[2.108s] [ 32%] Built target turtlebot3_act_interfaces__rosidl_typesupport_cpp
[2.110s] [ 41%] Built target turtlebot3_act_interfaces__rosidl_typesupport_fastrtps_cpp
[2.111s] [ 51%] Built target turtlebot3_act_interfaces__rosidl_typesupport_introspection_c
[2.115s] [ 61%] Built target turtlebot3_act_interfaces__rosidl_typesupport_c
[2.115s] [ 70%] Built target turtlebot3_act_interfaces__rosidl_typesupport_fastrtps_c
[2.115s] [ 70%] Built target turtlebot3_act_interfaces
[2.115s] [ 74%] Built target turtlebot3_act_interfaces__py
[2.116s] [ 80%] Built target turtlebot3_act_interfaces__python
[2.116s] [ 87%] Built target turtlebot3_act_interfaces__rosidl_typesupport_c__pyext
[2.117s] [ 93%] Built target turtlebot3_act_interfaces__rosidl_typesupport_fastrtps_c__pyext
[2.117s] [100%] Built target turtlebot3_act_interfaces__rosidl_typesupport_introspection_c__pyext
[2.127s] Invoked command in '/home/yonathanarya/colcon_ws/build/turtlebot3_act_interfaces' returned '0': CMAKE_PREFIX_PATH=/home/yonathanarya/colcon_ws/install/turtlebot3_infiniteloop:/home/yonathanarya/colcon_ws/install/turtlebot3_actionserver:/home/yonathanarya/colcon_ws/install/turtlebot3_action:/opt/ros/foxy:${CMAKE_PREFIX_PATH} /usr/bin/cmake --build /home/yonathanarya/colcon_ws/build/turtlebot3_act_interfaces -- -j8 -l8
[2.224s] Invoking command in '/home/yonathanarya/colcon_ws/build/turtlebot3_act_interfaces': CMAKE_PREFIX_PATH=/home/yonathanarya/colcon_ws/install/turtlebot3_infiniteloop:/home/yonathanarya/colcon_ws/install/turtlebot3_actionserver:/home/yonathanarya/colcon_ws/install/turtlebot3_action:/opt/ros/foxy:${CMAKE_PREFIX_PATH} /usr/bin/cmake --install /home/yonathanarya/colcon_ws/build/turtlebot3_act_interfaces
[2.240s] -- Install configuration: ""
[2.241s] -- Execute custom install script
[2.242s] -- Up-to-date symlink: /home/yonathanarya/colcon_ws/install/turtlebot3_act_interfaces/share/ament_index/resource_index/rosidl_interfaces/turtlebot3_act_interfaces
[2.243s] -- Up-to-date symlink: /home/yonathanarya/colcon_ws/install/turtlebot3_act_interfaces/include/turtlebot3_act_interfaces/action/detail/task__functions.h
[2.244s] -- Up-to-date symlink: /home/yonathanarya/colcon_ws/install/turtlebot3_act_interfaces/include/turtlebot3_act_interfaces/action/detail/task__struct.h
[2.244s] -- Up-to-date symlink: /home/yonathanarya/colcon_ws/install/turtlebot3_act_interfaces/include/turtlebot3_act_interfaces/action/detail/task__type_support.h
[2.245s] -- Up-to-date symlink: /home/yonathanarya/colcon_ws/install/turtlebot3_act_interfaces/include/turtlebot3_act_interfaces/action/task.h
[2.245s] -- Up-to-date symlink: /home/yonathanarya/colcon_ws/install/turtlebot3_act_interfaces/include/turtlebot3_act_interfaces/msg/rosidl_generator_c__visibility_control.h
[2.246s] -- Up-to-date symlink: /home/yonathanarya/colcon_ws/install/turtlebot3_act_interfaces/share/turtlebot3_act_interfaces/environment/library_path.sh
[2.246s] -- Up-to-date symlink: /home/yonathanarya/colcon_ws/install/turtlebot3_act_interfaces/share/turtlebot3_act_interfaces/environment/library_path.dsv
[2.248s] -- Up-to-date symlink: /home/yonathanarya/colcon_ws/install/turtlebot3_act_interfaces/include/turtlebot3_act_interfaces/action/detail/task__rosidl_typesupport_fastrtps_c.h
[2.248s] -- Up-to-date symlink: /home/yonathanarya/colcon_ws/install/turtlebot3_act_interfaces/include/turtlebot3_act_interfaces/msg/rosidl_typesupport_fastrtps_c__visibility_control.h
[2.249s] -- Up-to-date symlink: /home/yonathanarya/colcon_ws/install/turtlebot3_act_interfaces/lib/libturtlebot3_act_interfaces__rosidl_typesupport_fastrtps_c.so
[2.250s] -- Up-to-date symlink: /home/yonathanarya/colcon_ws/install/turtlebot3_act_interfaces/include/turtlebot3_act_interfaces/action/detail/task__rosidl_typesupport_fastrtps_cpp.hpp
[2.251s] -- Up-to-date symlink: /home/yonathanarya/colcon_ws/install/turtlebot3_act_interfaces/include/turtlebot3_act_interfaces/msg/rosidl_typesupport_fastrtps_cpp__visibility_control.h
[2.252s] -- Up-to-date symlink: /home/yonathanarya/colcon_ws/install/turtlebot3_act_interfaces/lib/libturtlebot3_act_interfaces__rosidl_typesupport_fastrtps_cpp.so
[2.253s] -- Up-to-date symlink: /home/yonathanarya/colcon_ws/install/turtlebot3_act_interfaces/include/turtlebot3_act_interfaces/action/detail/task__rosidl_typesupport_introspection_c.h
[2.253s] -- Up-to-date symlink: /home/yonathanarya/colcon_ws/install/turtlebot3_act_interfaces/include/turtlebot3_act_interfaces/msg/rosidl_typesupport_introspection_c__visibility_control.h
[2.254s] -- Up-to-date symlink: /home/yonathanarya/colcon_ws/install/turtlebot3_act_interfaces/include/turtlebot3_act_interfaces/action/detail/task__builder.hpp
[2.254s] -- Up-to-date symlink: /home/yonathanarya/colcon_ws/install/turtlebot3_act_interfaces/include/turtlebot3_act_interfaces/action/detail/task__struct.hpp
[2.255s] -- Up-to-date symlink: /home/yonathanarya/colcon_ws/install/turtlebot3_act_interfaces/include/turtlebot3_act_interfaces/action/detail/task__traits.hpp
[2.255s] -- Up-to-date symlink: /home/yonathanarya/colcon_ws/install/turtlebot3_act_interfaces/include/turtlebot3_act_interfaces/action/task.hpp
[2.256s] -- Up-to-date symlink: /home/yonathanarya/colcon_ws/install/turtlebot3_act_interfaces/include/turtlebot3_act_interfaces/action/detail/task__rosidl_typesupport_introspection_cpp.hpp
[2.257s] -- Up-to-date symlink: /home/yonathanarya/colcon_ws/install/turtlebot3_act_interfaces/share/turtlebot3_act_interfaces/environment/pythonpath.sh
[2.258s] -- Up-to-date symlink: /home/yonathanarya/colcon_ws/install/turtlebot3_act_interfaces/share/turtlebot3_act_interfaces/environment/pythonpath.dsv
[2.258s] -- Up-to-date symlink: /home/yonathanarya/colcon_ws/install/turtlebot3_act_interfaces/lib/python3.8/site-packages/turtlebot3_act_interfaces/__init__.py
[2.259s] -- Up-to-date symlink: /home/yonathanarya/colcon_ws/install/turtlebot3_act_interfaces/lib/python3.8/site-packages/turtlebot3_act_interfaces/action/__init__.py
[2.260s] -- Up-to-date symlink: /home/yonathanarya/colcon_ws/install/turtlebot3_act_interfaces/lib/python3.8/site-packages/turtlebot3_act_interfaces/action/_task.py
[2.261s] -- Up-to-date symlink: /home/yonathanarya/colcon_ws/install/turtlebot3_act_interfaces/lib/python3.8/site-packages/turtlebot3_act_interfaces/turtlebot3_act_interfaces_s__rosidl_typesupport_fastrtps_c.cpython-38-x86_64-linux-gnu.so
[2.261s] -- Up-to-date symlink: /home/yonathanarya/colcon_ws/install/turtlebot3_act_interfaces/lib/python3.8/site-packages/turtlebot3_act_interfaces/turtlebot3_act_interfaces_s__rosidl_typesupport_introspection_c.cpython-38-x86_64-linux-gnu.so
[2.262s] -- Up-to-date symlink: /home/yonathanarya/colcon_ws/install/turtlebot3_act_interfaces/lib/python3.8/site-packages/turtlebot3_act_interfaces/turtlebot3_act_interfaces_s__rosidl_typesupport_c.cpython-38-x86_64-linux-gnu.so
[2.263s] -- Up-to-date symlink: /home/yonathanarya/colcon_ws/install/turtlebot3_act_interfaces/lib/libturtlebot3_act_interfaces__python.so
[2.264s] -- Up-to-date symlink: /home/yonathanarya/colcon_ws/install/turtlebot3_act_interfaces/share/turtlebot3_act_interfaces/action/Task.idl
[2.264s] -- Up-to-date symlink: /home/yonathanarya/colcon_ws/install/turtlebot3_act_interfaces/share/turtlebot3_act_interfaces/action/Task.action
[2.265s] -- Up-to-date symlink: /home/yonathanarya/colcon_ws/install/turtlebot3_act_interfaces/share/ament_index/resource_index/package_run_dependencies/turtlebot3_act_interfaces
[2.266s] -- Up-to-date symlink: /home/yonathanarya/colcon_ws/install/turtlebot3_act_interfaces/share/ament_index/resource_index/parent_prefix_path/turtlebot3_act_interfaces
[2.266s] -- Up-to-date symlink: /home/yonathanarya/colcon_ws/install/turtlebot3_act_interfaces/share/turtlebot3_act_interfaces/environment/ament_prefix_path.sh
[2.267s] -- Up-to-date symlink: /home/yonathanarya/colcon_ws/install/turtlebot3_act_interfaces/share/turtlebot3_act_interfaces/environment/ament_prefix_path.dsv
[2.268s] -- Up-to-date symlink: /home/yonathanarya/colcon_ws/install/turtlebot3_act_interfaces/share/turtlebot3_act_interfaces/environment/path.sh
[2.268s] -- Up-to-date symlink: /home/yonathanarya/colcon_ws/install/turtlebot3_act_interfaces/share/turtlebot3_act_interfaces/environment/path.dsv
[2.269s] -- Up-to-date symlink: /home/yonathanarya/colcon_ws/install/turtlebot3_act_interfaces/share/turtlebot3_act_interfaces/local_setup.bash
[2.269s] -- Up-to-date symlink: /home/yonathanarya/colcon_ws/install/turtlebot3_act_interfaces/share/turtlebot3_act_interfaces/local_setup.sh
[2.270s] -- Up-to-date symlink: /home/yonathanarya/colcon_ws/install/turtlebot3_act_interfaces/share/turtlebot3_act_interfaces/local_setup.zsh
[2.270s] -- Up-to-date symlink: /home/yonathanarya/colcon_ws/install/turtlebot3_act_interfaces/share/turtlebot3_act_interfaces/local_setup.dsv
[2.274s] -- Symlinking: /home/yonathanarya/colcon_ws/install/turtlebot3_act_interfaces/share/turtlebot3_act_interfaces/package.dsv
[2.285s] -- Up-to-date symlink: /home/yonathanarya/colcon_ws/install/turtlebot3_act_interfaces/share/ament_index/resource_index/packages/turtlebot3_act_interfaces
[2.286s] -- Up-to-date symlink: /home/yonathanarya/colcon_ws/install/turtlebot3_act_interfaces/share/turtlebot3_act_interfaces/cmake/rosidl_cmake-extras.cmake
[2.286s] -- Up-to-date symlink: /home/yonathanarya/colcon_ws/install/turtlebot3_act_interfaces/share/turtlebot3_act_interfaces/cmake/ament_cmake_export_dependencies-extras.cmake
[2.287s] -- Up-to-date symlink: /home/yonathanarya/colcon_ws/install/turtlebot3_act_interfaces/share/turtlebot3_act_interfaces/cmake/ament_cmake_export_libraries-extras.cmake
[2.287s] -- Up-to-date symlink: /home/yonathanarya/colcon_ws/install/turtlebot3_act_interfaces/share/turtlebot3_act_interfaces/cmake/ament_cmake_export_targets-extras.cmake
[2.288s] -- Up-to-date symlink: /home/yonathanarya/colcon_ws/install/turtlebot3_act_interfaces/share/turtlebot3_act_interfaces/cmake/ament_cmake_export_include_directories-extras.cmake
[2.288s] -- Up-to-date symlink: /home/yonathanarya/colcon_ws/install/turtlebot3_act_interfaces/share/turtlebot3_act_interfaces/cmake/rosidl_cmake_export_typesupport_libraries-extras.cmake
[2.289s] -- Up-to-date symlink: /home/yonathanarya/colcon_ws/install/turtlebot3_act_interfaces/share/turtlebot3_act_interfaces/cmake/rosidl_cmake_export_typesupport_targets-extras.cmake
[2.290s] -- Up-to-date symlink: /home/yonathanarya/colcon_ws/install/turtlebot3_act_interfaces/share/turtlebot3_act_interfaces/cmake/turtlebot3_act_interfacesConfig.cmake
[2.290s] -- Up-to-date symlink: /home/yonathanarya/colcon_ws/install/turtlebot3_act_interfaces/share/turtlebot3_act_interfaces/cmake/turtlebot3_act_interfacesConfig-version.cmake
[2.290s] -- Up-to-date symlink: /home/yonathanarya/colcon_ws/install/turtlebot3_act_interfaces/share/turtlebot3_act_interfaces/package.xml
[2.291s] -- Up-to-date: /home/yonathanarya/colcon_ws/install/turtlebot3_act_interfaces/lib/libturtlebot3_act_interfaces__rosidl_generator_c.so
[2.292s] -- Up-to-date: /home/yonathanarya/colcon_ws/install/turtlebot3_act_interfaces/lib/libturtlebot3_act_interfaces__rosidl_typesupport_introspection_c.so
[2.292s] -- Up-to-date: /home/yonathanarya/colcon_ws/install/turtlebot3_act_interfaces/lib/libturtlebot3_act_interfaces__rosidl_typesupport_c.so
[2.293s] -- Up-to-date: /home/yonathanarya/colcon_ws/install/turtlebot3_act_interfaces/lib/libturtlebot3_act_interfaces__rosidl_typesupport_introspection_cpp.so
[2.302s] -- Up-to-date: /home/yonathanarya/colcon_ws/install/turtlebot3_act_interfaces/lib/libturtlebot3_act_interfaces__rosidl_typesupport_cpp.so
[2.361s] Compiling '/home/yonathanarya/colcon_ws/install/turtlebot3_act_interfaces/lib/python3.8/site-packages/turtlebot3_act_interfaces/__init__.py'...
[2.369s] -- Up-to-date: /home/yonathanarya/colcon_ws/install/turtlebot3_act_interfaces/share/turtlebot3_act_interfaces/cmake/turtlebot3_act_interfaces__rosidl_generator_cExport.cmake
[2.369s] -- Installing: /home/yonathanarya/colcon_ws/install/turtlebot3_act_interfaces/share/turtlebot3_act_interfaces/cmake/turtlebot3_act_interfaces__rosidl_generator_cExport-noconfig.cmake
[2.370s] -- Up-to-date: /home/yonathanarya/colcon_ws/install/turtlebot3_act_interfaces/share/turtlebot3_act_interfaces/cmake/turtlebot3_act_interfaces__rosidl_typesupport_introspection_cExport.cmake
[2.370s] -- Installing: /home/yonathanarya/colcon_ws/install/turtlebot3_act_interfaces/share/turtlebot3_act_interfaces/cmake/turtlebot3_act_interfaces__rosidl_typesupport_introspection_cExport-noconfig.cmake
[2.370s] -- Up-to-date: /home/yonathanarya/colcon_ws/install/turtlebot3_act_interfaces/share/turtlebot3_act_interfaces/cmake/turtlebot3_act_interfaces__rosidl_typesupport_cExport.cmake
[2.370s] -- Installing: /home/yonathanarya/colcon_ws/install/turtlebot3_act_interfaces/share/turtlebot3_act_interfaces/cmake/turtlebot3_act_interfaces__rosidl_typesupport_cExport-noconfig.cmake
[2.371s] -- Up-to-date: /home/yonathanarya/colcon_ws/install/turtlebot3_act_interfaces/share/turtlebot3_act_interfaces/cmake/turtlebot3_act_interfaces__rosidl_generator_cppExport.cmake
[2.371s] -- Up-to-date: /home/yonathanarya/colcon_ws/install/turtlebot3_act_interfaces/share/turtlebot3_act_interfaces/cmake/turtlebot3_act_interfaces__rosidl_typesupport_introspection_cppExport.cmake
[2.371s] -- Installing: /home/yonathanarya/colcon_ws/install/turtlebot3_act_interfaces/share/turtlebot3_act_interfaces/cmake/turtlebot3_act_interfaces__rosidl_typesupport_introspection_cppExport-noconfig.cmake
[2.371s] -- Up-to-date: /home/yonathanarya/colcon_ws/install/turtlebot3_act_interfaces/share/turtlebot3_act_interfaces/cmake/turtlebot3_act_interfaces__rosidl_typesupport_cppExport.cmake
[2.372s] -- Installing: /home/yonathanarya/colcon_ws/install/turtlebot3_act_interfaces/share/turtlebot3_act_interfaces/cmake/turtlebot3_act_interfaces__rosidl_typesupport_cppExport-noconfig.cmake
[2.396s] Invoked command in '/home/yonathanarya/colcon_ws/build/turtlebot3_act_interfaces' returned '0': CMAKE_PREFIX_PATH=/home/yonathanarya/colcon_ws/install/turtlebot3_infiniteloop:/home/yonathanarya/colcon_ws/install/turtlebot3_actionserver:/home/yonathanarya/colcon_ws/install/turtlebot3_action:/opt/ros/foxy:${CMAKE_PREFIX_PATH} /usr/bin/cmake --install /home/yonathanarya/colcon_ws/build/turtlebot3_act_interfaces
