running egg_info
creating ../../build/raspimouse_tugas/raspimouse_tugas.egg-info
writing ../../build/raspimouse_tugas/raspimouse_tugas.egg-info/PKG-INFO
writing dependency_links to ../../build/raspimouse_tugas/raspimouse_tugas.egg-info/dependency_links.txt
writing entry points to ../../build/raspimouse_tugas/raspimouse_tugas.egg-info/entry_points.txt
writing requirements to ../../build/raspimouse_tugas/raspimouse_tugas.egg-info/requires.txt
writing top-level names to ../../build/raspimouse_tugas/raspimouse_tugas.egg-info/top_level.txt
writing manifest file '../../build/raspimouse_tugas/raspimouse_tugas.egg-info/SOURCES.txt'
reading manifest file '../../build/raspimouse_tugas/raspimouse_tugas.egg-info/SOURCES.txt'
writing manifest file '../../build/raspimouse_tugas/raspimouse_tugas.egg-info/SOURCES.txt'
running build
running build_py
creating /home/yonathanarya/colcon_ws/build/raspimouse_tugas/build
creating /home/yonathanarya/colcon_ws/build/raspimouse_tugas/build/lib
creating /home/yonathanarya/colcon_ws/build/raspimouse_tugas/build/lib/raspimouse_tugas
copying raspimouse_tugas/__init__.py -> /home/yonathanarya/colcon_ws/build/raspimouse_tugas/build/lib/raspimouse_tugas
running install
running install_lib
creating /home/yonathanarya/colcon_ws/install/raspimouse_tugas/lib/python3.8/site-packages/raspimouse_tugas
copying /home/yonathanarya/colcon_ws/build/raspimouse_tugas/build/lib/raspimouse_tugas/__init__.py -> /home/yonathanarya/colcon_ws/install/raspimouse_tugas/lib/python3.8/site-packages/raspimouse_tugas
byte-compiling /home/yonathanarya/colcon_ws/install/raspimouse_tugas/lib/python3.8/site-packages/raspimouse_tugas/__init__.py to __init__.cpython-38.pyc
running install_data
creating /home/yonathanarya/colcon_ws/install/raspimouse_tugas/share/ament_index
creating /home/yonathanarya/colcon_ws/install/raspimouse_tugas/share/ament_index/resource_index
creating /home/yonathanarya/colcon_ws/install/raspimouse_tugas/share/ament_index/resource_index/packages
copying resource/raspimouse_tugas -> /home/yonathanarya/colcon_ws/install/raspimouse_tugas/share/ament_index/resource_index/packages
copying package.xml -> /home/yonathanarya/colcon_ws/install/raspimouse_tugas/share/raspimouse_tugas
running install_egg_info
Copying ../../build/raspimouse_tugas/raspimouse_tugas.egg-info to /home/yonathanarya/colcon_ws/install/raspimouse_tugas/lib/python3.8/site-packages/raspimouse_tugas-1.0.0-py3.8.egg-info
running install_scripts
writing list of installed files to '/home/yonathanarya/colcon_ws/build/raspimouse_tugas/install.log'
