[0.277s] Invoking command in '/home/yonathanarya/colcon_ws/src/turtlesim_polygon': PYTHONPATH=/home/yonathanarya/colcon_ws/install/turtlesim_polygon/lib/python3.8/site-packages:${PYTHONPATH} /usr/bin/python3 setup.py egg_info --egg-base ../../build/turtlesim_polygon build --build-base /home/yonathanarya/colcon_ws/build/turtlesim_polygon/build install --prefix /home/yonathanarya/colcon_ws/install/turtlesim_polygon --record /home/yonathanarya/colcon_ws/build/turtlesim_polygon/install.log --single-version-externally-managed
[0.516s] running egg_info
[0.517s] writing ../../build/turtlesim_polygon/turtlesim_polygon.egg-info/PKG-INFO
[0.517s] writing dependency_links to ../../build/turtlesim_polygon/turtlesim_polygon.egg-info/dependency_links.txt
[0.517s] writing entry points to ../../build/turtlesim_polygon/turtlesim_polygon.egg-info/entry_points.txt
[0.518s] writing requirements to ../../build/turtlesim_polygon/turtlesim_polygon.egg-info/requires.txt
[0.518s] writing top-level names to ../../build/turtlesim_polygon/turtlesim_polygon.egg-info/top_level.txt
[0.553s] reading manifest file '../../build/turtlesim_polygon/turtlesim_polygon.egg-info/SOURCES.txt'
[0.554s] writing manifest file '../../build/turtlesim_polygon/turtlesim_polygon.egg-info/SOURCES.txt'
[0.554s] running build
[0.554s] running build_py
[0.554s] copying turtlesim_polygon/client_polygon.py -> /home/yonathanarya/colcon_ws/build/turtlesim_polygon/build/lib/turtlesim_polygon
[0.554s] running install
[0.555s] running install_lib
[0.556s] copying /home/yonathanarya/colcon_ws/build/turtlesim_polygon/build/lib/turtlesim_polygon/client_polygon.py -> /home/yonathanarya/colcon_ws/install/turtlesim_polygon/lib/python3.8/site-packages/turtlesim_polygon
[0.557s] byte-compiling /home/yonathanarya/colcon_ws/install/turtlesim_polygon/lib/python3.8/site-packages/turtlesim_polygon/client_polygon.py to client_polygon.cpython-38.pyc
[0.559s] running install_data
[0.559s] running install_egg_info
[0.561s] removing '/home/yonathanarya/colcon_ws/install/turtlesim_polygon/lib/python3.8/site-packages/turtlesim_polygon-1.0.0-py3.8.egg-info' (and everything under it)
[0.561s] Copying ../../build/turtlesim_polygon/turtlesim_polygon.egg-info to /home/yonathanarya/colcon_ws/install/turtlesim_polygon/lib/python3.8/site-packages/turtlesim_polygon-1.0.0-py3.8.egg-info
[0.562s] running install_scripts
[0.580s] Installing client script to /home/yonathanarya/colcon_ws/install/turtlesim_polygon/lib/turtlesim_polygon
[0.580s] Installing server script to /home/yonathanarya/colcon_ws/install/turtlesim_polygon/lib/turtlesim_polygon
[0.580s] writing list of installed files to '/home/yonathanarya/colcon_ws/build/turtlesim_polygon/install.log'
[0.604s] Invoked command in '/home/yonathanarya/colcon_ws/src/turtlesim_polygon' returned '0': PYTHONPATH=/home/yonathanarya/colcon_ws/install/turtlesim_polygon/lib/python3.8/site-packages:${PYTHONPATH} /usr/bin/python3 setup.py egg_info --egg-base ../../build/turtlesim_polygon build --build-base /home/yonathanarya/colcon_ws/build/turtlesim_polygon/build install --prefix /home/yonathanarya/colcon_ws/install/turtlesim_polygon --record /home/yonathanarya/colcon_ws/build/turtlesim_polygon/install.log --single-version-externally-managed
