[0.411s] Invoking command in '/home/yonathanarya/colcon_ws/src/raspimouse_tugas': PYTHONPATH=/home/yonathanarya/colcon_ws/install/raspimouse_tugas/lib/python3.8/site-packages:${PYTHONPATH} /usr/bin/python3 setup.py egg_info --egg-base ../../build/raspimouse_tugas build --build-base /home/yonathanarya/colcon_ws/build/raspimouse_tugas/build install --prefix /home/yonathanarya/colcon_ws/install/raspimouse_tugas --record /home/yonathanarya/colcon_ws/build/raspimouse_tugas/install.log --single-version-externally-managed
[0.854s] running egg_info
[0.856s] writing ../../build/raspimouse_tugas/raspimouse_tugas.egg-info/PKG-INFO
[0.857s] writing dependency_links to ../../build/raspimouse_tugas/raspimouse_tugas.egg-info/dependency_links.txt
[0.858s] writing entry points to ../../build/raspimouse_tugas/raspimouse_tugas.egg-info/entry_points.txt
[0.858s] writing requirements to ../../build/raspimouse_tugas/raspimouse_tugas.egg-info/requires.txt
[0.858s] writing top-level names to ../../build/raspimouse_tugas/raspimouse_tugas.egg-info/top_level.txt
[0.915s] reading manifest file '../../build/raspimouse_tugas/raspimouse_tugas.egg-info/SOURCES.txt'
[0.916s] writing manifest file '../../build/raspimouse_tugas/raspimouse_tugas.egg-info/SOURCES.txt'
[0.916s] running build
[0.916s] running build_py
[0.916s] running install
[0.918s] running install_lib
[0.921s] running install_data
[0.922s] copying launch/tugas.launch.py -> /home/yonathanarya/colcon_ws/install/raspimouse_tugas/share/raspimouse_tugas
[0.922s] running install_egg_info
[0.925s] removing '/home/yonathanarya/colcon_ws/install/raspimouse_tugas/lib/python3.8/site-packages/raspimouse_tugas-1.0.0-py3.8.egg-info' (and everything under it)
[0.925s] Copying ../../build/raspimouse_tugas/raspimouse_tugas.egg-info to /home/yonathanarya/colcon_ws/install/raspimouse_tugas/lib/python3.8/site-packages/raspimouse_tugas-1.0.0-py3.8.egg-info
[0.926s] running install_scripts
[0.953s] writing list of installed files to '/home/yonathanarya/colcon_ws/build/raspimouse_tugas/install.log'
[0.990s] Invoked command in '/home/yonathanarya/colcon_ws/src/raspimouse_tugas' returned '0': PYTHONPATH=/home/yonathanarya/colcon_ws/install/raspimouse_tugas/lib/python3.8/site-packages:${PYTHONPATH} /usr/bin/python3 setup.py egg_info --egg-base ../../build/raspimouse_tugas build --build-base /home/yonathanarya/colcon_ws/build/raspimouse_tugas/build install --prefix /home/yonathanarya/colcon_ws/install/raspimouse_tugas --record /home/yonathanarya/colcon_ws/build/raspimouse_tugas/install.log --single-version-externally-managed
