[0.232s] Invoking command in '/home/yonathanarya/colcon_ws/src/turtlesim_polygon': PYTHONPATH=/home/yonathanarya/colcon_ws/install/turtlesim_polygon/lib/python3.8/site-packages:${PYTHONPATH} /usr/bin/python3 setup.py egg_info --egg-base ../../build/turtlesim_polygon build --build-base /home/yonathanarya/colcon_ws/build/turtlesim_polygon/build install --prefix /home/yonathanarya/colcon_ws/install/turtlesim_polygon --record /home/yonathanarya/colcon_ws/build/turtlesim_polygon/install.log --single-version-externally-managed
[0.433s] running egg_info
[0.434s] writing ../../build/turtlesim_polygon/turtlesim_polygon.egg-info/PKG-INFO
[0.434s] writing dependency_links to ../../build/turtlesim_polygon/turtlesim_polygon.egg-info/dependency_links.txt
[0.434s] writing entry points to ../../build/turtlesim_polygon/turtlesim_polygon.egg-info/entry_points.txt
[0.434s] writing requirements to ../../build/turtlesim_polygon/turtlesim_polygon.egg-info/requires.txt
[0.434s] writing top-level names to ../../build/turtlesim_polygon/turtlesim_polygon.egg-info/top_level.txt
[0.465s] reading manifest file '../../build/turtlesim_polygon/turtlesim_polygon.egg-info/SOURCES.txt'
[0.466s] writing manifest file '../../build/turtlesim_polygon/turtlesim_polygon.egg-info/SOURCES.txt'
[0.466s] running build
[0.466s] running build_py
[0.466s] copying turtlesim_polygon/client_polygon.py -> /home/yonathanarya/colcon_ws/build/turtlesim_polygon/build/lib/turtlesim_polygon
[0.466s] running install
[0.467s] running install_lib
[0.468s] copying /home/yonathanarya/colcon_ws/build/turtlesim_polygon/build/lib/turtlesim_polygon/client_polygon.py -> /home/yonathanarya/colcon_ws/install/turtlesim_polygon/lib/python3.8/site-packages/turtlesim_polygon
[0.468s] byte-compiling /home/yonathanarya/colcon_ws/install/turtlesim_polygon/lib/python3.8/site-packages/turtlesim_polygon/client_polygon.py to client_polygon.cpython-38.pyc
[0.469s]   File "/home/yonathanarya/colcon_ws/install/turtlesim_polygon/lib/python3.8/site-packages/turtlesim_polygon/client_polygon.py", line 66
[0.469s]     for _ in range i:
[0.469s]                    ^
[0.469s] SyntaxError: invalid syntax
[0.470s] 
[0.470s] running install_data
[0.470s] running install_egg_info
[0.471s] removing '/home/yonathanarya/colcon_ws/install/turtlesim_polygon/lib/python3.8/site-packages/turtlesim_polygon-1.0.0-py3.8.egg-info' (and everything under it)
[0.471s] Copying ../../build/turtlesim_polygon/turtlesim_polygon.egg-info to /home/yonathanarya/colcon_ws/install/turtlesim_polygon/lib/python3.8/site-packages/turtlesim_polygon-1.0.0-py3.8.egg-info
[0.472s] running install_scripts
[0.487s] Installing client script to /home/yonathanarya/colcon_ws/install/turtlesim_polygon/lib/turtlesim_polygon
[0.487s] Installing server script to /home/yonathanarya/colcon_ws/install/turtlesim_polygon/lib/turtlesim_polygon
[0.488s] writing list of installed files to '/home/yonathanarya/colcon_ws/build/turtlesim_polygon/install.log'
[0.509s] Invoked command in '/home/yonathanarya/colcon_ws/src/turtlesim_polygon' returned '0': PYTHONPATH=/home/yonathanarya/colcon_ws/install/turtlesim_polygon/lib/python3.8/site-packages:${PYTHONPATH} /usr/bin/python3 setup.py egg_info --egg-base ../../build/turtlesim_polygon build --build-base /home/yonathanarya/colcon_ws/build/turtlesim_polygon/build install --prefix /home/yonathanarya/colcon_ws/install/turtlesim_polygon --record /home/yonathanarya/colcon_ws/build/turtlesim_polygon/install.log --single-version-externally-managed
