[0.233s] Invoking command in '/home/yonathanarya/colcon_ws/src/turtlebot3_infiniteloop': PYTHONPATH=/home/yonathanarya/colcon_ws/install/turtlebot3_infiniteloop/lib/python3.8/site-packages:${PYTHONPATH} /usr/bin/python3 setup.py egg_info --egg-base ../../build/turtlebot3_infiniteloop build --build-base /home/yonathanarya/colcon_ws/build/turtlebot3_infiniteloop/build install --prefix /home/yonathanarya/colcon_ws/install/turtlebot3_infiniteloop --record /home/yonathanarya/colcon_ws/build/turtlebot3_infiniteloop/install.log --single-version-externally-managed
[0.445s] running egg_info
[0.445s] writing ../../build/turtlebot3_infiniteloop/turtlebot3_infiniteloop.egg-info/PKG-INFO
[0.446s] writing dependency_links to ../../build/turtlebot3_infiniteloop/turtlebot3_infiniteloop.egg-info/dependency_links.txt
[0.446s] writing entry points to ../../build/turtlebot3_infiniteloop/turtlebot3_infiniteloop.egg-info/entry_points.txt
[0.446s] writing requirements to ../../build/turtlebot3_infiniteloop/turtlebot3_infiniteloop.egg-info/requires.txt
[0.446s] writing top-level names to ../../build/turtlebot3_infiniteloop/turtlebot3_infiniteloop.egg-info/top_level.txt
[0.483s] reading manifest file '../../build/turtlebot3_infiniteloop/turtlebot3_infiniteloop.egg-info/SOURCES.txt'
[0.484s] writing manifest file '../../build/turtlebot3_infiniteloop/turtlebot3_infiniteloop.egg-info/SOURCES.txt'
[0.484s] running build
[0.484s] running build_py
[0.484s] copying turtlebot3_infiniteloop/infinite_loop.py -> /home/yonathanarya/colcon_ws/build/turtlebot3_infiniteloop/build/lib/turtlebot3_infiniteloop
[0.484s] running install
[0.485s] running install_lib
[0.486s] copying /home/yonathanarya/colcon_ws/build/turtlebot3_infiniteloop/build/lib/turtlebot3_infiniteloop/infinite_loop.py -> /home/yonathanarya/colcon_ws/install/turtlebot3_infiniteloop/lib/python3.8/site-packages/turtlebot3_infiniteloop
[0.487s] byte-compiling /home/yonathanarya/colcon_ws/install/turtlebot3_infiniteloop/lib/python3.8/site-packages/turtlebot3_infiniteloop/infinite_loop.py to infinite_loop.cpython-38.pyc
[0.488s] running install_data
[0.489s] running install_egg_info
[0.491s] removing '/home/yonathanarya/colcon_ws/install/turtlebot3_infiniteloop/lib/python3.8/site-packages/turtlebot3_infiniteloop-1.0.0-py3.8.egg-info' (and everything under it)
[0.491s] Copying ../../build/turtlebot3_infiniteloop/turtlebot3_infiniteloop.egg-info to /home/yonathanarya/colcon_ws/install/turtlebot3_infiniteloop/lib/python3.8/site-packages/turtlebot3_infiniteloop-1.0.0-py3.8.egg-info
[0.492s] running install_scripts
[0.509s] Installing force_stop script to /home/yonathanarya/colcon_ws/install/turtlebot3_infiniteloop/lib/turtlebot3_infiniteloop
[0.509s] Installing infinite_loop script to /home/yonathanarya/colcon_ws/install/turtlebot3_infiniteloop/lib/turtlebot3_infiniteloop
[0.509s] writing list of installed files to '/home/yonathanarya/colcon_ws/build/turtlebot3_infiniteloop/install.log'
[0.531s] Invoked command in '/home/yonathanarya/colcon_ws/src/turtlebot3_infiniteloop' returned '0': PYTHONPATH=/home/yonathanarya/colcon_ws/install/turtlebot3_infiniteloop/lib/python3.8/site-packages:${PYTHONPATH} /usr/bin/python3 setup.py egg_info --egg-base ../../build/turtlebot3_infiniteloop build --build-base /home/yonathanarya/colcon_ws/build/turtlebot3_infiniteloop/build install --prefix /home/yonathanarya/colcon_ws/install/turtlebot3_infiniteloop --record /home/yonathanarya/colcon_ws/build/turtlebot3_infiniteloop/install.log --single-version-externally-managed
