[2.678s] Invoking command in '/home/yonathanarya/colcon_ws/build/turtlebot3_actionserver': PYTHONPATH=/home/yonathanarya/colcon_ws/install/turtlebot3_actionserver/lib/python3.8/site-packages:${PYTHONPATH} /usr/bin/python3 setup.py develop --prefix /home/yonathanarya/colcon_ws/install/turtlebot3_actionserver --uninstall --editable --build-directory /home/yonathanarya/colcon_ws/build/turtlebot3_actionserver/build
[3.877s] running develop
[4.510s] Invoked command in '/home/yonathanarya/colcon_ws/build/turtlebot3_actionserver' returned '0': PYTHONPATH=/home/yonathanarya/colcon_ws/install/turtlebot3_actionserver/lib/python3.8/site-packages:${PYTHONPATH} /usr/bin/python3 setup.py develop --prefix /home/yonathanarya/colcon_ws/install/turtlebot3_actionserver --uninstall --editable --build-directory /home/yonathanarya/colcon_ws/build/turtlebot3_actionserver/build
[4.514s] Invoking command in '/home/yonathanarya/colcon_ws/src/turtlebot3_actionserver': PYTHONPATH=/home/yonathanarya/colcon_ws/install/turtlebot3_actionserver/lib/python3.8/site-packages:${PYTHONPATH} /usr/bin/python3 setup.py egg_info --egg-base ../../build/turtlebot3_actionserver build --build-base /home/yonathanarya/colcon_ws/build/turtlebot3_actionserver/build install --prefix /home/yonathanarya/colcon_ws/install/turtlebot3_actionserver --record /home/yonathanarya/colcon_ws/build/turtlebot3_actionserver/install.log --single-version-externally-managed
[5.261s] running egg_info
[5.263s] writing ../../build/turtlebot3_actionserver/turtlebot3_actionserver.egg-info/PKG-INFO
[5.263s] writing dependency_links to ../../build/turtlebot3_actionserver/turtlebot3_actionserver.egg-info/dependency_links.txt
[5.264s] writing entry points to ../../build/turtlebot3_actionserver/turtlebot3_actionserver.egg-info/entry_points.txt
[5.265s] writing requirements to ../../build/turtlebot3_actionserver/turtlebot3_actionserver.egg-info/requires.txt
[5.265s] writing top-level names to ../../build/turtlebot3_actionserver/turtlebot3_actionserver.egg-info/top_level.txt
[5.370s] reading manifest file '../../build/turtlebot3_actionserver/turtlebot3_actionserver.egg-info/SOURCES.txt'
[5.373s] writing manifest file '../../build/turtlebot3_actionserver/turtlebot3_actionserver.egg-info/SOURCES.txt'
[5.379s] running build
[5.380s] running build_py
[5.384s] running install
[5.385s] running install_lib
[5.385s] running install_data
[5.388s] running install_egg_info
[5.388s] removing '/home/yonathanarya/colcon_ws/install/turtlebot3_actionserver/lib/python3.8/site-packages/turtlebot3_actionserver-1.0.0-py3.8.egg-info' (and everything under it)
[5.391s] Copying ../../build/turtlebot3_actionserver/turtlebot3_actionserver.egg-info to /home/yonathanarya/colcon_ws/install/turtlebot3_actionserver/lib/python3.8/site-packages/turtlebot3_actionserver-1.0.0-py3.8.egg-info
[5.395s] running install_scripts
[5.437s] Installing turtlebot3_client script to /home/yonathanarya/colcon_ws/install/turtlebot3_actionserver/lib/turtlebot3_actionserver
[5.438s] Installing turtlebot3_server script to /home/yonathanarya/colcon_ws/install/turtlebot3_actionserver/lib/turtlebot3_actionserver
[5.441s] writing list of installed files to '/home/yonathanarya/colcon_ws/build/turtlebot3_actionserver/install.log'
[5.528s] Invoked command in '/home/yonathanarya/colcon_ws/src/turtlebot3_actionserver' returned '0': PYTHONPATH=/home/yonathanarya/colcon_ws/install/turtlebot3_actionserver/lib/python3.8/site-packages:${PYTHONPATH} /usr/bin/python3 setup.py egg_info --egg-base ../../build/turtlebot3_actionserver build --build-base /home/yonathanarya/colcon_ws/build/turtlebot3_actionserver/build install --prefix /home/yonathanarya/colcon_ws/install/turtlebot3_actionserver --record /home/yonathanarya/colcon_ws/build/turtlebot3_actionserver/install.log --single-version-externally-managed
