[0.064s] Invoking command in '/home/yonathanarya/colcon_ws/build/raspimouse_description': CMAKE_PREFIX_PATH=${CMAKE_PREFIX_PATH}:/home/yonathanarya/colcon_ws/install/turtlebot3_infiniteloop:/home/yonathanarya/colcon_ws/install/turtlebot3_actionserver:/home/yonathanarya/colcon_ws/install/turtlebot3_action:/opt/ros/foxy /usr/bin/cmake --build /home/yonathanarya/colcon_ws/build/raspimouse_description -- -j8 -l8
[0.859s] Invoked command in '/home/yonathanarya/colcon_ws/build/raspimouse_description' returned '0': CMAKE_PREFIX_PATH=${CMAKE_PREFIX_PATH}:/home/yonathanarya/colcon_ws/install/turtlebot3_infiniteloop:/home/yonathanarya/colcon_ws/install/turtlebot3_actionserver:/home/yonathanarya/colcon_ws/install/turtlebot3_action:/opt/ros/foxy /usr/bin/cmake --build /home/yonathanarya/colcon_ws/build/raspimouse_description -- -j8 -l8
[0.916s] Invoking command in '/home/yonathanarya/colcon_ws/build/raspimouse_description': CMAKE_PREFIX_PATH=${CMAKE_PREFIX_PATH}:/home/yonathanarya/colcon_ws/install/turtlebot3_infiniteloop:/home/yonathanarya/colcon_ws/install/turtlebot3_actionserver:/home/yonathanarya/colcon_ws/install/turtlebot3_action:/opt/ros/foxy /usr/bin/cmake --install /home/yonathanarya/colcon_ws/build/raspimouse_description
[0.932s] -- Install configuration: ""
[0.933s] -- Execute custom install script
[0.934s] -- Up-to-date symlink: /home/yonathanarya/colcon_ws/install/raspimouse_description/share/raspimouse_description//launch/config/urdf.rviz
[0.934s] -- Up-to-date symlink: /home/yonathanarya/colcon_ws/install/raspimouse_description/share/raspimouse_description//launch/display.launch.py
[0.936s] -- Up-to-date symlink: /home/yonathanarya/colcon_ws/install/raspimouse_description/share/raspimouse_description//meshes/dae/body/RasPiMouse_TopPlate.dae
[0.937s] -- Up-to-date symlink: /home/yonathanarya/colcon_ws/install/raspimouse_description/share/raspimouse_description//meshes/dae/body/RasPiMouse_body-TopPlate-URG.dae
[0.937s] -- Up-to-date symlink: /home/yonathanarya/colcon_ws/install/raspimouse_description/share/raspimouse_description//meshes/dae/body/RasPiMouse_body-TopPlate.dae
[0.938s] -- Up-to-date symlink: /home/yonathanarya/colcon_ws/install/raspimouse_description/share/raspimouse_description//meshes/dae/body/RasPiMouse_body.dae
[0.938s] -- Up-to-date symlink: /home/yonathanarya/colcon_ws/install/raspimouse_description/share/raspimouse_description//meshes/dae/sensor/URG.dae
[0.938s] -- Up-to-date symlink: /home/yonathanarya/colcon_ws/install/raspimouse_description/share/raspimouse_description//meshes/dae/sensor/URG_center.dae
[0.939s] -- Up-to-date symlink: /home/yonathanarya/colcon_ws/install/raspimouse_description/share/raspimouse_description//meshes/dae/wheel/RasPiMouse_wheel.dae
[0.939s] -- Up-to-date symlink: /home/yonathanarya/colcon_ws/install/raspimouse_description/share/raspimouse_description//meshes/stl/RasPiMouse_TopPlate.stl
[0.939s] -- Up-to-date symlink: /home/yonathanarya/colcon_ws/install/raspimouse_description/share/raspimouse_description//meshes/stl/RasPiMouse_base-metric.stl
[0.939s] -- Up-to-date symlink: /home/yonathanarya/colcon_ws/install/raspimouse_description/share/raspimouse_description//meshes/stl/RasPiMouse_sensor-metric.stl
[0.940s] -- Up-to-date symlink: /home/yonathanarya/colcon_ws/install/raspimouse_description/share/raspimouse_description//meshes/stl/RasPiMouse_wheel-metric.stl
[0.940s] -- Up-to-date symlink: /home/yonathanarya/colcon_ws/install/raspimouse_description/share/raspimouse_description//meshes/stl/RasPiMouse_wheel-mm.stl
[0.940s] -- Up-to-date symlink: /home/yonathanarya/colcon_ws/install/raspimouse_description/share/raspimouse_description//meshes/stl/URG-04LX-UG01.stl
[0.940s] -- Up-to-date symlink: /home/yonathanarya/colcon_ws/install/raspimouse_description/share/raspimouse_description//meshes/stl/color/RasPiMouse_body_black.stl
[0.941s] -- Up-to-date symlink: /home/yonathanarya/colcon_ws/install/raspimouse_description/share/raspimouse_description//meshes/stl/color/RasPiMouse_body_gray.stl
[0.941s] -- Up-to-date symlink: /home/yonathanarya/colcon_ws/install/raspimouse_description/share/raspimouse_description//meshes/stl/color/RasPiMouse_body_green.stl
[0.941s] -- Up-to-date symlink: /home/yonathanarya/colcon_ws/install/raspimouse_description/share/raspimouse_description//meshes/stl/color/RasPiMouse_body_red.stl
[0.942s] -- Up-to-date symlink: /home/yonathanarya/colcon_ws/install/raspimouse_description/share/raspimouse_description//meshes/stl/color/RasPiMouse_wheel_black.stl
[0.942s] -- Up-to-date symlink: /home/yonathanarya/colcon_ws/install/raspimouse_description/share/raspimouse_description//meshes/stl/color/RasPiMouse_wheel_gray.stl
[0.944s] -- Up-to-date symlink: /home/yonathanarya/colcon_ws/install/raspimouse_description/share/raspimouse_description//urdf/body/body.urdf.xacro
[0.944s] -- Up-to-date symlink: /home/yonathanarya/colcon_ws/install/raspimouse_description/share/raspimouse_description//urdf/common.xacro
[0.945s] -- Up-to-date symlink: /home/yonathanarya/colcon_ws/install/raspimouse_description/share/raspimouse_description//urdf/raspimouse.urdf.xacro
[0.945s] -- Up-to-date symlink: /home/yonathanarya/colcon_ws/install/raspimouse_description/share/raspimouse_description//urdf/sensors/lightsens.gazebo.xacro
[0.945s] -- Up-to-date symlink: /home/yonathanarya/colcon_ws/install/raspimouse_description/share/raspimouse_description//urdf/sensors/lightsens.urdf.xacro
[0.946s] -- Up-to-date symlink: /home/yonathanarya/colcon_ws/install/raspimouse_description/share/raspimouse_description//urdf/sensors/lrf.gazebo.xacro
[0.946s] -- Up-to-date symlink: /home/yonathanarya/colcon_ws/install/raspimouse_description/share/raspimouse_description//urdf/sensors/lrf.urdf.xacro
[0.946s] -- Up-to-date symlink: /home/yonathanarya/colcon_ws/install/raspimouse_description/share/raspimouse_description//urdf/wheel/diffdrive.gazebo.xacro
[0.946s] -- Up-to-date symlink: /home/yonathanarya/colcon_ws/install/raspimouse_description/share/raspimouse_description//urdf/wheel/wheel.urdf.xacro
[0.947s] -- Up-to-date symlink: /home/yonathanarya/colcon_ws/install/raspimouse_description/share/ament_index/resource_index/package_run_dependencies/raspimouse_description
[0.947s] -- Up-to-date symlink: /home/yonathanarya/colcon_ws/install/raspimouse_description/share/ament_index/resource_index/parent_prefix_path/raspimouse_description
[0.948s] -- Up-to-date symlink: /home/yonathanarya/colcon_ws/install/raspimouse_description/share/raspimouse_description/environment/ament_prefix_path.sh
[0.948s] -- Up-to-date symlink: /home/yonathanarya/colcon_ws/install/raspimouse_description/share/raspimouse_description/environment/ament_prefix_path.dsv
[0.950s] -- Up-to-date symlink: /home/yonathanarya/colcon_ws/install/raspimouse_description/share/raspimouse_description/environment/path.sh
[0.953s] -- Up-to-date symlink: /home/yonathanarya/colcon_ws/install/raspimouse_description/share/raspimouse_description/environment/path.dsv
[0.956s] -- Up-to-date symlink: /home/yonathanarya/colcon_ws/install/raspimouse_description/share/raspimouse_description/local_setup.bash
[0.958s] -- Up-to-date symlink: /home/yonathanarya/colcon_ws/install/raspimouse_description/share/raspimouse_description/local_setup.sh
[0.959s] -- Up-to-date symlink: /home/yonathanarya/colcon_ws/install/raspimouse_description/share/raspimouse_description/local_setup.zsh
[0.959s] -- Up-to-date symlink: /home/yonathanarya/colcon_ws/install/raspimouse_description/share/raspimouse_description/local_setup.dsv
[0.975s] -- Symlinking: /home/yonathanarya/colcon_ws/install/raspimouse_description/share/raspimouse_description/package.dsv
[1.034s] -- Up-to-date symlink: /home/yonathanarya/colcon_ws/install/raspimouse_description/share/ament_index/resource_index/packages/raspimouse_description
[1.035s] -- Up-to-date symlink: /home/yonathanarya/colcon_ws/install/raspimouse_description/share/raspimouse_description/cmake/raspimouse_descriptionConfig.cmake
[1.035s] -- Up-to-date symlink: /home/yonathanarya/colcon_ws/install/raspimouse_description/share/raspimouse_description/cmake/raspimouse_descriptionConfig-version.cmake
[1.035s] -- Up-to-date symlink: /home/yonathanarya/colcon_ws/install/raspimouse_description/share/raspimouse_description/package.xml
[1.061s] Invoked command in '/home/yonathanarya/colcon_ws/build/raspimouse_description' returned '0': CMAKE_PREFIX_PATH=${CMAKE_PREFIX_PATH}:/home/yonathanarya/colcon_ws/install/turtlebot3_infiniteloop:/home/yonathanarya/colcon_ws/install/turtlebot3_actionserver:/home/yonathanarya/colcon_ws/install/turtlebot3_action:/opt/ros/foxy /usr/bin/cmake --install /home/yonathanarya/colcon_ws/build/raspimouse_description
