/home/yonathanarya/colcon_ws/install/turtlebot3_actionserver/lib/python3.8/site-packages/turtlebot3_actionserver/__init__.py
/home/yonathanarya/colcon_ws/install/turtlebot3_actionserver/lib/python3.8/site-packages/turtlebot3_actionserver/turtlebot3_server/__init__.py
/home/yonathanarya/colcon_ws/install/turtlebot3_actionserver/lib/python3.8/site-packages/turtlebot3_actionserver/turtlebot3_server/main.py
/home/yonathanarya/colcon_ws/install/turtlebot3_actionserver/lib/python3.8/site-packages/turtlebot3_actionserver/turtlebot3_server/turtlebot3_server.py
/home/yonathanarya/colcon_ws/install/turtlebot3_actionserver/lib/python3.8/site-packages/turtlebot3_actionserver/turtlebot3_server/turtlebot3_path.py
/home/yonathanarya/colcon_ws/install/turtlebot3_actionserver/lib/python3.8/site-packages/turtlebot3_actionserver/turtlebot3_client/__init__.py
/home/yonathanarya/colcon_ws/install/turtlebot3_actionserver/lib/python3.8/site-packages/turtlebot3_actionserver/turtlebot3_client/turtlebot3_client.py
/home/yonathanarya/colcon_ws/install/turtlebot3_actionserver/lib/python3.8/site-packages/turtlebot3_actionserver/turtlebot3_client/main.py
/home/yonathanarya/colcon_ws/install/turtlebot3_actionserver/lib/python3.8/site-packages/turtlebot3_actionserver/__pycache__/__init__.cpython-38.pyc
/home/yonathanarya/colcon_ws/install/turtlebot3_actionserver/lib/python3.8/site-packages/turtlebot3_actionserver/turtlebot3_server/__pycache__/__init__.cpython-38.pyc
/home/yonathanarya/colcon_ws/install/turtlebot3_actionserver/lib/python3.8/site-packages/turtlebot3_actionserver/turtlebot3_server/__pycache__/main.cpython-38.pyc
/home/yonathanarya/colcon_ws/install/turtlebot3_actionserver/lib/python3.8/site-packages/turtlebot3_actionserver/turtlebot3_server/__pycache__/turtlebot3_server.cpython-38.pyc
/home/yonathanarya/colcon_ws/install/turtlebot3_actionserver/lib/python3.8/site-packages/turtlebot3_actionserver/turtlebot3_server/__pycache__/turtlebot3_path.cpython-38.pyc
/home/yonathanarya/colcon_ws/install/turtlebot3_actionserver/lib/python3.8/site-packages/turtlebot3_actionserver/turtlebot3_client/__pycache__/__init__.cpython-38.pyc
/home/yonathanarya/colcon_ws/install/turtlebot3_actionserver/lib/python3.8/site-packages/turtlebot3_actionserver/turtlebot3_client/__pycache__/turtlebot3_client.cpython-38.pyc
/home/yonathanarya/colcon_ws/install/turtlebot3_actionserver/lib/python3.8/site-packages/turtlebot3_actionserver/turtlebot3_client/__pycache__/main.cpython-38.pyc
/home/yonathanarya/colcon_ws/install/turtlebot3_actionserver/share/ament_index/resource_index/packages/turtlebot3_actionserver
/home/yonathanarya/colcon_ws/install/turtlebot3_actionserver/share/turtlebot3_actionserver/package.xml
/home/yonathanarya/colcon_ws/install/turtlebot3_actionserver/lib/python3.8/site-packages/turtlebot3_actionserver-1.0.0-py3.8.egg-info/top_level.txt
/home/yonathanarya/colcon_ws/install/turtlebot3_actionserver/lib/python3.8/site-packages/turtlebot3_actionserver-1.0.0-py3.8.egg-info/dependency_links.txt
/home/yonathanarya/colcon_ws/install/turtlebot3_actionserver/lib/python3.8/site-packages/turtlebot3_actionserver-1.0.0-py3.8.egg-info/requires.txt
/home/yonathanarya/colcon_ws/install/turtlebot3_actionserver/lib/python3.8/site-packages/turtlebot3_actionserver-1.0.0-py3.8.egg-info/entry_points.txt
/home/yonathanarya/colcon_ws/install/turtlebot3_actionserver/lib/python3.8/site-packages/turtlebot3_actionserver-1.0.0-py3.8.egg-info/zip-safe
/home/yonathanarya/colcon_ws/install/turtlebot3_actionserver/lib/python3.8/site-packages/turtlebot3_actionserver-1.0.0-py3.8.egg-info/SOURCES.txt
/home/yonathanarya/colcon_ws/install/turtlebot3_actionserver/lib/python3.8/site-packages/turtlebot3_actionserver-1.0.0-py3.8.egg-info/PKG-INFO
/home/yonathanarya/colcon_ws/install/turtlebot3_actionserver/lib/turtlebot3_actionserver/turtlebot3_client
/home/yonathanarya/colcon_ws/install/turtlebot3_actionserver/lib/turtlebot3_actionserver/turtlebot3_server
