-- Found rmw: 1.0.3 (/opt/ros/foxy/share/rmw/cmake)
-- Found PythonInterp: /usr/bin/python3 (found suitable version "3.8.10", minimum required is "3") 
-- Using PYTHON_EXECUTABLE: /usr/bin/python3
-- Override CMake install command with custom implementation using symlinks instead of copying resources
-- Found rclcpp: 2.4.0 (/opt/ros/foxy/share/rclcpp/cmake)
-- Using all available rosidl_typesupport_c: rosidl_typesupport_fastrtps_c;rosidl_typesupport_introspection_c
-- Found rosidl_adapter: 1.2.1 (/opt/ros/foxy/share/rosidl_adapter/cmake)
-- Using all available rosidl_typesupport_cpp: rosidl_typesupport_fastrtps_cpp;rosidl_typesupport_introspection_cpp
-- Found rmw_implementation_cmake: 1.0.3 (/opt/ros/foxy/share/rmw_implementation_cmake/cmake)
-- Using RMW implementation 'rmw_fastrtps_cpp' as default
-- Found ament_lint_auto: 0.9.6 (/opt/ros/foxy/share/ament_lint_auto/cmake)
-- Found diagnostic_msgs: 2.0.4 (/opt/ros/foxy/share/diagnostic_msgs/cmake)
-- Found python_cmake_module: 0.8.1 (/opt/ros/foxy/share/python_cmake_module/cmake)
-- Found PythonInterp: /usr/bin/python3 (found suitable version "3.8.10", minimum required is "3.5") 
-- Using PYTHON_EXECUTABLE: /usr/bin/python3
-- Using PYTHON_INCLUDE_DIRS: /usr/include/python3.8
-- Using PYTHON_LIBRARIES: /usr/lib/x86_64-linux-gnu/libpython3.8.so
-- Added test 'copyright' to check source files copyright and LICENSE
-- Added test 'cppcheck' to perform static code analysis on C / C++ code
-- Configured cppcheck include dirs: 
-- Configured cppcheck exclude dirs and/or files: 
-- Added test 'cpplint' to check C / C++ code against the Google style
-- Configured cpplint exclude dirs and/or files: 
-- Added test 'flake8' to check Python code syntax and style conventions
-- Added test 'lint_cmake' to check CMake code style
-- Added test 'pep257' to check Python code against some of the style conventions in PEP 257
-- Added test 'uncrustify' to check C / C++ code style
-- Configured uncrustify additional arguments: 
-- Added test 'xmllint' to check XML markup files
-- Found turtlebot3_act_interfaces: 1.0.0 (/home/yonathanarya/colcon_ws/install/turtlebot3_act_interfaces/share/turtlebot3_act_interfaces/cmake)
-- Found action_msgs: 1.0.0 (/opt/ros/foxy/share/action_msgs/cmake)
-- Found action_tutorials_interfaces: 0.9.3 (/opt/ros/foxy/share/action_tutorials_interfaces/cmake)
-- Found actionlib_msgs: 2.0.4 (/opt/ros/foxy/share/actionlib_msgs/cmake)
-- Found builtin_interfaces: 1.0.0 (/opt/ros/foxy/share/builtin_interfaces/cmake)
-- Found cartographer_ros_msgs: 1.0.9003 (/opt/ros/foxy/share/cartographer_ros_msgs/cmake)
-- Found composition_interfaces: 1.0.0 (/opt/ros/foxy/share/composition_interfaces/cmake)
-- Found control_msgs: 2.5.1 (/opt/ros/foxy/share/control_msgs/cmake)
-- Found controller_manager_msgs: 0.8.1 (/opt/ros/foxy/share/controller_manager_msgs/cmake)
-- Found diagnostic_msgs: 2.0.4 (/opt/ros/foxy/share/diagnostic_msgs/cmake)
-- Found dwb_msgs: 0.4.7 (/opt/ros/foxy/share/dwb_msgs/cmake)
-- Found example_interfaces: 0.9.1 (/opt/ros/foxy/share/example_interfaces/cmake)
-- Found gazebo_msgs: 3.5.3 (/opt/ros/foxy/share/gazebo_msgs/cmake)
-- Found geometry_msgs: 2.0.4 (/opt/ros/foxy/share/geometry_msgs/cmake)
-- Found libstatistics_collector: 1.0.1 (/opt/ros/foxy/share/libstatistics_collector/cmake)
-- Found lifecycle_msgs: 1.0.0 (/opt/ros/foxy/share/lifecycle_msgs/cmake)
-- Found logging_demo: 0.9.3 (/opt/ros/foxy/share/logging_demo/cmake)
-- Found map_msgs: 2.0.2 (/opt/ros/foxy/share/map_msgs/cmake)
-- Found nav2_msgs: 0.4.7 (/opt/ros/foxy/share/nav2_msgs/cmake)
-- Found nav_2d_msgs: 0.4.7 (/opt/ros/foxy/share/nav_2d_msgs/cmake)
-- Found nav_msgs: 2.0.4 (/opt/ros/foxy/share/nav_msgs/cmake)
-- Found pcl_msgs: 1.0.0 (/opt/ros/foxy/share/pcl_msgs/cmake)
-- Found pendulum_msgs: 0.9.3 (/opt/ros/foxy/share/pendulum_msgs/cmake)
-- Found rcl_interfaces: 1.0.0 (/opt/ros/foxy/share/rcl_interfaces/cmake)
-- Found rmw_dds_common: 1.0.3 (/opt/ros/foxy/share/rmw_dds_common/cmake)
-- Found rosgraph_msgs: 1.0.0 (/opt/ros/foxy/share/rosgraph_msgs/cmake)
-- Found sensor_msgs: 2.0.4 (/opt/ros/foxy/share/sensor_msgs/cmake)
-- Found shape_msgs: 2.0.4 (/opt/ros/foxy/share/shape_msgs/cmake)
-- Found eigen3_cmake_module: 0.1.1 (/opt/ros/foxy/share/eigen3_cmake_module/cmake)
-- Setting OGRE_DIR to: '/opt/ros/foxy/share/rviz_ogre_vendor/cmake/../../../opt/rviz_ogre_vendor/lib/OGRE/cmake'
-- Found OGRE
--   static     : OFF
--   components : HLMS;MeshLodGenerator;Overlay;Paging;Property;RTShaderSystem;Terrain;Volume
--   plugins    : Plugin_BSPSceneManager;Plugin_OctreeSceneManager;Plugin_PCZSceneManager;Plugin_ParticleFX;RenderSystem_GL;RenderSystem_GL3Plus;Codec_STBI
--   media      : /opt/ros/foxy/opt/rviz_ogre_vendor/share/OGRE/Media
-- OGRE_LIBRARIES: OgreHLMS;OgreMeshLodGenerator;OgreOverlay;OgrePaging;OgreProperty;OgreRTShaderSystem;OgreTerrain;OgreVolume;OgreMain
-- OGRE_LIBRARY_DIRS: /opt/ros/foxy/opt/rviz_ogre_vendor/lib
-- OGRE_PLUGINS: Plugin_BSPSceneManager;Plugin_OctreeSceneManager;Plugin_PCZSceneManager;Plugin_ParticleFX;RenderSystem_GL;RenderSystem_GL3Plus;Codec_STBI
-- OGRE_PLUGIN_DIR: /opt/ros/foxy/opt/rviz_ogre_vendor/lib/OGRE
-- rviz_ogre_vendor::OgreOverlay for IMPORTED_LOCATION_RELEASE: /opt/ros/foxy/opt/rviz_ogre_vendor/lib/libOgreOverlay.so
-- rviz_ogre_vendor::OgreOverlay for IMPORTED_LOCATION_DEBUG: /opt/ros/foxy/opt/rviz_ogre_vendor/lib/libOgreOverlay.so
-- rviz_ogre_vendor::OgreMain for IMPORTED_LOCATION_RELEASE: /opt/ros/foxy/opt/rviz_ogre_vendor/lib/libOgreMain.so
-- rviz_ogre_vendor::OgreMain for IMPORTED_LOCATION_DEBUG: /opt/ros/foxy/opt/rviz_ogre_vendor/lib/libOgreMain.so
-- rviz_ogre_vendor::RenderSystem_GL for IMPORTED_LOCATION_RELEASE: _render_system_gl_static_library_abs-NOTFOUND
-- rviz_ogre_vendor::RenderSystem_GL for IMPORTED_LOCATION_DEBUG: _render_system_gl_static_library_abs-NOTFOUND
-- library: /usr/lib/x86_64-linux-gnu/libcurl.so
-- Setting yaml-cpp_DIR to: '/opt/ros/foxy/share/yaml_cpp_vendor/cmake/../../../opt/yaml_cpp_vendor/lib/cmake/yaml-cpp'
-- Found slam_toolbox: 2.4.1 (/opt/ros/foxy/share/slam_toolbox/cmake)
-- Found statistics_msgs: 1.0.0 (/opt/ros/foxy/share/statistics_msgs/cmake)
-- Found std_msgs: 2.0.4 (/opt/ros/foxy/share/std_msgs/cmake)
-- Found std_srvs: 2.0.4 (/opt/ros/foxy/share/std_srvs/cmake)
-- Found stereo_msgs: 2.0.4 (/opt/ros/foxy/share/stereo_msgs/cmake)
-- Found test_msgs: 1.0.0 (/opt/ros/foxy/share/test_msgs/cmake)
-- Found tf2_msgs: 0.13.12 (/opt/ros/foxy/share/tf2_msgs/cmake)
-- Found trajectory_msgs: 2.0.4 (/opt/ros/foxy/share/trajectory_msgs/cmake)
-- Found turtlebot3_msgs: 2.2.1 (/opt/ros/foxy/share/turtlebot3_msgs/cmake)
-- Found turtlesim: 1.2.5 (/opt/ros/foxy/share/turtlesim/cmake)
-- Found unique_identifier_msgs: 2.1.3 (/opt/ros/foxy/share/unique_identifier_msgs/cmake)
-- Found visualization_msgs: 2.0.4 (/opt/ros/foxy/share/visualization_msgs/cmake)
-- Configuring done
CMake Warning at CMakeLists.txt:145 (add_executable):
  Cannot generate a safe runtime search path for target static_bridge because
  files in some directories may conflict with libraries in implicit
  directories:

    runtime library [liburdfdom_sensor.so.1.0] in /usr/lib/x86_64-linux-gnu may be hidden by files in:
      /opt/ros/foxy/lib/x86_64-linux-gnu
    runtime library [liburdfdom_model_state.so.1.0] in /usr/lib/x86_64-linux-gnu may be hidden by files in:
      /opt/ros/foxy/lib/x86_64-linux-gnu
    runtime library [liburdfdom_model.so.1.0] in /usr/lib/x86_64-linux-gnu may be hidden by files in:
      /opt/ros/foxy/lib/x86_64-linux-gnu
    runtime library [liburdfdom_world.so.1.0] in /usr/lib/x86_64-linux-gnu may be hidden by files in:
      /opt/ros/foxy/lib/x86_64-linux-gnu

  Some of these libraries may not be found correctly.
Call Stack (most recent call first):
  CMakeLists.txt:191 (custom_executable)


CMake Warning at CMakeLists.txt:145 (add_executable):
  Cannot generate a safe runtime search path for target static_bridge because
  there is a cycle in the constraint graph:

    dir 0 is [/opt/ros/noetic/lib]
      dir 3 must precede it due to runtime library [liburdf.so]
    dir 1 is [/home/yonathanarya/colcon_ws/build/ros1_bridge]
    dir 2 is [/home/yonathanarya/colcon_ws/install/turtlebot3_act_interfaces/lib]
    dir 3 is [/opt/ros/foxy/lib]
      dir 0 must precede it due to runtime library [liblayers.so]
    dir 4 is [/opt/ros/foxy/opt/yaml_cpp_vendor/lib]
    dir 5 is [/opt/ros/foxy/lib/x86_64-linux-gnu]
    dir 6 is [/opt/ros/foxy/opt/rviz_ogre_vendor/lib]

  Some of these libraries may not be found correctly.
Call Stack (most recent call first):
  CMakeLists.txt:191 (custom_executable)


CMake Warning at CMakeLists.txt:174 (add_library):
  Cannot generate a safe runtime search path for target ros1_bridge because
  files in some directories may conflict with libraries in implicit
  directories:

    runtime library [liburdfdom_sensor.so.1.0] in /usr/lib/x86_64-linux-gnu may be hidden by files in:
      /opt/ros/foxy/lib/x86_64-linux-gnu
    runtime library [liburdfdom_model_state.so.1.0] in /usr/lib/x86_64-linux-gnu may be hidden by files in:
      /opt/ros/foxy/lib/x86_64-linux-gnu
    runtime library [liburdfdom_model.so.1.0] in /usr/lib/x86_64-linux-gnu may be hidden by files in:
      /opt/ros/foxy/lib/x86_64-linux-gnu
    runtime library [liburdfdom_world.so.1.0] in /usr/lib/x86_64-linux-gnu may be hidden by files in:
      /opt/ros/foxy/lib/x86_64-linux-gnu

  Some of these libraries may not be found correctly.


CMake Warning at CMakeLists.txt:174 (add_library):
  Cannot generate a safe runtime search path for target ros1_bridge because
  there is a cycle in the constraint graph:

    dir 0 is [/home/yonathanarya/colcon_ws/install/turtlebot3_act_interfaces/lib]
    dir 1 is [/opt/ros/foxy/lib]
      dir 2 must precede it due to runtime library [liblayers.so]
    dir 2 is [/opt/ros/noetic/lib]
      dir 1 must precede it due to runtime library [liburdf.so]
    dir 3 is [/opt/ros/foxy/opt/yaml_cpp_vendor/lib]
    dir 4 is [/opt/ros/foxy/lib/x86_64-linux-gnu]
    dir 5 is [/opt/ros/foxy/opt/rviz_ogre_vendor/lib]

  Some of these libraries may not be found correctly.


CMake Warning at CMakeLists.txt:145 (add_executable):
  Cannot generate a safe runtime search path for target parameter_bridge
  because files in some directories may conflict with libraries in implicit
  directories:

    runtime library [liburdfdom_sensor.so.1.0] in /usr/lib/x86_64-linux-gnu may be hidden by files in:
      /opt/ros/foxy/lib/x86_64-linux-gnu
    runtime library [liburdfdom_model_state.so.1.0] in /usr/lib/x86_64-linux-gnu may be hidden by files in:
      /opt/ros/foxy/lib/x86_64-linux-gnu
    runtime library [liburdfdom_model.so.1.0] in /usr/lib/x86_64-linux-gnu may be hidden by files in:
      /opt/ros/foxy/lib/x86_64-linux-gnu
    runtime library [liburdfdom_world.so.1.0] in /usr/lib/x86_64-linux-gnu may be hidden by files in:
      /opt/ros/foxy/lib/x86_64-linux-gnu

  Some of these libraries may not be found correctly.
Call Stack (most recent call first):
  CMakeLists.txt:198 (custom_executable)


CMake Warning at CMakeLists.txt:145 (add_executable):
  Cannot generate a safe runtime search path for target parameter_bridge
  because there is a cycle in the constraint graph:

    dir 0 is [/opt/ros/noetic/lib]
      dir 3 must precede it due to runtime library [liburdf.so]
    dir 1 is [/home/yonathanarya/colcon_ws/build/ros1_bridge]
    dir 2 is [/home/yonathanarya/colcon_ws/install/turtlebot3_act_interfaces/lib]
    dir 3 is [/opt/ros/foxy/lib]
      dir 0 must precede it due to runtime library [liblayers.so]
    dir 4 is [/opt/ros/foxy/opt/yaml_cpp_vendor/lib]
    dir 5 is [/opt/ros/foxy/lib/x86_64-linux-gnu]
    dir 6 is [/opt/ros/foxy/opt/rviz_ogre_vendor/lib]

  Some of these libraries may not be found correctly.
Call Stack (most recent call first):
  CMakeLists.txt:198 (custom_executable)


CMake Warning at CMakeLists.txt:145 (add_executable):
  Cannot generate a safe runtime search path for target dynamic_bridge
  because files in some directories may conflict with libraries in implicit
  directories:

    runtime library [liburdfdom_sensor.so.1.0] in /usr/lib/x86_64-linux-gnu may be hidden by files in:
      /opt/ros/foxy/lib/x86_64-linux-gnu
    runtime library [liburdfdom_model_state.so.1.0] in /usr/lib/x86_64-linux-gnu may be hidden by files in:
      /opt/ros/foxy/lib/x86_64-linux-gnu
    runtime library [liburdfdom_model.so.1.0] in /usr/lib/x86_64-linux-gnu may be hidden by files in:
      /opt/ros/foxy/lib/x86_64-linux-gnu
    runtime library [liburdfdom_world.so.1.0] in /usr/lib/x86_64-linux-gnu may be hidden by files in:
      /opt/ros/foxy/lib/x86_64-linux-gnu

  Some of these libraries may not be found correctly.
Call Stack (most recent call first):
  CMakeLists.txt:205 (custom_executable)


CMake Warning at CMakeLists.txt:145 (add_executable):
  Cannot generate a safe runtime search path for target dynamic_bridge
  because there is a cycle in the constraint graph:

    dir 0 is [/opt/ros/noetic/lib]
      dir 3 must precede it due to runtime library [liburdf.so]
    dir 1 is [/home/yonathanarya/colcon_ws/build/ros1_bridge]
    dir 2 is [/home/yonathanarya/colcon_ws/install/turtlebot3_act_interfaces/lib]
    dir 3 is [/opt/ros/foxy/lib]
      dir 0 must precede it due to runtime library [liblayers.so]
    dir 4 is [/opt/ros/foxy/opt/yaml_cpp_vendor/lib]
    dir 5 is [/opt/ros/foxy/lib/x86_64-linux-gnu]
    dir 6 is [/opt/ros/foxy/opt/rviz_ogre_vendor/lib]

  Some of these libraries may not be found correctly.
Call Stack (most recent call first):
  CMakeLists.txt:205 (custom_executable)


-- Generating done
-- Build files have been written to: /home/yonathanarya/colcon_ws/build/ros1_bridge
[35m[1mScanning dependencies of target test_ros1_client[0m
[35m[1mScanning dependencies of target test_ros1_server[0m
[35m[1mScanning dependencies of target test_ros2_client_cpp[0m
[35m[1mScanning dependencies of target simple_bridge_2_to_1[0m
[35m[1mScanning dependencies of target simple_bridge[0m
[35m[1mScanning dependencies of target simple_bridge_1_to_2[0m
[35m[1mScanning dependencies of target test_ros2_server_cpp[0m
[  0%] [32mBuilding CXX object CMakeFiles/test_ros1_client.dir/test/test_ros1_client.cpp.o[0m
[  0%] [32mBuilding CXX object CMakeFiles/test_ros1_server.dir/test/test_ros1_server.cpp.o[0m
[  0%] [32mBuilding CXX object CMakeFiles/test_ros2_client_cpp.dir/test/test_ros2_client.cpp.o[0m
[  0%] [32mBuilding CXX object CMakeFiles/simple_bridge_2_to_1.dir/src/simple_bridge_2_to_1.cpp.o[0m
[  0%] [32mBuilding CXX object CMakeFiles/test_ros2_server_cpp.dir/test/test_ros2_server.cpp.o[0m
[  0%] [32mBuilding CXX object CMakeFiles/simple_bridge.dir/src/simple_bridge.cpp.o[0m
[  0%] [32mBuilding CXX object CMakeFiles/simple_bridge_1_to_2.dir/src/simple_bridge_1_to_2.cpp.o[0m
[  1%] [34m[1mGenerating factories for interface types[0m
[  1%] [32m[1mLinking CXX executable test_ros1_client[0m
[  2%] [32m[1mLinking CXX executable test_ros2_server_cpp[0m
[  3%] [32m[1mLinking CXX executable test_ros1_server[0m
[  3%] Built target test_ros1_client
[  3%] Built target test_ros2_server_cpp
[  3%] Built target test_ros1_server
[  3%] [32m[1mLinking CXX executable test_ros2_client_cpp[0m
[  3%] Built target test_ros2_client_cpp
[  4%] [32m[1mLinking CXX executable simple_bridge_1_to_2[0m
[  4%] Built target simple_bridge_1_to_2
[  4%] [32m[1mLinking CXX executable simple_bridge_2_to_1[0m
[  4%] Built target simple_bridge_2_to_1
[  4%] [32m[1mLinking CXX executable simple_bridge[0m
[  4%] Built target simple_bridge
[35m[1mScanning dependencies of target ros1_bridge[0m
[  4%] [32mBuilding CXX object CMakeFiles/ros1_bridge.dir/src/convert_builtin_interfaces.cpp.o[0m
[  4%] [32mBuilding CXX object CMakeFiles/ros1_bridge.dir/src/builtin_interfaces_factories.cpp.o[0m
[  4%] [32mBuilding CXX object CMakeFiles/ros1_bridge.dir/src/bridge.cpp.o[0m
[  5%] [32mBuilding CXX object CMakeFiles/ros1_bridge.dir/generated/get_factory.cpp.o[0m
[  5%] [32mBuilding CXX object CMakeFiles/ros1_bridge.dir/generated/turtlebot3_act_interfaces_factories.cpp.o[0m
[  5%] [32mBuilding CXX object CMakeFiles/ros1_bridge.dir/generated/action_msgs_factories.cpp.o[0m
[  5%] [32mBuilding CXX object CMakeFiles/ros1_bridge.dir/generated/get_mappings.cpp.o[0m
[  6%] [32mBuilding CXX object CMakeFiles/ros1_bridge.dir/generated/action_msgs__msg__GoalInfo__factories.cpp.o[0m
[  6%] [32mBuilding CXX object CMakeFiles/ros1_bridge.dir/generated/action_msgs__msg__GoalStatus__factories.cpp.o[0m
[  6%] [32mBuilding CXX object CMakeFiles/ros1_bridge.dir/generated/action_msgs__msg__GoalStatusArray__factories.cpp.o[0m
[  6%] [32mBuilding CXX object CMakeFiles/ros1_bridge.dir/generated/action_msgs__srv__CancelGoal__factories.cpp.o[0m
[  6%] [32mBuilding CXX object CMakeFiles/ros1_bridge.dir/generated/action_tutorials_interfaces_factories.cpp.o[0m
[  6%] [32mBuilding CXX object CMakeFiles/ros1_bridge.dir/generated/actionlib_msgs__msg__GoalID__factories.cpp.o[0m
[  7%] [32mBuilding CXX object CMakeFiles/ros1_bridge.dir/generated/actionlib_msgs_factories.cpp.o[0m
[  7%] [32mBuilding CXX object CMakeFiles/ros1_bridge.dir/generated/actionlib_msgs__msg__GoalStatus__factories.cpp.o[0m
[  7%] [32mBuilding CXX object CMakeFiles/ros1_bridge.dir/generated/actionlib_msgs__msg__GoalStatusArray__factories.cpp.o[0m
[  8%] [32mBuilding CXX object CMakeFiles/ros1_bridge.dir/generated/cartographer_ros_msgs_factories.cpp.o[0m
[  8%] [32mBuilding CXX object CMakeFiles/ros1_bridge.dir/generated/cartographer_ros_msgs__msg__LandmarkEntry__factories.cpp.o[0m
[  8%] [32mBuilding CXX object CMakeFiles/ros1_bridge.dir/generated/cartographer_ros_msgs__msg__LandmarkList__factories.cpp.o[0m
[  8%] [32mBuilding CXX object CMakeFiles/ros1_bridge.dir/generated/cartographer_ros_msgs__msg__SensorTopics__factories.cpp.o[0m
[  9%] [32mBuilding CXX object CMakeFiles/ros1_bridge.dir/generated/cartographer_ros_msgs__msg__StatusCode__factories.cpp.o[0m
[  9%] [32mBuilding CXX object CMakeFiles/ros1_bridge.dir/generated/cartographer_ros_msgs__msg__StatusResponse__factories.cpp.o[0m
[  9%] [32mBuilding CXX object CMakeFiles/ros1_bridge.dir/generated/cartographer_ros_msgs__msg__SubmapEntry__factories.cpp.o[0m
[  9%] [32mBuilding CXX object CMakeFiles/ros1_bridge.dir/generated/cartographer_ros_msgs__msg__SubmapList__factories.cpp.o[0m
[  9%] [32mBuilding CXX object CMakeFiles/ros1_bridge.dir/generated/cartographer_ros_msgs__msg__SubmapTexture__factories.cpp.o[0m
[ 10%] [32mBuilding CXX object CMakeFiles/ros1_bridge.dir/generated/cartographer_ros_msgs__msg__TrajectoryOptions__factories.cpp.o[0m
[ 10%] [32mBuilding CXX object CMakeFiles/ros1_bridge.dir/generated/cartographer_ros_msgs__srv__FinishTrajectory__factories.cpp.o[0m
[ 10%] [32mBuilding CXX object CMakeFiles/ros1_bridge.dir/generated/cartographer_ros_msgs__srv__StartTrajectory__factories.cpp.o[0m
[ 10%] [32mBuilding CXX object CMakeFiles/ros1_bridge.dir/generated/cartographer_ros_msgs__srv__SubmapQuery__factories.cpp.o[0m
[ 11%] [32mBuilding CXX object CMakeFiles/ros1_bridge.dir/generated/cartographer_ros_msgs__srv__WriteState__factories.cpp.o[0m
[ 11%] [32mBuilding CXX object CMakeFiles/ros1_bridge.dir/generated/composition_interfaces_factories.cpp.o[0m
[ 11%] [32mBuilding CXX object CMakeFiles/ros1_bridge.dir/generated/composition_interfaces__srv__LoadNode__factories.cpp.o[0m
[ 11%] [32mBuilding CXX object CMakeFiles/ros1_bridge.dir/generated/composition_interfaces__srv__ListNodes__factories.cpp.o[0m
[ 12%] [32mBuilding CXX object CMakeFiles/ros1_bridge.dir/generated/composition_interfaces__srv__UnloadNode__factories.cpp.o[0m
[ 12%] [32mBuilding CXX object CMakeFiles/ros1_bridge.dir/generated/control_msgs_factories.cpp.o[0m
[ 12%] [32mBuilding CXX object CMakeFiles/ros1_bridge.dir/generated/control_msgs__msg__DynamicJointState__factories.cpp.o[0m
[ 12%] [32mBuilding CXX object CMakeFiles/ros1_bridge.dir/generated/control_msgs__msg__GripperCommand__factories.cpp.o[0m
[ 12%] [32mBuilding CXX object CMakeFiles/ros1_bridge.dir/generated/control_msgs__msg__InterfaceValue__factories.cpp.o[0m
[ 13%] [32mBuilding CXX object CMakeFiles/ros1_bridge.dir/generated/control_msgs__msg__JointControllerState__factories.cpp.o[0m
[ 13%] [32mBuilding CXX object CMakeFiles/ros1_bridge.dir/generated/control_msgs__msg__JointJog__factories.cpp.o[0m
[ 13%] [32mBuilding CXX object CMakeFiles/ros1_bridge.dir/generated/control_msgs__msg__JointTolerance__factories.cpp.o[0m
[ 13%] [32mBuilding CXX object CMakeFiles/ros1_bridge.dir/generated/control_msgs__msg__JointTrajectoryControllerState__factories.cpp.o[0m
[ 14%] [32mBuilding CXX object CMakeFiles/ros1_bridge.dir/generated/control_msgs__msg__PidState__factories.cpp.o[0m
[ 14%] [32mBuilding CXX object CMakeFiles/ros1_bridge.dir/generated/control_msgs__srv__QueryCalibrationState__factories.cpp.o[0m
[ 14%] [32mBuilding CXX object CMakeFiles/ros1_bridge.dir/generated/control_msgs__srv__QueryTrajectoryState__factories.cpp.o[0m
[ 14%] [32mBuilding CXX object CMakeFiles/ros1_bridge.dir/generated/controller_manager_msgs_factories.cpp.o[0m
[ 15%] [32mBuilding CXX object CMakeFiles/ros1_bridge.dir/generated/controller_manager_msgs__msg__ControllerState__factories.cpp.o[0m
[ 15%] [32mBuilding CXX object CMakeFiles/ros1_bridge.dir/generated/controller_manager_msgs__msg__HardwareInterface__factories.cpp.o[0m
[ 15%] [32mBuilding CXX object CMakeFiles/ros1_bridge.dir/generated/controller_manager_msgs__srv__ConfigureController__factories.cpp.o[0m
[ 15%] [32mBuilding CXX object CMakeFiles/ros1_bridge.dir/generated/controller_manager_msgs__srv__ConfigureStartController__factories.cpp.o[0m
[ 15%] [32mBuilding CXX object CMakeFiles/ros1_bridge.dir/generated/controller_manager_msgs__srv__ListControllers__factories.cpp.o[0m
[ 16%] [32mBuilding CXX object CMakeFiles/ros1_bridge.dir/generated/controller_manager_msgs__srv__ListControllerTypes__factories.cpp.o[0m
[ 16%] [32mBuilding CXX object CMakeFiles/ros1_bridge.dir/generated/controller_manager_msgs__srv__ListHardwareInterfaces__factories.cpp.o[0m
[ 16%] [32mBuilding CXX object CMakeFiles/ros1_bridge.dir/generated/controller_manager_msgs__srv__LoadConfigureController__factories.cpp.o[0m
[ 16%] [32mBuilding CXX object CMakeFiles/ros1_bridge.dir/generated/controller_manager_msgs__srv__LoadController__factories.cpp.o[0m
[ 17%] [32mBuilding CXX object CMakeFiles/ros1_bridge.dir/generated/controller_manager_msgs__srv__LoadStartController__factories.cpp.o[0m
[ 17%] [32mBuilding CXX object CMakeFiles/ros1_bridge.dir/generated/controller_manager_msgs__srv__ReloadControllerLibraries__factories.cpp.o[0m
[ 17%] [32mBuilding CXX object CMakeFiles/ros1_bridge.dir/generated/controller_manager_msgs__srv__SwitchController__factories.cpp.o[0m
[ 17%] [32mBuilding CXX object CMakeFiles/ros1_bridge.dir/generated/controller_manager_msgs__srv__UnloadController__factories.cpp.o[0m
[ 18%] [32mBuilding CXX object CMakeFiles/ros1_bridge.dir/generated/diagnostic_msgs_factories.cpp.o[0m
[ 18%] [32mBuilding CXX object CMakeFiles/ros1_bridge.dir/generated/diagnostic_msgs__msg__DiagnosticArray__factories.cpp.o[0m
[ 18%] [32mBuilding CXX object CMakeFiles/ros1_bridge.dir/generated/diagnostic_msgs__msg__DiagnosticStatus__factories.cpp.o[0m
[ 18%] [32mBuilding CXX object CMakeFiles/ros1_bridge.dir/generated/diagnostic_msgs__msg__KeyValue__factories.cpp.o[0m
[ 19%] [32mBuilding CXX object CMakeFiles/ros1_bridge.dir/generated/diagnostic_msgs__srv__AddDiagnostics__factories.cpp.o[0m
[ 19%] [32mBuilding CXX object CMakeFiles/ros1_bridge.dir/generated/diagnostic_msgs__srv__SelfTest__factories.cpp.o[0m
[ 19%] [32mBuilding CXX object CMakeFiles/ros1_bridge.dir/generated/dwb_msgs_factories.cpp.o[0m
[ 19%] [32mBuilding CXX object CMakeFiles/ros1_bridge.dir/generated/dwb_msgs__msg__CriticScore__factories.cpp.o[0m
[ 19%] [32mBuilding CXX object CMakeFiles/ros1_bridge.dir/generated/dwb_msgs__msg__LocalPlanEvaluation__factories.cpp.o[0m
[ 20%] [32mBuilding CXX object CMakeFiles/ros1_bridge.dir/generated/dwb_msgs__msg__Trajectory2D__factories.cpp.o[0m
[ 20%] [32mBuilding CXX object CMakeFiles/ros1_bridge.dir/generated/dwb_msgs__msg__TrajectoryScore__factories.cpp.o[0m
[ 20%] [32mBuilding CXX object CMakeFiles/ros1_bridge.dir/generated/dwb_msgs__srv__DebugLocalPlan__factories.cpp.o[0m
[ 20%] [32mBuilding CXX object CMakeFiles/ros1_bridge.dir/generated/dwb_msgs__srv__GenerateTrajectory__factories.cpp.o[0m
[ 21%] [32mBuilding CXX object CMakeFiles/ros1_bridge.dir/generated/dwb_msgs__srv__GenerateTwists__factories.cpp.o[0m
[ 21%] [32mBuilding CXX object CMakeFiles/ros1_bridge.dir/generated/dwb_msgs__srv__GetCriticScore__factories.cpp.o[0m
[ 21%] [32mBuilding CXX object CMakeFiles/ros1_bridge.dir/generated/dwb_msgs__srv__ScoreTrajectory__factories.cpp.o[0m
[ 21%] [32mBuilding CXX object CMakeFiles/ros1_bridge.dir/generated/example_interfaces_factories.cpp.o[0m
[ 21%] [32mBuilding CXX object CMakeFiles/ros1_bridge.dir/generated/example_interfaces__msg__Empty__factories.cpp.o[0m
[ 22%] [32mBuilding CXX object CMakeFiles/ros1_bridge.dir/generated/example_interfaces__msg__Float32__factories.cpp.o[0m
[ 22%] [32mBuilding CXX object CMakeFiles/ros1_bridge.dir/generated/example_interfaces__msg__Float32MultiArray__factories.cpp.o[0m
[ 22%] [32mBuilding CXX object CMakeFiles/ros1_bridge.dir/generated/example_interfaces__msg__Char__factories.cpp.o[0m
[ 22%] [32mBuilding CXX object CMakeFiles/ros1_bridge.dir/generated/example_interfaces__msg__Float64__factories.cpp.o[0m
[ 22%] [32mBuilding CXX object CMakeFiles/ros1_bridge.dir/generated/example_interfaces__msg__ByteMultiArray__factories.cpp.o[0m
[ 22%] [32mBuilding CXX object CMakeFiles/ros1_bridge.dir/generated/example_interfaces__msg__Byte__factories.cpp.o[0m
[ 23%] [32mBuilding CXX object CMakeFiles/ros1_bridge.dir/generated/example_interfaces__msg__Bool__factories.cpp.o[0m
[ 23%] [32mBuilding CXX object CMakeFiles/ros1_bridge.dir/generated/example_interfaces__msg__Int64MultiArray__factories.cpp.o[0m
[ 24%] [32mBuilding CXX object CMakeFiles/ros1_bridge.dir/generated/example_interfaces__msg__Int8__factories.cpp.o[0m
[ 24%] [32mBuilding CXX object CMakeFiles/ros1_bridge.dir/generated/example_interfaces__msg__Int64__factories.cpp.o[0m
[ 24%] [32mBuilding CXX object CMakeFiles/ros1_bridge.dir/generated/example_interfaces__msg__Int32__factories.cpp.o[0m
[ 24%] [32mBuilding CXX object CMakeFiles/ros1_bridge.dir/generated/example_interfaces__msg__Int32MultiArray__factories.cpp.o[0m
[ 24%] [32mBuilding CXX object CMakeFiles/ros1_bridge.dir/generated/example_interfaces__msg__Int16MultiArray__factories.cpp.o[0m
[ 24%] [32mBuilding CXX object CMakeFiles/ros1_bridge.dir/generated/example_interfaces__msg__Int8MultiArray__factories.cpp.o[0m
[ 25%] [32mBuilding CXX object CMakeFiles/ros1_bridge.dir/generated/example_interfaces__msg__Int16__factories.cpp.o[0m
[ 25%] [32mBuilding CXX object CMakeFiles/ros1_bridge.dir/generated/example_interfaces__msg__Float64MultiArray__factories.cpp.o[0m
[ 25%] [32mBuilding CXX object CMakeFiles/ros1_bridge.dir/generated/example_interfaces__msg__MultiArrayDimension__factories.cpp.o[0m
[ 26%] [32mBuilding CXX object CMakeFiles/ros1_bridge.dir/generated/example_interfaces__msg__MultiArrayLayout__factories.cpp.o[0m
[ 26%] [32mBuilding CXX object CMakeFiles/ros1_bridge.dir/generated/example_interfaces__msg__String__factories.cpp.o[0m
[ 26%] [32mBuilding CXX object CMakeFiles/ros1_bridge.dir/generated/example_interfaces__msg__UInt16__factories.cpp.o[0m
[ 26%] [32mBuilding CXX object CMakeFiles/ros1_bridge.dir/generated/example_interfaces__msg__UInt16MultiArray__factories.cpp.o[0m
[ 27%] [32mBuilding CXX object CMakeFiles/ros1_bridge.dir/generated/example_interfaces__msg__UInt32__factories.cpp.o[0m
[ 27%] [32mBuilding CXX object CMakeFiles/ros1_bridge.dir/generated/example_interfaces__msg__UInt32MultiArray__factories.cpp.o[0m
[ 27%] [32mBuilding CXX object CMakeFiles/ros1_bridge.dir/generated/example_interfaces__msg__UInt64__factories.cpp.o[0m
[ 27%] [32mBuilding CXX object CMakeFiles/ros1_bridge.dir/generated/example_interfaces__msg__UInt64MultiArray__factories.cpp.o[0m
[ 28%] [32mBuilding CXX object CMakeFiles/ros1_bridge.dir/generated/example_interfaces__msg__UInt8__factories.cpp.o[0m
[ 28%] [32mBuilding CXX object CMakeFiles/ros1_bridge.dir/generated/example_interfaces__msg__UInt8MultiArray__factories.cpp.o[0m
[ 28%] [32mBuilding CXX object CMakeFiles/ros1_bridge.dir/generated/example_interfaces__msg__WString__factories.cpp.o[0m
[ 28%] [32mBuilding CXX object CMakeFiles/ros1_bridge.dir/generated/example_interfaces__srv__AddTwoInts__factories.cpp.o[0m
[ 28%] [32mBuilding CXX object CMakeFiles/ros1_bridge.dir/generated/example_interfaces__srv__SetBool__factories.cpp.o[0m
[ 29%] [32mBuilding CXX object CMakeFiles/ros1_bridge.dir/generated/example_interfaces__srv__Trigger__factories.cpp.o[0m
[ 29%] [32mBuilding CXX object CMakeFiles/ros1_bridge.dir/generated/gazebo_msgs_factories.cpp.o[0m
[ 29%] [32mBuilding CXX object CMakeFiles/ros1_bridge.dir/generated/gazebo_msgs__msg__ContactState__factories.cpp.o[0m
[ 29%] [32mBuilding CXX object CMakeFiles/ros1_bridge.dir/generated/gazebo_msgs__msg__ContactsState__factories.cpp.o[0m
[ 30%] [32mBuilding CXX object CMakeFiles/ros1_bridge.dir/generated/gazebo_msgs__msg__EntityState__factories.cpp.o[0m
[ 30%] [32mBuilding CXX object CMakeFiles/ros1_bridge.dir/generated/gazebo_msgs__msg__LinkState__factories.cpp.o[0m
[ 30%] [32mBuilding CXX object CMakeFiles/ros1_bridge.dir/generated/gazebo_msgs__msg__LinkStates__factories.cpp.o[0m
[ 30%] [32mBuilding CXX object CMakeFiles/ros1_bridge.dir/generated/gazebo_msgs__msg__ModelState__factories.cpp.o[0m
[ 31%] [32mBuilding CXX object CMakeFiles/ros1_bridge.dir/generated/gazebo_msgs__msg__ModelStates__factories.cpp.o[0m
[ 31%] [32mBuilding CXX object CMakeFiles/ros1_bridge.dir/generated/gazebo_msgs__msg__ODEJointProperties__factories.cpp.o[0m
[ 31%] [32mBuilding CXX object CMakeFiles/ros1_bridge.dir/generated/gazebo_msgs__msg__ODEPhysics__factories.cpp.o[0m
[ 31%] [32mBuilding CXX object CMakeFiles/ros1_bridge.dir/generated/gazebo_msgs__msg__WorldState__factories.cpp.o[0m
[ 32%] [32mBuilding CXX object CMakeFiles/ros1_bridge.dir/generated/gazebo_msgs__msg__SensorPerformanceMetric__factories.cpp.o[0m
[ 32%] [32mBuilding CXX object CMakeFiles/ros1_bridge.dir/generated/gazebo_msgs__srv__ApplyBodyWrench__factories.cpp.o[0m
[ 32%] [32mBuilding CXX object CMakeFiles/ros1_bridge.dir/generated/gazebo_msgs__srv__ApplyLinkWrench__factories.cpp.o[0m
[ 32%] [32mBuilding CXX object CMakeFiles/ros1_bridge.dir/generated/gazebo_msgs__msg__PerformanceMetrics__factories.cpp.o[0m
[ 32%] [32mBuilding CXX object CMakeFiles/ros1_bridge.dir/generated/gazebo_msgs__srv__ApplyJointEffort__factories.cpp.o[0m
[ 33%] [32mBuilding CXX object CMakeFiles/ros1_bridge.dir/generated/gazebo_msgs__srv__BodyRequest__factories.cpp.o[0m
[ 33%] [32mBuilding CXX object CMakeFiles/ros1_bridge.dir/generated/gazebo_msgs__srv__DeleteEntity__factories.cpp.o[0m
[ 34%] [32mBuilding CXX object CMakeFiles/ros1_bridge.dir/generated/gazebo_msgs__srv__GetJointProperties__factories.cpp.o[0m
[ 34%] [32mBuilding CXX object CMakeFiles/ros1_bridge.dir/generated/gazebo_msgs__srv__DeleteModel__factories.cpp.o[0m
[ 34%] [32mBuilding CXX object CMakeFiles/ros1_bridge.dir/generated/gazebo_msgs__srv__GetEntityState__factories.cpp.o[0m
[ 34%] [32mBuilding CXX object CMakeFiles/ros1_bridge.dir/generated/gazebo_msgs__srv__DeleteLight__factories.cpp.o[0m
[ 34%] [32mBuilding CXX object CMakeFiles/ros1_bridge.dir/generated/gazebo_msgs__srv__GetLightProperties__factories.cpp.o[0m
[ 34%] [32mBuilding CXX object CMakeFiles/ros1_bridge.dir/generated/gazebo_msgs__srv__GetLinkProperties__factories.cpp.o[0m
[ 35%] [32mBuilding CXX object CMakeFiles/ros1_bridge.dir/generated/gazebo_msgs__srv__GetLinkState__factories.cpp.o[0m
[ 35%] [32mBuilding CXX object CMakeFiles/ros1_bridge.dir/generated/gazebo_msgs__srv__GetModelList__factories.cpp.o[0m
[ 35%] [32mBuilding CXX object CMakeFiles/ros1_bridge.dir/generated/gazebo_msgs__srv__GetModelProperties__factories.cpp.o[0m
[ 35%] [32mBuilding CXX object CMakeFiles/ros1_bridge.dir/generated/gazebo_msgs__srv__GetModelState__factories.cpp.o[0m
[ 36%] [32mBuilding CXX object CMakeFiles/ros1_bridge.dir/generated/gazebo_msgs__srv__SetEntityState__factories.cpp.o[0m
[ 36%] [32mBuilding CXX object CMakeFiles/ros1_bridge.dir/generated/gazebo_msgs__srv__SetJointProperties__factories.cpp.o[0m
[ 36%] [32mBuilding CXX object CMakeFiles/ros1_bridge.dir/generated/gazebo_msgs__srv__LinkRequest__factories.cpp.o[0m
[ 36%] [32mBuilding CXX object CMakeFiles/ros1_bridge.dir/generated/gazebo_msgs__srv__JointRequest__factories.cpp.o[0m
[ 37%] [32mBuilding CXX object CMakeFiles/ros1_bridge.dir/generated/gazebo_msgs__srv__GetWorldProperties__factories.cpp.o[0m
[ 37%] [32mBuilding CXX object CMakeFiles/ros1_bridge.dir/generated/gazebo_msgs__srv__GetPhysicsProperties__factories.cpp.o[0m
[ 37%] [32mBuilding CXX object CMakeFiles/ros1_bridge.dir/generated/gazebo_msgs__srv__SetJointTrajectory__factories.cpp.o[0m
[ 37%] [32mBuilding CXX object CMakeFiles/ros1_bridge.dir/generated/gazebo_msgs__srv__SetLightProperties__factories.cpp.o[0m
[ 37%] [32mBuilding CXX object CMakeFiles/ros1_bridge.dir/generated/gazebo_msgs__srv__SetLinkProperties__factories.cpp.o[0m
[ 38%] [32mBuilding CXX object CMakeFiles/ros1_bridge.dir/generated/gazebo_msgs__srv__SetLinkState__factories.cpp.o[0m
[ 38%] [32mBuilding CXX object CMakeFiles/ros1_bridge.dir/generated/gazebo_msgs__srv__SetModelConfiguration__factories.cpp.o[0m
[ 38%] [32mBuilding CXX object CMakeFiles/ros1_bridge.dir/generated/gazebo_msgs__srv__SetModelState__factories.cpp.o[0m
[ 38%] [32mBuilding CXX object CMakeFiles/ros1_bridge.dir/generated/gazebo_msgs__srv__SetPhysicsProperties__factories.cpp.o[0m
[ 38%] [32mBuilding CXX object CMakeFiles/ros1_bridge.dir/generated/gazebo_msgs__srv__SpawnEntity__factories.cpp.o[0m
[ 39%] [32mBuilding CXX object CMakeFiles/ros1_bridge.dir/generated/gazebo_msgs__srv__SpawnModel__factories.cpp.o[0m
[ 39%] [32mBuilding CXX object CMakeFiles/ros1_bridge.dir/generated/geometry_msgs_factories.cpp.o[0m
[ 39%] [32mBuilding CXX object CMakeFiles/ros1_bridge.dir/generated/geometry_msgs__msg__Accel__factories.cpp.o[0m
[ 39%] [32mBuilding CXX object CMakeFiles/ros1_bridge.dir/generated/geometry_msgs__msg__AccelStamped__factories.cpp.o[0m
[ 40%] [32mBuilding CXX object CMakeFiles/ros1_bridge.dir/generated/geometry_msgs__msg__AccelWithCovariance__factories.cpp.o[0m
[ 40%] [32mBuilding CXX object CMakeFiles/ros1_bridge.dir/generated/geometry_msgs__msg__AccelWithCovarianceStamped__factories.cpp.o[0m
[ 40%] [32mBuilding CXX object CMakeFiles/ros1_bridge.dir/generated/geometry_msgs__msg__Inertia__factories.cpp.o[0m
[ 40%] [32mBuilding CXX object CMakeFiles/ros1_bridge.dir/generated/geometry_msgs__msg__InertiaStamped__factories.cpp.o[0m
[ 41%] [32mBuilding CXX object CMakeFiles/ros1_bridge.dir/generated/geometry_msgs__msg__Point__factories.cpp.o[0m
[ 41%] [32mBuilding CXX object CMakeFiles/ros1_bridge.dir/generated/geometry_msgs__msg__Point32__factories.cpp.o[0m
[ 41%] [32mBuilding CXX object CMakeFiles/ros1_bridge.dir/generated/geometry_msgs__msg__Pose2D__factories.cpp.o[0m
[ 42%] [32mBuilding CXX object CMakeFiles/ros1_bridge.dir/generated/geometry_msgs__msg__Pose__factories.cpp.o[0m
[ 42%] [32mBuilding CXX object CMakeFiles/ros1_bridge.dir/generated/geometry_msgs__msg__PoseArray__factories.cpp.o[0m
[ 42%] [32mBuilding CXX object CMakeFiles/ros1_bridge.dir/generated/geometry_msgs__msg__PolygonStamped__factories.cpp.o[0m
[ 42%] [32mBuilding CXX object CMakeFiles/ros1_bridge.dir/generated/geometry_msgs__msg__Polygon__factories.cpp.o[0m
[ 42%] [32mBuilding CXX object CMakeFiles/ros1_bridge.dir/generated/geometry_msgs__msg__PoseStamped__factories.cpp.o[0m
[ 43%] [32mBuilding CXX object CMakeFiles/ros1_bridge.dir/generated/geometry_msgs__msg__PoseWithCovariance__factories.cpp.o[0m
[ 43%] [32mBuilding CXX object CMakeFiles/ros1_bridge.dir/generated/geometry_msgs__msg__PointStamped__factories.cpp.o[0m
[ 43%] [32mBuilding CXX object CMakeFiles/ros1_bridge.dir/generated/geometry_msgs__msg__PoseWithCovarianceStamped__factories.cpp.o[0m
[ 43%] [32mBuilding CXX object CMakeFiles/ros1_bridge.dir/generated/geometry_msgs__msg__Quaternion__factories.cpp.o[0m
[ 43%] [32mBuilding CXX object CMakeFiles/ros1_bridge.dir/generated/geometry_msgs__msg__QuaternionStamped__factories.cpp.o[0m
[ 44%] [32mBuilding CXX object CMakeFiles/ros1_bridge.dir/generated/geometry_msgs__msg__Transform__factories.cpp.o[0m
[ 44%] [32mBuilding CXX object CMakeFiles/ros1_bridge.dir/generated/geometry_msgs__msg__TransformStamped__factories.cpp.o[0m
[ 44%] [32mBuilding CXX object CMakeFiles/ros1_bridge.dir/generated/geometry_msgs__msg__Twist__factories.cpp.o[0m
[ 44%] [32mBuilding CXX object CMakeFiles/ros1_bridge.dir/generated/geometry_msgs__msg__TwistStamped__factories.cpp.o[0m
[ 44%] [32mBuilding CXX object CMakeFiles/ros1_bridge.dir/generated/geometry_msgs__msg__TwistWithCovariance__factories.cpp.o[0m
[ 44%] [32mBuilding CXX object CMakeFiles/ros1_bridge.dir/generated/libstatistics_collector__msg__DummyMessage__factories.cpp.o[0m
[ 44%] [32mBuilding CXX object CMakeFiles/ros1_bridge.dir/generated/lifecycle_msgs_factories.cpp.o[0m
[ 44%] [32mBuilding CXX object CMakeFiles/ros1_bridge.dir/generated/libstatistics_collector_factories.cpp.o[0m
[ 45%] [32mBuilding CXX object CMakeFiles/ros1_bridge.dir/generated/geometry_msgs__msg__WrenchStamped__factories.cpp.o[0m
[ 46%] [32mBuilding CXX object CMakeFiles/ros1_bridge.dir/generated/lifecycle_msgs__msg__State__factories.cpp.o[0m
[ 46%] [32mBuilding CXX object CMakeFiles/ros1_bridge.dir/generated/geometry_msgs__msg__Wrench__factories.cpp.o[0m
[ 46%] [32mBuilding CXX object CMakeFiles/ros1_bridge.dir/generated/geometry_msgs__msg__Vector3__factories.cpp.o[0m
[ 46%] [32mBuilding CXX object CMakeFiles/ros1_bridge.dir/generated/geometry_msgs__msg__Vector3Stamped__factories.cpp.o[0m
[ 47%] [32mBuilding CXX object CMakeFiles/ros1_bridge.dir/generated/geometry_msgs__msg__TwistWithCovarianceStamped__factories.cpp.o[0m
[ 47%] [32mBuilding CXX object CMakeFiles/ros1_bridge.dir/generated/lifecycle_msgs__msg__Transition__factories.cpp.o[0m
[ 47%] [32mBuilding CXX object CMakeFiles/ros1_bridge.dir/generated/lifecycle_msgs__msg__TransitionDescription__factories.cpp.o[0m
[ 47%] [32mBuilding CXX object CMakeFiles/ros1_bridge.dir/generated/lifecycle_msgs__msg__TransitionEvent__factories.cpp.o[0m
[ 48%] [32mBuilding CXX object CMakeFiles/ros1_bridge.dir/generated/lifecycle_msgs__srv__ChangeState__factories.cpp.o[0m
[ 48%] [32mBuilding CXX object CMakeFiles/ros1_bridge.dir/generated/lifecycle_msgs__srv__GetAvailableStates__factories.cpp.o[0m
[ 48%] [32mBuilding CXX object CMakeFiles/ros1_bridge.dir/generated/lifecycle_msgs__srv__GetAvailableTransitions__factories.cpp.o[0m
[ 48%] [32mBuilding CXX object CMakeFiles/ros1_bridge.dir/generated/lifecycle_msgs__srv__GetState__factories.cpp.o[0m
[ 48%] [32mBuilding CXX object CMakeFiles/ros1_bridge.dir/generated/logging_demo_factories.cpp.o[0m
[ 49%] [32mBuilding CXX object CMakeFiles/ros1_bridge.dir/generated/logging_demo__srv__ConfigLogger__factories.cpp.o[0m
[ 49%] [32mBuilding CXX object CMakeFiles/ros1_bridge.dir/generated/map_msgs_factories.cpp.o[0m
[ 49%] [32mBuilding CXX object CMakeFiles/ros1_bridge.dir/generated/map_msgs__msg__OccupancyGridUpdate__factories.cpp.o[0m
[ 49%] [32mBuilding CXX object CMakeFiles/ros1_bridge.dir/generated/map_msgs__msg__PointCloud2Update__factories.cpp.o[0m
[ 50%] [32mBuilding CXX object CMakeFiles/ros1_bridge.dir/generated/map_msgs__msg__ProjectedMapInfo__factories.cpp.o[0m
[ 50%] [32mBuilding CXX object CMakeFiles/ros1_bridge.dir/generated/map_msgs__msg__ProjectedMap__factories.cpp.o[0m
[ 50%] [32mBuilding CXX object CMakeFiles/ros1_bridge.dir/generated/map_msgs__srv__GetMapROI__factories.cpp.o[0m
[ 50%] [32mBuilding CXX object CMakeFiles/ros1_bridge.dir/generated/map_msgs__srv__GetPointMapROI__factories.cpp.o[0m
[ 51%] [32mBuilding CXX object CMakeFiles/ros1_bridge.dir/generated/map_msgs__srv__GetPointMap__factories.cpp.o[0m
[ 51%] [32mBuilding CXX object CMakeFiles/ros1_bridge.dir/generated/map_msgs__srv__ProjectedMapsInfo__factories.cpp.o[0m
[ 51%] [32mBuilding CXX object CMakeFiles/ros1_bridge.dir/generated/map_msgs__srv__SaveMap__factories.cpp.o[0m
[ 51%] [32mBuilding CXX object CMakeFiles/ros1_bridge.dir/generated/map_msgs__srv__SetMapProjections__factories.cpp.o[0m
[ 51%] [32mBuilding CXX object CMakeFiles/ros1_bridge.dir/generated/nav2_msgs_factories.cpp.o[0m
[ 52%] [32mBuilding CXX object CMakeFiles/ros1_bridge.dir/generated/nav2_msgs__msg__Costmap__factories.cpp.o[0m
[ 52%] [32mBuilding CXX object CMakeFiles/ros1_bridge.dir/generated/nav2_msgs__msg__CostmapMetaData__factories.cpp.o[0m
[ 53%] [32mBuilding CXX object CMakeFiles/ros1_bridge.dir/generated/nav2_msgs__msg__BehaviorTreeLog__factories.cpp.o[0m
[ 53%] [32mBuilding CXX object CMakeFiles/ros1_bridge.dir/generated/nav2_msgs__msg__Particle__factories.cpp.o[0m
[ 53%] [32mBuilding CXX object CMakeFiles/ros1_bridge.dir/generated/nav2_msgs__srv__GetCostmap__factories.cpp.o[0m
[ 53%] [32mBuilding CXX object CMakeFiles/ros1_bridge.dir/generated/nav2_msgs__msg__ParticleCloud__factories.cpp.o[0m
[ 54%] [32mBuilding CXX object CMakeFiles/ros1_bridge.dir/generated/nav2_msgs__srv__ClearCostmapExceptRegion__factories.cpp.o[0m
[ 54%] [32mBuilding CXX object CMakeFiles/ros1_bridge.dir/generated/nav2_msgs__srv__ClearCostmapAroundRobot__factories.cpp.o[0m
[ 54%] [32mBuilding CXX object CMakeFiles/ros1_bridge.dir/generated/nav2_msgs__msg__BehaviorTreeStatusChange__factories.cpp.o[0m
[ 54%] [32mBuilding CXX object CMakeFiles/ros1_bridge.dir/generated/nav2_msgs__msg__VoxelGrid__factories.cpp.o[0m
[ 54%] [32mBuilding CXX object CMakeFiles/ros1_bridge.dir/generated/nav2_msgs__srv__ClearEntireCostmap__factories.cpp.o[0m
[ 54%] [32mBuilding CXX object CMakeFiles/ros1_bridge.dir/generated/nav2_msgs__srv__ManageLifecycleNodes__factories.cpp.o[0m
[ 54%] [32mBuilding CXX object CMakeFiles/ros1_bridge.dir/generated/nav2_msgs__srv__LoadMap__factories.cpp.o[0m
[ 55%] [32mBuilding CXX object CMakeFiles/ros1_bridge.dir/generated/nav2_msgs__srv__SaveMap__factories.cpp.o[0m
[ 55%] [32mBuilding CXX object CMakeFiles/ros1_bridge.dir/generated/nav_2d_msgs_factories.cpp.o[0m
[ 55%] [32mBuilding CXX object CMakeFiles/ros1_bridge.dir/generated/nav_2d_msgs__msg__Path2D__factories.cpp.o[0m
[ 55%] [32mBuilding CXX object CMakeFiles/ros1_bridge.dir/generated/nav_2d_msgs__msg__Pose2D32__factories.cpp.o[0m
[ 56%] [32mBuilding CXX object CMakeFiles/ros1_bridge.dir/generated/nav_2d_msgs__msg__Pose2DStamped__factories.cpp.o[0m
[ 56%] [32mBuilding CXX object CMakeFiles/ros1_bridge.dir/generated/nav_2d_msgs__msg__Twist2D__factories.cpp.o[0m
[ 56%] [32mBuilding CXX object CMakeFiles/ros1_bridge.dir/generated/nav_2d_msgs__msg__Twist2D32__factories.cpp.o[0m
[ 56%] [32mBuilding CXX object CMakeFiles/ros1_bridge.dir/generated/nav_2d_msgs__msg__Twist2DStamped__factories.cpp.o[0m
[ 57%] [32mBuilding CXX object CMakeFiles/ros1_bridge.dir/generated/nav_msgs_factories.cpp.o[0m
[ 57%] [32mBuilding CXX object CMakeFiles/ros1_bridge.dir/generated/nav_msgs__msg__GridCells__factories.cpp.o[0m
[ 57%] [32mBuilding CXX object CMakeFiles/ros1_bridge.dir/generated/nav_msgs__msg__MapMetaData__factories.cpp.o[0m
[ 57%] [32mBuilding CXX object CMakeFiles/ros1_bridge.dir/generated/nav_msgs__msg__OccupancyGrid__factories.cpp.o[0m
[ 57%] [32mBuilding CXX object CMakeFiles/ros1_bridge.dir/generated/nav_msgs__msg__Odometry__factories.cpp.o[0m
[ 58%] [32mBuilding CXX object CMakeFiles/ros1_bridge.dir/generated/nav_msgs__msg__Path__factories.cpp.o[0m
[ 58%] [32mBuilding CXX object CMakeFiles/ros1_bridge.dir/generated/nav_msgs__srv__GetMap__factories.cpp.o[0m
[ 58%] [32mBuilding CXX object CMakeFiles/ros1_bridge.dir/generated/nav_msgs__srv__GetPlan__factories.cpp.o[0m
[ 58%] [32mBuilding CXX object CMakeFiles/ros1_bridge.dir/generated/nav_msgs__srv__SetMap__factories.cpp.o[0m
[ 58%] [32mBuilding CXX object CMakeFiles/ros1_bridge.dir/generated/pendulum_msgs_factories.cpp.o[0m
[ 58%] [32mBuilding CXX object CMakeFiles/ros1_bridge.dir/generated/pcl_msgs__srv__UpdateFilename__factories.cpp.o[0m
[ 59%] [32mBuilding CXX object CMakeFiles/ros1_bridge.dir/generated/pcl_msgs__msg__Vertices__factories.cpp.o[0m
[ 59%] [32mBuilding CXX object CMakeFiles/ros1_bridge.dir/generated/pcl_msgs__msg__PolygonMesh__factories.cpp.o[0m
[ 59%] [32mBuilding CXX object CMakeFiles/ros1_bridge.dir/generated/pendulum_msgs__msg__JointState__factories.cpp.o[0m
[ 59%] [32mBuilding CXX object CMakeFiles/ros1_bridge.dir/generated/pcl_msgs__msg__PointIndices__factories.cpp.o[0m
[ 59%] [32mBuilding CXX object CMakeFiles/ros1_bridge.dir/generated/pcl_msgs__msg__ModelCoefficients__factories.cpp.o[0m
[ 60%] [32mBuilding CXX object CMakeFiles/ros1_bridge.dir/generated/pcl_msgs_factories.cpp.o[0m
[ 61%] [32mBuilding CXX object CMakeFiles/ros1_bridge.dir/generated/pendulum_msgs__msg__JointCommand__factories.cpp.o[0m
[ 61%] [32mBuilding CXX object CMakeFiles/ros1_bridge.dir/generated/pendulum_msgs__msg__RttestResults__factories.cpp.o[0m
[ 61%] [32mBuilding CXX object CMakeFiles/ros1_bridge.dir/generated/rcl_interfaces_factories.cpp.o[0m
[ 61%] [32mBuilding CXX object CMakeFiles/ros1_bridge.dir/generated/rcl_interfaces__msg__FloatingPointRange__factories.cpp.o[0m
[ 61%] [32mBuilding CXX object CMakeFiles/ros1_bridge.dir/generated/rcl_interfaces__msg__IntegerRange__factories.cpp.o[0m
[ 62%] [32mBuilding CXX object CMakeFiles/ros1_bridge.dir/generated/rcl_interfaces__msg__ListParametersResult__factories.cpp.o[0m
[ 62%] [32mBuilding CXX object CMakeFiles/ros1_bridge.dir/generated/rcl_interfaces__msg__Log__factories.cpp.o[0m
[ 62%] [32mBuilding CXX object CMakeFiles/ros1_bridge.dir/generated/rcl_interfaces__msg__ParameterDescriptor__factories.cpp.o[0m
[ 62%] [32mBuilding CXX object CMakeFiles/ros1_bridge.dir/generated/rcl_interfaces__msg__ParameterEventDescriptors__factories.cpp.o[0m
[ 63%] [32mBuilding CXX object CMakeFiles/ros1_bridge.dir/generated/rcl_interfaces__msg__ParameterEvent__factories.cpp.o[0m
[ 63%] [32mBuilding CXX object CMakeFiles/ros1_bridge.dir/generated/rcl_interfaces__msg__Parameter__factories.cpp.o[0m
[ 63%] [32mBuilding CXX object CMakeFiles/ros1_bridge.dir/generated/rcl_interfaces__msg__ParameterType__factories.cpp.o[0m
[ 63%] [32mBuilding CXX object CMakeFiles/ros1_bridge.dir/generated/rcl_interfaces__msg__ParameterValue__factories.cpp.o[0m
[ 64%] [32mBuilding CXX object CMakeFiles/ros1_bridge.dir/generated/rcl_interfaces__srv__SetParametersAtomically__factories.cpp.o[0m
[ 64%] [32mBuilding CXX object CMakeFiles/ros1_bridge.dir/generated/rcl_interfaces__srv__SetParameters__factories.cpp.o[0m
[ 64%] [32mBuilding CXX object CMakeFiles/ros1_bridge.dir/generated/rmw_dds_common_factories.cpp.o[0m
[ 64%] [32mBuilding CXX object CMakeFiles/ros1_bridge.dir/generated/rcl_interfaces__srv__GetParameterTypes__factories.cpp.o[0m
[ 64%] [32mBuilding CXX object CMakeFiles/ros1_bridge.dir/generated/rcl_interfaces__srv__ListParameters__factories.cpp.o[0m
[ 64%] [32mBuilding CXX object CMakeFiles/ros1_bridge.dir/generated/rcl_interfaces__srv__GetParameters__factories.cpp.o[0m
[ 64%] [32mBuilding CXX object CMakeFiles/ros1_bridge.dir/generated/rmw_dds_common__msg__Gid__factories.cpp.o[0m
[ 64%] [32mBuilding CXX object CMakeFiles/ros1_bridge.dir/generated/rcl_interfaces__srv__DescribeParameters__factories.cpp.o[0m
[ 65%] [32mBuilding CXX object CMakeFiles/ros1_bridge.dir/generated/rcl_interfaces__msg__SetParametersResult__factories.cpp.o[0m
[ 66%] [32mBuilding CXX object CMakeFiles/ros1_bridge.dir/generated/rmw_dds_common__msg__NodeEntitiesInfo__factories.cpp.o[0m
[ 66%] [32mBuilding CXX object CMakeFiles/ros1_bridge.dir/generated/rmw_dds_common__msg__ParticipantEntitiesInfo__factories.cpp.o[0m
[ 66%] [32mBuilding CXX object CMakeFiles/ros1_bridge.dir/generated/rosgraph_msgs_factories.cpp.o[0m
[ 66%] [32mBuilding CXX object CMakeFiles/ros1_bridge.dir/generated/rosgraph_msgs__msg__Clock__factories.cpp.o[0m
[ 67%] [32mBuilding CXX object CMakeFiles/ros1_bridge.dir/generated/sensor_msgs_factories.cpp.o[0m
[ 67%] [32mBuilding CXX object CMakeFiles/ros1_bridge.dir/generated/sensor_msgs__msg__BatteryState__factories.cpp.o[0m
[ 67%] [32mBuilding CXX object CMakeFiles/ros1_bridge.dir/generated/sensor_msgs__msg__CameraInfo__factories.cpp.o[0m
[ 67%] [32mBuilding CXX object CMakeFiles/ros1_bridge.dir/generated/sensor_msgs__msg__ChannelFloat32__factories.cpp.o[0m
[ 67%] [32mBuilding CXX object CMakeFiles/ros1_bridge.dir/generated/sensor_msgs__msg__CompressedImage__factories.cpp.o[0m
[ 68%] [32mBuilding CXX object CMakeFiles/ros1_bridge.dir/generated/sensor_msgs__msg__FluidPressure__factories.cpp.o[0m
[ 68%] [32mBuilding CXX object CMakeFiles/ros1_bridge.dir/generated/sensor_msgs__msg__Illuminance__factories.cpp.o[0m
[ 68%] [32mBuilding CXX object CMakeFiles/ros1_bridge.dir/generated/sensor_msgs__msg__Image__factories.cpp.o[0m
[ 68%] [32mBuilding CXX object CMakeFiles/ros1_bridge.dir/generated/sensor_msgs__msg__Imu__factories.cpp.o[0m
[ 69%] [32mBuilding CXX object CMakeFiles/ros1_bridge.dir/generated/sensor_msgs__msg__JointState__factories.cpp.o[0m
[ 69%] [32mBuilding CXX object CMakeFiles/ros1_bridge.dir/generated/sensor_msgs__msg__Joy__factories.cpp.o[0m
[ 69%] [32mBuilding CXX object CMakeFiles/ros1_bridge.dir/generated/sensor_msgs__msg__JoyFeedback__factories.cpp.o[0m
[ 69%] [32mBuilding CXX object CMakeFiles/ros1_bridge.dir/generated/sensor_msgs__msg__JoyFeedbackArray__factories.cpp.o[0m
[ 69%] [32mBuilding CXX object CMakeFiles/ros1_bridge.dir/generated/sensor_msgs__msg__MagneticField__factories.cpp.o[0m
[ 69%] [32mBuilding CXX object CMakeFiles/ros1_bridge.dir/generated/sensor_msgs__msg__LaserScan__factories.cpp.o[0m
[ 70%] [32mBuilding CXX object CMakeFiles/ros1_bridge.dir/generated/sensor_msgs__msg__LaserEcho__factories.cpp.o[0m
[ 70%] [32mBuilding CXX object CMakeFiles/ros1_bridge.dir/generated/sensor_msgs__msg__MultiDOFJointState__factories.cpp.o[0m
[ 70%] [32mBuilding CXX object CMakeFiles/ros1_bridge.dir/generated/sensor_msgs__msg__MultiEchoLaserScan__factories.cpp.o[0m
[ 71%] [32mBuilding CXX object CMakeFiles/ros1_bridge.dir/generated/sensor_msgs__msg__NavSatFix__factories.cpp.o[0m
[ 71%] [32mBuilding CXX object CMakeFiles/ros1_bridge.dir/generated/sensor_msgs__msg__NavSatStatus__factories.cpp.o[0m
[ 71%] [32mBuilding CXX object CMakeFiles/ros1_bridge.dir/generated/sensor_msgs__msg__PointCloud__factories.cpp.o[0m
[ 72%] [32mBuilding CXX object CMakeFiles/ros1_bridge.dir/generated/sensor_msgs__msg__PointField__factories.cpp.o[0m
[ 72%] [32mBuilding CXX object CMakeFiles/ros1_bridge.dir/generated/sensor_msgs__msg__Range__factories.cpp.o[0m
[ 72%] [32mBuilding CXX object CMakeFiles/ros1_bridge.dir/generated/sensor_msgs__msg__PointCloud2__factories.cpp.o[0m
[ 72%] [32mBuilding CXX object CMakeFiles/ros1_bridge.dir/generated/sensor_msgs__msg__RegionOfInterest__factories.cpp.o[0m
[ 72%] [32mBuilding CXX object CMakeFiles/ros1_bridge.dir/generated/sensor_msgs__msg__RelativeHumidity__factories.cpp.o[0m
[ 73%] [32mBuilding CXX object CMakeFiles/ros1_bridge.dir/generated/sensor_msgs__msg__Temperature__factories.cpp.o[0m
[ 73%] [32mBuilding CXX object CMakeFiles/ros1_bridge.dir/generated/sensor_msgs__msg__TimeReference__factories.cpp.o[0m
[ 73%] [32mBuilding CXX object CMakeFiles/ros1_bridge.dir/generated/shape_msgs__msg__Plane__factories.cpp.o[0m
[ 73%] [32mBuilding CXX object CMakeFiles/ros1_bridge.dir/generated/slam_toolbox_factories.cpp.o[0m
[ 73%] [32mBuilding CXX object CMakeFiles/ros1_bridge.dir/generated/shape_msgs__msg__SolidPrimitive__factories.cpp.o[0m
[ 74%] [32mBuilding CXX object CMakeFiles/ros1_bridge.dir/generated/slam_toolbox__srv__Pause__factories.cpp.o[0m
[ 74%] [32mBuilding CXX object CMakeFiles/ros1_bridge.dir/generated/shape_msgs__msg__Mesh__factories.cpp.o[0m
[ 75%] [32mBuilding CXX object CMakeFiles/ros1_bridge.dir/generated/shape_msgs__msg__MeshTriangle__factories.cpp.o[0m
[ 75%] [32mBuilding CXX object CMakeFiles/ros1_bridge.dir/generated/shape_msgs_factories.cpp.o[0m
[ 75%] [32mBuilding CXX object CMakeFiles/ros1_bridge.dir/generated/sensor_msgs__srv__SetCameraInfo__factories.cpp.o[0m
[ 75%] [32mBuilding CXX object CMakeFiles/ros1_bridge.dir/generated/slam_toolbox__srv__ClearQueue__factories.cpp.o[0m
[ 75%] [32mBuilding CXX object CMakeFiles/ros1_bridge.dir/generated/slam_toolbox__srv__ToggleInteractive__factories.cpp.o[0m
[ 75%] [32mBuilding CXX object CMakeFiles/ros1_bridge.dir/generated/slam_toolbox__srv__Clear__factories.cpp.o[0m
[ 76%] [32mBuilding CXX object CMakeFiles/ros1_bridge.dir/generated/slam_toolbox__srv__DeserializePoseGraph__factories.cpp.o[0m
[ 76%] [32mBuilding CXX object CMakeFiles/ros1_bridge.dir/generated/slam_toolbox__srv__AddSubmap__factories.cpp.o[0m
[ 76%] [32mBuilding CXX object CMakeFiles/ros1_bridge.dir/generated/slam_toolbox__srv__MergeMaps__factories.cpp.o[0m
[ 76%] [32mBuilding CXX object CMakeFiles/ros1_bridge.dir/generated/slam_toolbox__srv__SerializePoseGraph__factories.cpp.o[0m
[ 76%] [32mBuilding CXX object CMakeFiles/ros1_bridge.dir/generated/statistics_msgs_factories.cpp.o[0m
[ 76%] [32mBuilding CXX object CMakeFiles/ros1_bridge.dir/generated/statistics_msgs__msg__MetricsMessage__factories.cpp.o[0m
[ 76%] [32mBuilding CXX object CMakeFiles/ros1_bridge.dir/generated/slam_toolbox__srv__LoopClosure__factories.cpp.o[0m
[ 77%] [32mBuilding CXX object CMakeFiles/ros1_bridge.dir/generated/slam_toolbox__srv__SaveMap__factories.cpp.o[0m
[ 77%] [32mBuilding CXX object CMakeFiles/ros1_bridge.dir/generated/statistics_msgs__msg__StatisticDataPoint__factories.cpp.o[0m
[ 78%] [32mBuilding CXX object CMakeFiles/ros1_bridge.dir/generated/statistics_msgs__msg__StatisticDataType__factories.cpp.o[0m
[ 78%] [32mBuilding CXX object CMakeFiles/ros1_bridge.dir/generated/std_msgs_factories.cpp.o[0m
[ 79%] [32mBuilding CXX object CMakeFiles/ros1_bridge.dir/generated/std_msgs__msg__Float32__factories.cpp.o[0m
[ 79%] [32mBuilding CXX object CMakeFiles/ros1_bridge.dir/generated/std_msgs__msg__Float32MultiArray__factories.cpp.o[0m
[ 79%] [32mBuilding CXX object CMakeFiles/ros1_bridge.dir/generated/std_msgs__msg__Empty__factories.cpp.o[0m
[ 79%] [32mBuilding CXX object CMakeFiles/ros1_bridge.dir/generated/std_msgs__msg__ColorRGBA__factories.cpp.o[0m
[ 79%] [32mBuilding CXX object CMakeFiles/ros1_bridge.dir/generated/std_msgs__msg__Char__factories.cpp.o[0m
[ 80%] [32mBuilding CXX object CMakeFiles/ros1_bridge.dir/generated/std_msgs__msg__ByteMultiArray__factories.cpp.o[0m
[ 80%] [32mBuilding CXX object CMakeFiles/ros1_bridge.dir/generated/std_msgs__msg__Byte__factories.cpp.o[0m
[ 80%] [32mBuilding CXX object CMakeFiles/ros1_bridge.dir/generated/std_msgs__msg__Bool__factories.cpp.o[0m
[ 80%] [32mBuilding CXX object CMakeFiles/ros1_bridge.dir/generated/std_msgs__msg__Float64__factories.cpp.o[0m
[ 80%] [32mBuilding CXX object CMakeFiles/ros1_bridge.dir/generated/std_msgs__msg__Float64MultiArray__factories.cpp.o[0m
[ 80%] [32mBuilding CXX object CMakeFiles/ros1_bridge.dir/generated/std_msgs__msg__Header__factories.cpp.o[0m
[ 81%] [32mBuilding CXX object CMakeFiles/ros1_bridge.dir/generated/std_msgs__msg__Int16__factories.cpp.o[0m
[ 81%] [32mBuilding CXX object CMakeFiles/ros1_bridge.dir/generated/std_msgs__msg__Int16MultiArray__factories.cpp.o[0m
[ 82%] [32mBuilding CXX object CMakeFiles/ros1_bridge.dir/generated/std_msgs__msg__Int64__factories.cpp.o[0m
[ 82%] [32mBuilding CXX object CMakeFiles/ros1_bridge.dir/generated/std_msgs__msg__Int32MultiArray__factories.cpp.o[0m
[ 82%] [32mBuilding CXX object CMakeFiles/ros1_bridge.dir/generated/std_msgs__msg__Int32__factories.cpp.o[0m
[ 82%] [32mBuilding CXX object CMakeFiles/ros1_bridge.dir/generated/std_msgs__msg__Int64MultiArray__factories.cpp.o[0m
[ 82%] [32mBuilding CXX object CMakeFiles/ros1_bridge.dir/generated/std_msgs__msg__MultiArrayLayout__factories.cpp.o[0m
[ 83%] [32mBuilding CXX object CMakeFiles/ros1_bridge.dir/generated/std_msgs__msg__MultiArrayDimension__factories.cpp.o[0m
[ 83%] [32mBuilding CXX object CMakeFiles/ros1_bridge.dir/generated/std_msgs__msg__Int8MultiArray__factories.cpp.o[0m
[ 83%] [32mBuilding CXX object CMakeFiles/ros1_bridge.dir/generated/std_msgs__msg__Int8__factories.cpp.o[0m
[ 83%] [32mBuilding CXX object CMakeFiles/ros1_bridge.dir/generated/std_msgs__msg__String__factories.cpp.o[0m
[ 83%] [32mBuilding CXX object CMakeFiles/ros1_bridge.dir/generated/std_msgs__msg__UInt16__factories.cpp.o[0m
[ 83%] [32mBuilding CXX object CMakeFiles/ros1_bridge.dir/generated/std_msgs__msg__UInt16MultiArray__factories.cpp.o[0m
[ 84%] [32mBuilding CXX object CMakeFiles/ros1_bridge.dir/generated/std_msgs__msg__UInt32__factories.cpp.o[0m
[ 84%] [32mBuilding CXX object CMakeFiles/ros1_bridge.dir/generated/std_srvs__srv__Empty__factories.cpp.o[0m
[ 85%] [32mBuilding CXX object CMakeFiles/ros1_bridge.dir/generated/std_srvs__srv__SetBool__factories.cpp.o[0m
[ 85%] [32mBuilding CXX object CMakeFiles/ros1_bridge.dir/generated/std_srvs_factories.cpp.o[0m
[ 85%] [32mBuilding CXX object CMakeFiles/ros1_bridge.dir/generated/std_msgs__msg__UInt8MultiArray__factories.cpp.o[0m
[ 86%] [32mBuilding CXX object CMakeFiles/ros1_bridge.dir/generated/std_msgs__msg__UInt8__factories.cpp.o[0m
[ 86%] [32mBuilding CXX object CMakeFiles/ros1_bridge.dir/generated/std_msgs__msg__UInt64__factories.cpp.o[0m
[ 86%] [32mBuilding CXX object CMakeFiles/ros1_bridge.dir/generated/std_msgs__msg__UInt64MultiArray__factories.cpp.o[0m
[ 86%] [32mBuilding CXX object CMakeFiles/ros1_bridge.dir/generated/std_msgs__msg__UInt32MultiArray__factories.cpp.o[0m
[ 86%] [32mBuilding CXX object CMakeFiles/ros1_bridge.dir/generated/std_srvs__srv__Trigger__factories.cpp.o[0m
[ 86%] [32mBuilding CXX object CMakeFiles/ros1_bridge.dir/generated/stereo_msgs_factories.cpp.o[0m
[ 86%] [32mBuilding CXX object CMakeFiles/ros1_bridge.dir/generated/stereo_msgs__msg__DisparityImage__factories.cpp.o[0m
[ 86%] [32mBuilding CXX object CMakeFiles/ros1_bridge.dir/generated/test_msgs_factories.cpp.o[0m
[ 87%] [32mBuilding CXX object CMakeFiles/ros1_bridge.dir/generated/test_msgs__msg__Arrays__factories.cpp.o[0m
[ 87%] [32mBuilding CXX object CMakeFiles/ros1_bridge.dir/generated/test_msgs__msg__BasicTypes__factories.cpp.o[0m
[ 87%] [32mBuilding CXX object CMakeFiles/ros1_bridge.dir/generated/test_msgs__msg__BoundedSequences__factories.cpp.o[0m
[ 87%] [32mBuilding CXX object CMakeFiles/ros1_bridge.dir/generated/test_msgs__msg__Constants__factories.cpp.o[0m
[ 88%] [32mBuilding CXX object CMakeFiles/ros1_bridge.dir/generated/test_msgs__msg__Defaults__factories.cpp.o[0m
[ 88%] [32mBuilding CXX object CMakeFiles/ros1_bridge.dir/generated/test_msgs__msg__Empty__factories.cpp.o[0m
[ 88%] [32mBuilding CXX object CMakeFiles/ros1_bridge.dir/generated/test_msgs__msg__MultiNested__factories.cpp.o[0m
[ 88%] [32mBuilding CXX object CMakeFiles/ros1_bridge.dir/generated/test_msgs__msg__Nested__factories.cpp.o[0m
[ 89%] [32mBuilding CXX object CMakeFiles/ros1_bridge.dir/generated/test_msgs__msg__Strings__factories.cpp.o[0m
[ 89%] [32mBuilding CXX object CMakeFiles/ros1_bridge.dir/generated/test_msgs__msg__UnboundedSequences__factories.cpp.o[0m
[ 89%] [32mBuilding CXX object CMakeFiles/ros1_bridge.dir/generated/test_msgs__msg__WStrings__factories.cpp.o[0m
[ 89%] [32mBuilding CXX object CMakeFiles/ros1_bridge.dir/generated/test_msgs__srv__Arrays__factories.cpp.o[0m
[ 90%] [32mBuilding CXX object CMakeFiles/ros1_bridge.dir/generated/test_msgs__srv__BasicTypes__factories.cpp.o[0m
[ 90%] [32mBuilding CXX object CMakeFiles/ros1_bridge.dir/generated/test_msgs__srv__Empty__factories.cpp.o[0m
[ 90%] [32mBuilding CXX object CMakeFiles/ros1_bridge.dir/generated/test_msgs__msg__Builtins__factories.cpp.o[0m
[ 90%] [32mBuilding CXX object CMakeFiles/ros1_bridge.dir/generated/tf2_msgs_factories.cpp.o[0m
[ 90%] [32mBuilding CXX object CMakeFiles/ros1_bridge.dir/generated/tf2_msgs__msg__TF2Error__factories.cpp.o[0m
[ 91%] [32mBuilding CXX object CMakeFiles/ros1_bridge.dir/generated/tf2_msgs__msg__TFMessage__factories.cpp.o[0m
[ 91%] [32mBuilding CXX object CMakeFiles/ros1_bridge.dir/generated/tf2_msgs__srv__FrameGraph__factories.cpp.o[0m
[ 91%] [32mBuilding CXX object CMakeFiles/ros1_bridge.dir/generated/trajectory_msgs_factories.cpp.o[0m
[ 91%] [32mBuilding CXX object CMakeFiles/ros1_bridge.dir/generated/trajectory_msgs__msg__JointTrajectory__factories.cpp.o[0m
[ 91%] [32mBuilding CXX object CMakeFiles/ros1_bridge.dir/generated/trajectory_msgs__msg__MultiDOFJointTrajectory__factories.cpp.o[0m
[ 92%] [32mBuilding CXX object CMakeFiles/ros1_bridge.dir/generated/trajectory_msgs__msg__JointTrajectoryPoint__factories.cpp.o[0m
[ 92%] [32mBuilding CXX object CMakeFiles/ros1_bridge.dir/generated/trajectory_msgs__msg__MultiDOFJointTrajectoryPoint__factories.cpp.o[0m
[ 92%] [32mBuilding CXX object CMakeFiles/ros1_bridge.dir/generated/turtlebot3_msgs_factories.cpp.o[0m
[ 93%] [32mBuilding CXX object CMakeFiles/ros1_bridge.dir/generated/turtlebot3_msgs__msg__SensorState__factories.cpp.o[0m
[ 93%] [32mBuilding CXX object CMakeFiles/ros1_bridge.dir/generated/turtlebot3_msgs__msg__Sound__factories.cpp.o[0m
[ 93%] [32mBuilding CXX object CMakeFiles/ros1_bridge.dir/generated/turtlebot3_msgs__msg__VersionInfo__factories.cpp.o[0m
[ 93%] [32mBuilding CXX object CMakeFiles/ros1_bridge.dir/generated/turtlebot3_msgs__srv__Sound__factories.cpp.o[0m
[ 93%] [32mBuilding CXX object CMakeFiles/ros1_bridge.dir/generated/turtlebot3_msgs__srv__Dqn__factories.cpp.o[0m
[ 94%] [32mBuilding CXX object CMakeFiles/ros1_bridge.dir/generated/turtlesim_factories.cpp.o[0m
[ 94%] [32mBuilding CXX object CMakeFiles/ros1_bridge.dir/generated/turtlesim__msg__Color__factories.cpp.o[0m
[ 94%] [32mBuilding CXX object CMakeFiles/ros1_bridge.dir/generated/turtlesim__msg__Pose__factories.cpp.o[0m
[ 94%] [32mBuilding CXX object CMakeFiles/ros1_bridge.dir/generated/turtlesim__srv__Kill__factories.cpp.o[0m
[ 95%] [32mBuilding CXX object CMakeFiles/ros1_bridge.dir/generated/turtlesim__srv__SetPen__factories.cpp.o[0m
[ 95%] [32mBuilding CXX object CMakeFiles/ros1_bridge.dir/generated/turtlesim__srv__Spawn__factories.cpp.o[0m
[ 95%] [32mBuilding CXX object CMakeFiles/ros1_bridge.dir/generated/visualization_msgs__msg__ImageMarker__factories.cpp.o[0m
[ 95%] [32mBuilding CXX object CMakeFiles/ros1_bridge.dir/generated/visualization_msgs__msg__InteractiveMarker__factories.cpp.o[0m
[ 95%] [32mBuilding CXX object CMakeFiles/ros1_bridge.dir/generated/visualization_msgs_factories.cpp.o[0m
[ 96%] [32mBuilding CXX object CMakeFiles/ros1_bridge.dir/generated/visualization_msgs__msg__InteractiveMarkerControl__factories.cpp.o[0m
[ 96%] [32mBuilding CXX object CMakeFiles/ros1_bridge.dir/generated/unique_identifier_msgs__msg__UUID__factories.cpp.o[0m
[ 97%] [32mBuilding CXX object CMakeFiles/ros1_bridge.dir/generated/unique_identifier_msgs_factories.cpp.o[0m
[ 97%] [32mBuilding CXX object CMakeFiles/ros1_bridge.dir/generated/turtlesim__srv__TeleportRelative__factories.cpp.o[0m
[ 97%] [32mBuilding CXX object CMakeFiles/ros1_bridge.dir/generated/turtlesim__srv__TeleportAbsolute__factories.cpp.o[0m
[ 97%] [32mBuilding CXX object CMakeFiles/ros1_bridge.dir/generated/visualization_msgs__msg__InteractiveMarkerFeedback__factories.cpp.o[0m
[ 97%] [32mBuilding CXX object CMakeFiles/ros1_bridge.dir/generated/visualization_msgs__msg__InteractiveMarkerInit__factories.cpp.o[0m
[ 97%] [32mBuilding CXX object CMakeFiles/ros1_bridge.dir/generated/visualization_msgs__msg__InteractiveMarkerPose__factories.cpp.o[0m
[ 98%] [32mBuilding CXX object CMakeFiles/ros1_bridge.dir/generated/visualization_msgs__msg__InteractiveMarkerUpdate__factories.cpp.o[0m
[ 98%] [32mBuilding CXX object CMakeFiles/ros1_bridge.dir/generated/visualization_msgs__msg__Marker__factories.cpp.o[0m
[ 98%] [32mBuilding CXX object CMakeFiles/ros1_bridge.dir/generated/visualization_msgs__msg__MarkerArray__factories.cpp.o[0m
[ 98%] [32mBuilding CXX object CMakeFiles/ros1_bridge.dir/generated/visualization_msgs__msg__MenuEntry__factories.cpp.o[0m
[ 99%] [32mBuilding CXX object CMakeFiles/ros1_bridge.dir/generated/visualization_msgs__srv__GetInteractiveMarkers__factories.cpp.o[0m
[ 99%] [32m[1mLinking CXX shared library libros1_bridge.so[0m
[ 99%] Built target ros1_bridge
[35m[1mScanning dependencies of target parameter_bridge[0m
[35m[1mScanning dependencies of target dynamic_bridge[0m
[35m[1mScanning dependencies of target static_bridge[0m
[ 99%] [32mBuilding CXX object CMakeFiles/parameter_bridge.dir/src/parameter_bridge.cpp.o[0m
[ 99%] [32mBuilding CXX object CMakeFiles/dynamic_bridge.dir/src/dynamic_bridge.cpp.o[0m
[ 99%] [32mBuilding CXX object CMakeFiles/static_bridge.dir/src/static_bridge.cpp.o[0m
[100%] [32m[1mLinking CXX executable static_bridge[0m
[100%] [32m[1mLinking CXX executable parameter_bridge[0m
[100%] [32m[1mLinking CXX executable dynamic_bridge[0m
/usr/bin/ld: libros1_bridge.so: undefined reference to `ros1_bridge::Factory<controller_manager_msgs::ControllerState_<std::allocator<void> >, controller_manager_msgs::msg::ControllerState_<std::allocator<void> > >::convert_1_to_2(controller_manager_msgs::ControllerState_<std::allocator<void> > const&, controller_manager_msgs::msg::ControllerState_<std::allocator<void> >&)'
/usr/bin/ld: libros1_bridge.so: undefined reference to `ros1_bridge::Factory<controller_manager_msgs::ControllerState_<std::allocator<void> >, controller_manager_msgs::msg::ControllerState_<std::allocator<void> > >::convert_2_to_1(controller_manager_msgs::msg::ControllerState_<std::allocator<void> > const&, controller_manager_msgs::ControllerState_<std::allocator<void> >&)'
collect2: error: ld returned 1 exit status
make[2]: *** [CMakeFiles/static_bridge.dir/build.make:448: static_bridge] Error 1
make[1]: *** [CMakeFiles/Makefile2:233: CMakeFiles/static_bridge.dir/all] Error 2
make[1]: *** Waiting for unfinished jobs....
/usr/bin/ld: libros1_bridge.so: undefined reference to `ros1_bridge::Factory<controller_manager_msgs::ControllerState_<std::allocator<void> >, controller_manager_msgs::msg::ControllerState_<std::allocator<void> > >::convert_1_to_2(controller_manager_msgs::ControllerState_<std::allocator<void> > const&, controller_manager_msgs::msg::ControllerState_<std::allocator<void> >&)'
/usr/bin/ld: libros1_bridge.so: undefined reference to `ros1_bridge::Factory<controller_manager_msgs::ControllerState_<std::allocator<void> >, controller_manager_msgs::msg::ControllerState_<std::allocator<void> > >::convert_2_to_1(controller_manager_msgs::msg::ControllerState_<std::allocator<void> > const&, controller_manager_msgs::ControllerState_<std::allocator<void> >&)'
collect2: error: ld returned 1 exit status
make[2]: *** [CMakeFiles/parameter_bridge.dir/build.make:448: parameter_bridge] Error 1
make[1]: *** [CMakeFiles/Makefile2:314: CMakeFiles/parameter_bridge.dir/all] Error 2
/usr/bin/ld: warning: libconsole_bridge.so.0.4, needed by /opt/ros/noetic/lib/libcpp_common.so, may conflict with libconsole_bridge.so.1.0
/usr/bin/ld: libros1_bridge.so: undefined reference to `ros1_bridge::Factory<controller_manager_msgs::ControllerState_<std::allocator<void> >, controller_manager_msgs::msg::ControllerState_<std::allocator<void> > >::convert_1_to_2(controller_manager_msgs::ControllerState_<std::allocator<void> > const&, controller_manager_msgs::msg::ControllerState_<std::allocator<void> >&)'
/usr/bin/ld: libros1_bridge.so: undefined reference to `ros1_bridge::Factory<controller_manager_msgs::ControllerState_<std::allocator<void> >, controller_manager_msgs::msg::ControllerState_<std::allocator<void> > >::convert_2_to_1(controller_manager_msgs::msg::ControllerState_<std::allocator<void> > const&, controller_manager_msgs::ControllerState_<std::allocator<void> >&)'
collect2: error: ld returned 1 exit status
make[2]: *** [CMakeFiles/dynamic_bridge.dir/build.make:448: dynamic_bridge] Error 1
make[1]: *** [CMakeFiles/Makefile2:341: CMakeFiles/dynamic_bridge.dir/all] Error 2
make: *** [Makefile:141: all] Error 2
