[0.017s] Invoking command in '/home/yonathanarya/colcon_ws/build/ros1_bridge': CMAKE_PREFIX_PATH=/home/yonathanarya/colcon_ws/install/turtlebot3_act_interfaces:/home/yonathanarya/colcon_ws/install/turtlebot3_infiniteloop:/home/yonathanarya/colcon_ws/install/turtlebot3_actionserver:/home/yonathanarya/colcon_ws/install/turtlebot3_action:/opt/ros/foxy:/opt/ros/noetic:/home/yonathanarya/colcon_ws/install/turtlebot3_simulations:/home/yonathanarya/colcon_ws/install/turtlebot3_gazebo:/home/yonathanarya/colcon_ws/install/turtlebot3_fake_node:/home/yonathanarya/colcon_ws/install/raspimouse_description LD_LIBRARY_PATH=/home/yonathanarya/colcon_ws/install/turtlebot3_act_interfaces/lib:/opt/ros/noetic/lib:/usr/lib/x86_64-linux-gnu/gazebo-11/plugins:/opt/ros/foxy/opt/yaml_cpp_vendor/lib:/opt/ros/foxy/opt/rviz_ogre_vendor/lib:/opt/ros/foxy/lib/x86_64-linux-gnu:/opt/ros/foxy/lib PYTHONPATH=/home/yonathanarya/colcon_ws/install/turtlebot3_act_interfaces/lib/python3.8/site-packages:/opt/ros/noetic/lib/python3/dist-packages:/home/yonathanarya/colcon_ws/build/turtlebot3_infiniteloop:/home/yonathanarya/colcon_ws/install/turtlebot3_infiniteloop/lib/python3.8/site-packages:/home/yonathanarya/colcon_ws/build/turtlebot3_actionserver:/home/yonathanarya/colcon_ws/install/turtlebot3_actionserver/lib/python3.8/site-packages:/home/yonathanarya/colcon_ws/build/turtlebot3_action:/home/yonathanarya/colcon_ws/install/turtlebot3_action/lib/python3.8/site-packages:/opt/ros/foxy/lib/python3.8/site-packages /usr/bin/cmake /home/yonathanarya/colcon_ws/src/ros1_bridge -DAMENT_CMAKE_SYMLINK_INSTALL=1 -DCMAKE_INSTALL_PREFIX=/home/yonathanarya/colcon_ws/install/ros1_bridge
[0.039s] -- Found rmw: 1.0.3 (/opt/ros/foxy/share/rmw/cmake)
[0.069s] -- Found PythonInterp: /usr/bin/python3 (found suitable version "3.8.10", minimum required is "3") 
[0.070s] -- Using PYTHON_EXECUTABLE: /usr/bin/python3
[0.282s] -- Override CMake install command with custom implementation using symlinks instead of copying resources
[0.308s] -- Found rclcpp: 2.4.0 (/opt/ros/foxy/share/rclcpp/cmake)
[0.327s] -- Using all available rosidl_typesupport_c: rosidl_typesupport_fastrtps_c;rosidl_typesupport_introspection_c
[0.331s] -- Found rosidl_adapter: 1.2.1 (/opt/ros/foxy/share/rosidl_adapter/cmake)
[0.446s] -- Using all available rosidl_typesupport_cpp: rosidl_typesupport_fastrtps_cpp;rosidl_typesupport_introspection_cpp
[0.496s] -- Found rmw_implementation_cmake: 1.0.3 (/opt/ros/foxy/share/rmw_implementation_cmake/cmake)
[0.498s] -- Using RMW implementation 'rmw_fastrtps_cpp' as default
[1.450s] -- Found ament_lint_auto: 0.9.6 (/opt/ros/foxy/share/ament_lint_auto/cmake)
[1.451s] -- Found diagnostic_msgs: 2.0.4 (/opt/ros/foxy/share/diagnostic_msgs/cmake)
[1.583s] -- Found python_cmake_module: 0.8.1 (/opt/ros/foxy/share/python_cmake_module/cmake)
[1.609s] -- Found PythonInterp: /usr/bin/python3 (found suitable version "3.8.10", minimum required is "3.5") 
[1.611s] -- Using PYTHON_EXECUTABLE: /usr/bin/python3
[1.611s] -- Using PYTHON_INCLUDE_DIRS: /usr/include/python3.8
[1.611s] -- Using PYTHON_LIBRARIES: /usr/lib/x86_64-linux-gnu/libpython3.8.so
[1.642s] -- Added test 'copyright' to check source files copyright and LICENSE
[1.645s] -- Added test 'cppcheck' to perform static code analysis on C / C++ code
[1.645s] -- Configured cppcheck include dirs: 
[1.646s] -- Configured cppcheck exclude dirs and/or files: 
[1.648s] -- Added test 'cpplint' to check C / C++ code against the Google style
[1.648s] -- Configured cpplint exclude dirs and/or files: 
[1.649s] -- Added test 'flake8' to check Python code syntax and style conventions
[1.650s] -- Added test 'lint_cmake' to check CMake code style
[1.651s] -- Added test 'pep257' to check Python code against some of the style conventions in PEP 257
[1.654s] -- Added test 'uncrustify' to check C / C++ code style
[1.654s] -- Configured uncrustify additional arguments: 
[1.654s] -- Added test 'xmllint' to check XML markup files
[1.769s] -- Found turtlebot3_act_interfaces: 1.0.0 (/home/yonathanarya/colcon_ws/install/turtlebot3_act_interfaces/share/turtlebot3_act_interfaces/cmake)
[1.769s] -- Found action_msgs: 1.0.0 (/opt/ros/foxy/share/action_msgs/cmake)
[1.824s] -- Found action_tutorials_interfaces: 0.9.3 (/opt/ros/foxy/share/action_tutorials_interfaces/cmake)
[1.861s] -- Found actionlib_msgs: 2.0.4 (/opt/ros/foxy/share/actionlib_msgs/cmake)
[1.862s] -- Found builtin_interfaces: 1.0.0 (/opt/ros/foxy/share/builtin_interfaces/cmake)
[1.977s] -- Found cartographer_ros_msgs: 1.0.9003 (/opt/ros/foxy/share/cartographer_ros_msgs/cmake)
[2.013s] -- Found composition_interfaces: 1.0.0 (/opt/ros/foxy/share/composition_interfaces/cmake)
[2.322s] -- Found control_msgs: 2.5.1 (/opt/ros/foxy/share/control_msgs/cmake)
[2.340s] -- Found controller_manager_msgs: 0.8.1 (/opt/ros/foxy/share/controller_manager_msgs/cmake)
[2.341s] -- Found diagnostic_msgs: 2.0.4 (/opt/ros/foxy/share/diagnostic_msgs/cmake)
[2.691s] -- Found dwb_msgs: 0.4.7 (/opt/ros/foxy/share/dwb_msgs/cmake)
[2.752s] -- Found example_interfaces: 0.9.1 (/opt/ros/foxy/share/example_interfaces/cmake)
[2.882s] -- Found gazebo_msgs: 3.5.3 (/opt/ros/foxy/share/gazebo_msgs/cmake)
[2.884s] -- Found geometry_msgs: 2.0.4 (/opt/ros/foxy/share/geometry_msgs/cmake)
[2.885s] -- Found libstatistics_collector: 1.0.1 (/opt/ros/foxy/share/libstatistics_collector/cmake)
[2.894s] -- Found lifecycle_msgs: 1.0.0 (/opt/ros/foxy/share/lifecycle_msgs/cmake)
[2.902s] -- Found logging_demo: 0.9.3 (/opt/ros/foxy/share/logging_demo/cmake)
[3.176s] -- Found map_msgs: 2.0.2 (/opt/ros/foxy/share/map_msgs/cmake)
[3.431s] -- Found nav2_msgs: 0.4.7 (/opt/ros/foxy/share/nav2_msgs/cmake)
[3.432s] -- Found nav_2d_msgs: 0.4.7 (/opt/ros/foxy/share/nav_2d_msgs/cmake)
[3.433s] -- Found nav_msgs: 2.0.4 (/opt/ros/foxy/share/nav_msgs/cmake)
[3.569s] -- Found pcl_msgs: 1.0.0 (/opt/ros/foxy/share/pcl_msgs/cmake)
[3.583s] -- Found pendulum_msgs: 0.9.3 (/opt/ros/foxy/share/pendulum_msgs/cmake)
[3.584s] -- Found rcl_interfaces: 1.0.0 (/opt/ros/foxy/share/rcl_interfaces/cmake)
[3.596s] -- Found rmw_dds_common: 1.0.3 (/opt/ros/foxy/share/rmw_dds_common/cmake)
[3.597s] -- Found rosgraph_msgs: 1.0.0 (/opt/ros/foxy/share/rosgraph_msgs/cmake)
[3.597s] -- Found sensor_msgs: 2.0.4 (/opt/ros/foxy/share/sensor_msgs/cmake)
[3.664s] -- Found shape_msgs: 2.0.4 (/opt/ros/foxy/share/shape_msgs/cmake)
[4.375s] -- Found eigen3_cmake_module: 0.1.1 (/opt/ros/foxy/share/eigen3_cmake_module/cmake)
[4.482s] -- Setting OGRE_DIR to: '/opt/ros/foxy/share/rviz_ogre_vendor/cmake/../../../opt/rviz_ogre_vendor/lib/OGRE/cmake'
[4.485s] -- Found OGRE
[4.485s] --   static     : OFF
[4.485s] --   components : HLMS;MeshLodGenerator;Overlay;Paging;Property;RTShaderSystem;Terrain;Volume
[4.485s] --   plugins    : Plugin_BSPSceneManager;Plugin_OctreeSceneManager;Plugin_PCZSceneManager;Plugin_ParticleFX;RenderSystem_GL;RenderSystem_GL3Plus;Codec_STBI
[4.485s] --   media      : /opt/ros/foxy/opt/rviz_ogre_vendor/share/OGRE/Media
[4.486s] -- OGRE_LIBRARIES: OgreHLMS;OgreMeshLodGenerator;OgreOverlay;OgrePaging;OgreProperty;OgreRTShaderSystem;OgreTerrain;OgreVolume;OgreMain
[4.486s] -- OGRE_LIBRARY_DIRS: /opt/ros/foxy/opt/rviz_ogre_vendor/lib
[4.486s] -- OGRE_PLUGINS: Plugin_BSPSceneManager;Plugin_OctreeSceneManager;Plugin_PCZSceneManager;Plugin_ParticleFX;RenderSystem_GL;RenderSystem_GL3Plus;Codec_STBI
[4.486s] -- OGRE_PLUGIN_DIR: /opt/ros/foxy/opt/rviz_ogre_vendor/lib/OGRE
[4.486s] -- rviz_ogre_vendor::OgreOverlay for IMPORTED_LOCATION_RELEASE: /opt/ros/foxy/opt/rviz_ogre_vendor/lib/libOgreOverlay.so
[4.486s] -- rviz_ogre_vendor::OgreOverlay for IMPORTED_LOCATION_DEBUG: /opt/ros/foxy/opt/rviz_ogre_vendor/lib/libOgreOverlay.so
[4.486s] -- rviz_ogre_vendor::OgreMain for IMPORTED_LOCATION_RELEASE: /opt/ros/foxy/opt/rviz_ogre_vendor/lib/libOgreMain.so
[4.486s] -- rviz_ogre_vendor::OgreMain for IMPORTED_LOCATION_DEBUG: /opt/ros/foxy/opt/rviz_ogre_vendor/lib/libOgreMain.so
[4.531s] -- rviz_ogre_vendor::RenderSystem_GL for IMPORTED_LOCATION_RELEASE: _render_system_gl_static_library_abs-NOTFOUND
[4.531s] -- rviz_ogre_vendor::RenderSystem_GL for IMPORTED_LOCATION_DEBUG: _render_system_gl_static_library_abs-NOTFOUND
[4.559s] -- library: /usr/lib/x86_64-linux-gnu/libcurl.so
[4.641s] -- Setting yaml-cpp_DIR to: '/opt/ros/foxy/share/yaml_cpp_vendor/cmake/../../../opt/yaml_cpp_vendor/lib/cmake/yaml-cpp'
[4.830s] -- Found slam_toolbox: 2.4.1 (/opt/ros/foxy/share/slam_toolbox/cmake)
[4.830s] -- Found statistics_msgs: 1.0.0 (/opt/ros/foxy/share/statistics_msgs/cmake)
[4.831s] -- Found std_msgs: 2.0.4 (/opt/ros/foxy/share/std_msgs/cmake)
[4.832s] -- Found std_srvs: 2.0.4 (/opt/ros/foxy/share/std_srvs/cmake)
[4.953s] -- Found stereo_msgs: 2.0.4 (/opt/ros/foxy/share/stereo_msgs/cmake)
[5.028s] -- Found test_msgs: 1.0.0 (/opt/ros/foxy/share/test_msgs/cmake)
[5.029s] -- Found tf2_msgs: 0.13.12 (/opt/ros/foxy/share/tf2_msgs/cmake)
[5.030s] -- Found trajectory_msgs: 2.0.4 (/opt/ros/foxy/share/trajectory_msgs/cmake)
[5.133s] -- Found turtlebot3_msgs: 2.2.1 (/opt/ros/foxy/share/turtlebot3_msgs/cmake)
[5.195s] -- Found turtlesim: 1.2.5 (/opt/ros/foxy/share/turtlesim/cmake)
[5.196s] -- Found unique_identifier_msgs: 2.1.3 (/opt/ros/foxy/share/unique_identifier_msgs/cmake)
[5.196s] -- Found visualization_msgs: 2.0.4 (/opt/ros/foxy/share/visualization_msgs/cmake)
[5.677s] -- Configuring done
[5.752s] CMake Warning at CMakeLists.txt:145 (add_executable):
[5.752s]   Cannot generate a safe runtime search path for target static_bridge because
[5.752s]   files in some directories may conflict with libraries in implicit
[5.752s]   directories:
[5.753s] 
[5.753s]     runtime library [liburdfdom_sensor.so.1.0] in /usr/lib/x86_64-linux-gnu may be hidden by files in:
[5.753s]       /opt/ros/foxy/lib/x86_64-linux-gnu
[5.753s]     runtime library [liburdfdom_model_state.so.1.0] in /usr/lib/x86_64-linux-gnu may be hidden by files in:
[5.753s]       /opt/ros/foxy/lib/x86_64-linux-gnu
[5.753s]     runtime library [liburdfdom_model.so.1.0] in /usr/lib/x86_64-linux-gnu may be hidden by files in:
[5.753s]       /opt/ros/foxy/lib/x86_64-linux-gnu
[5.753s]     runtime library [liburdfdom_world.so.1.0] in /usr/lib/x86_64-linux-gnu may be hidden by files in:
[5.753s]       /opt/ros/foxy/lib/x86_64-linux-gnu
[5.753s] 
[5.753s]   Some of these libraries may not be found correctly.
[5.754s] Call Stack (most recent call first):
[5.754s]   CMakeLists.txt:191 (custom_executable)
[5.754s] 
[5.754s] 
[5.754s] CMake Warning at CMakeLists.txt:145 (add_executable):
[5.754s]   Cannot generate a safe runtime search path for target static_bridge because
[5.754s]   there is a cycle in the constraint graph:
[5.754s] 
[5.754s]     dir 0 is [/opt/ros/noetic/lib]
[5.754s]       dir 3 must precede it due to runtime library [liburdf.so]
[5.754s]     dir 1 is [/home/yonathanarya/colcon_ws/build/ros1_bridge]
[5.754s]     dir 2 is [/home/yonathanarya/colcon_ws/install/turtlebot3_act_interfaces/lib]
[5.754s]     dir 3 is [/opt/ros/foxy/lib]
[5.755s]       dir 0 must precede it due to runtime library [liblayers.so]
[5.755s]     dir 4 is [/opt/ros/foxy/opt/yaml_cpp_vendor/lib]
[5.755s]     dir 5 is [/opt/ros/foxy/lib/x86_64-linux-gnu]
[5.755s]     dir 6 is [/opt/ros/foxy/opt/rviz_ogre_vendor/lib]
[5.755s] 
[5.755s]   Some of these libraries may not be found correctly.
[5.755s] Call Stack (most recent call first):
[5.755s]   CMakeLists.txt:191 (custom_executable)
[5.755s] 
[5.755s] 
[5.879s] CMake Warning at CMakeLists.txt:174 (add_library):
[5.879s]   Cannot generate a safe runtime search path for target ros1_bridge because
[5.879s]   files in some directories may conflict with libraries in implicit
[5.879s]   directories:
[5.879s] 
[5.879s]     runtime library [liburdfdom_sensor.so.1.0] in /usr/lib/x86_64-linux-gnu may be hidden by files in:
[5.879s]       /opt/ros/foxy/lib/x86_64-linux-gnu
[5.880s]     runtime library [liburdfdom_model_state.so.1.0] in /usr/lib/x86_64-linux-gnu may be hidden by files in:
[5.880s]       /opt/ros/foxy/lib/x86_64-linux-gnu
[5.880s]     runtime library [liburdfdom_model.so.1.0] in /usr/lib/x86_64-linux-gnu may be hidden by files in:
[5.880s]       /opt/ros/foxy/lib/x86_64-linux-gnu
[5.880s]     runtime library [liburdfdom_world.so.1.0] in /usr/lib/x86_64-linux-gnu may be hidden by files in:
[5.880s]       /opt/ros/foxy/lib/x86_64-linux-gnu
[5.880s] 
[5.880s]   Some of these libraries may not be found correctly.
[5.880s] 
[5.880s] 
[5.880s] CMake Warning at CMakeLists.txt:174 (add_library):
[5.881s]   Cannot generate a safe runtime search path for target ros1_bridge because
[5.881s]   there is a cycle in the constraint graph:
[5.881s] 
[5.881s]     dir 0 is [/home/yonathanarya/colcon_ws/install/turtlebot3_act_interfaces/lib]
[5.881s]     dir 1 is [/opt/ros/foxy/lib]
[5.881s]       dir 2 must precede it due to runtime library [liblayers.so]
[5.881s]     dir 2 is [/opt/ros/noetic/lib]
[5.881s]       dir 1 must precede it due to runtime library [liburdf.so]
[5.881s]     dir 3 is [/opt/ros/foxy/opt/yaml_cpp_vendor/lib]
[5.881s]     dir 4 is [/opt/ros/foxy/lib/x86_64-linux-gnu]
[5.881s]     dir 5 is [/opt/ros/foxy/opt/rviz_ogre_vendor/lib]
[5.881s] 
[5.882s]   Some of these libraries may not be found correctly.
[5.882s] 
[5.882s] 
[5.970s] CMake Warning at CMakeLists.txt:145 (add_executable):
[5.970s]   Cannot generate a safe runtime search path for target parameter_bridge
[5.970s]   because files in some directories may conflict with libraries in implicit
[5.971s]   directories:
[5.971s] 
[5.971s]     runtime library [liburdfdom_sensor.so.1.0] in /usr/lib/x86_64-linux-gnu may be hidden by files in:
[5.971s]       /opt/ros/foxy/lib/x86_64-linux-gnu
[5.971s]     runtime library [liburdfdom_model_state.so.1.0] in /usr/lib/x86_64-linux-gnu may be hidden by files in:
[5.971s]       /opt/ros/foxy/lib/x86_64-linux-gnu
[5.971s]     runtime library [liburdfdom_model.so.1.0] in /usr/lib/x86_64-linux-gnu may be hidden by files in:
[5.971s]       /opt/ros/foxy/lib/x86_64-linux-gnu
[5.971s]     runtime library [liburdfdom_world.so.1.0] in /usr/lib/x86_64-linux-gnu may be hidden by files in:
[5.971s]       /opt/ros/foxy/lib/x86_64-linux-gnu
[5.971s] 
[5.972s]   Some of these libraries may not be found correctly.
[5.972s] Call Stack (most recent call first):
[5.972s]   CMakeLists.txt:198 (custom_executable)
[5.972s] 
[5.972s] 
[5.972s] CMake Warning at CMakeLists.txt:145 (add_executable):
[5.972s]   Cannot generate a safe runtime search path for target parameter_bridge
[5.972s]   because there is a cycle in the constraint graph:
[5.972s] 
[5.972s]     dir 0 is [/opt/ros/noetic/lib]
[5.972s]       dir 3 must precede it due to runtime library [liburdf.so]
[5.972s]     dir 1 is [/home/yonathanarya/colcon_ws/build/ros1_bridge]
[5.973s]     dir 2 is [/home/yonathanarya/colcon_ws/install/turtlebot3_act_interfaces/lib]
[5.973s]     dir 3 is [/opt/ros/foxy/lib]
[5.973s]       dir 0 must precede it due to runtime library [liblayers.so]
[5.973s]     dir 4 is [/opt/ros/foxy/opt/yaml_cpp_vendor/lib]
[5.973s]     dir 5 is [/opt/ros/foxy/lib/x86_64-linux-gnu]
[5.973s]     dir 6 is [/opt/ros/foxy/opt/rviz_ogre_vendor/lib]
[5.973s] 
[5.973s]   Some of these libraries may not be found correctly.
[5.973s] Call Stack (most recent call first):
[5.973s]   CMakeLists.txt:198 (custom_executable)
[5.973s] 
[5.974s] 
[6.008s] CMake Warning at CMakeLists.txt:145 (add_executable):
[6.008s]   Cannot generate a safe runtime search path for target dynamic_bridge
[6.008s]   because files in some directories may conflict with libraries in implicit
[6.008s]   directories:
[6.008s] 
[6.008s]     runtime library [liburdfdom_sensor.so.1.0] in /usr/lib/x86_64-linux-gnu may be hidden by files in:
[6.008s]       /opt/ros/foxy/lib/x86_64-linux-gnu
[6.008s]     runtime library [liburdfdom_model_state.so.1.0] in /usr/lib/x86_64-linux-gnu may be hidden by files in:
[6.009s]       /opt/ros/foxy/lib/x86_64-linux-gnu
[6.009s]     runtime library [liburdfdom_model.so.1.0] in /usr/lib/x86_64-linux-gnu may be hidden by files in:
[6.009s]       /opt/ros/foxy/lib/x86_64-linux-gnu
[6.009s]     runtime library [liburdfdom_world.so.1.0] in /usr/lib/x86_64-linux-gnu may be hidden by files in:
[6.009s]       /opt/ros/foxy/lib/x86_64-linux-gnu
[6.009s] 
[6.009s]   Some of these libraries may not be found correctly.
[6.009s] Call Stack (most recent call first):
[6.009s]   CMakeLists.txt:205 (custom_executable)
[6.009s] 
[6.009s] 
[6.009s] CMake Warning at CMakeLists.txt:145 (add_executable):
[6.009s]   Cannot generate a safe runtime search path for target dynamic_bridge
[6.010s]   because there is a cycle in the constraint graph:
[6.010s] 
[6.010s]     dir 0 is [/opt/ros/noetic/lib]
[6.010s]       dir 3 must precede it due to runtime library [liburdf.so]
[6.010s]     dir 1 is [/home/yonathanarya/colcon_ws/build/ros1_bridge]
[6.010s]     dir 2 is [/home/yonathanarya/colcon_ws/install/turtlebot3_act_interfaces/lib]
[6.010s]     dir 3 is [/opt/ros/foxy/lib]
[6.010s]       dir 0 must precede it due to runtime library [liblayers.so]
[6.010s]     dir 4 is [/opt/ros/foxy/opt/yaml_cpp_vendor/lib]
[6.010s]     dir 5 is [/opt/ros/foxy/lib/x86_64-linux-gnu]
[6.010s]     dir 6 is [/opt/ros/foxy/opt/rviz_ogre_vendor/lib]
[6.010s] 
[6.010s]   Some of these libraries may not be found correctly.
[6.011s] Call Stack (most recent call first):
[6.011s]   CMakeLists.txt:205 (custom_executable)
[6.011s] 
[6.011s] 
[6.109s] -- Generating done
[6.116s] -- Build files have been written to: /home/yonathanarya/colcon_ws/build/ros1_bridge
[6.140s] Invoked command in '/home/yonathanarya/colcon_ws/build/ros1_bridge' returned '0': CMAKE_PREFIX_PATH=/home/yonathanarya/colcon_ws/install/turtlebot3_act_interfaces:/home/yonathanarya/colcon_ws/install/turtlebot3_infiniteloop:/home/yonathanarya/colcon_ws/install/turtlebot3_actionserver:/home/yonathanarya/colcon_ws/install/turtlebot3_action:/opt/ros/foxy:/opt/ros/noetic:/home/yonathanarya/colcon_ws/install/turtlebot3_simulations:/home/yonathanarya/colcon_ws/install/turtlebot3_gazebo:/home/yonathanarya/colcon_ws/install/turtlebot3_fake_node:/home/yonathanarya/colcon_ws/install/raspimouse_description LD_LIBRARY_PATH=/home/yonathanarya/colcon_ws/install/turtlebot3_act_interfaces/lib:/opt/ros/noetic/lib:/usr/lib/x86_64-linux-gnu/gazebo-11/plugins:/opt/ros/foxy/opt/yaml_cpp_vendor/lib:/opt/ros/foxy/opt/rviz_ogre_vendor/lib:/opt/ros/foxy/lib/x86_64-linux-gnu:/opt/ros/foxy/lib PYTHONPATH=/home/yonathanarya/colcon_ws/install/turtlebot3_act_interfaces/lib/python3.8/site-packages:/opt/ros/noetic/lib/python3/dist-packages:/home/yonathanarya/colcon_ws/build/turtlebot3_infiniteloop:/home/yonathanarya/colcon_ws/install/turtlebot3_infiniteloop/lib/python3.8/site-packages:/home/yonathanarya/colcon_ws/build/turtlebot3_actionserver:/home/yonathanarya/colcon_ws/install/turtlebot3_actionserver/lib/python3.8/site-packages:/home/yonathanarya/colcon_ws/build/turtlebot3_action:/home/yonathanarya/colcon_ws/install/turtlebot3_action/lib/python3.8/site-packages:/opt/ros/foxy/lib/python3.8/site-packages /usr/bin/cmake /home/yonathanarya/colcon_ws/src/ros1_bridge -DAMENT_CMAKE_SYMLINK_INSTALL=1 -DCMAKE_INSTALL_PREFIX=/home/yonathanarya/colcon_ws/install/ros1_bridge
[6.148s] Invoking command in '/home/yonathanarya/colcon_ws/build/ros1_bridge': CMAKE_PREFIX_PATH=/home/yonathanarya/colcon_ws/install/turtlebot3_act_interfaces:/home/yonathanarya/colcon_ws/install/turtlebot3_infiniteloop:/home/yonathanarya/colcon_ws/install/turtlebot3_actionserver:/home/yonathanarya/colcon_ws/install/turtlebot3_action:/opt/ros/foxy:/opt/ros/noetic:/home/yonathanarya/colcon_ws/install/turtlebot3_simulations:/home/yonathanarya/colcon_ws/install/turtlebot3_gazebo:/home/yonathanarya/colcon_ws/install/turtlebot3_fake_node:/home/yonathanarya/colcon_ws/install/raspimouse_description LD_LIBRARY_PATH=/home/yonathanarya/colcon_ws/install/turtlebot3_act_interfaces/lib:/opt/ros/noetic/lib:/usr/lib/x86_64-linux-gnu/gazebo-11/plugins:/opt/ros/foxy/opt/yaml_cpp_vendor/lib:/opt/ros/foxy/opt/rviz_ogre_vendor/lib:/opt/ros/foxy/lib/x86_64-linux-gnu:/opt/ros/foxy/lib PYTHONPATH=/home/yonathanarya/colcon_ws/install/turtlebot3_act_interfaces/lib/python3.8/site-packages:/opt/ros/noetic/lib/python3/dist-packages:/home/yonathanarya/colcon_ws/build/turtlebot3_infiniteloop:/home/yonathanarya/colcon_ws/install/turtlebot3_infiniteloop/lib/python3.8/site-packages:/home/yonathanarya/colcon_ws/build/turtlebot3_actionserver:/home/yonathanarya/colcon_ws/install/turtlebot3_actionserver/lib/python3.8/site-packages:/home/yonathanarya/colcon_ws/build/turtlebot3_action:/home/yonathanarya/colcon_ws/install/turtlebot3_action/lib/python3.8/site-packages:/opt/ros/foxy/lib/python3.8/site-packages /usr/bin/cmake --build /home/yonathanarya/colcon_ws/build/ros1_bridge -- -j8 -l8
[6.262s] [35m[1mScanning dependencies of target test_ros1_client[0m
[6.263s] [35m[1mScanning dependencies of target test_ros1_server[0m
[6.266s] [35m[1mScanning dependencies of target test_ros2_client_cpp[0m
[6.267s] [35m[1mScanning dependencies of target simple_bridge_2_to_1[0m
[6.268s] [35m[1mScanning dependencies of target simple_bridge[0m
[6.268s] [35m[1mScanning dependencies of target simple_bridge_1_to_2[0m
[6.270s] [35m[1mScanning dependencies of target test_ros2_server_cpp[0m
[6.302s] [  0%] [32mBuilding CXX object CMakeFiles/test_ros1_client.dir/test/test_ros1_client.cpp.o[0m
[6.318s] [  0%] [32mBuilding CXX object CMakeFiles/test_ros1_server.dir/test/test_ros1_server.cpp.o[0m
[6.337s] [  0%] [32mBuilding CXX object CMakeFiles/test_ros2_client_cpp.dir/test/test_ros2_client.cpp.o[0m
[6.346s] [  0%] [32mBuilding CXX object CMakeFiles/simple_bridge_2_to_1.dir/src/simple_bridge_2_to_1.cpp.o[0m
[6.347s] [  0%] [32mBuilding CXX object CMakeFiles/test_ros2_server_cpp.dir/test/test_ros2_server.cpp.o[0m
[6.356s] [  0%] [32mBuilding CXX object CMakeFiles/simple_bridge.dir/src/simple_bridge.cpp.o[0m
[6.395s] [  0%] [32mBuilding CXX object CMakeFiles/simple_bridge_1_to_2.dir/src/simple_bridge_1_to_2.cpp.o[0m
[7.709s] [  1%] [34m[1mGenerating factories for interface types[0m
[11.478s] [  1%] [32m[1mLinking CXX executable test_ros1_client[0m
[11.491s] [  2%] [32m[1mLinking CXX executable test_ros2_server_cpp[0m
[11.632s] [  3%] [32m[1mLinking CXX executable test_ros1_server[0m
[11.856s] [  3%] Built target test_ros1_client
[11.884s] [  3%] Built target test_ros2_server_cpp
[11.983s] [  3%] Built target test_ros1_server
[12.552s] [  3%] [32m[1mLinking CXX executable test_ros2_client_cpp[0m
[12.872s] [  3%] Built target test_ros2_client_cpp
[15.346s] [  4%] [32m[1mLinking CXX executable simple_bridge_1_to_2[0m
[15.701s] [  4%] Built target simple_bridge_1_to_2
[17.542s] [  4%] [32m[1mLinking CXX executable simple_bridge_2_to_1[0m
[17.957s] [  4%] Built target simple_bridge_2_to_1
[18.128s] [  4%] [32m[1mLinking CXX executable simple_bridge[0m
[18.500s] [  4%] Built target simple_bridge
[26.335s] [35m[1mScanning dependencies of target ros1_bridge[0m
[29.350s] [  4%] [32mBuilding CXX object CMakeFiles/ros1_bridge.dir/src/convert_builtin_interfaces.cpp.o[0m
[29.354s] [  4%] [32mBuilding CXX object CMakeFiles/ros1_bridge.dir/src/builtin_interfaces_factories.cpp.o[0m
[29.354s] [  4%] [32mBuilding CXX object CMakeFiles/ros1_bridge.dir/src/bridge.cpp.o[0m
[29.375s] [  5%] [32mBuilding CXX object CMakeFiles/ros1_bridge.dir/generated/get_factory.cpp.o[0m
[29.375s] [  5%] [32mBuilding CXX object CMakeFiles/ros1_bridge.dir/generated/turtlebot3_act_interfaces_factories.cpp.o[0m
[29.376s] [  5%] [32mBuilding CXX object CMakeFiles/ros1_bridge.dir/generated/action_msgs_factories.cpp.o[0m
[29.376s] [  5%] [32mBuilding CXX object CMakeFiles/ros1_bridge.dir/generated/get_mappings.cpp.o[0m
[29.379s] [  6%] [32mBuilding CXX object CMakeFiles/ros1_bridge.dir/generated/action_msgs__msg__GoalInfo__factories.cpp.o[0m
[31.024s] [  6%] [32mBuilding CXX object CMakeFiles/ros1_bridge.dir/generated/action_msgs__msg__GoalStatus__factories.cpp.o[0m
[31.525s] [  6%] [32mBuilding CXX object CMakeFiles/ros1_bridge.dir/generated/action_msgs__msg__GoalStatusArray__factories.cpp.o[0m
[38.027s] [  6%] [32mBuilding CXX object CMakeFiles/ros1_bridge.dir/generated/action_msgs__srv__CancelGoal__factories.cpp.o[0m
[39.165s] [  6%] [32mBuilding CXX object CMakeFiles/ros1_bridge.dir/generated/action_tutorials_interfaces_factories.cpp.o[0m
[39.305s] [  6%] [32mBuilding CXX object CMakeFiles/ros1_bridge.dir/generated/actionlib_msgs__msg__GoalID__factories.cpp.o[0m
[39.314s] [  7%] [32mBuilding CXX object CMakeFiles/ros1_bridge.dir/generated/actionlib_msgs_factories.cpp.o[0m
[40.894s] [  7%] [32mBuilding CXX object CMakeFiles/ros1_bridge.dir/generated/actionlib_msgs__msg__GoalStatus__factories.cpp.o[0m
[41.555s] [  7%] [32mBuilding CXX object CMakeFiles/ros1_bridge.dir/generated/actionlib_msgs__msg__GoalStatusArray__factories.cpp.o[0m
[43.782s] [  8%] [32mBuilding CXX object CMakeFiles/ros1_bridge.dir/generated/cartographer_ros_msgs_factories.cpp.o[0m
[47.858s] [  8%] [32mBuilding CXX object CMakeFiles/ros1_bridge.dir/generated/cartographer_ros_msgs__msg__LandmarkEntry__factories.cpp.o[0m
[48.895s] [  8%] [32mBuilding CXX object CMakeFiles/ros1_bridge.dir/generated/cartographer_ros_msgs__msg__LandmarkList__factories.cpp.o[0m
[49.437s] [  8%] [32mBuilding CXX object CMakeFiles/ros1_bridge.dir/generated/cartographer_ros_msgs__msg__SensorTopics__factories.cpp.o[0m
[53.708s] [  9%] [32mBuilding CXX object CMakeFiles/ros1_bridge.dir/generated/cartographer_ros_msgs__msg__StatusCode__factories.cpp.o[0m
[55.761s] [  9%] [32mBuilding CXX object CMakeFiles/ros1_bridge.dir/generated/cartographer_ros_msgs__msg__StatusResponse__factories.cpp.o[0m
[57.672s] [  9%] [32mBuilding CXX object CMakeFiles/ros1_bridge.dir/generated/cartographer_ros_msgs__msg__SubmapEntry__factories.cpp.o[0m
[58.763s] [  9%] [32mBuilding CXX object CMakeFiles/ros1_bridge.dir/generated/cartographer_ros_msgs__msg__SubmapList__factories.cpp.o[0m
[59.317s] [  9%] [32mBuilding CXX object CMakeFiles/ros1_bridge.dir/generated/cartographer_ros_msgs__msg__SubmapTexture__factories.cpp.o[0m
[60.488s] [ 10%] [32mBuilding CXX object CMakeFiles/ros1_bridge.dir/generated/cartographer_ros_msgs__msg__TrajectoryOptions__factories.cpp.o[0m
[62.061s] [ 10%] [32mBuilding CXX object CMakeFiles/ros1_bridge.dir/generated/cartographer_ros_msgs__srv__FinishTrajectory__factories.cpp.o[0m
[62.948s] [ 10%] [32mBuilding CXX object CMakeFiles/ros1_bridge.dir/generated/cartographer_ros_msgs__srv__StartTrajectory__factories.cpp.o[0m
[63.746s] [ 10%] [32mBuilding CXX object CMakeFiles/ros1_bridge.dir/generated/cartographer_ros_msgs__srv__SubmapQuery__factories.cpp.o[0m
[65.703s] [ 11%] [32mBuilding CXX object CMakeFiles/ros1_bridge.dir/generated/cartographer_ros_msgs__srv__WriteState__factories.cpp.o[0m
[67.277s] [ 11%] [32mBuilding CXX object CMakeFiles/ros1_bridge.dir/generated/composition_interfaces_factories.cpp.o[0m
[68.415s] [ 11%] [32mBuilding CXX object CMakeFiles/ros1_bridge.dir/generated/composition_interfaces__srv__LoadNode__factories.cpp.o[0m
[68.934s] [ 11%] [32mBuilding CXX object CMakeFiles/ros1_bridge.dir/generated/composition_interfaces__srv__ListNodes__factories.cpp.o[0m
[70.432s] [ 12%] [32mBuilding CXX object CMakeFiles/ros1_bridge.dir/generated/composition_interfaces__srv__UnloadNode__factories.cpp.o[0m
[72.129s] [ 12%] [32mBuilding CXX object CMakeFiles/ros1_bridge.dir/generated/control_msgs_factories.cpp.o[0m
[72.725s] [ 12%] [32mBuilding CXX object CMakeFiles/ros1_bridge.dir/generated/control_msgs__msg__DynamicJointState__factories.cpp.o[0m
[73.327s] [ 12%] [32mBuilding CXX object CMakeFiles/ros1_bridge.dir/generated/control_msgs__msg__GripperCommand__factories.cpp.o[0m
[75.312s] [ 12%] [32mBuilding CXX object CMakeFiles/ros1_bridge.dir/generated/control_msgs__msg__InterfaceValue__factories.cpp.o[0m
[77.157s] [ 13%] [32mBuilding CXX object CMakeFiles/ros1_bridge.dir/generated/control_msgs__msg__JointControllerState__factories.cpp.o[0m
[77.835s] [ 13%] [32mBuilding CXX object CMakeFiles/ros1_bridge.dir/generated/control_msgs__msg__JointJog__factories.cpp.o[0m
[78.199s] [ 13%] [32mBuilding CXX object CMakeFiles/ros1_bridge.dir/generated/control_msgs__msg__JointTolerance__factories.cpp.o[0m
[80.139s] [ 13%] [32mBuilding CXX object CMakeFiles/ros1_bridge.dir/generated/control_msgs__msg__JointTrajectoryControllerState__factories.cpp.o[0m
[82.189s] [ 14%] [32mBuilding CXX object CMakeFiles/ros1_bridge.dir/generated/control_msgs__msg__PidState__factories.cpp.o[0m
[82.526s] [ 14%] [32mBuilding CXX object CMakeFiles/ros1_bridge.dir/generated/control_msgs__srv__QueryCalibrationState__factories.cpp.o[0m
[84.877s] [ 14%] [32mBuilding CXX object CMakeFiles/ros1_bridge.dir/generated/control_msgs__srv__QueryTrajectoryState__factories.cpp.o[0m
[94.169s] [ 14%] [32mBuilding CXX object CMakeFiles/ros1_bridge.dir/generated/controller_manager_msgs_factories.cpp.o[0m
[94.691s] [ 15%] [32mBuilding CXX object CMakeFiles/ros1_bridge.dir/generated/controller_manager_msgs__msg__ControllerState__factories.cpp.o[0m
[95.955s] [ 15%] [32mBuilding CXX object CMakeFiles/ros1_bridge.dir/generated/controller_manager_msgs__msg__HardwareInterface__factories.cpp.o[0m
[98.027s] [ 15%] [32mBuilding CXX object CMakeFiles/ros1_bridge.dir/generated/controller_manager_msgs__srv__ConfigureController__factories.cpp.o[0m
[98.903s] [ 15%] [32mBuilding CXX object CMakeFiles/ros1_bridge.dir/generated/controller_manager_msgs__srv__ConfigureStartController__factories.cpp.o[0m
[98.904s] [ 15%] [32mBuilding CXX object CMakeFiles/ros1_bridge.dir/generated/controller_manager_msgs__srv__ListControllers__factories.cpp.o[0m
[101.398s] [ 16%] [32mBuilding CXX object CMakeFiles/ros1_bridge.dir/generated/controller_manager_msgs__srv__ListControllerTypes__factories.cpp.o[0m
[103.651s] [ 16%] [32mBuilding CXX object CMakeFiles/ros1_bridge.dir/generated/controller_manager_msgs__srv__ListHardwareInterfaces__factories.cpp.o[0m
[104.041s] [ 16%] [32mBuilding CXX object CMakeFiles/ros1_bridge.dir/generated/controller_manager_msgs__srv__LoadConfigureController__factories.cpp.o[0m
[104.194s] [ 16%] [32mBuilding CXX object CMakeFiles/ros1_bridge.dir/generated/controller_manager_msgs__srv__LoadController__factories.cpp.o[0m
[105.647s] [ 17%] [32mBuilding CXX object CMakeFiles/ros1_bridge.dir/generated/controller_manager_msgs__srv__LoadStartController__factories.cpp.o[0m
[108.355s] [ 17%] [32mBuilding CXX object CMakeFiles/ros1_bridge.dir/generated/controller_manager_msgs__srv__ReloadControllerLibraries__factories.cpp.o[0m
[108.451s] [ 17%] [32mBuilding CXX object CMakeFiles/ros1_bridge.dir/generated/controller_manager_msgs__srv__SwitchController__factories.cpp.o[0m
[113.233s] [ 17%] [32mBuilding CXX object CMakeFiles/ros1_bridge.dir/generated/controller_manager_msgs__srv__UnloadController__factories.cpp.o[0m
[113.269s] [ 18%] [32mBuilding CXX object CMakeFiles/ros1_bridge.dir/generated/diagnostic_msgs_factories.cpp.o[0m
[113.651s] [ 18%] [32mBuilding CXX object CMakeFiles/ros1_bridge.dir/generated/diagnostic_msgs__msg__DiagnosticArray__factories.cpp.o[0m
[115.109s] [ 18%] [32mBuilding CXX object CMakeFiles/ros1_bridge.dir/generated/diagnostic_msgs__msg__DiagnosticStatus__factories.cpp.o[0m
[115.239s] [ 18%] [32mBuilding CXX object CMakeFiles/ros1_bridge.dir/generated/diagnostic_msgs__msg__KeyValue__factories.cpp.o[0m
[117.862s] [ 19%] [32mBuilding CXX object CMakeFiles/ros1_bridge.dir/generated/diagnostic_msgs__srv__AddDiagnostics__factories.cpp.o[0m
[118.192s] [ 19%] [32mBuilding CXX object CMakeFiles/ros1_bridge.dir/generated/diagnostic_msgs__srv__SelfTest__factories.cpp.o[0m
[122.173s] [ 19%] [32mBuilding CXX object CMakeFiles/ros1_bridge.dir/generated/dwb_msgs_factories.cpp.o[0m
[123.124s] [ 19%] [32mBuilding CXX object CMakeFiles/ros1_bridge.dir/generated/dwb_msgs__msg__CriticScore__factories.cpp.o[0m
[127.077s] [ 19%] [32mBuilding CXX object CMakeFiles/ros1_bridge.dir/generated/dwb_msgs__msg__LocalPlanEvaluation__factories.cpp.o[0m
[131.812s] [ 20%] [32mBuilding CXX object CMakeFiles/ros1_bridge.dir/generated/dwb_msgs__msg__Trajectory2D__factories.cpp.o[0m
[132.844s] [ 20%] [32mBuilding CXX object CMakeFiles/ros1_bridge.dir/generated/dwb_msgs__msg__TrajectoryScore__factories.cpp.o[0m
[133.334s] [ 20%] [32mBuilding CXX object CMakeFiles/ros1_bridge.dir/generated/dwb_msgs__srv__DebugLocalPlan__factories.cpp.o[0m
[133.925s] [ 20%] [32mBuilding CXX object CMakeFiles/ros1_bridge.dir/generated/dwb_msgs__srv__GenerateTrajectory__factories.cpp.o[0m
[135.901s] [ 21%] [32mBuilding CXX object CMakeFiles/ros1_bridge.dir/generated/dwb_msgs__srv__GenerateTwists__factories.cpp.o[0m
[136.583s] [ 21%] [32mBuilding CXX object CMakeFiles/ros1_bridge.dir/generated/dwb_msgs__srv__GetCriticScore__factories.cpp.o[0m
[137.206s] [ 21%] [32mBuilding CXX object CMakeFiles/ros1_bridge.dir/generated/dwb_msgs__srv__ScoreTrajectory__factories.cpp.o[0m
[137.296s] [ 21%] [32mBuilding CXX object CMakeFiles/ros1_bridge.dir/generated/example_interfaces_factories.cpp.o[0m
[145.694s] [ 21%] [32mBuilding CXX object CMakeFiles/ros1_bridge.dir/generated/example_interfaces__msg__Empty__factories.cpp.o[0m
[145.966s] [ 22%] [32mBuilding CXX object CMakeFiles/ros1_bridge.dir/generated/example_interfaces__msg__Float32__factories.cpp.o[0m
[145.982s] [ 22%] [32mBuilding CXX object CMakeFiles/ros1_bridge.dir/generated/example_interfaces__msg__Float32MultiArray__factories.cpp.o[0m
[145.989s] [ 22%] [32mBuilding CXX object CMakeFiles/ros1_bridge.dir/generated/example_interfaces__msg__Char__factories.cpp.o[0m
[147.006s] [ 22%] [32mBuilding CXX object CMakeFiles/ros1_bridge.dir/generated/example_interfaces__msg__Float64__factories.cpp.o[0m
[148.027s] [ 22%] [32mBuilding CXX object CMakeFiles/ros1_bridge.dir/generated/example_interfaces__msg__ByteMultiArray__factories.cpp.o[0m
[149.057s] [ 22%] [32mBuilding CXX object CMakeFiles/ros1_bridge.dir/generated/example_interfaces__msg__Byte__factories.cpp.o[0m
[150.083s] [ 23%] [32mBuilding CXX object CMakeFiles/ros1_bridge.dir/generated/example_interfaces__msg__Bool__factories.cpp.o[0m
[157.682s] [ 23%] [32mBuilding CXX object CMakeFiles/ros1_bridge.dir/generated/example_interfaces__msg__Int64MultiArray__factories.cpp.o[0m
[160.701s] [ 24%] [32mBuilding CXX object CMakeFiles/ros1_bridge.dir/generated/example_interfaces__msg__Int8__factories.cpp.o[0m
[160.701s] [ 24%] [32mBuilding CXX object CMakeFiles/ros1_bridge.dir/generated/example_interfaces__msg__Int64__factories.cpp.o[0m
[161.654s] [ 24%] [32mBuilding CXX object CMakeFiles/ros1_bridge.dir/generated/example_interfaces__msg__Int32__factories.cpp.o[0m
[161.655s] [ 24%] [32mBuilding CXX object CMakeFiles/ros1_bridge.dir/generated/example_interfaces__msg__Int32MultiArray__factories.cpp.o[0m
[162.677s] [ 24%] [32mBuilding CXX object CMakeFiles/ros1_bridge.dir/generated/example_interfaces__msg__Int16MultiArray__factories.cpp.o[0m
[162.677s] [ 24%] [32mBuilding CXX object CMakeFiles/ros1_bridge.dir/generated/example_interfaces__msg__Int8MultiArray__factories.cpp.o[0m
[163.707s] [ 25%] [32mBuilding CXX object CMakeFiles/ros1_bridge.dir/generated/example_interfaces__msg__Int16__factories.cpp.o[0m
[163.715s] [ 25%] [32mBuilding CXX object CMakeFiles/ros1_bridge.dir/generated/example_interfaces__msg__Float64MultiArray__factories.cpp.o[0m
[168.657s] [ 25%] [32mBuilding CXX object CMakeFiles/ros1_bridge.dir/generated/example_interfaces__msg__MultiArrayDimension__factories.cpp.o[0m
[168.719s] [ 26%] [32mBuilding CXX object CMakeFiles/ros1_bridge.dir/generated/example_interfaces__msg__MultiArrayLayout__factories.cpp.o[0m
[169.529s] [ 26%] [32mBuilding CXX object CMakeFiles/ros1_bridge.dir/generated/example_interfaces__msg__String__factories.cpp.o[0m
[169.697s] [ 26%] [32mBuilding CXX object CMakeFiles/ros1_bridge.dir/generated/example_interfaces__msg__UInt16__factories.cpp.o[0m
[172.126s] [ 26%] [32mBuilding CXX object CMakeFiles/ros1_bridge.dir/generated/example_interfaces__msg__UInt16MultiArray__factories.cpp.o[0m
[172.211s] [ 27%] [32mBuilding CXX object CMakeFiles/ros1_bridge.dir/generated/example_interfaces__msg__UInt32__factories.cpp.o[0m
[173.542s] [ 27%] [32mBuilding CXX object CMakeFiles/ros1_bridge.dir/generated/example_interfaces__msg__UInt32MultiArray__factories.cpp.o[0m
[173.895s] [ 27%] [32mBuilding CXX object CMakeFiles/ros1_bridge.dir/generated/example_interfaces__msg__UInt64__factories.cpp.o[0m
[178.402s] [ 27%] [32mBuilding CXX object CMakeFiles/ros1_bridge.dir/generated/example_interfaces__msg__UInt64MultiArray__factories.cpp.o[0m
[178.431s] [ 28%] [32mBuilding CXX object CMakeFiles/ros1_bridge.dir/generated/example_interfaces__msg__UInt8__factories.cpp.o[0m
[178.696s] [ 28%] [32mBuilding CXX object CMakeFiles/ros1_bridge.dir/generated/example_interfaces__msg__UInt8MultiArray__factories.cpp.o[0m
[179.527s] [ 28%] [32mBuilding CXX object CMakeFiles/ros1_bridge.dir/generated/example_interfaces__msg__WString__factories.cpp.o[0m
[181.585s] [ 28%] [32mBuilding CXX object CMakeFiles/ros1_bridge.dir/generated/example_interfaces__srv__AddTwoInts__factories.cpp.o[0m
[181.641s] [ 28%] [32mBuilding CXX object CMakeFiles/ros1_bridge.dir/generated/example_interfaces__srv__SetBool__factories.cpp.o[0m
[183.120s] [ 29%] [32mBuilding CXX object CMakeFiles/ros1_bridge.dir/generated/example_interfaces__srv__Trigger__factories.cpp.o[0m
[183.767s] [ 29%] [32mBuilding CXX object CMakeFiles/ros1_bridge.dir/generated/gazebo_msgs_factories.cpp.o[0m
[187.942s] [ 29%] [32mBuilding CXX object CMakeFiles/ros1_bridge.dir/generated/gazebo_msgs__msg__ContactState__factories.cpp.o[0m
[188.137s] [ 29%] [32mBuilding CXX object CMakeFiles/ros1_bridge.dir/generated/gazebo_msgs__msg__ContactsState__factories.cpp.o[0m
[188.343s] [ 30%] [32mBuilding CXX object CMakeFiles/ros1_bridge.dir/generated/gazebo_msgs__msg__EntityState__factories.cpp.o[0m
[189.336s] [ 30%] [32mBuilding CXX object CMakeFiles/ros1_bridge.dir/generated/gazebo_msgs__msg__LinkState__factories.cpp.o[0m
[191.219s] [ 30%] [32mBuilding CXX object CMakeFiles/ros1_bridge.dir/generated/gazebo_msgs__msg__LinkStates__factories.cpp.o[0m
[192.830s] [ 30%] [32mBuilding CXX object CMakeFiles/ros1_bridge.dir/generated/gazebo_msgs__msg__ModelState__factories.cpp.o[0m
[194.420s] [ 31%] [32mBuilding CXX object CMakeFiles/ros1_bridge.dir/generated/gazebo_msgs__msg__ModelStates__factories.cpp.o[0m
[196.836s] [ 31%] [32mBuilding CXX object CMakeFiles/ros1_bridge.dir/generated/gazebo_msgs__msg__ODEJointProperties__factories.cpp.o[0m
[198.075s] [ 31%] [32mBuilding CXX object CMakeFiles/ros1_bridge.dir/generated/gazebo_msgs__msg__ODEPhysics__factories.cpp.o[0m
[211.150s] [ 31%] [32mBuilding CXX object CMakeFiles/ros1_bridge.dir/generated/gazebo_msgs__msg__WorldState__factories.cpp.o[0m
[211.779s] [ 32%] [32mBuilding CXX object CMakeFiles/ros1_bridge.dir/generated/gazebo_msgs__msg__SensorPerformanceMetric__factories.cpp.o[0m
[212.374s] [ 32%] [32mBuilding CXX object CMakeFiles/ros1_bridge.dir/generated/gazebo_msgs__srv__ApplyBodyWrench__factories.cpp.o[0m
[213.399s] [ 32%] [32mBuilding CXX object CMakeFiles/ros1_bridge.dir/generated/gazebo_msgs__srv__ApplyLinkWrench__factories.cpp.o[0m
[214.428s] [ 32%] [32mBuilding CXX object CMakeFiles/ros1_bridge.dir/generated/gazebo_msgs__msg__PerformanceMetrics__factories.cpp.o[0m
[214.884s] [ 32%] [32mBuilding CXX object CMakeFiles/ros1_bridge.dir/generated/gazebo_msgs__srv__ApplyJointEffort__factories.cpp.o[0m
[217.845s] [ 33%] [32mBuilding CXX object CMakeFiles/ros1_bridge.dir/generated/gazebo_msgs__srv__BodyRequest__factories.cpp.o[0m
[218.525s] [ 33%] [32mBuilding CXX object CMakeFiles/ros1_bridge.dir/generated/gazebo_msgs__srv__DeleteEntity__factories.cpp.o[0m
[226.054s] [ 34%] [32mBuilding CXX object CMakeFiles/ros1_bridge.dir/generated/gazebo_msgs__srv__GetJointProperties__factories.cpp.o[0m
[226.514s] [ 34%] [32mBuilding CXX object CMakeFiles/ros1_bridge.dir/generated/gazebo_msgs__srv__DeleteModel__factories.cpp.o[0m
[227.532s] [ 34%] [32mBuilding CXX object CMakeFiles/ros1_bridge.dir/generated/gazebo_msgs__srv__GetEntityState__factories.cpp.o[0m
[228.562s] [ 34%] [32mBuilding CXX object CMakeFiles/ros1_bridge.dir/generated/gazebo_msgs__srv__DeleteLight__factories.cpp.o[0m
[229.504s] [ 34%] [32mBuilding CXX object CMakeFiles/ros1_bridge.dir/generated/gazebo_msgs__srv__GetLightProperties__factories.cpp.o[0m
[231.217s] [ 34%] [32mBuilding CXX object CMakeFiles/ros1_bridge.dir/generated/gazebo_msgs__srv__GetLinkProperties__factories.cpp.o[0m
[231.273s] [ 35%] [32mBuilding CXX object CMakeFiles/ros1_bridge.dir/generated/gazebo_msgs__srv__GetLinkState__factories.cpp.o[0m
[235.486s] [ 35%] [32mBuilding CXX object CMakeFiles/ros1_bridge.dir/generated/gazebo_msgs__srv__GetModelList__factories.cpp.o[0m
[237.576s] [ 35%] [32mBuilding CXX object CMakeFiles/ros1_bridge.dir/generated/gazebo_msgs__srv__GetModelProperties__factories.cpp.o[0m
[240.214s] [ 35%] [32mBuilding CXX object CMakeFiles/ros1_bridge.dir/generated/gazebo_msgs__srv__GetModelState__factories.cpp.o[0m
[246.382s] [ 36%] [32mBuilding CXX object CMakeFiles/ros1_bridge.dir/generated/gazebo_msgs__srv__SetEntityState__factories.cpp.o[0m
[246.383s] [ 36%] [32mBuilding CXX object CMakeFiles/ros1_bridge.dir/generated/gazebo_msgs__srv__SetJointProperties__factories.cpp.o[0m
[247.404s] [ 36%] [32mBuilding CXX object CMakeFiles/ros1_bridge.dir/generated/gazebo_msgs__srv__LinkRequest__factories.cpp.o[0m
[247.405s] [ 36%] [32mBuilding CXX object CMakeFiles/ros1_bridge.dir/generated/gazebo_msgs__srv__JointRequest__factories.cpp.o[0m
[248.431s] [ 37%] [32mBuilding CXX object CMakeFiles/ros1_bridge.dir/generated/gazebo_msgs__srv__GetWorldProperties__factories.cpp.o[0m
[248.432s] [ 37%] [32mBuilding CXX object CMakeFiles/ros1_bridge.dir/generated/gazebo_msgs__srv__GetPhysicsProperties__factories.cpp.o[0m
[249.695s] [ 37%] [32mBuilding CXX object CMakeFiles/ros1_bridge.dir/generated/gazebo_msgs__srv__SetJointTrajectory__factories.cpp.o[0m
[250.987s] [ 37%] [32mBuilding CXX object CMakeFiles/ros1_bridge.dir/generated/gazebo_msgs__srv__SetLightProperties__factories.cpp.o[0m
[255.593s] [ 37%] [32mBuilding CXX object CMakeFiles/ros1_bridge.dir/generated/gazebo_msgs__srv__SetLinkProperties__factories.cpp.o[0m
[257.780s] [ 38%] [32mBuilding CXX object CMakeFiles/ros1_bridge.dir/generated/gazebo_msgs__srv__SetLinkState__factories.cpp.o[0m
[260.271s] [ 38%] [32mBuilding CXX object CMakeFiles/ros1_bridge.dir/generated/gazebo_msgs__srv__SetModelConfiguration__factories.cpp.o[0m
[261.086s] [ 38%] [32mBuilding CXX object CMakeFiles/ros1_bridge.dir/generated/gazebo_msgs__srv__SetModelState__factories.cpp.o[0m
[262.153s] [ 38%] [32mBuilding CXX object CMakeFiles/ros1_bridge.dir/generated/gazebo_msgs__srv__SetPhysicsProperties__factories.cpp.o[0m
[263.494s] [ 38%] [32mBuilding CXX object CMakeFiles/ros1_bridge.dir/generated/gazebo_msgs__srv__SpawnEntity__factories.cpp.o[0m
[263.843s] [ 39%] [32mBuilding CXX object CMakeFiles/ros1_bridge.dir/generated/gazebo_msgs__srv__SpawnModel__factories.cpp.o[0m
[265.197s] [ 39%] [32mBuilding CXX object CMakeFiles/ros1_bridge.dir/generated/geometry_msgs_factories.cpp.o[0m
[270.698s] [ 39%] [32mBuilding CXX object CMakeFiles/ros1_bridge.dir/generated/geometry_msgs__msg__Accel__factories.cpp.o[0m
[272.491s] [ 39%] [32mBuilding CXX object CMakeFiles/ros1_bridge.dir/generated/geometry_msgs__msg__AccelStamped__factories.cpp.o[0m
[273.234s] [ 40%] [32mBuilding CXX object CMakeFiles/ros1_bridge.dir/generated/geometry_msgs__msg__AccelWithCovariance__factories.cpp.o[0m
[275.374s] [ 40%] [32mBuilding CXX object CMakeFiles/ros1_bridge.dir/generated/geometry_msgs__msg__AccelWithCovarianceStamped__factories.cpp.o[0m
[275.849s] [ 40%] [32mBuilding CXX object CMakeFiles/ros1_bridge.dir/generated/geometry_msgs__msg__Inertia__factories.cpp.o[0m
[275.910s] [ 40%] [32mBuilding CXX object CMakeFiles/ros1_bridge.dir/generated/geometry_msgs__msg__InertiaStamped__factories.cpp.o[0m
[277.026s] [ 41%] [32mBuilding CXX object CMakeFiles/ros1_bridge.dir/generated/geometry_msgs__msg__Point__factories.cpp.o[0m
[278.856s] [ 41%] [32mBuilding CXX object CMakeFiles/ros1_bridge.dir/generated/geometry_msgs__msg__Point32__factories.cpp.o[0m
[295.607s] [ 41%] [32mBuilding CXX object CMakeFiles/ros1_bridge.dir/generated/geometry_msgs__msg__Pose2D__factories.cpp.o[0m
[295.612s] [ 42%] [32mBuilding CXX object CMakeFiles/ros1_bridge.dir/generated/geometry_msgs__msg__Pose__factories.cpp.o[0m
[296.512s] [ 42%] [32mBuilding CXX object CMakeFiles/ros1_bridge.dir/generated/geometry_msgs__msg__PoseArray__factories.cpp.o[0m
[296.517s] [ 42%] [32mBuilding CXX object CMakeFiles/ros1_bridge.dir/generated/geometry_msgs__msg__PolygonStamped__factories.cpp.o[0m
[297.156s] [ 42%] [32mBuilding CXX object CMakeFiles/ros1_bridge.dir/generated/geometry_msgs__msg__Polygon__factories.cpp.o[0m
[297.158s] [ 42%] [32mBuilding CXX object CMakeFiles/ros1_bridge.dir/generated/geometry_msgs__msg__PoseStamped__factories.cpp.o[0m
[298.184s] [ 43%] [32mBuilding CXX object CMakeFiles/ros1_bridge.dir/generated/geometry_msgs__msg__PoseWithCovariance__factories.cpp.o[0m
[298.184s] [ 43%] [32mBuilding CXX object CMakeFiles/ros1_bridge.dir/generated/geometry_msgs__msg__PointStamped__factories.cpp.o[0m
[314.767s] [ 43%] [32mBuilding CXX object CMakeFiles/ros1_bridge.dir/generated/geometry_msgs__msg__PoseWithCovarianceStamped__factories.cpp.o[0m
[314.884s] [ 43%] [32mBuilding CXX object CMakeFiles/ros1_bridge.dir/generated/geometry_msgs__msg__Quaternion__factories.cpp.o[0m
[316.883s] [ 43%] [32mBuilding CXX object CMakeFiles/ros1_bridge.dir/generated/geometry_msgs__msg__QuaternionStamped__factories.cpp.o[0m
[317.479s] [ 44%] [32mBuilding CXX object CMakeFiles/ros1_bridge.dir/generated/geometry_msgs__msg__Transform__factories.cpp.o[0m
[317.817s] [ 44%] [32mBuilding CXX object CMakeFiles/ros1_bridge.dir/generated/geometry_msgs__msg__TransformStamped__factories.cpp.o[0m
[318.364s] [ 44%] [32mBuilding CXX object CMakeFiles/ros1_bridge.dir/generated/geometry_msgs__msg__Twist__factories.cpp.o[0m
[319.460s] [ 44%] [32mBuilding CXX object CMakeFiles/ros1_bridge.dir/generated/geometry_msgs__msg__TwistStamped__factories.cpp.o[0m
[319.585s] [ 44%] [32mBuilding CXX object CMakeFiles/ros1_bridge.dir/generated/geometry_msgs__msg__TwistWithCovariance__factories.cpp.o[0m
[338.964s] [ 44%] [32mBuilding CXX object CMakeFiles/ros1_bridge.dir/generated/libstatistics_collector__msg__DummyMessage__factories.cpp.o[0m
[340.977s] [ 44%] [32mBuilding CXX object CMakeFiles/ros1_bridge.dir/generated/lifecycle_msgs_factories.cpp.o[0m
[341.991s] [ 44%] [32mBuilding CXX object CMakeFiles/ros1_bridge.dir/generated/libstatistics_collector_factories.cpp.o[0m
[342.708s] [ 45%] [32mBuilding CXX object CMakeFiles/ros1_bridge.dir/generated/geometry_msgs__msg__WrenchStamped__factories.cpp.o[0m
[343.723s] [ 46%] [32mBuilding CXX object CMakeFiles/ros1_bridge.dir/generated/lifecycle_msgs__msg__State__factories.cpp.o[0m
[344.746s] [ 46%] [32mBuilding CXX object CMakeFiles/ros1_bridge.dir/generated/geometry_msgs__msg__Wrench__factories.cpp.o[0m
[345.758s] [ 46%] [32mBuilding CXX object CMakeFiles/ros1_bridge.dir/generated/geometry_msgs__msg__Vector3__factories.cpp.o[0m
[345.763s] [ 46%] [32mBuilding CXX object CMakeFiles/ros1_bridge.dir/generated/geometry_msgs__msg__Vector3Stamped__factories.cpp.o[0m
[346.788s] [ 47%] [32mBuilding CXX object CMakeFiles/ros1_bridge.dir/generated/geometry_msgs__msg__TwistWithCovarianceStamped__factories.cpp.o[0m
[346.789s] [ 47%] [32mBuilding CXX object CMakeFiles/ros1_bridge.dir/generated/lifecycle_msgs__msg__Transition__factories.cpp.o[0m
[348.612s] [ 47%] [32mBuilding CXX object CMakeFiles/ros1_bridge.dir/generated/lifecycle_msgs__msg__TransitionDescription__factories.cpp.o[0m
[351.036s] [ 47%] [32mBuilding CXX object CMakeFiles/ros1_bridge.dir/generated/lifecycle_msgs__msg__TransitionEvent__factories.cpp.o[0m
[356.815s] [ 48%] [32mBuilding CXX object CMakeFiles/ros1_bridge.dir/generated/lifecycle_msgs__srv__ChangeState__factories.cpp.o[0m
[358.132s] [ 48%] [32mBuilding CXX object CMakeFiles/ros1_bridge.dir/generated/lifecycle_msgs__srv__GetAvailableStates__factories.cpp.o[0m
[360.362s] [ 48%] [32mBuilding CXX object CMakeFiles/ros1_bridge.dir/generated/lifecycle_msgs__srv__GetAvailableTransitions__factories.cpp.o[0m
[360.530s] [ 48%] [32mBuilding CXX object CMakeFiles/ros1_bridge.dir/generated/lifecycle_msgs__srv__GetState__factories.cpp.o[0m
[365.588s] [ 48%] [32mBuilding CXX object CMakeFiles/ros1_bridge.dir/generated/logging_demo_factories.cpp.o[0m
[366.213s] [ 49%] [32mBuilding CXX object CMakeFiles/ros1_bridge.dir/generated/logging_demo__srv__ConfigLogger__factories.cpp.o[0m
[366.423s] [ 49%] [32mBuilding CXX object CMakeFiles/ros1_bridge.dir/generated/map_msgs_factories.cpp.o[0m
[367.092s] [ 49%] [32mBuilding CXX object CMakeFiles/ros1_bridge.dir/generated/map_msgs__msg__OccupancyGridUpdate__factories.cpp.o[0m
[367.816s] [ 49%] [32mBuilding CXX object CMakeFiles/ros1_bridge.dir/generated/map_msgs__msg__PointCloud2Update__factories.cpp.o[0m
[368.212s] [ 50%] [32mBuilding CXX object CMakeFiles/ros1_bridge.dir/generated/map_msgs__msg__ProjectedMapInfo__factories.cpp.o[0m
[370.261s] [ 50%] [32mBuilding CXX object CMakeFiles/ros1_bridge.dir/generated/map_msgs__msg__ProjectedMap__factories.cpp.o[0m
[370.630s] [ 50%] [32mBuilding CXX object CMakeFiles/ros1_bridge.dir/generated/map_msgs__srv__GetMapROI__factories.cpp.o[0m
[374.936s] [ 50%] [32mBuilding CXX object CMakeFiles/ros1_bridge.dir/generated/map_msgs__srv__GetPointMapROI__factories.cpp.o[0m
[375.832s] [ 51%] [32mBuilding CXX object CMakeFiles/ros1_bridge.dir/generated/map_msgs__srv__GetPointMap__factories.cpp.o[0m
[376.807s] [ 51%] [32mBuilding CXX object CMakeFiles/ros1_bridge.dir/generated/map_msgs__srv__ProjectedMapsInfo__factories.cpp.o[0m
[384.582s] [ 51%] [32mBuilding CXX object CMakeFiles/ros1_bridge.dir/generated/map_msgs__srv__SaveMap__factories.cpp.o[0m
[387.792s] [ 51%] [32mBuilding CXX object CMakeFiles/ros1_bridge.dir/generated/map_msgs__srv__SetMapProjections__factories.cpp.o[0m
[388.687s] [ 51%] [32mBuilding CXX object CMakeFiles/ros1_bridge.dir/generated/nav2_msgs_factories.cpp.o[0m
[388.966s] [ 52%] [32mBuilding CXX object CMakeFiles/ros1_bridge.dir/generated/nav2_msgs__msg__Costmap__factories.cpp.o[0m
[390.114s] [ 52%] [32mBuilding CXX object CMakeFiles/ros1_bridge.dir/generated/nav2_msgs__msg__CostmapMetaData__factories.cpp.o[0m
[396.133s] [ 53%] [32mBuilding CXX object CMakeFiles/ros1_bridge.dir/generated/nav2_msgs__msg__BehaviorTreeLog__factories.cpp.o[0m
[396.620s] [ 53%] [32mBuilding CXX object CMakeFiles/ros1_bridge.dir/generated/nav2_msgs__msg__Particle__factories.cpp.o[0m
[397.519s] [ 53%] [32mBuilding CXX object CMakeFiles/ros1_bridge.dir/generated/nav2_msgs__srv__GetCostmap__factories.cpp.o[0m
[397.523s] [ 53%] [32mBuilding CXX object CMakeFiles/ros1_bridge.dir/generated/nav2_msgs__msg__ParticleCloud__factories.cpp.o[0m
[397.687s] [ 54%] [32mBuilding CXX object CMakeFiles/ros1_bridge.dir/generated/nav2_msgs__srv__ClearCostmapExceptRegion__factories.cpp.o[0m
[398.710s] [ 54%] [32mBuilding CXX object CMakeFiles/ros1_bridge.dir/generated/nav2_msgs__srv__ClearCostmapAroundRobot__factories.cpp.o[0m
[399.737s] [ 54%] [32mBuilding CXX object CMakeFiles/ros1_bridge.dir/generated/nav2_msgs__msg__BehaviorTreeStatusChange__factories.cpp.o[0m
[400.765s] [ 54%] [32mBuilding CXX object CMakeFiles/ros1_bridge.dir/generated/nav2_msgs__msg__VoxelGrid__factories.cpp.o[0m
[403.622s] [ 54%] [32mBuilding CXX object CMakeFiles/ros1_bridge.dir/generated/nav2_msgs__srv__ClearEntireCostmap__factories.cpp.o[0m
[403.984s] [ 54%] [32mBuilding CXX object CMakeFiles/ros1_bridge.dir/generated/nav2_msgs__srv__ManageLifecycleNodes__factories.cpp.o[0m
[405.143s] [ 54%] [32mBuilding CXX object CMakeFiles/ros1_bridge.dir/generated/nav2_msgs__srv__LoadMap__factories.cpp.o[0m
[406.674s] [ 55%] [32mBuilding CXX object CMakeFiles/ros1_bridge.dir/generated/nav2_msgs__srv__SaveMap__factories.cpp.o[0m
[406.841s] [ 55%] [32mBuilding CXX object CMakeFiles/ros1_bridge.dir/generated/nav_2d_msgs_factories.cpp.o[0m
[408.379s] [ 55%] [32mBuilding CXX object CMakeFiles/ros1_bridge.dir/generated/nav_2d_msgs__msg__Path2D__factories.cpp.o[0m
[409.324s] [ 55%] [32mBuilding CXX object CMakeFiles/ros1_bridge.dir/generated/nav_2d_msgs__msg__Pose2D32__factories.cpp.o[0m
[410.401s] [ 56%] [32mBuilding CXX object CMakeFiles/ros1_bridge.dir/generated/nav_2d_msgs__msg__Pose2DStamped__factories.cpp.o[0m
[413.244s] [ 56%] [32mBuilding CXX object CMakeFiles/ros1_bridge.dir/generated/nav_2d_msgs__msg__Twist2D__factories.cpp.o[0m
[413.413s] [ 56%] [32mBuilding CXX object CMakeFiles/ros1_bridge.dir/generated/nav_2d_msgs__msg__Twist2D32__factories.cpp.o[0m
[415.236s] [ 56%] [32mBuilding CXX object CMakeFiles/ros1_bridge.dir/generated/nav_2d_msgs__msg__Twist2DStamped__factories.cpp.o[0m
[416.266s] [ 57%] [32mBuilding CXX object CMakeFiles/ros1_bridge.dir/generated/nav_msgs_factories.cpp.o[0m
[416.481s] [ 57%] [32mBuilding CXX object CMakeFiles/ros1_bridge.dir/generated/nav_msgs__msg__GridCells__factories.cpp.o[0m
[418.046s] [ 57%] [32mBuilding CXX object CMakeFiles/ros1_bridge.dir/generated/nav_msgs__msg__MapMetaData__factories.cpp.o[0m
[418.753s] [ 57%] [32mBuilding CXX object CMakeFiles/ros1_bridge.dir/generated/nav_msgs__msg__OccupancyGrid__factories.cpp.o[0m
[419.927s] [ 57%] [32mBuilding CXX object CMakeFiles/ros1_bridge.dir/generated/nav_msgs__msg__Odometry__factories.cpp.o[0m
[422.706s] [ 58%] [32mBuilding CXX object CMakeFiles/ros1_bridge.dir/generated/nav_msgs__msg__Path__factories.cpp.o[0m
[422.845s] [ 58%] [32mBuilding CXX object CMakeFiles/ros1_bridge.dir/generated/nav_msgs__srv__GetMap__factories.cpp.o[0m
[425.194s] [ 58%] [32mBuilding CXX object CMakeFiles/ros1_bridge.dir/generated/nav_msgs__srv__GetPlan__factories.cpp.o[0m
[426.043s] [ 58%] [32mBuilding CXX object CMakeFiles/ros1_bridge.dir/generated/nav_msgs__srv__SetMap__factories.cpp.o[0m
[441.425s] [ 58%] [32mBuilding CXX object CMakeFiles/ros1_bridge.dir/generated/pendulum_msgs_factories.cpp.o[0m
[441.425s] [ 58%] [32mBuilding CXX object CMakeFiles/ros1_bridge.dir/generated/pcl_msgs__srv__UpdateFilename__factories.cpp.o[0m
[441.587s] [ 59%] [32mBuilding CXX object CMakeFiles/ros1_bridge.dir/generated/pcl_msgs__msg__Vertices__factories.cpp.o[0m
[442.605s] [ 59%] [32mBuilding CXX object CMakeFiles/ros1_bridge.dir/generated/pcl_msgs__msg__PolygonMesh__factories.cpp.o[0m
[442.610s] [ 59%] [32mBuilding CXX object CMakeFiles/ros1_bridge.dir/generated/pendulum_msgs__msg__JointState__factories.cpp.o[0m
[443.634s] [ 59%] [32mBuilding CXX object CMakeFiles/ros1_bridge.dir/generated/pcl_msgs__msg__PointIndices__factories.cpp.o[0m
[443.635s] [ 59%] [32mBuilding CXX object CMakeFiles/ros1_bridge.dir/generated/pcl_msgs__msg__ModelCoefficients__factories.cpp.o[0m
[444.662s] [ 60%] [32mBuilding CXX object CMakeFiles/ros1_bridge.dir/generated/pcl_msgs_factories.cpp.o[0m
[450.091s] [ 61%] [32mBuilding CXX object CMakeFiles/ros1_bridge.dir/generated/pendulum_msgs__msg__JointCommand__factories.cpp.o[0m
[452.329s] [ 61%] [32mBuilding CXX object CMakeFiles/ros1_bridge.dir/generated/pendulum_msgs__msg__RttestResults__factories.cpp.o[0m
[454.092s] [ 61%] [32mBuilding CXX object CMakeFiles/ros1_bridge.dir/generated/rcl_interfaces_factories.cpp.o[0m
[455.539s] [ 61%] [32mBuilding CXX object CMakeFiles/ros1_bridge.dir/generated/rcl_interfaces__msg__FloatingPointRange__factories.cpp.o[0m
[459.755s] [ 61%] [32mBuilding CXX object CMakeFiles/ros1_bridge.dir/generated/rcl_interfaces__msg__IntegerRange__factories.cpp.o[0m
[461.386s] [ 62%] [32mBuilding CXX object CMakeFiles/ros1_bridge.dir/generated/rcl_interfaces__msg__ListParametersResult__factories.cpp.o[0m
[462.216s] [ 62%] [32mBuilding CXX object CMakeFiles/ros1_bridge.dir/generated/rcl_interfaces__msg__Log__factories.cpp.o[0m
[464.215s] [ 62%] [32mBuilding CXX object CMakeFiles/ros1_bridge.dir/generated/rcl_interfaces__msg__ParameterDescriptor__factories.cpp.o[0m
[464.575s] [ 62%] [32mBuilding CXX object CMakeFiles/ros1_bridge.dir/generated/rcl_interfaces__msg__ParameterEventDescriptors__factories.cpp.o[0m
[465.539s] [ 63%] [32mBuilding CXX object CMakeFiles/ros1_bridge.dir/generated/rcl_interfaces__msg__ParameterEvent__factories.cpp.o[0m
[465.718s] [ 63%] [32mBuilding CXX object CMakeFiles/ros1_bridge.dir/generated/rcl_interfaces__msg__Parameter__factories.cpp.o[0m
[465.773s] [ 63%] [32mBuilding CXX object CMakeFiles/ros1_bridge.dir/generated/rcl_interfaces__msg__ParameterType__factories.cpp.o[0m
[470.011s] [ 63%] [32mBuilding CXX object CMakeFiles/ros1_bridge.dir/generated/rcl_interfaces__msg__ParameterValue__factories.cpp.o[0m
[476.299s] [ 64%] [32mBuilding CXX object CMakeFiles/ros1_bridge.dir/generated/rcl_interfaces__srv__SetParametersAtomically__factories.cpp.o[0m
[478.362s] [ 64%] [32mBuilding CXX object CMakeFiles/ros1_bridge.dir/generated/rcl_interfaces__srv__SetParameters__factories.cpp.o[0m
[480.425s] [ 64%] [32mBuilding CXX object CMakeFiles/ros1_bridge.dir/generated/rmw_dds_common_factories.cpp.o[0m
[480.821s] [ 64%] [32mBuilding CXX object CMakeFiles/ros1_bridge.dir/generated/rcl_interfaces__srv__GetParameterTypes__factories.cpp.o[0m
[480.821s] [ 64%] [32mBuilding CXX object CMakeFiles/ros1_bridge.dir/generated/rcl_interfaces__srv__ListParameters__factories.cpp.o[0m
[481.843s] [ 64%] [32mBuilding CXX object CMakeFiles/ros1_bridge.dir/generated/rcl_interfaces__srv__GetParameters__factories.cpp.o[0m
[481.844s] [ 64%] [32mBuilding CXX object CMakeFiles/ros1_bridge.dir/generated/rmw_dds_common__msg__Gid__factories.cpp.o[0m
[482.870s] [ 64%] [32mBuilding CXX object CMakeFiles/ros1_bridge.dir/generated/rcl_interfaces__srv__DescribeParameters__factories.cpp.o[0m
[482.877s] [ 65%] [32mBuilding CXX object CMakeFiles/ros1_bridge.dir/generated/rcl_interfaces__msg__SetParametersResult__factories.cpp.o[0m
[483.921s] [ 66%] [32mBuilding CXX object CMakeFiles/ros1_bridge.dir/generated/rmw_dds_common__msg__NodeEntitiesInfo__factories.cpp.o[0m
[488.262s] [ 66%] [32mBuilding CXX object CMakeFiles/ros1_bridge.dir/generated/rmw_dds_common__msg__ParticipantEntitiesInfo__factories.cpp.o[0m
[488.805s] [ 66%] [32mBuilding CXX object CMakeFiles/ros1_bridge.dir/generated/rosgraph_msgs_factories.cpp.o[0m
[489.507s] [ 66%] [32mBuilding CXX object CMakeFiles/ros1_bridge.dir/generated/rosgraph_msgs__msg__Clock__factories.cpp.o[0m
[491.272s] [ 67%] [32mBuilding CXX object CMakeFiles/ros1_bridge.dir/generated/sensor_msgs_factories.cpp.o[0m
[491.406s] [ 67%] [32mBuilding CXX object CMakeFiles/ros1_bridge.dir/generated/sensor_msgs__msg__BatteryState__factories.cpp.o[0m
[492.536s] [ 67%] [32mBuilding CXX object CMakeFiles/ros1_bridge.dir/generated/sensor_msgs__msg__CameraInfo__factories.cpp.o[0m
[492.857s] [ 67%] [32mBuilding CXX object CMakeFiles/ros1_bridge.dir/generated/sensor_msgs__msg__ChannelFloat32__factories.cpp.o[0m
[493.679s] [ 67%] [32mBuilding CXX object CMakeFiles/ros1_bridge.dir/generated/sensor_msgs__msg__CompressedImage__factories.cpp.o[0m
[497.921s] [ 68%] [32mBuilding CXX object CMakeFiles/ros1_bridge.dir/generated/sensor_msgs__msg__FluidPressure__factories.cpp.o[0m
[498.487s] [ 68%] [32mBuilding CXX object CMakeFiles/ros1_bridge.dir/generated/sensor_msgs__msg__Illuminance__factories.cpp.o[0m
[502.207s] [ 68%] [32mBuilding CXX object CMakeFiles/ros1_bridge.dir/generated/sensor_msgs__msg__Image__factories.cpp.o[0m
[509.829s] [ 68%] [32mBuilding CXX object CMakeFiles/ros1_bridge.dir/generated/sensor_msgs__msg__Imu__factories.cpp.o[0m
[513.106s] [ 69%] [32mBuilding CXX object CMakeFiles/ros1_bridge.dir/generated/sensor_msgs__msg__JointState__factories.cpp.o[0m
[514.034s] [ 69%] [32mBuilding CXX object CMakeFiles/ros1_bridge.dir/generated/sensor_msgs__msg__Joy__factories.cpp.o[0m
[514.901s] [ 69%] [32mBuilding CXX object CMakeFiles/ros1_bridge.dir/generated/sensor_msgs__msg__JoyFeedback__factories.cpp.o[0m
[515.108s] [ 69%] [32mBuilding CXX object CMakeFiles/ros1_bridge.dir/generated/sensor_msgs__msg__JoyFeedbackArray__factories.cpp.o[0m
[526.167s] [ 69%] [32mBuilding CXX object CMakeFiles/ros1_bridge.dir/generated/sensor_msgs__msg__MagneticField__factories.cpp.o[0m
[527.192s] [ 69%] [32mBuilding CXX object CMakeFiles/ros1_bridge.dir/generated/sensor_msgs__msg__LaserScan__factories.cpp.o[0m
[528.248s] [ 70%] [32mBuilding CXX object CMakeFiles/ros1_bridge.dir/generated/sensor_msgs__msg__LaserEcho__factories.cpp.o[0m
[531.733s] [ 70%] [32mBuilding CXX object CMakeFiles/ros1_bridge.dir/generated/sensor_msgs__msg__MultiDOFJointState__factories.cpp.o[0m
[534.263s] [ 70%] [32mBuilding CXX object CMakeFiles/ros1_bridge.dir/generated/sensor_msgs__msg__MultiEchoLaserScan__factories.cpp.o[0m
[534.487s] [ 71%] [32mBuilding CXX object CMakeFiles/ros1_bridge.dir/generated/sensor_msgs__msg__NavSatFix__factories.cpp.o[0m
[537.285s] [ 71%] [32mBuilding CXX object CMakeFiles/ros1_bridge.dir/generated/sensor_msgs__msg__NavSatStatus__factories.cpp.o[0m
[539.036s] [ 71%] [32mBuilding CXX object CMakeFiles/ros1_bridge.dir/generated/sensor_msgs__msg__PointCloud__factories.cpp.o[0m
[551.255s] [ 72%] [32mBuilding CXX object CMakeFiles/ros1_bridge.dir/generated/sensor_msgs__msg__PointField__factories.cpp.o[0m
[553.281s] [ 72%] [32mBuilding CXX object CMakeFiles/ros1_bridge.dir/generated/sensor_msgs__msg__Range__factories.cpp.o[0m
[555.310s] [ 72%] [32mBuilding CXX object CMakeFiles/ros1_bridge.dir/generated/sensor_msgs__msg__PointCloud2__factories.cpp.o[0m
[555.627s] [ 72%] [32mBuilding CXX object CMakeFiles/ros1_bridge.dir/generated/sensor_msgs__msg__RegionOfInterest__factories.cpp.o[0m
[555.685s] [ 72%] [32mBuilding CXX object CMakeFiles/ros1_bridge.dir/generated/sensor_msgs__msg__RelativeHumidity__factories.cpp.o[0m
[556.030s] [ 73%] [32mBuilding CXX object CMakeFiles/ros1_bridge.dir/generated/sensor_msgs__msg__Temperature__factories.cpp.o[0m
[559.016s] [ 73%] [32mBuilding CXX object CMakeFiles/ros1_bridge.dir/generated/sensor_msgs__msg__TimeReference__factories.cpp.o[0m
[575.976s] [ 73%] [32mBuilding CXX object CMakeFiles/ros1_bridge.dir/generated/shape_msgs__msg__Plane__factories.cpp.o[0m
[575.976s] [ 73%] [32mBuilding CXX object CMakeFiles/ros1_bridge.dir/generated/slam_toolbox_factories.cpp.o[0m
[575.976s] [ 73%] [32mBuilding CXX object CMakeFiles/ros1_bridge.dir/generated/shape_msgs__msg__SolidPrimitive__factories.cpp.o[0m
[576.992s] [ 74%] [32mBuilding CXX object CMakeFiles/ros1_bridge.dir/generated/slam_toolbox__srv__Pause__factories.cpp.o[0m
[578.014s] [ 74%] [32mBuilding CXX object CMakeFiles/ros1_bridge.dir/generated/shape_msgs__msg__Mesh__factories.cpp.o[0m
[578.015s] [ 75%] [32mBuilding CXX object CMakeFiles/ros1_bridge.dir/generated/shape_msgs__msg__MeshTriangle__factories.cpp.o[0m
[579.040s] [ 75%] [32mBuilding CXX object CMakeFiles/ros1_bridge.dir/generated/shape_msgs_factories.cpp.o[0m
[580.073s] [ 75%] [32mBuilding CXX object CMakeFiles/ros1_bridge.dir/generated/sensor_msgs__srv__SetCameraInfo__factories.cpp.o[0m
[583.049s] [ 75%] [32mBuilding CXX object CMakeFiles/ros1_bridge.dir/generated/slam_toolbox__srv__ClearQueue__factories.cpp.o[0m
[585.414s] [ 75%] [32mBuilding CXX object CMakeFiles/ros1_bridge.dir/generated/slam_toolbox__srv__ToggleInteractive__factories.cpp.o[0m
[588.923s] [ 75%] [32mBuilding CXX object CMakeFiles/ros1_bridge.dir/generated/slam_toolbox__srv__Clear__factories.cpp.o[0m
[596.479s] [ 76%] [32mBuilding CXX object CMakeFiles/ros1_bridge.dir/generated/slam_toolbox__srv__DeserializePoseGraph__factories.cpp.o[0m
[596.485s] [ 76%] [32mBuilding CXX object CMakeFiles/ros1_bridge.dir/generated/slam_toolbox__srv__AddSubmap__factories.cpp.o[0m
[596.818s] [ 76%] [32mBuilding CXX object CMakeFiles/ros1_bridge.dir/generated/slam_toolbox__srv__MergeMaps__factories.cpp.o[0m
[597.071s] [ 76%] [32mBuilding CXX object CMakeFiles/ros1_bridge.dir/generated/slam_toolbox__srv__SerializePoseGraph__factories.cpp.o[0m
[597.826s] [ 76%] [32mBuilding CXX object CMakeFiles/ros1_bridge.dir/generated/statistics_msgs_factories.cpp.o[0m
[598.849s] [ 76%] [32mBuilding CXX object CMakeFiles/ros1_bridge.dir/generated/statistics_msgs__msg__MetricsMessage__factories.cpp.o[0m
[599.877s] [ 76%] [32mBuilding CXX object CMakeFiles/ros1_bridge.dir/generated/slam_toolbox__srv__LoopClosure__factories.cpp.o[0m
[600.904s] [ 77%] [32mBuilding CXX object CMakeFiles/ros1_bridge.dir/generated/slam_toolbox__srv__SaveMap__factories.cpp.o[0m
[605.452s] [ 77%] [32mBuilding CXX object CMakeFiles/ros1_bridge.dir/generated/statistics_msgs__msg__StatisticDataPoint__factories.cpp.o[0m
[605.506s] [ 78%] [32mBuilding CXX object CMakeFiles/ros1_bridge.dir/generated/statistics_msgs__msg__StatisticDataType__factories.cpp.o[0m
[605.753s] [ 78%] [32mBuilding CXX object CMakeFiles/ros1_bridge.dir/generated/std_msgs_factories.cpp.o[0m
[613.734s] [ 79%] [32mBuilding CXX object CMakeFiles/ros1_bridge.dir/generated/std_msgs__msg__Float32__factories.cpp.o[0m
[616.750s] [ 79%] [32mBuilding CXX object CMakeFiles/ros1_bridge.dir/generated/std_msgs__msg__Float32MultiArray__factories.cpp.o[0m
[617.764s] [ 79%] [32mBuilding CXX object CMakeFiles/ros1_bridge.dir/generated/std_msgs__msg__Empty__factories.cpp.o[0m
[618.782s] [ 79%] [32mBuilding CXX object CMakeFiles/ros1_bridge.dir/generated/std_msgs__msg__ColorRGBA__factories.cpp.o[0m
[619.812s] [ 79%] [32mBuilding CXX object CMakeFiles/ros1_bridge.dir/generated/std_msgs__msg__Char__factories.cpp.o[0m
[620.841s] [ 80%] [32mBuilding CXX object CMakeFiles/ros1_bridge.dir/generated/std_msgs__msg__ByteMultiArray__factories.cpp.o[0m
[621.865s] [ 80%] [32mBuilding CXX object CMakeFiles/ros1_bridge.dir/generated/std_msgs__msg__Byte__factories.cpp.o[0m
[622.893s] [ 80%] [32mBuilding CXX object CMakeFiles/ros1_bridge.dir/generated/std_msgs__msg__Bool__factories.cpp.o[0m
[628.221s] [ 80%] [32mBuilding CXX object CMakeFiles/ros1_bridge.dir/generated/std_msgs__msg__Float64__factories.cpp.o[0m
[635.269s] [ 80%] [32mBuilding CXX object CMakeFiles/ros1_bridge.dir/generated/std_msgs__msg__Float64MultiArray__factories.cpp.o[0m
[636.734s] [ 80%] [32mBuilding CXX object CMakeFiles/ros1_bridge.dir/generated/std_msgs__msg__Header__factories.cpp.o[0m
[638.905s] [ 81%] [32mBuilding CXX object CMakeFiles/ros1_bridge.dir/generated/std_msgs__msg__Int16__factories.cpp.o[0m
[640.657s] [ 81%] [32mBuilding CXX object CMakeFiles/ros1_bridge.dir/generated/std_msgs__msg__Int16MultiArray__factories.cpp.o[0m
[646.169s] [ 82%] [32mBuilding CXX object CMakeFiles/ros1_bridge.dir/generated/std_msgs__msg__Int64__factories.cpp.o[0m
[647.195s] [ 82%] [32mBuilding CXX object CMakeFiles/ros1_bridge.dir/generated/std_msgs__msg__Int32MultiArray__factories.cpp.o[0m
[647.225s] [ 82%] [32mBuilding CXX object CMakeFiles/ros1_bridge.dir/generated/std_msgs__msg__Int32__factories.cpp.o[0m
[648.249s] [ 82%] [32mBuilding CXX object CMakeFiles/ros1_bridge.dir/generated/std_msgs__msg__Int64MultiArray__factories.cpp.o[0m
[660.999s] [ 82%] [32mBuilding CXX object CMakeFiles/ros1_bridge.dir/generated/std_msgs__msg__MultiArrayLayout__factories.cpp.o[0m
[662.025s] [ 83%] [32mBuilding CXX object CMakeFiles/ros1_bridge.dir/generated/std_msgs__msg__MultiArrayDimension__factories.cpp.o[0m
[663.050s] [ 83%] [32mBuilding CXX object CMakeFiles/ros1_bridge.dir/generated/std_msgs__msg__Int8MultiArray__factories.cpp.o[0m
[663.746s] [ 83%] [32mBuilding CXX object CMakeFiles/ros1_bridge.dir/generated/std_msgs__msg__Int8__factories.cpp.o[0m
[664.770s] [ 83%] [32mBuilding CXX object CMakeFiles/ros1_bridge.dir/generated/std_msgs__msg__String__factories.cpp.o[0m
[665.352s] [ 83%] [32mBuilding CXX object CMakeFiles/ros1_bridge.dir/generated/std_msgs__msg__UInt16__factories.cpp.o[0m
[666.245s] [ 83%] [32mBuilding CXX object CMakeFiles/ros1_bridge.dir/generated/std_msgs__msg__UInt16MultiArray__factories.cpp.o[0m
[666.286s] [ 84%] [32mBuilding CXX object CMakeFiles/ros1_bridge.dir/generated/std_msgs__msg__UInt32__factories.cpp.o[0m
[685.706s] [ 84%] [32mBuilding CXX object CMakeFiles/ros1_bridge.dir/generated/std_srvs__srv__Empty__factories.cpp.o[0m
[686.719s] [ 85%] [32mBuilding CXX object CMakeFiles/ros1_bridge.dir/generated/std_srvs__srv__SetBool__factories.cpp.o[0m
[686.719s] [ 85%] [32mBuilding CXX object CMakeFiles/ros1_bridge.dir/generated/std_srvs_factories.cpp.o[0m
[687.735s] [ 85%] [32mBuilding CXX object CMakeFiles/ros1_bridge.dir/generated/std_msgs__msg__UInt8MultiArray__factories.cpp.o[0m
[687.740s] [ 86%] [32mBuilding CXX object CMakeFiles/ros1_bridge.dir/generated/std_msgs__msg__UInt8__factories.cpp.o[0m
[688.764s] [ 86%] [32mBuilding CXX object CMakeFiles/ros1_bridge.dir/generated/std_msgs__msg__UInt64__factories.cpp.o[0m
[688.764s] [ 86%] [32mBuilding CXX object CMakeFiles/ros1_bridge.dir/generated/std_msgs__msg__UInt64MultiArray__factories.cpp.o[0m
[689.791s] [ 86%] [32mBuilding CXX object CMakeFiles/ros1_bridge.dir/generated/std_msgs__msg__UInt32MultiArray__factories.cpp.o[0m
[694.151s] [ 86%] [32mBuilding CXX object CMakeFiles/ros1_bridge.dir/generated/std_srvs__srv__Trigger__factories.cpp.o[0m
[696.121s] [ 86%] [32mBuilding CXX object CMakeFiles/ros1_bridge.dir/generated/stereo_msgs_factories.cpp.o[0m
[698.120s] [ 86%] [32mBuilding CXX object CMakeFiles/ros1_bridge.dir/generated/stereo_msgs__msg__DisparityImage__factories.cpp.o[0m
[705.895s] [ 86%] [32mBuilding CXX object CMakeFiles/ros1_bridge.dir/generated/test_msgs_factories.cpp.o[0m
[707.571s] [ 87%] [32mBuilding CXX object CMakeFiles/ros1_bridge.dir/generated/test_msgs__msg__Arrays__factories.cpp.o[0m
[707.847s] [ 87%] [32mBuilding CXX object CMakeFiles/ros1_bridge.dir/generated/test_msgs__msg__BasicTypes__factories.cpp.o[0m
[708.929s] [ 87%] [32mBuilding CXX object CMakeFiles/ros1_bridge.dir/generated/test_msgs__msg__BoundedSequences__factories.cpp.o[0m
[710.013s] [ 87%] [32mBuilding CXX object CMakeFiles/ros1_bridge.dir/generated/test_msgs__msg__Constants__factories.cpp.o[0m
[710.247s] [ 88%] [32mBuilding CXX object CMakeFiles/ros1_bridge.dir/generated/test_msgs__msg__Defaults__factories.cpp.o[0m
[712.100s] [ 88%] [32mBuilding CXX object CMakeFiles/ros1_bridge.dir/generated/test_msgs__msg__Empty__factories.cpp.o[0m
[715.846s] [ 88%] [32mBuilding CXX object CMakeFiles/ros1_bridge.dir/generated/test_msgs__msg__MultiNested__factories.cpp.o[0m
[717.434s] [ 88%] [32mBuilding CXX object CMakeFiles/ros1_bridge.dir/generated/test_msgs__msg__Nested__factories.cpp.o[0m
[717.654s] [ 89%] [32mBuilding CXX object CMakeFiles/ros1_bridge.dir/generated/test_msgs__msg__Strings__factories.cpp.o[0m
[718.310s] [ 89%] [32mBuilding CXX object CMakeFiles/ros1_bridge.dir/generated/test_msgs__msg__UnboundedSequences__factories.cpp.o[0m
[719.561s] [ 89%] [32mBuilding CXX object CMakeFiles/ros1_bridge.dir/generated/test_msgs__msg__WStrings__factories.cpp.o[0m
[719.721s] [ 89%] [32mBuilding CXX object CMakeFiles/ros1_bridge.dir/generated/test_msgs__srv__Arrays__factories.cpp.o[0m
[719.784s] [ 90%] [32mBuilding CXX object CMakeFiles/ros1_bridge.dir/generated/test_msgs__srv__BasicTypes__factories.cpp.o[0m
[721.920s] [ 90%] [32mBuilding CXX object CMakeFiles/ros1_bridge.dir/generated/test_msgs__srv__Empty__factories.cpp.o[0m
[725.530s] [ 90%] [32mBuilding CXX object CMakeFiles/ros1_bridge.dir/generated/test_msgs__msg__Builtins__factories.cpp.o[0m
[727.264s] [ 90%] [32mBuilding CXX object CMakeFiles/ros1_bridge.dir/generated/tf2_msgs_factories.cpp.o[0m
[727.279s] [ 90%] [32mBuilding CXX object CMakeFiles/ros1_bridge.dir/generated/tf2_msgs__msg__TF2Error__factories.cpp.o[0m
[727.938s] [ 91%] [32mBuilding CXX object CMakeFiles/ros1_bridge.dir/generated/tf2_msgs__msg__TFMessage__factories.cpp.o[0m
[728.773s] [ 91%] [32mBuilding CXX object CMakeFiles/ros1_bridge.dir/generated/tf2_msgs__srv__FrameGraph__factories.cpp.o[0m
[729.136s] [ 91%] [32mBuilding CXX object CMakeFiles/ros1_bridge.dir/generated/trajectory_msgs_factories.cpp.o[0m
[729.497s] [ 91%] [32mBuilding CXX object CMakeFiles/ros1_bridge.dir/generated/trajectory_msgs__msg__JointTrajectory__factories.cpp.o[0m
[736.008s] [ 91%] [32mBuilding CXX object CMakeFiles/ros1_bridge.dir/generated/trajectory_msgs__msg__MultiDOFJointTrajectory__factories.cpp.o[0m
[736.665s] [ 92%] [32mBuilding CXX object CMakeFiles/ros1_bridge.dir/generated/trajectory_msgs__msg__JointTrajectoryPoint__factories.cpp.o[0m
[737.691s] [ 92%] [32mBuilding CXX object CMakeFiles/ros1_bridge.dir/generated/trajectory_msgs__msg__MultiDOFJointTrajectoryPoint__factories.cpp.o[0m
[738.026s] [ 92%] [32mBuilding CXX object CMakeFiles/ros1_bridge.dir/generated/turtlebot3_msgs_factories.cpp.o[0m
[740.850s] [ 93%] [32mBuilding CXX object CMakeFiles/ros1_bridge.dir/generated/turtlebot3_msgs__msg__SensorState__factories.cpp.o[0m
[747.601s] [ 93%] [32mBuilding CXX object CMakeFiles/ros1_bridge.dir/generated/turtlebot3_msgs__msg__Sound__factories.cpp.o[0m
[747.846s] [ 93%] [32mBuilding CXX object CMakeFiles/ros1_bridge.dir/generated/turtlebot3_msgs__msg__VersionInfo__factories.cpp.o[0m
[748.955s] [ 93%] [32mBuilding CXX object CMakeFiles/ros1_bridge.dir/generated/turtlebot3_msgs__srv__Sound__factories.cpp.o[0m
[749.399s] [ 93%] [32mBuilding CXX object CMakeFiles/ros1_bridge.dir/generated/turtlebot3_msgs__srv__Dqn__factories.cpp.o[0m
[757.629s] [ 94%] [32mBuilding CXX object CMakeFiles/ros1_bridge.dir/generated/turtlesim_factories.cpp.o[0m
[757.771s] [ 94%] [32mBuilding CXX object CMakeFiles/ros1_bridge.dir/generated/turtlesim__msg__Color__factories.cpp.o[0m
[758.991s] [ 94%] [32mBuilding CXX object CMakeFiles/ros1_bridge.dir/generated/turtlesim__msg__Pose__factories.cpp.o[0m
[759.402s] [ 94%] [32mBuilding CXX object CMakeFiles/ros1_bridge.dir/generated/turtlesim__srv__Kill__factories.cpp.o[0m
[760.002s] [ 95%] [32mBuilding CXX object CMakeFiles/ros1_bridge.dir/generated/turtlesim__srv__SetPen__factories.cpp.o[0m
[762.240s] [ 95%] [32mBuilding CXX object CMakeFiles/ros1_bridge.dir/generated/turtlesim__srv__Spawn__factories.cpp.o[0m
[771.655s] [ 95%] [32mBuilding CXX object CMakeFiles/ros1_bridge.dir/generated/visualization_msgs__msg__ImageMarker__factories.cpp.o[0m
[771.655s] [ 95%] [32mBuilding CXX object CMakeFiles/ros1_bridge.dir/generated/visualization_msgs__msg__InteractiveMarker__factories.cpp.o[0m
[771.655s] [ 95%] [32mBuilding CXX object CMakeFiles/ros1_bridge.dir/generated/visualization_msgs_factories.cpp.o[0m
[772.671s] [ 96%] [32mBuilding CXX object CMakeFiles/ros1_bridge.dir/generated/visualization_msgs__msg__InteractiveMarkerControl__factories.cpp.o[0m
[772.676s] [ 96%] [32mBuilding CXX object CMakeFiles/ros1_bridge.dir/generated/unique_identifier_msgs__msg__UUID__factories.cpp.o[0m
[773.700s] [ 97%] [32mBuilding CXX object CMakeFiles/ros1_bridge.dir/generated/unique_identifier_msgs_factories.cpp.o[0m
[773.701s] [ 97%] [32mBuilding CXX object CMakeFiles/ros1_bridge.dir/generated/turtlesim__srv__TeleportRelative__factories.cpp.o[0m
[774.735s] [ 97%] [32mBuilding CXX object CMakeFiles/ros1_bridge.dir/generated/turtlesim__srv__TeleportAbsolute__factories.cpp.o[0m
[780.409s] [ 97%] [32mBuilding CXX object CMakeFiles/ros1_bridge.dir/generated/visualization_msgs__msg__InteractiveMarkerFeedback__factories.cpp.o[0m
[783.299s] [ 97%] [32mBuilding CXX object CMakeFiles/ros1_bridge.dir/generated/visualization_msgs__msg__InteractiveMarkerInit__factories.cpp.o[0m
[787.082s] [ 97%] [32mBuilding CXX object CMakeFiles/ros1_bridge.dir/generated/visualization_msgs__msg__InteractiveMarkerPose__factories.cpp.o[0m
[788.527s] [ 98%] [32mBuilding CXX object CMakeFiles/ros1_bridge.dir/generated/visualization_msgs__msg__InteractiveMarkerUpdate__factories.cpp.o[0m
[791.144s] [ 98%] [32mBuilding CXX object CMakeFiles/ros1_bridge.dir/generated/visualization_msgs__msg__Marker__factories.cpp.o[0m
[792.027s] [ 98%] [32mBuilding CXX object CMakeFiles/ros1_bridge.dir/generated/visualization_msgs__msg__MarkerArray__factories.cpp.o[0m
[793.109s] [ 98%] [32mBuilding CXX object CMakeFiles/ros1_bridge.dir/generated/visualization_msgs__msg__MenuEntry__factories.cpp.o[0m
[794.477s] [ 99%] [32mBuilding CXX object CMakeFiles/ros1_bridge.dir/generated/visualization_msgs__srv__GetInteractiveMarkers__factories.cpp.o[0m
[810.330s] [ 99%] [32m[1mLinking CXX shared library libros1_bridge.so[0m
[896.012s] [ 99%] Built target ros1_bridge
[896.029s] [35m[1mScanning dependencies of target parameter_bridge[0m
[896.029s] [35m[1mScanning dependencies of target dynamic_bridge[0m
[896.029s] [35m[1mScanning dependencies of target static_bridge[0m
[896.104s] [ 99%] [32mBuilding CXX object CMakeFiles/parameter_bridge.dir/src/parameter_bridge.cpp.o[0m
[896.104s] [ 99%] [32mBuilding CXX object CMakeFiles/dynamic_bridge.dir/src/dynamic_bridge.cpp.o[0m
[896.105s] [ 99%] [32mBuilding CXX object CMakeFiles/static_bridge.dir/src/static_bridge.cpp.o[0m
[900.924s] [100%] [32m[1mLinking CXX executable static_bridge[0m
[901.183s] [100%] [32m[1mLinking CXX executable parameter_bridge[0m
[902.742s] [100%] [32m[1mLinking CXX executable dynamic_bridge[0m
[977.779s] /usr/bin/ld: libros1_bridge.so: undefined reference to `ros1_bridge::Factory<controller_manager_msgs::ControllerState_<std::allocator<void> >, controller_manager_msgs::msg::ControllerState_<std::allocator<void> > >::convert_1_to_2(controller_manager_msgs::ControllerState_<std::allocator<void> > const&, controller_manager_msgs::msg::ControllerState_<std::allocator<void> >&)'
[977.779s] /usr/bin/ld: libros1_bridge.so: undefined reference to `ros1_bridge::Factory<controller_manager_msgs::ControllerState_<std::allocator<void> >, controller_manager_msgs::msg::ControllerState_<std::allocator<void> > >::convert_2_to_1(controller_manager_msgs::msg::ControllerState_<std::allocator<void> > const&, controller_manager_msgs::ControllerState_<std::allocator<void> >&)'
[977.779s] collect2: error: ld returned 1 exit status
[977.781s] make[2]: *** [CMakeFiles/static_bridge.dir/build.make:448: static_bridge] Error 1
[977.782s] make[1]: *** [CMakeFiles/Makefile2:233: CMakeFiles/static_bridge.dir/all] Error 2
[977.782s] make[1]: *** Waiting for unfinished jobs....
[977.913s] /usr/bin/ld: libros1_bridge.so: undefined reference to `ros1_bridge::Factory<controller_manager_msgs::ControllerState_<std::allocator<void> >, controller_manager_msgs::msg::ControllerState_<std::allocator<void> > >::convert_1_to_2(controller_manager_msgs::ControllerState_<std::allocator<void> > const&, controller_manager_msgs::msg::ControllerState_<std::allocator<void> >&)'
[977.913s] /usr/bin/ld: libros1_bridge.so: undefined reference to `ros1_bridge::Factory<controller_manager_msgs::ControllerState_<std::allocator<void> >, controller_manager_msgs::msg::ControllerState_<std::allocator<void> > >::convert_2_to_1(controller_manager_msgs::msg::ControllerState_<std::allocator<void> > const&, controller_manager_msgs::ControllerState_<std::allocator<void> >&)'
[977.913s] collect2: error: ld returned 1 exit status
[977.915s] make[2]: *** [CMakeFiles/parameter_bridge.dir/build.make:448: parameter_bridge] Error 1
[977.915s] make[1]: *** [CMakeFiles/Makefile2:314: CMakeFiles/parameter_bridge.dir/all] Error 2
[978.978s] /usr/bin/ld: warning: libconsole_bridge.so.0.4, needed by /opt/ros/noetic/lib/libcpp_common.so, may conflict with libconsole_bridge.so.1.0
[978.978s] /usr/bin/ld: libros1_bridge.so: undefined reference to `ros1_bridge::Factory<controller_manager_msgs::ControllerState_<std::allocator<void> >, controller_manager_msgs::msg::ControllerState_<std::allocator<void> > >::convert_1_to_2(controller_manager_msgs::ControllerState_<std::allocator<void> > const&, controller_manager_msgs::msg::ControllerState_<std::allocator<void> >&)'
[978.978s] /usr/bin/ld: libros1_bridge.so: undefined reference to `ros1_bridge::Factory<controller_manager_msgs::ControllerState_<std::allocator<void> >, controller_manager_msgs::msg::ControllerState_<std::allocator<void> > >::convert_2_to_1(controller_manager_msgs::msg::ControllerState_<std::allocator<void> > const&, controller_manager_msgs::ControllerState_<std::allocator<void> >&)'
[978.978s] collect2: error: ld returned 1 exit status
[978.980s] make[2]: *** [CMakeFiles/dynamic_bridge.dir/build.make:448: dynamic_bridge] Error 1
[978.980s] make[1]: *** [CMakeFiles/Makefile2:341: CMakeFiles/dynamic_bridge.dir/all] Error 2
[978.980s] make: *** [Makefile:141: all] Error 2
[978.984s] Invoked command in '/home/yonathanarya/colcon_ws/build/ros1_bridge' returned '2': CMAKE_PREFIX_PATH=/home/yonathanarya/colcon_ws/install/turtlebot3_act_interfaces:/home/yonathanarya/colcon_ws/install/turtlebot3_infiniteloop:/home/yonathanarya/colcon_ws/install/turtlebot3_actionserver:/home/yonathanarya/colcon_ws/install/turtlebot3_action:/opt/ros/foxy:/opt/ros/noetic:/home/yonathanarya/colcon_ws/install/turtlebot3_simulations:/home/yonathanarya/colcon_ws/install/turtlebot3_gazebo:/home/yonathanarya/colcon_ws/install/turtlebot3_fake_node:/home/yonathanarya/colcon_ws/install/raspimouse_description LD_LIBRARY_PATH=/home/yonathanarya/colcon_ws/install/turtlebot3_act_interfaces/lib:/opt/ros/noetic/lib:/usr/lib/x86_64-linux-gnu/gazebo-11/plugins:/opt/ros/foxy/opt/yaml_cpp_vendor/lib:/opt/ros/foxy/opt/rviz_ogre_vendor/lib:/opt/ros/foxy/lib/x86_64-linux-gnu:/opt/ros/foxy/lib PYTHONPATH=/home/yonathanarya/colcon_ws/install/turtlebot3_act_interfaces/lib/python3.8/site-packages:/opt/ros/noetic/lib/python3/dist-packages:/home/yonathanarya/colcon_ws/build/turtlebot3_infiniteloop:/home/yonathanarya/colcon_ws/install/turtlebot3_infiniteloop/lib/python3.8/site-packages:/home/yonathanarya/colcon_ws/build/turtlebot3_actionserver:/home/yonathanarya/colcon_ws/install/turtlebot3_actionserver/lib/python3.8/site-packages:/home/yonathanarya/colcon_ws/build/turtlebot3_action:/home/yonathanarya/colcon_ws/install/turtlebot3_action/lib/python3.8/site-packages:/opt/ros/foxy/lib/python3.8/site-packages /usr/bin/cmake --build /home/yonathanarya/colcon_ws/build/ros1_bridge -- -j8 -l8
