[1.551s] DEBUG:colcon:Command line arguments: ['/usr/bin/colcon', 'build', '--packages-select', 'turtlebot3_infiniteloop']
[1.551s] DEBUG:colcon:Parsed command line arguments: Namespace(ament_cmake_args=None, base_paths=['.'], build_base='build', catkin_cmake_args=None, catkin_skip_building_tests=False, cmake_args=None, cmake_clean_cache=False, cmake_clean_first=False, cmake_force_configure=False, cmake_target=None, cmake_target_skip_unavailable=False, continue_on_error=False, event_handlers=None, executor='parallel', ignore_user_meta=False, install_base='install', log_base=None, log_level=None, main=<bound method BuildVerb.main of <colcon_core.verb.build.BuildVerb object at 0x7f0cd2b04790>>, merge_install=False, metas=['./colcon.meta'], packages_above=None, packages_above_and_dependencies=None, packages_above_depth=None, packages_end=None, packages_ignore=None, packages_ignore_regex=None, packages_select=['turtlebot3_infiniteloop'], packages_select_build_failed=False, packages_select_by_dep=None, packages_select_regex=None, packages_select_test_failures=False, packages_skip=None, packages_skip_build_finished=False, packages_skip_by_dep=None, packages_skip_regex=None, packages_skip_test_passed=False, packages_skip_up_to=None, packages_start=None, packages_up_to=None, packages_up_to_regex=None, parallel_workers=8, paths=None, symlink_install=False, test_result_base=None, verb_extension=<colcon_core.verb.build.BuildVerb object at 0x7f0cd2b04790>, verb_name='build', verb_parser=<colcon_defaults.argument_parser.defaults.DefaultArgumentsDecorator object at 0x7f0cd2b04d00>)
[1.575s] Level 1:colcon.colcon_core.package_discovery:discover_packages(colcon_meta) check parameters
[1.577s] Level 1:colcon.colcon_core.package_discovery:discover_packages(recursive) check parameters
[1.578s] Level 1:colcon.colcon_core.package_discovery:discover_packages(ignore) check parameters
[1.579s] Level 1:colcon.colcon_core.package_discovery:discover_packages(path) check parameters
[1.580s] Level 1:colcon.colcon_core.package_discovery:discover_packages(colcon_meta) discover
[1.582s] Level 1:colcon.colcon_core.package_discovery:discover_packages(recursive) discover
[1.583s] INFO:colcon.colcon_core.package_discovery:Crawling recursively for packages in '/home/yonathanarya/colcon_ws'
[1.583s] Level 1:colcon.colcon_core.package_identification:_identify(.) by extensions ['ignore', 'ignore_ament_install']
[1.584s] Level 1:colcon.colcon_core.package_identification:_identify(.) by extension 'ignore'
[1.584s] Level 1:colcon.colcon_core.package_identification:_identify(.) by extension 'ignore_ament_install'
[1.585s] Level 1:colcon.colcon_core.package_identification:_identify(.) by extensions ['colcon_pkg']
[1.585s] Level 1:colcon.colcon_core.package_identification:_identify(.) by extension 'colcon_pkg'
[1.585s] Level 1:colcon.colcon_core.package_identification:_identify(.) by extensions ['colcon_meta']
[1.585s] Level 1:colcon.colcon_core.package_identification:_identify(.) by extension 'colcon_meta'
[1.585s] Level 1:colcon.colcon_core.package_identification:_identify(.) by extensions ['ros']
[1.585s] Level 1:colcon.colcon_core.package_identification:_identify(.) by extension 'ros'
[1.649s] Level 1:colcon.colcon_core.package_identification:_identify(.) by extensions ['cmake', 'python']
[1.649s] Level 1:colcon.colcon_core.package_identification:_identify(.) by extension 'cmake'
[1.649s] Level 1:colcon.colcon_core.package_identification:_identify(.) by extension 'python'
[1.649s] Level 1:colcon.colcon_core.package_identification:_identify(.) by extensions ['python_setup_py']
[1.650s] Level 1:colcon.colcon_core.package_identification:_identify(.) by extension 'python_setup_py'
[1.650s] Level 1:colcon.colcon_core.package_identification:_identify(build) by extensions ['ignore', 'ignore_ament_install']
[1.650s] Level 1:colcon.colcon_core.package_identification:_identify(build) by extension 'ignore'
[1.651s] Level 1:colcon.colcon_core.package_identification:_identify(build) ignored
[1.651s] Level 1:colcon.colcon_core.package_identification:_identify(install) by extensions ['ignore', 'ignore_ament_install']
[1.652s] Level 1:colcon.colcon_core.package_identification:_identify(install) by extension 'ignore'
[1.654s] Level 1:colcon.colcon_core.package_identification:_identify(install) ignored
[1.656s] Level 1:colcon.colcon_core.package_identification:_identify(log) by extensions ['ignore', 'ignore_ament_install']
[1.658s] Level 1:colcon.colcon_core.package_identification:_identify(log) by extension 'ignore'
[1.659s] Level 1:colcon.colcon_core.package_identification:_identify(log) ignored
[1.662s] Level 1:colcon.colcon_core.package_identification:_identify(src) by extensions ['ignore', 'ignore_ament_install']
[1.663s] Level 1:colcon.colcon_core.package_identification:_identify(src) by extension 'ignore'
[1.664s] Level 1:colcon.colcon_core.package_identification:_identify(src) by extension 'ignore_ament_install'
[1.664s] Level 1:colcon.colcon_core.package_identification:_identify(src) by extensions ['colcon_pkg']
[1.664s] Level 1:colcon.colcon_core.package_identification:_identify(src) by extension 'colcon_pkg'
[1.664s] Level 1:colcon.colcon_core.package_identification:_identify(src) by extensions ['colcon_meta']
[1.664s] Level 1:colcon.colcon_core.package_identification:_identify(src) by extension 'colcon_meta'
[1.664s] Level 1:colcon.colcon_core.package_identification:_identify(src) by extensions ['ros']
[1.664s] Level 1:colcon.colcon_core.package_identification:_identify(src) by extension 'ros'
[1.665s] Level 1:colcon.colcon_core.package_identification:_identify(src) by extensions ['cmake', 'python']
[1.665s] Level 1:colcon.colcon_core.package_identification:_identify(src) by extension 'cmake'
[1.665s] Level 1:colcon.colcon_core.package_identification:_identify(src) by extension 'python'
[1.665s] Level 1:colcon.colcon_core.package_identification:_identify(src) by extensions ['python_setup_py']
[1.665s] Level 1:colcon.colcon_core.package_identification:_identify(src) by extension 'python_setup_py'
[1.666s] Level 1:colcon.colcon_core.package_identification:_identify(src/turtlebot3_infiniteloop) by extensions ['ignore', 'ignore_ament_install']
[1.666s] Level 1:colcon.colcon_core.package_identification:_identify(src/turtlebot3_infiniteloop) by extension 'ignore'
[1.666s] Level 1:colcon.colcon_core.package_identification:_identify(src/turtlebot3_infiniteloop) by extension 'ignore_ament_install'
[1.666s] Level 1:colcon.colcon_core.package_identification:_identify(src/turtlebot3_infiniteloop) by extensions ['colcon_pkg']
[1.666s] Level 1:colcon.colcon_core.package_identification:_identify(src/turtlebot3_infiniteloop) by extension 'colcon_pkg'
[1.666s] Level 1:colcon.colcon_core.package_identification:_identify(src/turtlebot3_infiniteloop) by extensions ['colcon_meta']
[1.666s] Level 1:colcon.colcon_core.package_identification:_identify(src/turtlebot3_infiniteloop) by extension 'colcon_meta'
[1.666s] Level 1:colcon.colcon_core.package_identification:_identify(src/turtlebot3_infiniteloop) by extensions ['ros']
[1.666s] Level 1:colcon.colcon_core.package_identification:_identify(src/turtlebot3_infiniteloop) by extension 'ros'
[1.681s] DEBUG:colcon.colcon_core.package_identification:Package 'src/turtlebot3_infiniteloop' with type 'ros.ament_python' and name 'turtlebot3_infiniteloop'
[1.681s] Level 1:colcon.colcon_core.package_identification:_identify(src/turtlebot3_simulations) by extensions ['ignore', 'ignore_ament_install']
[1.682s] Level 1:colcon.colcon_core.package_identification:_identify(src/turtlebot3_simulations) by extension 'ignore'
[1.682s] Level 1:colcon.colcon_core.package_identification:_identify(src/turtlebot3_simulations) by extension 'ignore_ament_install'
[1.682s] Level 1:colcon.colcon_core.package_identification:_identify(src/turtlebot3_simulations) by extensions ['colcon_pkg']
[1.682s] Level 1:colcon.colcon_core.package_identification:_identify(src/turtlebot3_simulations) by extension 'colcon_pkg'
[1.682s] Level 1:colcon.colcon_core.package_identification:_identify(src/turtlebot3_simulations) by extensions ['colcon_meta']
[1.682s] Level 1:colcon.colcon_core.package_identification:_identify(src/turtlebot3_simulations) by extension 'colcon_meta'
[1.682s] Level 1:colcon.colcon_core.package_identification:_identify(src/turtlebot3_simulations) by extensions ['ros']
[1.682s] Level 1:colcon.colcon_core.package_identification:_identify(src/turtlebot3_simulations) by extension 'ros'
[1.683s] Level 1:colcon.colcon_core.package_identification:_identify(src/turtlebot3_simulations) by extensions ['cmake', 'python']
[1.683s] Level 1:colcon.colcon_core.package_identification:_identify(src/turtlebot3_simulations) by extension 'cmake'
[1.684s] Level 1:colcon.colcon_core.package_identification:_identify(src/turtlebot3_simulations) by extension 'python'
[1.686s] Level 1:colcon.colcon_core.package_identification:_identify(src/turtlebot3_simulations) by extensions ['python_setup_py']
[1.687s] Level 1:colcon.colcon_core.package_identification:_identify(src/turtlebot3_simulations) by extension 'python_setup_py'
[1.689s] Level 1:colcon.colcon_core.package_identification:_identify(src/turtlebot3_simulations/turtlebot3_fake_node) by extensions ['ignore', 'ignore_ament_install']
[1.691s] Level 1:colcon.colcon_core.package_identification:_identify(src/turtlebot3_simulations/turtlebot3_fake_node) by extension 'ignore'
[1.692s] Level 1:colcon.colcon_core.package_identification:_identify(src/turtlebot3_simulations/turtlebot3_fake_node) by extension 'ignore_ament_install'
[1.694s] Level 1:colcon.colcon_core.package_identification:_identify(src/turtlebot3_simulations/turtlebot3_fake_node) by extensions ['colcon_pkg']
[1.694s] Level 1:colcon.colcon_core.package_identification:_identify(src/turtlebot3_simulations/turtlebot3_fake_node) by extension 'colcon_pkg'
[1.695s] Level 1:colcon.colcon_core.package_identification:_identify(src/turtlebot3_simulations/turtlebot3_fake_node) by extensions ['colcon_meta']
[1.695s] Level 1:colcon.colcon_core.package_identification:_identify(src/turtlebot3_simulations/turtlebot3_fake_node) by extension 'colcon_meta'
[1.696s] Level 1:colcon.colcon_core.package_identification:_identify(src/turtlebot3_simulations/turtlebot3_fake_node) by extensions ['ros']
[1.696s] Level 1:colcon.colcon_core.package_identification:_identify(src/turtlebot3_simulations/turtlebot3_fake_node) by extension 'ros'
[1.699s] DEBUG:colcon.colcon_core.package_identification:Package 'src/turtlebot3_simulations/turtlebot3_fake_node' with type 'ros.ament_cmake' and name 'turtlebot3_fake_node'
[1.699s] Level 1:colcon.colcon_core.package_identification:_identify(src/turtlebot3_simulations/turtlebot3_gazebo) by extensions ['ignore', 'ignore_ament_install']
[1.699s] Level 1:colcon.colcon_core.package_identification:_identify(src/turtlebot3_simulations/turtlebot3_gazebo) by extension 'ignore'
[1.699s] Level 1:colcon.colcon_core.package_identification:_identify(src/turtlebot3_simulations/turtlebot3_gazebo) by extension 'ignore_ament_install'
[1.700s] Level 1:colcon.colcon_core.package_identification:_identify(src/turtlebot3_simulations/turtlebot3_gazebo) by extensions ['colcon_pkg']
[1.700s] Level 1:colcon.colcon_core.package_identification:_identify(src/turtlebot3_simulations/turtlebot3_gazebo) by extension 'colcon_pkg'
[1.700s] Level 1:colcon.colcon_core.package_identification:_identify(src/turtlebot3_simulations/turtlebot3_gazebo) by extensions ['colcon_meta']
[1.700s] Level 1:colcon.colcon_core.package_identification:_identify(src/turtlebot3_simulations/turtlebot3_gazebo) by extension 'colcon_meta'
[1.702s] Level 1:colcon.colcon_core.package_identification:_identify(src/turtlebot3_simulations/turtlebot3_gazebo) by extensions ['ros']
[1.703s] Level 1:colcon.colcon_core.package_identification:_identify(src/turtlebot3_simulations/turtlebot3_gazebo) by extension 'ros'
[1.714s] DEBUG:colcon.colcon_core.package_identification:Package 'src/turtlebot3_simulations/turtlebot3_gazebo' with type 'ros.ament_cmake' and name 'turtlebot3_gazebo'
[1.714s] Level 1:colcon.colcon_core.package_identification:_identify(src/turtlebot3_simulations/turtlebot3_simulations) by extensions ['ignore', 'ignore_ament_install']
[1.714s] Level 1:colcon.colcon_core.package_identification:_identify(src/turtlebot3_simulations/turtlebot3_simulations) by extension 'ignore'
[1.715s] Level 1:colcon.colcon_core.package_identification:_identify(src/turtlebot3_simulations/turtlebot3_simulations) by extension 'ignore_ament_install'
[1.715s] Level 1:colcon.colcon_core.package_identification:_identify(src/turtlebot3_simulations/turtlebot3_simulations) by extensions ['colcon_pkg']
[1.715s] Level 1:colcon.colcon_core.package_identification:_identify(src/turtlebot3_simulations/turtlebot3_simulations) by extension 'colcon_pkg'
[1.715s] Level 1:colcon.colcon_core.package_identification:_identify(src/turtlebot3_simulations/turtlebot3_simulations) by extensions ['colcon_meta']
[1.715s] Level 1:colcon.colcon_core.package_identification:_identify(src/turtlebot3_simulations/turtlebot3_simulations) by extension 'colcon_meta'
[1.715s] Level 1:colcon.colcon_core.package_identification:_identify(src/turtlebot3_simulations/turtlebot3_simulations) by extensions ['ros']
[1.715s] Level 1:colcon.colcon_core.package_identification:_identify(src/turtlebot3_simulations/turtlebot3_simulations) by extension 'ros'
[1.716s] DEBUG:colcon.colcon_core.package_identification:Package 'src/turtlebot3_simulations/turtlebot3_simulations' with type 'ros.ament_cmake' and name 'turtlebot3_simulations'
[1.716s] Level 1:colcon.colcon_core.package_discovery:discover_packages(recursive) using defaults
[1.717s] Level 1:colcon.colcon_core.package_discovery:discover_packages(ignore) discover
[1.718s] Level 1:colcon.colcon_core.package_discovery:discover_packages(ignore) using defaults
[1.719s] Level 1:colcon.colcon_core.package_discovery:discover_packages(path) discover
[1.720s] Level 1:colcon.colcon_core.package_discovery:discover_packages(path) using defaults
[1.807s] INFO:colcon.colcon_core.package_selection:Skipping not selected package 'turtlebot3_fake_node' in 'src/turtlebot3_simulations/turtlebot3_fake_node'
[1.807s] INFO:colcon.colcon_core.package_selection:Skipping not selected package 'turtlebot3_gazebo' in 'src/turtlebot3_simulations/turtlebot3_gazebo'
[1.807s] INFO:colcon.colcon_core.package_selection:Skipping not selected package 'turtlebot3_simulations' in 'src/turtlebot3_simulations/turtlebot3_simulations'
[1.818s] Level 5:colcon.colcon_core.verb:set package 'turtlebot3_infiniteloop' build argument 'cmake_args' from command line to 'None'
[1.819s] Level 5:colcon.colcon_core.verb:set package 'turtlebot3_infiniteloop' build argument 'cmake_target' from command line to 'None'
[1.821s] Level 5:colcon.colcon_core.verb:set package 'turtlebot3_infiniteloop' build argument 'cmake_target_skip_unavailable' from command line to 'False'
[1.821s] Level 5:colcon.colcon_core.verb:set package 'turtlebot3_infiniteloop' build argument 'cmake_clean_cache' from command line to 'False'
[1.822s] Level 5:colcon.colcon_core.verb:set package 'turtlebot3_infiniteloop' build argument 'cmake_clean_first' from command line to 'False'
[1.822s] Level 5:colcon.colcon_core.verb:set package 'turtlebot3_infiniteloop' build argument 'cmake_force_configure' from command line to 'False'
[1.822s] Level 5:colcon.colcon_core.verb:set package 'turtlebot3_infiniteloop' build argument 'ament_cmake_args' from command line to 'None'
[1.822s] Level 5:colcon.colcon_core.verb:set package 'turtlebot3_infiniteloop' build argument 'catkin_cmake_args' from command line to 'None'
[1.822s] Level 5:colcon.colcon_core.verb:set package 'turtlebot3_infiniteloop' build argument 'catkin_skip_building_tests' from command line to 'False'
[1.822s] DEBUG:colcon.colcon_core.verb:Building package 'turtlebot3_infiniteloop' with the following arguments: {'ament_cmake_args': None, 'build_base': '/home/yonathanarya/colcon_ws/build/turtlebot3_infiniteloop', 'catkin_cmake_args': None, 'catkin_skip_building_tests': False, 'cmake_args': None, 'cmake_clean_cache': False, 'cmake_clean_first': False, 'cmake_force_configure': False, 'cmake_target': None, 'cmake_target_skip_unavailable': False, 'install_base': '/home/yonathanarya/colcon_ws/install/turtlebot3_infiniteloop', 'merge_install': False, 'path': '/home/yonathanarya/colcon_ws/src/turtlebot3_infiniteloop', 'symlink_install': False, 'test_result_base': None}
[1.823s] INFO:colcon.colcon_core.executor:Executing jobs using 'parallel' executor
[1.828s] DEBUG:colcon.colcon_parallel_executor.executor.parallel:run_until_complete
[1.832s] INFO:colcon.colcon_ros.task.ament_python.build:Building ROS package in '/home/yonathanarya/colcon_ws/src/turtlebot3_infiniteloop' with build type 'ament_python'
[1.834s] Level 1:colcon.colcon_core.shell:create_environment_hook('turtlebot3_infiniteloop', 'ament_prefix_path')
[1.857s] INFO:colcon.colcon_core.plugin_system:Skipping extension 'colcon_core.shell.bat': Not used on non-Windows systems
[1.858s] INFO:colcon.colcon_core.shell:Creating environment hook '/home/yonathanarya/colcon_ws/install/turtlebot3_infiniteloop/share/turtlebot3_infiniteloop/hook/ament_prefix_path.ps1'
[1.863s] INFO:colcon.colcon_core.shell:Creating environment descriptor '/home/yonathanarya/colcon_ws/install/turtlebot3_infiniteloop/share/turtlebot3_infiniteloop/hook/ament_prefix_path.dsv'
[1.870s] INFO:colcon.colcon_core.shell:Creating environment hook '/home/yonathanarya/colcon_ws/install/turtlebot3_infiniteloop/share/turtlebot3_infiniteloop/hook/ament_prefix_path.sh'
[1.874s] INFO:colcon.colcon_core.shell:Skip shell extension 'powershell' for command environment: Not usable outside of PowerShell
[1.874s] DEBUG:colcon.colcon_core.shell:Skip shell extension 'dsv' for command environment
[1.890s] DEBUG:colcon.colcon_core.shell:Ignoring prefix path '/opt/ros/foxy'
[3.248s] INFO:colcon.colcon_core.task.python.build:Building Python package in '/home/yonathanarya/colcon_ws/src/turtlebot3_infiniteloop'
[3.250s] INFO:colcon.colcon_core.shell:Skip shell extension 'powershell' for command environment: Not usable outside of PowerShell
[3.251s] DEBUG:colcon.colcon_core.shell:Skip shell extension 'dsv' for command environment
[3.265s] DEBUG:colcon.colcon_core.shell:Ignoring prefix path '/opt/ros/foxy'
[3.289s] DEBUG:colcon.colcon_core.event_handler.log_command:Invoking command in '/home/yonathanarya/colcon_ws/src/turtlebot3_infiniteloop': PYTHONPATH=/home/yonathanarya/colcon_ws/install/turtlebot3_infiniteloop/lib/python3.8/site-packages:${PYTHONPATH} /usr/bin/python3 setup.py egg_info --egg-base ../../build/turtlebot3_infiniteloop build --build-base /home/yonathanarya/colcon_ws/build/turtlebot3_infiniteloop/build install --prefix /home/yonathanarya/colcon_ws/install/turtlebot3_infiniteloop --record /home/yonathanarya/colcon_ws/build/turtlebot3_infiniteloop/install.log --single-version-externally-managed
[5.042s] DEBUG:colcon.colcon_core.event_handler.log_command:Invoked command in '/home/yonathanarya/colcon_ws/src/turtlebot3_infiniteloop' returned '0': PYTHONPATH=/home/yonathanarya/colcon_ws/install/turtlebot3_infiniteloop/lib/python3.8/site-packages:${PYTHONPATH} /usr/bin/python3 setup.py egg_info --egg-base ../../build/turtlebot3_infiniteloop build --build-base /home/yonathanarya/colcon_ws/build/turtlebot3_infiniteloop/build install --prefix /home/yonathanarya/colcon_ws/install/turtlebot3_infiniteloop --record /home/yonathanarya/colcon_ws/build/turtlebot3_infiniteloop/install.log --single-version-externally-managed
[5.058s] Level 1:colcon.colcon_core.environment:checking '/home/yonathanarya/colcon_ws/install/turtlebot3_infiniteloop' for CMake module files
[5.059s] Level 1:colcon.colcon_core.environment:checking '/home/yonathanarya/colcon_ws/install/turtlebot3_infiniteloop' for CMake config files
[5.063s] Level 1:colcon.colcon_core.environment:checking '/home/yonathanarya/colcon_ws/install/turtlebot3_infiniteloop/lib'
[5.065s] Level 1:colcon.colcon_core.environment:checking '/home/yonathanarya/colcon_ws/install/turtlebot3_infiniteloop/bin'
[5.067s] Level 1:colcon.colcon_core.environment:checking '/home/yonathanarya/colcon_ws/install/turtlebot3_infiniteloop/lib/pkgconfig/turtlebot3_infiniteloop.pc'
[5.069s] Level 1:colcon.colcon_core.environment:checking '/home/yonathanarya/colcon_ws/install/turtlebot3_infiniteloop/lib/python3.8/site-packages'
[5.071s] Level 1:colcon.colcon_core.shell:create_environment_hook('turtlebot3_infiniteloop', 'pythonpath')
[5.074s] INFO:colcon.colcon_core.shell:Creating environment hook '/home/yonathanarya/colcon_ws/install/turtlebot3_infiniteloop/share/turtlebot3_infiniteloop/hook/pythonpath.ps1'
[5.075s] INFO:colcon.colcon_core.shell:Creating environment descriptor '/home/yonathanarya/colcon_ws/install/turtlebot3_infiniteloop/share/turtlebot3_infiniteloop/hook/pythonpath.dsv'
[5.078s] INFO:colcon.colcon_core.shell:Creating environment hook '/home/yonathanarya/colcon_ws/install/turtlebot3_infiniteloop/share/turtlebot3_infiniteloop/hook/pythonpath.sh'
[5.085s] Level 1:colcon.colcon_core.environment:create_environment_scripts_only(turtlebot3_infiniteloop)
[5.090s] INFO:colcon.colcon_core.shell:Creating package script '/home/yonathanarya/colcon_ws/install/turtlebot3_infiniteloop/share/turtlebot3_infiniteloop/package.ps1'
[5.092s] INFO:colcon.colcon_core.shell:Creating package descriptor '/home/yonathanarya/colcon_ws/install/turtlebot3_infiniteloop/share/turtlebot3_infiniteloop/package.dsv'
[5.096s] INFO:colcon.colcon_core.shell:Creating package script '/home/yonathanarya/colcon_ws/install/turtlebot3_infiniteloop/share/turtlebot3_infiniteloop/package.sh'
[5.106s] INFO:colcon.colcon_core.shell:Creating package script '/home/yonathanarya/colcon_ws/install/turtlebot3_infiniteloop/share/turtlebot3_infiniteloop/package.bash'
[5.108s] INFO:colcon.colcon_core.shell:Creating package script '/home/yonathanarya/colcon_ws/install/turtlebot3_infiniteloop/share/turtlebot3_infiniteloop/package.zsh'
[5.114s] Level 1:colcon.colcon_core.environment:create_file_with_runtime_dependencies(/home/yonathanarya/colcon_ws/install/turtlebot3_infiniteloop/share/colcon-core/packages/turtlebot3_infiniteloop)
[5.118s] DEBUG:colcon.colcon_parallel_executor.executor.parallel:closing loop
[5.121s] DEBUG:colcon.colcon_parallel_executor.executor.parallel:loop closed
[5.122s] DEBUG:colcon.colcon_parallel_executor.executor.parallel:run_until_complete finished with '0'
[5.124s] DEBUG:colcon.colcon_core.event_reactor:joining thread
[5.156s] INFO:colcon.colcon_core.plugin_system:Skipping extension 'colcon_notification.desktop_notification.terminal_notifier': Not used on non-Darwin systems
[5.156s] INFO:colcon.colcon_core.plugin_system:Skipping extension 'colcon_notification.desktop_notification.win32': Not used on non-Windows systems
[5.156s] INFO:colcon.colcon_notification.desktop_notification:Sending desktop notification using 'notify2'
[5.234s] DEBUG:colcon.colcon_core.event_reactor:joined thread
[5.236s] INFO:colcon.colcon_core.shell:Creating prefix script '/home/yonathanarya/colcon_ws/install/local_setup.ps1'
[5.242s] INFO:colcon.colcon_core.shell:Creating prefix util module '/home/yonathanarya/colcon_ws/install/_local_setup_util_ps1.py'
[5.248s] INFO:colcon.colcon_core.shell:Creating prefix chain script '/home/yonathanarya/colcon_ws/install/setup.ps1'
[5.257s] INFO:colcon.colcon_core.shell:Creating prefix script '/home/yonathanarya/colcon_ws/install/local_setup.sh'
[5.264s] INFO:colcon.colcon_core.shell:Creating prefix util module '/home/yonathanarya/colcon_ws/install/_local_setup_util_sh.py'
[5.265s] INFO:colcon.colcon_core.shell:Creating prefix chain script '/home/yonathanarya/colcon_ws/install/setup.sh'
[5.278s] INFO:colcon.colcon_core.shell:Creating prefix script '/home/yonathanarya/colcon_ws/install/local_setup.bash'
[5.282s] INFO:colcon.colcon_core.shell:Creating prefix chain script '/home/yonathanarya/colcon_ws/install/setup.bash'
[5.298s] INFO:colcon.colcon_core.shell:Creating prefix script '/home/yonathanarya/colcon_ws/install/local_setup.zsh'
[5.300s] INFO:colcon.colcon_core.shell:Creating prefix chain script '/home/yonathanarya/colcon_ws/install/setup.zsh'
