[0.637s] Invoking command in '/home/yonathanarya/colcon_ws/src/raspimouse_tugas': PYTHONPATH=/home/yonathanarya/colcon_ws/install/raspimouse_tugas/lib/python3.8/site-packages:${PYTHONPATH} /usr/bin/python3 setup.py egg_info --egg-base ../../build/raspimouse_tugas build --build-base /home/yonathanarya/colcon_ws/build/raspimouse_tugas/build install --prefix /home/yonathanarya/colcon_ws/install/raspimouse_tugas --record /home/yonathanarya/colcon_ws/build/raspimouse_tugas/install.log --single-version-externally-managed
[1.337s] running egg_info
[1.339s] writing ../../build/raspimouse_tugas/raspimouse_tugas.egg-info/PKG-INFO
[1.340s] writing dependency_links to ../../build/raspimouse_tugas/raspimouse_tugas.egg-info/dependency_links.txt
[1.340s] writing entry points to ../../build/raspimouse_tugas/raspimouse_tugas.egg-info/entry_points.txt
[1.340s] writing requirements to ../../build/raspimouse_tugas/raspimouse_tugas.egg-info/requires.txt
[1.341s] writing top-level names to ../../build/raspimouse_tugas/raspimouse_tugas.egg-info/top_level.txt
[1.427s] reading manifest file '../../build/raspimouse_tugas/raspimouse_tugas.egg-info/SOURCES.txt'
[1.429s] writing manifest file '../../build/raspimouse_tugas/raspimouse_tugas.egg-info/SOURCES.txt'
[1.429s] running build
[1.430s] running build_py
[1.430s] running install
[1.432s] running install_lib
[1.434s] running install_data
[1.435s] copying launch/tugas.launch.py -> /home/yonathanarya/colcon_ws/install/raspimouse_tugas/share/raspimouse_tugas
[1.436s] copying rviz/urdf.rviz -> /home/yonathanarya/colcon_ws/install/raspimouse_tugas/share/raspimouse_tugas
[1.436s] running install_egg_info
[1.444s] removing '/home/yonathanarya/colcon_ws/install/raspimouse_tugas/lib/python3.8/site-packages/raspimouse_tugas-1.0.0-py3.8.egg-info' (and everything under it)
[1.445s] Copying ../../build/raspimouse_tugas/raspimouse_tugas.egg-info to /home/yonathanarya/colcon_ws/install/raspimouse_tugas/lib/python3.8/site-packages/raspimouse_tugas-1.0.0-py3.8.egg-info
[1.447s] running install_scripts
[1.489s] Installing teleop script to /home/yonathanarya/colcon_ws/install/raspimouse_tugas/lib/raspimouse_tugas
[1.491s] writing list of installed files to '/home/yonathanarya/colcon_ws/build/raspimouse_tugas/install.log'
[1.561s] Invoked command in '/home/yonathanarya/colcon_ws/src/raspimouse_tugas' returned '0': PYTHONPATH=/home/yonathanarya/colcon_ws/install/raspimouse_tugas/lib/python3.8/site-packages:${PYTHONPATH} /usr/bin/python3 setup.py egg_info --egg-base ../../build/raspimouse_tugas build --build-base /home/yonathanarya/colcon_ws/build/raspimouse_tugas/build install --prefix /home/yonathanarya/colcon_ws/install/raspimouse_tugas --record /home/yonathanarya/colcon_ws/build/raspimouse_tugas/install.log --single-version-externally-managed
