[0.009s] Invoking command in '/home/yonathanarya/colcon_ws/build/turtlebot3_simulations': AMENT_PREFIX_PATH=/home/yonathanarya/colcon_ws/install/turtlebot3_gazebo:/home/yonathanarya/colcon_ws/install/turtlebot3_fake_node:${AMENT_PREFIX_PATH} CMAKE_PREFIX_PATH=/home/yonathanarya/colcon_ws/install/turtlebot3_gazebo:/home/yonathanarya/colcon_ws/install/turtlebot3_fake_node:/opt/ros/foxy:${CMAKE_PREFIX_PATH} /usr/bin/cmake /home/yonathanarya/colcon_ws/src/turtlebot3_simulations/turtlebot3_simulations -DAMENT_CMAKE_SYMLINK_INSTALL=1 -DCMAKE_INSTALL_PREFIX=/home/yonathanarya/colcon_ws/install/turtlebot3_simulations
[0.059s] -- The C compiler identification is GNU 9.3.0
[0.111s] -- The CXX compiler identification is GNU 9.3.0
[0.115s] -- Check for working C compiler: /usr/bin/cc
[0.179s] -- Check for working C compiler: /usr/bin/cc -- works
[0.180s] -- Detecting C compiler ABI info
[0.246s] -- Detecting C compiler ABI info - done
[0.259s] -- Detecting C compile features
[0.260s] -- Detecting C compile features - done
[0.262s] -- Check for working CXX compiler: /usr/bin/c++
[0.335s] -- Check for working CXX compiler: /usr/bin/c++ -- works
[0.336s] -- Detecting CXX compiler ABI info
[0.411s] -- Detecting CXX compiler ABI info - done
[0.425s] -- Detecting CXX compile features
[0.426s] -- Detecting CXX compile features - done
[0.428s] -- Found ament_cmake: 0.9.9 (/opt/ros/foxy/share/ament_cmake/cmake)
[0.453s] -- Found PythonInterp: /usr/bin/python3 (found suitable version "3.8.10", minimum required is "3") 
[0.453s] -- Using PYTHON_EXECUTABLE: /usr/bin/python3
[0.673s] -- Override CMake install command with custom implementation using symlinks instead of copying resources
[0.759s] -- Configuring done
[0.760s] -- Generating done
[0.761s] -- Build files have been written to: /home/yonathanarya/colcon_ws/build/turtlebot3_simulations
[0.764s] Invoked command in '/home/yonathanarya/colcon_ws/build/turtlebot3_simulations' returned '0': AMENT_PREFIX_PATH=/home/yonathanarya/colcon_ws/install/turtlebot3_gazebo:/home/yonathanarya/colcon_ws/install/turtlebot3_fake_node:${AMENT_PREFIX_PATH} CMAKE_PREFIX_PATH=/home/yonathanarya/colcon_ws/install/turtlebot3_gazebo:/home/yonathanarya/colcon_ws/install/turtlebot3_fake_node:/opt/ros/foxy:${CMAKE_PREFIX_PATH} /usr/bin/cmake /home/yonathanarya/colcon_ws/src/turtlebot3_simulations/turtlebot3_simulations -DAMENT_CMAKE_SYMLINK_INSTALL=1 -DCMAKE_INSTALL_PREFIX=/home/yonathanarya/colcon_ws/install/turtlebot3_simulations
[0.766s] Invoking command in '/home/yonathanarya/colcon_ws/build/turtlebot3_simulations': AMENT_PREFIX_PATH=/home/yonathanarya/colcon_ws/install/turtlebot3_gazebo:/home/yonathanarya/colcon_ws/install/turtlebot3_fake_node:${AMENT_PREFIX_PATH} CMAKE_PREFIX_PATH=/home/yonathanarya/colcon_ws/install/turtlebot3_gazebo:/home/yonathanarya/colcon_ws/install/turtlebot3_fake_node:/opt/ros/foxy:${CMAKE_PREFIX_PATH} /usr/bin/cmake --build /home/yonathanarya/colcon_ws/build/turtlebot3_simulations -- -j8 -l8
[0.804s] Invoked command in '/home/yonathanarya/colcon_ws/build/turtlebot3_simulations' returned '0': AMENT_PREFIX_PATH=/home/yonathanarya/colcon_ws/install/turtlebot3_gazebo:/home/yonathanarya/colcon_ws/install/turtlebot3_fake_node:${AMENT_PREFIX_PATH} CMAKE_PREFIX_PATH=/home/yonathanarya/colcon_ws/install/turtlebot3_gazebo:/home/yonathanarya/colcon_ws/install/turtlebot3_fake_node:/opt/ros/foxy:${CMAKE_PREFIX_PATH} /usr/bin/cmake --build /home/yonathanarya/colcon_ws/build/turtlebot3_simulations -- -j8 -l8
[0.827s] Invoking command in '/home/yonathanarya/colcon_ws/build/turtlebot3_simulations': AMENT_PREFIX_PATH=/home/yonathanarya/colcon_ws/install/turtlebot3_gazebo:/home/yonathanarya/colcon_ws/install/turtlebot3_fake_node:${AMENT_PREFIX_PATH} CMAKE_PREFIX_PATH=/home/yonathanarya/colcon_ws/install/turtlebot3_gazebo:/home/yonathanarya/colcon_ws/install/turtlebot3_fake_node:/opt/ros/foxy:${CMAKE_PREFIX_PATH} /usr/bin/cmake --install /home/yonathanarya/colcon_ws/build/turtlebot3_simulations
[0.835s] -- Install configuration: ""
[0.836s] -- Execute custom install script
[0.836s] -- Symlinking: /home/yonathanarya/colcon_ws/install/turtlebot3_simulations/share/ament_index/resource_index/package_run_dependencies/turtlebot3_simulations
[0.846s] -- Symlinking: /home/yonathanarya/colcon_ws/install/turtlebot3_simulations/share/ament_index/resource_index/parent_prefix_path/turtlebot3_simulations
[0.856s] -- Symlinking: /home/yonathanarya/colcon_ws/install/turtlebot3_simulations/share/turtlebot3_simulations/environment/ament_prefix_path.sh
[0.865s] -- Symlinking: /home/yonathanarya/colcon_ws/install/turtlebot3_simulations/share/turtlebot3_simulations/environment/ament_prefix_path.dsv
[0.875s] -- Symlinking: /home/yonathanarya/colcon_ws/install/turtlebot3_simulations/share/turtlebot3_simulations/environment/path.sh
[0.884s] -- Symlinking: /home/yonathanarya/colcon_ws/install/turtlebot3_simulations/share/turtlebot3_simulations/environment/path.dsv
[0.894s] -- Symlinking: /home/yonathanarya/colcon_ws/install/turtlebot3_simulations/share/turtlebot3_simulations/local_setup.bash
[0.903s] -- Symlinking: /home/yonathanarya/colcon_ws/install/turtlebot3_simulations/share/turtlebot3_simulations/local_setup.sh
[0.913s] -- Symlinking: /home/yonathanarya/colcon_ws/install/turtlebot3_simulations/share/turtlebot3_simulations/local_setup.zsh
[0.922s] -- Symlinking: /home/yonathanarya/colcon_ws/install/turtlebot3_simulations/share/turtlebot3_simulations/local_setup.dsv
[0.932s] -- Symlinking: /home/yonathanarya/colcon_ws/install/turtlebot3_simulations/share/turtlebot3_simulations/package.dsv
[0.941s] -- Symlinking: /home/yonathanarya/colcon_ws/install/turtlebot3_simulations/share/ament_index/resource_index/packages/turtlebot3_simulations
[0.951s] -- Symlinking: /home/yonathanarya/colcon_ws/install/turtlebot3_simulations/share/turtlebot3_simulations/cmake/turtlebot3_simulationsConfig.cmake
[0.960s] -- Symlinking: /home/yonathanarya/colcon_ws/install/turtlebot3_simulations/share/turtlebot3_simulations/cmake/turtlebot3_simulationsConfig-version.cmake
[0.969s] -- Symlinking: /home/yonathanarya/colcon_ws/install/turtlebot3_simulations/share/turtlebot3_simulations/package.xml
[0.982s] Invoked command in '/home/yonathanarya/colcon_ws/build/turtlebot3_simulations' returned '0': AMENT_PREFIX_PATH=/home/yonathanarya/colcon_ws/install/turtlebot3_gazebo:/home/yonathanarya/colcon_ws/install/turtlebot3_fake_node:${AMENT_PREFIX_PATH} CMAKE_PREFIX_PATH=/home/yonathanarya/colcon_ws/install/turtlebot3_gazebo:/home/yonathanarya/colcon_ws/install/turtlebot3_fake_node:/opt/ros/foxy:${CMAKE_PREFIX_PATH} /usr/bin/cmake --install /home/yonathanarya/colcon_ws/build/turtlebot3_simulations
