[0.014s] Invoking command in '/home/yonathanarya/colcon_ws/build/raspimouse_ros2_examples': CMAKE_PREFIX_PATH=/home/yonathanarya/colcon_ws/install/turtlebot3_infiniteloop:/home/yonathanarya/colcon_ws/install/turtlebot3_actionserver:/home/yonathanarya/colcon_ws/install/turtlebot3_action:/opt/ros/foxy:${CMAKE_PREFIX_PATH} /usr/bin/cmake /home/yonathanarya/colcon_ws/src/raspimouse_ros2_examples -DCMAKE_INSTALL_PREFIX=/home/yonathanarya/colcon_ws/install/raspimouse_ros2_examples
[0.027s] -- Found ament_cmake: 0.9.9 (/opt/ros/foxy/share/ament_cmake/cmake)
[0.053s] -- Using PYTHON_EXECUTABLE: /usr/bin/python3
[0.259s] -- Found rclcpp: 2.4.0 (/opt/ros/foxy/share/rclcpp/cmake)
[0.291s] -- Using all available rosidl_typesupport_c: rosidl_typesupport_fastrtps_c;rosidl_typesupport_introspection_c
[0.294s] -- Found rosidl_adapter: 1.2.1 (/opt/ros/foxy/share/rosidl_adapter/cmake)
[0.413s] -- Using all available rosidl_typesupport_cpp: rosidl_typesupport_fastrtps_cpp;rosidl_typesupport_introspection_cpp
[0.462s] -- Found rmw_implementation_cmake: 1.0.3 (/opt/ros/foxy/share/rmw_implementation_cmake/cmake)
[0.463s] -- Using RMW implementation 'rmw_fastrtps_cpp' as default
[0.601s] -- Found rclcpp_components: 2.4.0 (/opt/ros/foxy/share/rclcpp_components/cmake)
[0.654s] -- Found rclcpp_lifecycle: 2.4.0 (/opt/ros/foxy/share/rclcpp_lifecycle/cmake)
[0.680s] -- Found std_srvs: 2.0.4 (/opt/ros/foxy/share/std_srvs/cmake)
[0.689s] -- Found sensor_msgs: 2.0.4 (/opt/ros/foxy/share/sensor_msgs/cmake)
[0.823s] CMake Error at CMakeLists.txt:30 (find_package):
[0.823s]   By not providing "Findraspimouse_msgs.cmake" in CMAKE_MODULE_PATH this
[0.823s]   project has asked CMake to find a package configuration file provided by
[0.823s]   "raspimouse_msgs", but CMake did not find one.
[0.823s] 
[0.823s]   Could not find a package configuration file provided by "raspimouse_msgs"
[0.823s]   with any of the following names:
[0.824s] 
[0.824s]     raspimouse_msgsConfig.cmake
[0.824s]     raspimouse_msgs-config.cmake
[0.824s] 
[0.824s]   Add the installation prefix of "raspimouse_msgs" to CMAKE_PREFIX_PATH or
[0.824s]   set "raspimouse_msgs_DIR" to a directory containing one of the above files.
[0.824s]   If "raspimouse_msgs" provides a separate development package or SDK, be
[0.824s]   sure it has been installed.
[0.824s] 
[0.824s] 
[0.824s] -- Configuring incomplete, errors occurred!
[0.824s] See also "/home/yonathanarya/colcon_ws/build/raspimouse_ros2_examples/CMakeFiles/CMakeOutput.log".
[0.825s] See also "/home/yonathanarya/colcon_ws/build/raspimouse_ros2_examples/CMakeFiles/CMakeError.log".
[0.832s] Invoked command in '/home/yonathanarya/colcon_ws/build/raspimouse_ros2_examples' returned '1': CMAKE_PREFIX_PATH=/home/yonathanarya/colcon_ws/install/turtlebot3_infiniteloop:/home/yonathanarya/colcon_ws/install/turtlebot3_actionserver:/home/yonathanarya/colcon_ws/install/turtlebot3_action:/opt/ros/foxy:${CMAKE_PREFIX_PATH} /usr/bin/cmake /home/yonathanarya/colcon_ws/src/raspimouse_ros2_examples -DCMAKE_INSTALL_PREFIX=/home/yonathanarya/colcon_ws/install/raspimouse_ros2_examples
