[1.717s] Invoking command in '/home/yonathanarya/colcon_ws/src/turtlebot3_action': PYTHONPATH=/home/yonathanarya/colcon_ws/install/turtlebot3_action/lib/python3.8/site-packages:${PYTHONPATH} /usr/bin/python3 setup.py egg_info --egg-base ../../build/turtlebot3_action build --build-base /home/yonathanarya/colcon_ws/build/turtlebot3_action/build install --prefix /home/yonathanarya/colcon_ws/install/turtlebot3_action --record /home/yonathanarya/colcon_ws/build/turtlebot3_action/install.log --single-version-externally-managed
[2.522s] running egg_info
[2.529s] writing ../../build/turtlebot3_action/turtlebot3_action.egg-info/PKG-INFO
[2.530s] writing dependency_links to ../../build/turtlebot3_action/turtlebot3_action.egg-info/dependency_links.txt
[2.533s] writing entry points to ../../build/turtlebot3_action/turtlebot3_action.egg-info/entry_points.txt
[2.535s] writing requirements to ../../build/turtlebot3_action/turtlebot3_action.egg-info/requires.txt
[2.536s] writing top-level names to ../../build/turtlebot3_action/turtlebot3_action.egg-info/top_level.txt
[2.686s] reading manifest file '../../build/turtlebot3_action/turtlebot3_action.egg-info/SOURCES.txt'
[2.690s] writing manifest file '../../build/turtlebot3_action/turtlebot3_action.egg-info/SOURCES.txt'
[2.690s] running build
[2.691s] running build_py
[2.692s] running install
[2.694s] running install_lib
[2.700s] running install_data
[2.703s] running install_egg_info
[2.709s] removing '/home/yonathanarya/colcon_ws/install/turtlebot3_action/lib/python3.8/site-packages/turtlebot3_action-0.0.0-py3.8.egg-info' (and everything under it)
[2.710s] Copying ../../build/turtlebot3_action/turtlebot3_action.egg-info to /home/yonathanarya/colcon_ws/install/turtlebot3_action/lib/python3.8/site-packages/turtlebot3_action-0.0.0-py3.8.egg-info
[2.716s] running install_scripts
[2.790s] Installing turtlebot3_patrol_client script to /home/yonathanarya/colcon_ws/install/turtlebot3_action/lib/turtlebot3_action
[2.790s] Installing turtlebot3_patrol_server script to /home/yonathanarya/colcon_ws/install/turtlebot3_action/lib/turtlebot3_action
[2.791s] writing list of installed files to '/home/yonathanarya/colcon_ws/build/turtlebot3_action/install.log'
[2.907s] Invoked command in '/home/yonathanarya/colcon_ws/src/turtlebot3_action' returned '0': PYTHONPATH=/home/yonathanarya/colcon_ws/install/turtlebot3_action/lib/python3.8/site-packages:${PYTHONPATH} /usr/bin/python3 setup.py egg_info --egg-base ../../build/turtlebot3_action build --build-base /home/yonathanarya/colcon_ws/build/turtlebot3_action/build install --prefix /home/yonathanarya/colcon_ws/install/turtlebot3_action --record /home/yonathanarya/colcon_ws/build/turtlebot3_action/install.log --single-version-externally-managed
