[0.503s] Invoking command in '/home/yonathanarya/colcon_ws/src/turtlebot3_actionserver': PYTHONPATH=/home/yonathanarya/colcon_ws/install/turtlebot3_actionserver/lib/python3.8/site-packages:${PYTHONPATH} /usr/bin/python3 setup.py egg_info --egg-base ../../build/turtlebot3_actionserver build --build-base /home/yonathanarya/colcon_ws/build/turtlebot3_actionserver/build install --prefix /home/yonathanarya/colcon_ws/install/turtlebot3_actionserver --record /home/yonathanarya/colcon_ws/build/turtlebot3_actionserver/install.log --single-version-externally-managed
[0.837s] running egg_info
[0.838s] writing ../../build/turtlebot3_actionserver/turtlebot3_actionserver.egg-info/PKG-INFO
[0.838s] writing dependency_links to ../../build/turtlebot3_actionserver/turtlebot3_actionserver.egg-info/dependency_links.txt
[0.839s] writing entry points to ../../build/turtlebot3_actionserver/turtlebot3_actionserver.egg-info/entry_points.txt
[0.839s] writing requirements to ../../build/turtlebot3_actionserver/turtlebot3_actionserver.egg-info/requires.txt
[0.839s] writing top-level names to ../../build/turtlebot3_actionserver/turtlebot3_actionserver.egg-info/top_level.txt
[0.888s] reading manifest file '../../build/turtlebot3_actionserver/turtlebot3_actionserver.egg-info/SOURCES.txt'
[0.889s] writing manifest file '../../build/turtlebot3_actionserver/turtlebot3_actionserver.egg-info/SOURCES.txt'
[0.890s] running build
[0.890s] running build_py
[0.890s] running install
[0.892s] running install_lib
[0.894s] running install_data
[0.894s] running install_egg_info
[0.897s] removing '/home/yonathanarya/colcon_ws/install/turtlebot3_actionserver/lib/python3.8/site-packages/turtlebot3_actionserver-1.0.0-py3.8.egg-info' (and everything under it)
[0.897s] Copying ../../build/turtlebot3_actionserver/turtlebot3_actionserver.egg-info to /home/yonathanarya/colcon_ws/install/turtlebot3_actionserver/lib/python3.8/site-packages/turtlebot3_actionserver-1.0.0-py3.8.egg-info
[0.898s] running install_scripts
[0.922s] Installing turtlebot3_client script to /home/yonathanarya/colcon_ws/install/turtlebot3_actionserver/lib/turtlebot3_actionserver
[0.922s] Installing turtlebot3_server script to /home/yonathanarya/colcon_ws/install/turtlebot3_actionserver/lib/turtlebot3_actionserver
[0.922s] writing list of installed files to '/home/yonathanarya/colcon_ws/build/turtlebot3_actionserver/install.log'
[0.952s] Invoked command in '/home/yonathanarya/colcon_ws/src/turtlebot3_actionserver' returned '0': PYTHONPATH=/home/yonathanarya/colcon_ws/install/turtlebot3_actionserver/lib/python3.8/site-packages:${PYTHONPATH} /usr/bin/python3 setup.py egg_info --egg-base ../../build/turtlebot3_actionserver build --build-base /home/yonathanarya/colcon_ws/build/turtlebot3_actionserver/build install --prefix /home/yonathanarya/colcon_ws/install/turtlebot3_actionserver --record /home/yonathanarya/colcon_ws/build/turtlebot3_actionserver/install.log --single-version-externally-managed
