[0.772s] Invoking command in '/home/yonathanarya/colcon_ws/src/turtlebot3_action': PYTHONPATH=/home/yonathanarya/colcon_ws/install/turtlebot3_action/lib/python3.8/site-packages:${PYTHONPATH} /usr/bin/python3 setup.py egg_info --egg-base ../../build/turtlebot3_action build --build-base /home/yonathanarya/colcon_ws/build/turtlebot3_action/build install --prefix /home/yonathanarya/colcon_ws/install/turtlebot3_action --record /home/yonathanarya/colcon_ws/build/turtlebot3_action/install.log --single-version-externally-managed
[1.132s] running egg_info
[1.133s] writing ../../build/turtlebot3_action/turtlebot3_action.egg-info/PKG-INFO
[1.133s] writing dependency_links to ../../build/turtlebot3_action/turtlebot3_action.egg-info/dependency_links.txt
[1.134s] writing entry points to ../../build/turtlebot3_action/turtlebot3_action.egg-info/entry_points.txt
[1.136s] writing requirements to ../../build/turtlebot3_action/turtlebot3_action.egg-info/requires.txt
[1.136s] writing top-level names to ../../build/turtlebot3_action/turtlebot3_action.egg-info/top_level.txt
[1.176s] reading manifest file '../../build/turtlebot3_action/turtlebot3_action.egg-info/SOURCES.txt'
[1.177s] writing manifest file '../../build/turtlebot3_action/turtlebot3_action.egg-info/SOURCES.txt'
[1.177s] running build
[1.177s] running build_py
[1.177s] running install
[1.179s] running install_lib
[1.180s] running install_data
[1.181s] running install_egg_info
[1.183s] removing '/home/yonathanarya/colcon_ws/install/turtlebot3_action/lib/python3.8/site-packages/turtlebot3_action-0.0.0-py3.8.egg-info' (and everything under it)
[1.183s] Copying ../../build/turtlebot3_action/turtlebot3_action.egg-info to /home/yonathanarya/colcon_ws/install/turtlebot3_action/lib/python3.8/site-packages/turtlebot3_action-0.0.0-py3.8.egg-info
[1.184s] running install_scripts
[1.207s] Installing turtlebot3_patrol_client script to /home/yonathanarya/colcon_ws/install/turtlebot3_action/lib/turtlebot3_action
[1.207s] Installing turtlebot3_patrol_server script to /home/yonathanarya/colcon_ws/install/turtlebot3_action/lib/turtlebot3_action
[1.207s] writing list of installed files to '/home/yonathanarya/colcon_ws/build/turtlebot3_action/install.log'
[1.235s] Invoked command in '/home/yonathanarya/colcon_ws/src/turtlebot3_action' returned '0': PYTHONPATH=/home/yonathanarya/colcon_ws/install/turtlebot3_action/lib/python3.8/site-packages:${PYTHONPATH} /usr/bin/python3 setup.py egg_info --egg-base ../../build/turtlebot3_action build --build-base /home/yonathanarya/colcon_ws/build/turtlebot3_action/build install --prefix /home/yonathanarya/colcon_ws/install/turtlebot3_action --record /home/yonathanarya/colcon_ws/build/turtlebot3_action/install.log --single-version-externally-managed
