[0.042s] Invoking command in '/home/yonathanarya/colcon_ws/build/turtlebot3_fake_node': CMAKE_PREFIX_PATH=${CMAKE_PREFIX_PATH}:/home/yonathanarya/colcon_ws/install/turtlebot3_actionserver:/home/yonathanarya/colcon_ws/install/turtlebot3_infiniteloop:/opt/ros/foxy /usr/bin/cmake --build /home/yonathanarya/colcon_ws/build/turtlebot3_fake_node -- -j8 -l8
[0.509s] [100%] Built target turtlebot3_fake_node
[0.511s] Invoked command in '/home/yonathanarya/colcon_ws/build/turtlebot3_fake_node' returned '0': CMAKE_PREFIX_PATH=${CMAKE_PREFIX_PATH}:/home/yonathanarya/colcon_ws/install/turtlebot3_actionserver:/home/yonathanarya/colcon_ws/install/turtlebot3_infiniteloop:/opt/ros/foxy /usr/bin/cmake --build /home/yonathanarya/colcon_ws/build/turtlebot3_fake_node -- -j8 -l8
[0.550s] Invoking command in '/home/yonathanarya/colcon_ws/build/turtlebot3_fake_node': CMAKE_PREFIX_PATH=${CMAKE_PREFIX_PATH}:/home/yonathanarya/colcon_ws/install/turtlebot3_actionserver:/home/yonathanarya/colcon_ws/install/turtlebot3_infiniteloop:/opt/ros/foxy /usr/bin/cmake --install /home/yonathanarya/colcon_ws/build/turtlebot3_fake_node
[0.561s] -- Install configuration: ""
[0.562s] -- Execute custom install script
[0.563s] -- Up-to-date symlink: /home/yonathanarya/colcon_ws/install/turtlebot3_fake_node/lib/turtlebot3_fake_node/turtlebot3_fake_node
[0.564s] -- Up-to-date symlink: /home/yonathanarya/colcon_ws/install/turtlebot3_fake_node/share/turtlebot3_fake_node/launch/rviz2.launch.py
[0.564s] -- Up-to-date symlink: /home/yonathanarya/colcon_ws/install/turtlebot3_fake_node/share/turtlebot3_fake_node/launch/turtlebot3_fake_node.launch.py
[0.564s] -- Up-to-date symlink: /home/yonathanarya/colcon_ws/install/turtlebot3_fake_node/share/turtlebot3_fake_node/param/burger.yaml
[0.565s] -- Up-to-date symlink: /home/yonathanarya/colcon_ws/install/turtlebot3_fake_node/share/turtlebot3_fake_node/param/waffle.yaml
[0.565s] -- Up-to-date symlink: /home/yonathanarya/colcon_ws/install/turtlebot3_fake_node/share/turtlebot3_fake_node/param/waffle_pi.yaml
[0.566s] -- Up-to-date symlink: /home/yonathanarya/colcon_ws/install/turtlebot3_fake_node/share/turtlebot3_fake_node/rviz/model.rviz
[0.566s] -- Up-to-date symlink: /home/yonathanarya/colcon_ws/install/turtlebot3_fake_node/include//turtlebot3_fake_node/turtlebot3_fake_node.hpp
[0.567s] -- Up-to-date symlink: /home/yonathanarya/colcon_ws/install/turtlebot3_fake_node/share/ament_index/resource_index/package_run_dependencies/turtlebot3_fake_node
[0.567s] -- Up-to-date symlink: /home/yonathanarya/colcon_ws/install/turtlebot3_fake_node/share/ament_index/resource_index/parent_prefix_path/turtlebot3_fake_node
[0.568s] -- Up-to-date symlink: /home/yonathanarya/colcon_ws/install/turtlebot3_fake_node/share/turtlebot3_fake_node/environment/ament_prefix_path.sh
[0.568s] -- Up-to-date symlink: /home/yonathanarya/colcon_ws/install/turtlebot3_fake_node/share/turtlebot3_fake_node/environment/ament_prefix_path.dsv
[0.568s] -- Up-to-date symlink: /home/yonathanarya/colcon_ws/install/turtlebot3_fake_node/share/turtlebot3_fake_node/environment/path.sh
[0.569s] -- Up-to-date symlink: /home/yonathanarya/colcon_ws/install/turtlebot3_fake_node/share/turtlebot3_fake_node/environment/path.dsv
[0.569s] -- Up-to-date symlink: /home/yonathanarya/colcon_ws/install/turtlebot3_fake_node/share/turtlebot3_fake_node/local_setup.bash
[0.570s] -- Up-to-date symlink: /home/yonathanarya/colcon_ws/install/turtlebot3_fake_node/share/turtlebot3_fake_node/local_setup.sh
[0.570s] -- Up-to-date symlink: /home/yonathanarya/colcon_ws/install/turtlebot3_fake_node/share/turtlebot3_fake_node/local_setup.zsh
[0.571s] -- Up-to-date symlink: /home/yonathanarya/colcon_ws/install/turtlebot3_fake_node/share/turtlebot3_fake_node/local_setup.dsv
[0.572s] -- Symlinking: /home/yonathanarya/colcon_ws/install/turtlebot3_fake_node/share/turtlebot3_fake_node/package.dsv
[0.587s] -- Up-to-date symlink: /home/yonathanarya/colcon_ws/install/turtlebot3_fake_node/share/ament_index/resource_index/packages/turtlebot3_fake_node
[0.587s] -- Up-to-date symlink: /home/yonathanarya/colcon_ws/install/turtlebot3_fake_node/share/turtlebot3_fake_node/cmake/ament_cmake_export_include_directories-extras.cmake
[0.588s] -- Up-to-date symlink: /home/yonathanarya/colcon_ws/install/turtlebot3_fake_node/share/turtlebot3_fake_node/cmake/ament_cmake_export_dependencies-extras.cmake
[0.588s] -- Up-to-date symlink: /home/yonathanarya/colcon_ws/install/turtlebot3_fake_node/share/turtlebot3_fake_node/cmake/turtlebot3_fake_nodeConfig.cmake
[0.589s] -- Up-to-date symlink: /home/yonathanarya/colcon_ws/install/turtlebot3_fake_node/share/turtlebot3_fake_node/cmake/turtlebot3_fake_nodeConfig-version.cmake
[0.589s] -- Up-to-date symlink: /home/yonathanarya/colcon_ws/install/turtlebot3_fake_node/share/turtlebot3_fake_node/package.xml
[0.595s] Invoked command in '/home/yonathanarya/colcon_ws/build/turtlebot3_fake_node' returned '0': CMAKE_PREFIX_PATH=${CMAKE_PREFIX_PATH}:/home/yonathanarya/colcon_ws/install/turtlebot3_actionserver:/home/yonathanarya/colcon_ws/install/turtlebot3_infiniteloop:/opt/ros/foxy /usr/bin/cmake --install /home/yonathanarya/colcon_ws/build/turtlebot3_fake_node
