[2.720s] Invoking command in '/home/yonathanarya/colcon_ws/src/turtlebot3_infiniteloop': PYTHONPATH=/home/yonathanarya/colcon_ws/install/turtlebot3_infiniteloop/lib/python3.8/site-packages:${PYTHONPATH} /usr/bin/python3 setup.py egg_info --egg-base ../../build/turtlebot3_infiniteloop build --build-base /home/yonathanarya/colcon_ws/build/turtlebot3_infiniteloop/build install --prefix /home/yonathanarya/colcon_ws/install/turtlebot3_infiniteloop --record /home/yonathanarya/colcon_ws/build/turtlebot3_infiniteloop/install.log --single-version-externally-managed
[5.133s] running egg_info
[5.140s] writing ../../build/turtlebot3_infiniteloop/turtlebot3_infiniteloop.egg-info/PKG-INFO
[5.141s] writing dependency_links to ../../build/turtlebot3_infiniteloop/turtlebot3_infiniteloop.egg-info/dependency_links.txt
[5.141s] writing entry points to ../../build/turtlebot3_infiniteloop/turtlebot3_infiniteloop.egg-info/entry_points.txt
[5.142s] writing requirements to ../../build/turtlebot3_infiniteloop/turtlebot3_infiniteloop.egg-info/requires.txt
[5.144s] writing top-level names to ../../build/turtlebot3_infiniteloop/turtlebot3_infiniteloop.egg-info/top_level.txt
[5.384s] reading manifest file '../../build/turtlebot3_infiniteloop/turtlebot3_infiniteloop.egg-info/SOURCES.txt'
[5.392s] writing manifest file '../../build/turtlebot3_infiniteloop/turtlebot3_infiniteloop.egg-info/SOURCES.txt'
[5.395s] running build
[5.397s] running build_py
[5.399s] copying turtlebot3_infiniteloop/infinite_loop.py -> /home/yonathanarya/colcon_ws/build/turtlebot3_infiniteloop/build/lib/turtlebot3_infiniteloop
[5.400s] running install
[5.401s] running install_lib
[5.408s] copying /home/yonathanarya/colcon_ws/build/turtlebot3_infiniteloop/build/lib/turtlebot3_infiniteloop/infinite_loop.py -> /home/yonathanarya/colcon_ws/install/turtlebot3_infiniteloop/lib/python3.8/site-packages/turtlebot3_infiniteloop
[5.416s] byte-compiling /home/yonathanarya/colcon_ws/install/turtlebot3_infiniteloop/lib/python3.8/site-packages/turtlebot3_infiniteloop/infinite_loop.py to infinite_loop.cpython-38.pyc
[5.421s] running install_data
[5.425s] running install_egg_info
[5.439s] removing '/home/yonathanarya/colcon_ws/install/turtlebot3_infiniteloop/lib/python3.8/site-packages/turtlebot3_infiniteloop-1.0.0-py3.8.egg-info' (and everything under it)
[5.440s] Copying ../../build/turtlebot3_infiniteloop/turtlebot3_infiniteloop.egg-info to /home/yonathanarya/colcon_ws/install/turtlebot3_infiniteloop/lib/python3.8/site-packages/turtlebot3_infiniteloop-1.0.0-py3.8.egg-info
[5.444s] running install_scripts
[5.584s] Installing force_stop script to /home/yonathanarya/colcon_ws/install/turtlebot3_infiniteloop/lib/turtlebot3_infiniteloop
[5.584s] Installing infinite_loop script to /home/yonathanarya/colcon_ws/install/turtlebot3_infiniteloop/lib/turtlebot3_infiniteloop
[5.585s] writing list of installed files to '/home/yonathanarya/colcon_ws/build/turtlebot3_infiniteloop/install.log'
[5.814s] Invoked command in '/home/yonathanarya/colcon_ws/src/turtlebot3_infiniteloop' returned '0': PYTHONPATH=/home/yonathanarya/colcon_ws/install/turtlebot3_infiniteloop/lib/python3.8/site-packages:${PYTHONPATH} /usr/bin/python3 setup.py egg_info --egg-base ../../build/turtlebot3_infiniteloop build --build-base /home/yonathanarya/colcon_ws/build/turtlebot3_infiniteloop/build install --prefix /home/yonathanarya/colcon_ws/install/turtlebot3_infiniteloop --record /home/yonathanarya/colcon_ws/build/turtlebot3_infiniteloop/install.log --single-version-externally-managed
