[2.763s] DEBUG:colcon:Command line arguments: ['/usr/bin/colcon', 'build', '--packages-select', 'turtlebot3_infiniteloop']
[2.764s] DEBUG:colcon:Parsed command line arguments: Namespace(ament_cmake_args=None, base_paths=['.'], build_base='build', catkin_cmake_args=None, catkin_skip_building_tests=False, cmake_args=None, cmake_clean_cache=False, cmake_clean_first=False, cmake_force_configure=False, cmake_target=None, cmake_target_skip_unavailable=False, continue_on_error=False, event_handlers=None, executor='parallel', ignore_user_meta=False, install_base='install', log_base=None, log_level=None, main=<bound method BuildVerb.main of <colcon_core.verb.build.BuildVerb object at 0x7f76bfcd47c0>>, merge_install=False, metas=['./colcon.meta'], packages_above=None, packages_above_and_dependencies=None, packages_above_depth=None, packages_end=None, packages_ignore=None, packages_ignore_regex=None, packages_select=['turtlebot3_infiniteloop'], packages_select_build_failed=False, packages_select_by_dep=None, packages_select_regex=None, packages_select_test_failures=False, packages_skip=None, packages_skip_build_finished=False, packages_skip_by_dep=None, packages_skip_regex=None, packages_skip_test_passed=False, packages_skip_up_to=None, packages_start=None, packages_up_to=None, packages_up_to_regex=None, parallel_workers=8, paths=None, symlink_install=False, test_result_base=None, verb_extension=<colcon_core.verb.build.BuildVerb object at 0x7f76bfcd47c0>, verb_name='build', verb_parser=<colcon_defaults.argument_parser.defaults.DefaultArgumentsDecorator object at 0x7f76bfcd4d30>)
[2.820s] Level 1:colcon.colcon_core.package_discovery:discover_packages(colcon_meta) check parameters
[2.820s] Level 1:colcon.colcon_core.package_discovery:discover_packages(recursive) check parameters
[2.820s] Level 1:colcon.colcon_core.package_discovery:discover_packages(ignore) check parameters
[2.821s] Level 1:colcon.colcon_core.package_discovery:discover_packages(path) check parameters
[2.821s] Level 1:colcon.colcon_core.package_discovery:discover_packages(colcon_meta) discover
[2.821s] Level 1:colcon.colcon_core.package_discovery:discover_packages(recursive) discover
[2.821s] INFO:colcon.colcon_core.package_discovery:Crawling recursively for packages in '/home/yonathanarya/colcon_ws'
[2.821s] Level 1:colcon.colcon_core.package_identification:_identify(.) by extensions ['ignore', 'ignore_ament_install']
[2.822s] Level 1:colcon.colcon_core.package_identification:_identify(.) by extension 'ignore'
[2.822s] Level 1:colcon.colcon_core.package_identification:_identify(.) by extension 'ignore_ament_install'
[2.822s] Level 1:colcon.colcon_core.package_identification:_identify(.) by extensions ['colcon_pkg']
[2.822s] Level 1:colcon.colcon_core.package_identification:_identify(.) by extension 'colcon_pkg'
[2.822s] Level 1:colcon.colcon_core.package_identification:_identify(.) by extensions ['colcon_meta']
[2.822s] Level 1:colcon.colcon_core.package_identification:_identify(.) by extension 'colcon_meta'
[2.822s] Level 1:colcon.colcon_core.package_identification:_identify(.) by extensions ['ros']
[2.823s] Level 1:colcon.colcon_core.package_identification:_identify(.) by extension 'ros'
[2.889s] Level 1:colcon.colcon_core.package_identification:_identify(.) by extensions ['cmake', 'python']
[2.890s] Level 1:colcon.colcon_core.package_identification:_identify(.) by extension 'cmake'
[2.890s] Level 1:colcon.colcon_core.package_identification:_identify(.) by extension 'python'
[2.890s] Level 1:colcon.colcon_core.package_identification:_identify(.) by extensions ['python_setup_py']
[2.890s] Level 1:colcon.colcon_core.package_identification:_identify(.) by extension 'python_setup_py'
[2.891s] Level 1:colcon.colcon_core.package_identification:_identify(build) by extensions ['ignore', 'ignore_ament_install']
[2.892s] Level 1:colcon.colcon_core.package_identification:_identify(build) by extension 'ignore'
[2.892s] Level 1:colcon.colcon_core.package_identification:_identify(build) ignored
[2.893s] Level 1:colcon.colcon_core.package_identification:_identify(install) by extensions ['ignore', 'ignore_ament_install']
[2.893s] Level 1:colcon.colcon_core.package_identification:_identify(install) by extension 'ignore'
[2.893s] Level 1:colcon.colcon_core.package_identification:_identify(install) ignored
[2.893s] Level 1:colcon.colcon_core.package_identification:_identify(log) by extensions ['ignore', 'ignore_ament_install']
[2.894s] Level 1:colcon.colcon_core.package_identification:_identify(log) by extension 'ignore'
[2.894s] Level 1:colcon.colcon_core.package_identification:_identify(log) ignored
[2.894s] Level 1:colcon.colcon_core.package_identification:_identify(src) by extensions ['ignore', 'ignore_ament_install']
[2.894s] Level 1:colcon.colcon_core.package_identification:_identify(src) by extension 'ignore'
[2.895s] Level 1:colcon.colcon_core.package_identification:_identify(src) by extension 'ignore_ament_install'
[2.896s] Level 1:colcon.colcon_core.package_identification:_identify(src) by extensions ['colcon_pkg']
[2.897s] Level 1:colcon.colcon_core.package_identification:_identify(src) by extension 'colcon_pkg'
[2.899s] Level 1:colcon.colcon_core.package_identification:_identify(src) by extensions ['colcon_meta']
[2.900s] Level 1:colcon.colcon_core.package_identification:_identify(src) by extension 'colcon_meta'
[2.901s] Level 1:colcon.colcon_core.package_identification:_identify(src) by extensions ['ros']
[2.902s] Level 1:colcon.colcon_core.package_identification:_identify(src) by extension 'ros'
[2.904s] Level 1:colcon.colcon_core.package_identification:_identify(src) by extensions ['cmake', 'python']
[2.905s] Level 1:colcon.colcon_core.package_identification:_identify(src) by extension 'cmake'
[2.905s] Level 1:colcon.colcon_core.package_identification:_identify(src) by extension 'python'
[2.906s] Level 1:colcon.colcon_core.package_identification:_identify(src) by extensions ['python_setup_py']
[2.907s] Level 1:colcon.colcon_core.package_identification:_identify(src) by extension 'python_setup_py'
[2.909s] Level 1:colcon.colcon_core.package_identification:_identify(src/turtlebot3_infiniteloop) by extensions ['ignore', 'ignore_ament_install']
[2.911s] Level 1:colcon.colcon_core.package_identification:_identify(src/turtlebot3_infiniteloop) by extension 'ignore'
[2.912s] Level 1:colcon.colcon_core.package_identification:_identify(src/turtlebot3_infiniteloop) by extension 'ignore_ament_install'
[2.912s] Level 1:colcon.colcon_core.package_identification:_identify(src/turtlebot3_infiniteloop) by extensions ['colcon_pkg']
[2.912s] Level 1:colcon.colcon_core.package_identification:_identify(src/turtlebot3_infiniteloop) by extension 'colcon_pkg'
[2.912s] Level 1:colcon.colcon_core.package_identification:_identify(src/turtlebot3_infiniteloop) by extensions ['colcon_meta']
[2.912s] Level 1:colcon.colcon_core.package_identification:_identify(src/turtlebot3_infiniteloop) by extension 'colcon_meta'
[2.913s] Level 1:colcon.colcon_core.package_identification:_identify(src/turtlebot3_infiniteloop) by extensions ['ros']
[2.913s] Level 1:colcon.colcon_core.package_identification:_identify(src/turtlebot3_infiniteloop) by extension 'ros'
[2.930s] DEBUG:colcon.colcon_core.package_identification:Package 'src/turtlebot3_infiniteloop' with type 'ros.ament_python' and name 'turtlebot3_infiniteloop'
[2.930s] Level 1:colcon.colcon_core.package_identification:_identify(src/turtlebot3_simulations) by extensions ['ignore', 'ignore_ament_install']
[2.931s] Level 1:colcon.colcon_core.package_identification:_identify(src/turtlebot3_simulations) by extension 'ignore'
[2.931s] Level 1:colcon.colcon_core.package_identification:_identify(src/turtlebot3_simulations) by extension 'ignore_ament_install'
[2.931s] Level 1:colcon.colcon_core.package_identification:_identify(src/turtlebot3_simulations) by extensions ['colcon_pkg']
[2.931s] Level 1:colcon.colcon_core.package_identification:_identify(src/turtlebot3_simulations) by extension 'colcon_pkg'
[2.931s] Level 1:colcon.colcon_core.package_identification:_identify(src/turtlebot3_simulations) by extensions ['colcon_meta']
[2.932s] Level 1:colcon.colcon_core.package_identification:_identify(src/turtlebot3_simulations) by extension 'colcon_meta'
[2.932s] Level 1:colcon.colcon_core.package_identification:_identify(src/turtlebot3_simulations) by extensions ['ros']
[2.932s] Level 1:colcon.colcon_core.package_identification:_identify(src/turtlebot3_simulations) by extension 'ros'
[2.932s] Level 1:colcon.colcon_core.package_identification:_identify(src/turtlebot3_simulations) by extensions ['cmake', 'python']
[2.932s] Level 1:colcon.colcon_core.package_identification:_identify(src/turtlebot3_simulations) by extension 'cmake'
[2.932s] Level 1:colcon.colcon_core.package_identification:_identify(src/turtlebot3_simulations) by extension 'python'
[2.933s] Level 1:colcon.colcon_core.package_identification:_identify(src/turtlebot3_simulations) by extensions ['python_setup_py']
[2.933s] Level 1:colcon.colcon_core.package_identification:_identify(src/turtlebot3_simulations) by extension 'python_setup_py'
[2.933s] Level 1:colcon.colcon_core.package_identification:_identify(src/turtlebot3_simulations/turtlebot3_fake_node) by extensions ['ignore', 'ignore_ament_install']
[2.934s] Level 1:colcon.colcon_core.package_identification:_identify(src/turtlebot3_simulations/turtlebot3_fake_node) by extension 'ignore'
[2.935s] Level 1:colcon.colcon_core.package_identification:_identify(src/turtlebot3_simulations/turtlebot3_fake_node) by extension 'ignore_ament_install'
[2.937s] Level 1:colcon.colcon_core.package_identification:_identify(src/turtlebot3_simulations/turtlebot3_fake_node) by extensions ['colcon_pkg']
[2.939s] Level 1:colcon.colcon_core.package_identification:_identify(src/turtlebot3_simulations/turtlebot3_fake_node) by extension 'colcon_pkg'
[2.940s] Level 1:colcon.colcon_core.package_identification:_identify(src/turtlebot3_simulations/turtlebot3_fake_node) by extensions ['colcon_meta']
[2.941s] Level 1:colcon.colcon_core.package_identification:_identify(src/turtlebot3_simulations/turtlebot3_fake_node) by extension 'colcon_meta'
[2.942s] Level 1:colcon.colcon_core.package_identification:_identify(src/turtlebot3_simulations/turtlebot3_fake_node) by extensions ['ros']
[2.943s] Level 1:colcon.colcon_core.package_identification:_identify(src/turtlebot3_simulations/turtlebot3_fake_node) by extension 'ros'
[2.951s] DEBUG:colcon.colcon_core.package_identification:Package 'src/turtlebot3_simulations/turtlebot3_fake_node' with type 'ros.ament_cmake' and name 'turtlebot3_fake_node'
[2.951s] Level 1:colcon.colcon_core.package_identification:_identify(src/turtlebot3_simulations/turtlebot3_gazebo) by extensions ['ignore', 'ignore_ament_install']
[2.952s] Level 1:colcon.colcon_core.package_identification:_identify(src/turtlebot3_simulations/turtlebot3_gazebo) by extension 'ignore'
[2.952s] Level 1:colcon.colcon_core.package_identification:_identify(src/turtlebot3_simulations/turtlebot3_gazebo) by extension 'ignore_ament_install'
[2.952s] Level 1:colcon.colcon_core.package_identification:_identify(src/turtlebot3_simulations/turtlebot3_gazebo) by extensions ['colcon_pkg']
[2.952s] Level 1:colcon.colcon_core.package_identification:_identify(src/turtlebot3_simulations/turtlebot3_gazebo) by extension 'colcon_pkg'
[2.952s] Level 1:colcon.colcon_core.package_identification:_identify(src/turtlebot3_simulations/turtlebot3_gazebo) by extensions ['colcon_meta']
[2.952s] Level 1:colcon.colcon_core.package_identification:_identify(src/turtlebot3_simulations/turtlebot3_gazebo) by extension 'colcon_meta'
[2.953s] Level 1:colcon.colcon_core.package_identification:_identify(src/turtlebot3_simulations/turtlebot3_gazebo) by extensions ['ros']
[2.953s] Level 1:colcon.colcon_core.package_identification:_identify(src/turtlebot3_simulations/turtlebot3_gazebo) by extension 'ros'
[2.963s] DEBUG:colcon.colcon_core.package_identification:Package 'src/turtlebot3_simulations/turtlebot3_gazebo' with type 'ros.ament_cmake' and name 'turtlebot3_gazebo'
[2.964s] Level 1:colcon.colcon_core.package_identification:_identify(src/turtlebot3_simulations/turtlebot3_simulations) by extensions ['ignore', 'ignore_ament_install']
[2.964s] Level 1:colcon.colcon_core.package_identification:_identify(src/turtlebot3_simulations/turtlebot3_simulations) by extension 'ignore'
[2.965s] Level 1:colcon.colcon_core.package_identification:_identify(src/turtlebot3_simulations/turtlebot3_simulations) by extension 'ignore_ament_install'
[2.967s] Level 1:colcon.colcon_core.package_identification:_identify(src/turtlebot3_simulations/turtlebot3_simulations) by extensions ['colcon_pkg']
[2.968s] Level 1:colcon.colcon_core.package_identification:_identify(src/turtlebot3_simulations/turtlebot3_simulations) by extension 'colcon_pkg'
[2.969s] Level 1:colcon.colcon_core.package_identification:_identify(src/turtlebot3_simulations/turtlebot3_simulations) by extensions ['colcon_meta']
[2.970s] Level 1:colcon.colcon_core.package_identification:_identify(src/turtlebot3_simulations/turtlebot3_simulations) by extension 'colcon_meta'
[2.970s] Level 1:colcon.colcon_core.package_identification:_identify(src/turtlebot3_simulations/turtlebot3_simulations) by extensions ['ros']
[2.970s] Level 1:colcon.colcon_core.package_identification:_identify(src/turtlebot3_simulations/turtlebot3_simulations) by extension 'ros'
[2.971s] DEBUG:colcon.colcon_core.package_identification:Package 'src/turtlebot3_simulations/turtlebot3_simulations' with type 'ros.ament_cmake' and name 'turtlebot3_simulations'
[2.971s] Level 1:colcon.colcon_core.package_discovery:discover_packages(recursive) using defaults
[2.972s] Level 1:colcon.colcon_core.package_discovery:discover_packages(ignore) discover
[2.972s] Level 1:colcon.colcon_core.package_discovery:discover_packages(ignore) using defaults
[2.972s] Level 1:colcon.colcon_core.package_discovery:discover_packages(path) discover
[2.972s] Level 1:colcon.colcon_core.package_discovery:discover_packages(path) using defaults
[3.084s] INFO:colcon.colcon_core.package_selection:Skipping not selected package 'turtlebot3_fake_node' in 'src/turtlebot3_simulations/turtlebot3_fake_node'
[3.084s] INFO:colcon.colcon_core.package_selection:Skipping not selected package 'turtlebot3_gazebo' in 'src/turtlebot3_simulations/turtlebot3_gazebo'
[3.084s] INFO:colcon.colcon_core.package_selection:Skipping not selected package 'turtlebot3_simulations' in 'src/turtlebot3_simulations/turtlebot3_simulations'
[3.107s] Level 5:colcon.colcon_core.verb:set package 'turtlebot3_infiniteloop' build argument 'cmake_args' from command line to 'None'
[3.108s] Level 5:colcon.colcon_core.verb:set package 'turtlebot3_infiniteloop' build argument 'cmake_target' from command line to 'None'
[3.109s] Level 5:colcon.colcon_core.verb:set package 'turtlebot3_infiniteloop' build argument 'cmake_target_skip_unavailable' from command line to 'False'
[3.110s] Level 5:colcon.colcon_core.verb:set package 'turtlebot3_infiniteloop' build argument 'cmake_clean_cache' from command line to 'False'
[3.110s] Level 5:colcon.colcon_core.verb:set package 'turtlebot3_infiniteloop' build argument 'cmake_clean_first' from command line to 'False'
[3.111s] Level 5:colcon.colcon_core.verb:set package 'turtlebot3_infiniteloop' build argument 'cmake_force_configure' from command line to 'False'
[3.112s] Level 5:colcon.colcon_core.verb:set package 'turtlebot3_infiniteloop' build argument 'ament_cmake_args' from command line to 'None'
[3.112s] Level 5:colcon.colcon_core.verb:set package 'turtlebot3_infiniteloop' build argument 'catkin_cmake_args' from command line to 'None'
[3.112s] Level 5:colcon.colcon_core.verb:set package 'turtlebot3_infiniteloop' build argument 'catkin_skip_building_tests' from command line to 'False'
[3.113s] DEBUG:colcon.colcon_core.verb:Building package 'turtlebot3_infiniteloop' with the following arguments: {'ament_cmake_args': None, 'build_base': '/home/yonathanarya/colcon_ws/build/turtlebot3_infiniteloop', 'catkin_cmake_args': None, 'catkin_skip_building_tests': False, 'cmake_args': None, 'cmake_clean_cache': False, 'cmake_clean_first': False, 'cmake_force_configure': False, 'cmake_target': None, 'cmake_target_skip_unavailable': False, 'install_base': '/home/yonathanarya/colcon_ws/install/turtlebot3_infiniteloop', 'merge_install': False, 'path': '/home/yonathanarya/colcon_ws/src/turtlebot3_infiniteloop', 'symlink_install': False, 'test_result_base': None}
[3.114s] INFO:colcon.colcon_core.executor:Executing jobs using 'parallel' executor
[3.139s] DEBUG:colcon.colcon_parallel_executor.executor.parallel:run_until_complete
[3.144s] INFO:colcon.colcon_ros.task.ament_python.build:Building ROS package in '/home/yonathanarya/colcon_ws/src/turtlebot3_infiniteloop' with build type 'ament_python'
[3.146s] Level 1:colcon.colcon_core.shell:create_environment_hook('turtlebot3_infiniteloop', 'ament_prefix_path')
[3.183s] INFO:colcon.colcon_core.plugin_system:Skipping extension 'colcon_core.shell.bat': Not used on non-Windows systems
[3.184s] INFO:colcon.colcon_core.shell:Creating environment hook '/home/yonathanarya/colcon_ws/install/turtlebot3_infiniteloop/share/turtlebot3_infiniteloop/hook/ament_prefix_path.ps1'
[3.190s] INFO:colcon.colcon_core.shell:Creating environment descriptor '/home/yonathanarya/colcon_ws/install/turtlebot3_infiniteloop/share/turtlebot3_infiniteloop/hook/ament_prefix_path.dsv'
[3.196s] INFO:colcon.colcon_core.shell:Creating environment hook '/home/yonathanarya/colcon_ws/install/turtlebot3_infiniteloop/share/turtlebot3_infiniteloop/hook/ament_prefix_path.sh'
[3.207s] INFO:colcon.colcon_core.shell:Skip shell extension 'powershell' for command environment: Not usable outside of PowerShell
[3.208s] DEBUG:colcon.colcon_core.shell:Skip shell extension 'dsv' for command environment
[3.232s] DEBUG:colcon.colcon_core.shell:Ignoring prefix path '/opt/ros/foxy'
[4.940s] INFO:colcon.colcon_core.task.python.build:Building Python package in '/home/yonathanarya/colcon_ws/src/turtlebot3_infiniteloop'
[4.947s] INFO:colcon.colcon_core.shell:Skip shell extension 'powershell' for command environment: Not usable outside of PowerShell
[4.948s] DEBUG:colcon.colcon_core.shell:Skip shell extension 'dsv' for command environment
[4.957s] DEBUG:colcon.colcon_core.shell:Ignoring prefix path '/opt/ros/foxy'
[4.989s] DEBUG:colcon.colcon_core.event_handler.log_command:Invoking command in '/home/yonathanarya/colcon_ws/src/turtlebot3_infiniteloop': PYTHONPATH=/home/yonathanarya/colcon_ws/install/turtlebot3_infiniteloop/lib/python3.8/site-packages:${PYTHONPATH} /usr/bin/python3 setup.py egg_info --egg-base ../../build/turtlebot3_infiniteloop build --build-base /home/yonathanarya/colcon_ws/build/turtlebot3_infiniteloop/build install --prefix /home/yonathanarya/colcon_ws/install/turtlebot3_infiniteloop --record /home/yonathanarya/colcon_ws/build/turtlebot3_infiniteloop/install.log --single-version-externally-managed
[6.768s] DEBUG:colcon.colcon_core.event_handler.log_command:Invoked command in '/home/yonathanarya/colcon_ws/src/turtlebot3_infiniteloop' returned '0': PYTHONPATH=/home/yonathanarya/colcon_ws/install/turtlebot3_infiniteloop/lib/python3.8/site-packages:${PYTHONPATH} /usr/bin/python3 setup.py egg_info --egg-base ../../build/turtlebot3_infiniteloop build --build-base /home/yonathanarya/colcon_ws/build/turtlebot3_infiniteloop/build install --prefix /home/yonathanarya/colcon_ws/install/turtlebot3_infiniteloop --record /home/yonathanarya/colcon_ws/build/turtlebot3_infiniteloop/install.log --single-version-externally-managed
[6.785s] Level 1:colcon.colcon_core.environment:checking '/home/yonathanarya/colcon_ws/install/turtlebot3_infiniteloop' for CMake module files
[6.790s] Level 1:colcon.colcon_core.environment:checking '/home/yonathanarya/colcon_ws/install/turtlebot3_infiniteloop' for CMake config files
[6.798s] Level 1:colcon.colcon_core.environment:checking '/home/yonathanarya/colcon_ws/install/turtlebot3_infiniteloop/lib'
[6.798s] Level 1:colcon.colcon_core.environment:checking '/home/yonathanarya/colcon_ws/install/turtlebot3_infiniteloop/bin'
[6.799s] Level 1:colcon.colcon_core.environment:checking '/home/yonathanarya/colcon_ws/install/turtlebot3_infiniteloop/lib/pkgconfig/turtlebot3_infiniteloop.pc'
[6.799s] Level 1:colcon.colcon_core.environment:checking '/home/yonathanarya/colcon_ws/install/turtlebot3_infiniteloop/lib/python3.8/site-packages'
[6.799s] Level 1:colcon.colcon_core.shell:create_environment_hook('turtlebot3_infiniteloop', 'pythonpath')
[6.800s] INFO:colcon.colcon_core.shell:Creating environment hook '/home/yonathanarya/colcon_ws/install/turtlebot3_infiniteloop/share/turtlebot3_infiniteloop/hook/pythonpath.ps1'
[6.802s] INFO:colcon.colcon_core.shell:Creating environment descriptor '/home/yonathanarya/colcon_ws/install/turtlebot3_infiniteloop/share/turtlebot3_infiniteloop/hook/pythonpath.dsv'
[6.807s] INFO:colcon.colcon_core.shell:Creating environment hook '/home/yonathanarya/colcon_ws/install/turtlebot3_infiniteloop/share/turtlebot3_infiniteloop/hook/pythonpath.sh'
[6.814s] Level 1:colcon.colcon_core.environment:create_environment_scripts_only(turtlebot3_infiniteloop)
[6.816s] INFO:colcon.colcon_core.shell:Creating package script '/home/yonathanarya/colcon_ws/install/turtlebot3_infiniteloop/share/turtlebot3_infiniteloop/package.ps1'
[6.818s] INFO:colcon.colcon_core.shell:Creating package descriptor '/home/yonathanarya/colcon_ws/install/turtlebot3_infiniteloop/share/turtlebot3_infiniteloop/package.dsv'
[6.820s] INFO:colcon.colcon_core.shell:Creating package script '/home/yonathanarya/colcon_ws/install/turtlebot3_infiniteloop/share/turtlebot3_infiniteloop/package.sh'
[6.830s] INFO:colcon.colcon_core.shell:Creating package script '/home/yonathanarya/colcon_ws/install/turtlebot3_infiniteloop/share/turtlebot3_infiniteloop/package.bash'
[6.836s] INFO:colcon.colcon_core.shell:Creating package script '/home/yonathanarya/colcon_ws/install/turtlebot3_infiniteloop/share/turtlebot3_infiniteloop/package.zsh'
[6.839s] Level 1:colcon.colcon_core.environment:create_file_with_runtime_dependencies(/home/yonathanarya/colcon_ws/install/turtlebot3_infiniteloop/share/colcon-core/packages/turtlebot3_infiniteloop)
[6.842s] DEBUG:colcon.colcon_parallel_executor.executor.parallel:closing loop
[6.847s] DEBUG:colcon.colcon_parallel_executor.executor.parallel:loop closed
[6.849s] DEBUG:colcon.colcon_parallel_executor.executor.parallel:run_until_complete finished with '0'
[6.851s] DEBUG:colcon.colcon_core.event_reactor:joining thread
[6.898s] INFO:colcon.colcon_core.plugin_system:Skipping extension 'colcon_notification.desktop_notification.terminal_notifier': Not used on non-Darwin systems
[6.898s] INFO:colcon.colcon_core.plugin_system:Skipping extension 'colcon_notification.desktop_notification.win32': Not used on non-Windows systems
[6.898s] INFO:colcon.colcon_notification.desktop_notification:Sending desktop notification using 'notify2'
[6.992s] DEBUG:colcon.colcon_core.event_reactor:joined thread
[6.994s] INFO:colcon.colcon_core.shell:Creating prefix script '/home/yonathanarya/colcon_ws/install/local_setup.ps1'
[7.001s] INFO:colcon.colcon_core.shell:Creating prefix util module '/home/yonathanarya/colcon_ws/install/_local_setup_util_ps1.py'
[7.007s] INFO:colcon.colcon_core.shell:Creating prefix chain script '/home/yonathanarya/colcon_ws/install/setup.ps1'
[7.022s] INFO:colcon.colcon_core.shell:Creating prefix script '/home/yonathanarya/colcon_ws/install/local_setup.sh'
[7.025s] INFO:colcon.colcon_core.shell:Creating prefix util module '/home/yonathanarya/colcon_ws/install/_local_setup_util_sh.py'
[7.026s] INFO:colcon.colcon_core.shell:Creating prefix chain script '/home/yonathanarya/colcon_ws/install/setup.sh'
[7.041s] INFO:colcon.colcon_core.shell:Creating prefix script '/home/yonathanarya/colcon_ws/install/local_setup.bash'
[7.042s] INFO:colcon.colcon_core.shell:Creating prefix chain script '/home/yonathanarya/colcon_ws/install/setup.bash'
[7.066s] INFO:colcon.colcon_core.shell:Creating prefix script '/home/yonathanarya/colcon_ws/install/local_setup.zsh'
[7.074s] INFO:colcon.colcon_core.shell:Creating prefix chain script '/home/yonathanarya/colcon_ws/install/setup.zsh'
