[0.056s] Invoking command in '/home/yonathanarya/colcon_ws/build/turtlebot3_gazebo': CMAKE_PREFIX_PATH=${CMAKE_PREFIX_PATH}:/home/yonathanarya/colcon_ws/install/turtlebot3_infiniteloop:/home/yonathanarya/colcon_ws/install/turtlebot3_actionserver:/home/yonathanarya/colcon_ws/install/turtlebot3_action:/opt/ros/foxy /usr/bin/cmake /home/yonathanarya/colcon_ws/src/turtlebot3_simulations/turtlebot3_gazebo -DAMENT_CMAKE_SYMLINK_INSTALL=1 -DCMAKE_INSTALL_PREFIX=/home/yonathanarya/colcon_ws/install/turtlebot3_gazebo
[1.317s] -- Found ament_cmake: 0.9.9 (/opt/ros/foxy/share/ament_cmake/cmake)
[1.317s] -- Using PYTHON_EXECUTABLE: /usr/bin/python3
[1.317s] -- Override CMake install command with custom implementation using symlinks instead of copying resources
[1.317s] -- Found DART: /usr/include (Required is at least version "6.6") found components: dart 
[1.317s] -- Found Protobuf: /usr/lib/x86_64-linux-gnu/libprotobuf.so;-lpthread (found version "3.6.1") 
[1.318s] -- Looking for ignition-math6 -- found version 6.9.2
[1.318s] -- Searching for dependencies of ignition-math6
[1.318s] -- Looking for OGRE...
[1.318s] -- Found Ogre Ghadamon (1.9.0)
[1.318s] -- Found OGRE: optimized;/usr/lib/x86_64-linux-gnu/libOgreMain.so;debug;/usr/lib/x86_64-linux-gnu/libOgreMain.so
[1.318s] -- Looking for OGRE_Paging...
[1.319s] -- Found OGRE_Paging: optimized;/usr/lib/x86_64-linux-gnu/libOgrePaging.so;debug;/usr/lib/x86_64-linux-gnu/libOgrePaging.so
[1.319s] -- Looking for OGRE_Terrain...
[1.319s] -- Found OGRE_Terrain: optimized;/usr/lib/x86_64-linux-gnu/libOgreTerrain.so;debug;/usr/lib/x86_64-linux-gnu/libOgreTerrain.so
[1.319s] -- Looking for OGRE_Property...
[1.319s] -- Found OGRE_Property: optimized;/usr/lib/x86_64-linux-gnu/libOgreProperty.so;debug;/usr/lib/x86_64-linux-gnu/libOgreProperty.so
[1.320s] -- Looking for OGRE_RTShaderSystem...
[1.320s] -- Found OGRE_RTShaderSystem: optimized;/usr/lib/x86_64-linux-gnu/libOgreRTShaderSystem.so;debug;/usr/lib/x86_64-linux-gnu/libOgreRTShaderSystem.so
[1.320s] -- Looking for OGRE_Volume...
[1.320s] -- Found OGRE_Volume: optimized;/usr/lib/x86_64-linux-gnu/libOgreVolume.so;debug;/usr/lib/x86_64-linux-gnu/libOgreVolume.so
[1.321s] -- Looking for OGRE_Overlay...
[1.321s] -- Found OGRE_Overlay: optimized;/usr/lib/x86_64-linux-gnu/libOgreOverlay.so;debug;/usr/lib/x86_64-linux-gnu/libOgreOverlay.so
[1.321s] -- Looking for ignition-math6 -- found version 6.9.2
[1.321s] -- Looking for ignition-transport8 -- found version 8.2.1
[1.322s] -- Searching for dependencies of ignition-transport8
[1.322s] -- Found Protobuf: /usr/lib/x86_64-linux-gnu/libprotobuf.so;-lpthread (found suitable version "3.6.1", minimum required is "3") 
[1.322s] -- Config-file not installed for ZeroMQ -- checking for pkg-config
[1.322s] -- Checking for module 'libzmq >= 4'
[1.323s] --   Found libzmq , version 4.3.2
[1.325s] -- Checking for module 'uuid'
[1.325s] --   Found uuid, version 2.34.0
[1.325s] -- Looking for ignition-msgs5 -- found version 5.8.1
[1.326s] -- Searching for dependencies of ignition-msgs5
[1.336s] -- Looking for ignition-math6 -- found version 6.9.2
[1.338s] -- Checking for module 'tinyxml2'
[1.370s] --   Found tinyxml2, version 6.2.0
[1.453s] -- Looking for ignition-msgs5 -- found version 5.8.1
[1.455s] -- Looking for ignition-common3 -- found version 3.14.0
[1.457s] -- Searching for dependencies of ignition-common3
[1.457s] -- Looking for dlfcn.h - found
[1.458s] -- Looking for libdl - found
[1.489s] -- Searching for <ignition-common3> component [graphics]
[1.489s] -- Looking for ignition-common3-graphics -- found version 3.14.0
[1.489s] -- Searching for dependencies of ignition-common3-graphics
[1.489s] -- Looking for ignition-math6 -- found version 6.9.2
[1.489s] -- Looking for ignition-fuel_tools4 -- found version 4.4.0
[1.489s] -- Searching for dependencies of ignition-fuel_tools4
[1.544s] -- Checking for module 'jsoncpp'
[1.576s] --   Found jsoncpp, version 1.7.4
[1.639s] -- Checking for module 'libzip'
[1.661s] --   Found libzip, version 1.5.1
[1.716s] -- Looking for ignition-common3 -- found version 3.14.0
[1.717s] -- Looking for ignition-math6 -- found version 6.9.2
[1.717s] -- Looking for ignition-msgs5 -- found version 5.8.1
[1.721s] -- Found gazebo_ros_pkgs: 3.5.3 (/opt/ros/foxy/share/gazebo_ros_pkgs/cmake)
[1.721s] -- Found geometry_msgs: 2.0.4 (/opt/ros/foxy/share/geometry_msgs/cmake)
[1.755s] -- Using all available rosidl_typesupport_c: rosidl_typesupport_fastrtps_c;rosidl_typesupport_introspection_c
[1.762s] -- Found rosidl_adapter: 1.2.1 (/opt/ros/foxy/share/rosidl_adapter/cmake)
[2.000s] -- Using all available rosidl_typesupport_cpp: rosidl_typesupport_fastrtps_cpp;rosidl_typesupport_introspection_cpp
[2.221s] -- Found nav_msgs: 2.0.4 (/opt/ros/foxy/share/nav_msgs/cmake)
[2.365s] -- Found rclcpp: 2.4.0 (/opt/ros/foxy/share/rclcpp/cmake)
[2.441s] -- Found rmw_implementation_cmake: 1.0.3 (/opt/ros/foxy/share/rmw_implementation_cmake/cmake)
[2.445s] -- Using RMW implementation 'rmw_fastrtps_cpp' as default
[2.666s] -- Found sensor_msgs: 2.0.4 (/opt/ros/foxy/share/sensor_msgs/cmake)
[2.817s] -- Found tf2: 0.13.12 (/opt/ros/foxy/share/tf2/cmake)
[2.919s] -- Configuring done
[2.982s] -- Generating done
[2.985s] -- Build files have been written to: /home/yonathanarya/colcon_ws/build/turtlebot3_gazebo
[2.996s] Invoked command in '/home/yonathanarya/colcon_ws/build/turtlebot3_gazebo' returned '0': CMAKE_PREFIX_PATH=${CMAKE_PREFIX_PATH}:/home/yonathanarya/colcon_ws/install/turtlebot3_infiniteloop:/home/yonathanarya/colcon_ws/install/turtlebot3_actionserver:/home/yonathanarya/colcon_ws/install/turtlebot3_action:/opt/ros/foxy /usr/bin/cmake /home/yonathanarya/colcon_ws/src/turtlebot3_simulations/turtlebot3_gazebo -DAMENT_CMAKE_SYMLINK_INSTALL=1 -DCMAKE_INSTALL_PREFIX=/home/yonathanarya/colcon_ws/install/turtlebot3_gazebo
[3.000s] Invoking command in '/home/yonathanarya/colcon_ws/build/turtlebot3_gazebo': CMAKE_PREFIX_PATH=${CMAKE_PREFIX_PATH}:/home/yonathanarya/colcon_ws/install/turtlebot3_infiniteloop:/home/yonathanarya/colcon_ws/install/turtlebot3_actionserver:/home/yonathanarya/colcon_ws/install/turtlebot3_action:/opt/ros/foxy /usr/bin/cmake --build /home/yonathanarya/colcon_ws/build/turtlebot3_gazebo -- -j8 -l8
[3.080s] [ 25%] Built target turtlebot3_drive
[3.094s] [ 50%] Built target obstacles
[3.101s] [ 75%] Built target obstacle1
[3.104s] [100%] Built target obstacle2
[3.117s] Invoked command in '/home/yonathanarya/colcon_ws/build/turtlebot3_gazebo' returned '0': CMAKE_PREFIX_PATH=${CMAKE_PREFIX_PATH}:/home/yonathanarya/colcon_ws/install/turtlebot3_infiniteloop:/home/yonathanarya/colcon_ws/install/turtlebot3_actionserver:/home/yonathanarya/colcon_ws/install/turtlebot3_action:/opt/ros/foxy /usr/bin/cmake --build /home/yonathanarya/colcon_ws/build/turtlebot3_gazebo -- -j8 -l8
[3.154s] Invoking command in '/home/yonathanarya/colcon_ws/build/turtlebot3_gazebo': CMAKE_PREFIX_PATH=${CMAKE_PREFIX_PATH}:/home/yonathanarya/colcon_ws/install/turtlebot3_infiniteloop:/home/yonathanarya/colcon_ws/install/turtlebot3_actionserver:/home/yonathanarya/colcon_ws/install/turtlebot3_action:/opt/ros/foxy /usr/bin/cmake --install /home/yonathanarya/colcon_ws/build/turtlebot3_gazebo
[3.163s] -- Install configuration: ""
[3.164s] -- Execute custom install script
[3.164s] -- Up-to-date symlink: /home/yonathanarya/colcon_ws/install/turtlebot3_gazebo/lib/turtlebot3_gazebo/turtlebot3_drive
[3.165s] -- Up-to-date symlink: /home/yonathanarya/colcon_ws/install/turtlebot3_gazebo/share/turtlebot3_gazebo//launch/empty_world.launch.py
[3.165s] -- Up-to-date symlink: /home/yonathanarya/colcon_ws/install/turtlebot3_gazebo/share/turtlebot3_gazebo//launch/robot_state_publisher.launch.py
[3.165s] -- Up-to-date symlink: /home/yonathanarya/colcon_ws/install/turtlebot3_gazebo/share/turtlebot3_gazebo//launch/turtlebot3_autorace.launch.py
[3.166s] -- Up-to-date symlink: /home/yonathanarya/colcon_ws/install/turtlebot3_gazebo/share/turtlebot3_gazebo//launch/turtlebot3_dqn_stage1.launch.py
[3.166s] -- Up-to-date symlink: /home/yonathanarya/colcon_ws/install/turtlebot3_gazebo/share/turtlebot3_gazebo//launch/turtlebot3_dqn_stage2.launch.py
[3.166s] -- Up-to-date symlink: /home/yonathanarya/colcon_ws/install/turtlebot3_gazebo/share/turtlebot3_gazebo//launch/turtlebot3_dqn_stage3.launch.py
[3.166s] -- Up-to-date symlink: /home/yonathanarya/colcon_ws/install/turtlebot3_gazebo/share/turtlebot3_gazebo//launch/turtlebot3_dqn_stage4.launch.py
[3.166s] -- Up-to-date symlink: /home/yonathanarya/colcon_ws/install/turtlebot3_gazebo/share/turtlebot3_gazebo//launch/turtlebot3_house.launch.py
[3.167s] -- Up-to-date symlink: /home/yonathanarya/colcon_ws/install/turtlebot3_gazebo/share/turtlebot3_gazebo//launch/turtlebot3_world.launch.py
[3.168s] -- Up-to-date symlink: /home/yonathanarya/colcon_ws/install/turtlebot3_gazebo/share/turtlebot3_gazebo//models/turtlebot3_autorace/course/materials/scripts/course.material
[3.169s] -- Up-to-date symlink: /home/yonathanarya/colcon_ws/install/turtlebot3_gazebo/share/turtlebot3_gazebo//models/turtlebot3_autorace/course/materials/textures/course.png
[3.169s] -- Up-to-date symlink: /home/yonathanarya/colcon_ws/install/turtlebot3_gazebo/share/turtlebot3_gazebo//models/turtlebot3_autorace/course/model.config
[3.169s] -- Up-to-date symlink: /home/yonathanarya/colcon_ws/install/turtlebot3_gazebo/share/turtlebot3_gazebo//models/turtlebot3_autorace/course/model.sdf
[3.170s] -- Up-to-date symlink: /home/yonathanarya/colcon_ws/install/turtlebot3_gazebo/share/turtlebot3_gazebo//models/turtlebot3_autorace/ground/model.config
[3.170s] -- Up-to-date symlink: /home/yonathanarya/colcon_ws/install/turtlebot3_gazebo/share/turtlebot3_gazebo//models/turtlebot3_autorace/ground/model.sdf
[3.170s] -- Up-to-date symlink: /home/yonathanarya/colcon_ws/install/turtlebot3_gazebo/share/turtlebot3_gazebo//models/turtlebot3_autorace/lights/model.config
[3.170s] -- Up-to-date symlink: /home/yonathanarya/colcon_ws/install/turtlebot3_gazebo/share/turtlebot3_gazebo//models/turtlebot3_autorace/lights/model.sdf
[3.170s] -- Up-to-date symlink: /home/yonathanarya/colcon_ws/install/turtlebot3_gazebo/share/turtlebot3_gazebo//models/turtlebot3_autorace/model.config
[3.171s] -- Up-to-date symlink: /home/yonathanarya/colcon_ws/install/turtlebot3_gazebo/share/turtlebot3_gazebo//models/turtlebot3_autorace/traffic_bar_down/materials/scripts/traffic_bar.material
[3.171s] -- Up-to-date symlink: /home/yonathanarya/colcon_ws/install/turtlebot3_gazebo/share/turtlebot3_gazebo//models/turtlebot3_autorace/traffic_bar_down/materials/textures/traffic_bar.png
[3.171s] -- Up-to-date symlink: /home/yonathanarya/colcon_ws/install/turtlebot3_gazebo/share/turtlebot3_gazebo//models/turtlebot3_autorace/traffic_bar_down/model.config
[3.171s] -- Up-to-date symlink: /home/yonathanarya/colcon_ws/install/turtlebot3_gazebo/share/turtlebot3_gazebo//models/turtlebot3_autorace/traffic_bar_down/model.sdf
[3.172s] -- Up-to-date symlink: /home/yonathanarya/colcon_ws/install/turtlebot3_gazebo/share/turtlebot3_gazebo//models/turtlebot3_autorace/traffic_bar_up/materials/scripts/traffic_bar.material
[3.172s] -- Up-to-date symlink: /home/yonathanarya/colcon_ws/install/turtlebot3_gazebo/share/turtlebot3_gazebo//models/turtlebot3_autorace/traffic_bar_up/materials/textures/traffic_bar.png
[3.172s] -- Up-to-date symlink: /home/yonathanarya/colcon_ws/install/turtlebot3_gazebo/share/turtlebot3_gazebo//models/turtlebot3_autorace/traffic_bar_up/model.config
[3.172s] -- Up-to-date symlink: /home/yonathanarya/colcon_ws/install/turtlebot3_gazebo/share/turtlebot3_gazebo//models/turtlebot3_autorace/traffic_bar_up/model.sdf
[3.173s] -- Up-to-date symlink: /home/yonathanarya/colcon_ws/install/turtlebot3_gazebo/share/turtlebot3_gazebo//models/turtlebot3_autorace/traffic_light_green/model.config
[3.173s] -- Up-to-date symlink: /home/yonathanarya/colcon_ws/install/turtlebot3_gazebo/share/turtlebot3_gazebo//models/turtlebot3_autorace/traffic_light_green/model.sdf
[3.173s] -- Up-to-date symlink: /home/yonathanarya/colcon_ws/install/turtlebot3_gazebo/share/turtlebot3_gazebo//models/turtlebot3_autorace/traffic_light_red/model.config
[3.173s] -- Up-to-date symlink: /home/yonathanarya/colcon_ws/install/turtlebot3_gazebo/share/turtlebot3_gazebo//models/turtlebot3_autorace/traffic_light_red/model.sdf
[3.174s] -- Up-to-date symlink: /home/yonathanarya/colcon_ws/install/turtlebot3_gazebo/share/turtlebot3_gazebo//models/turtlebot3_autorace/traffic_light_yellow/model.config
[3.174s] -- Up-to-date symlink: /home/yonathanarya/colcon_ws/install/turtlebot3_gazebo/share/turtlebot3_gazebo//models/turtlebot3_autorace/traffic_light_yellow/model.sdf
[3.174s] -- Up-to-date symlink: /home/yonathanarya/colcon_ws/install/turtlebot3_gazebo/share/turtlebot3_gazebo//models/turtlebot3_autorace/traffic_parking/materials/scripts/traffic_parking.material
[3.174s] -- Up-to-date symlink: /home/yonathanarya/colcon_ws/install/turtlebot3_gazebo/share/turtlebot3_gazebo//models/turtlebot3_autorace/traffic_parking/materials/textures/traffic_parking.png
[3.175s] -- Up-to-date symlink: /home/yonathanarya/colcon_ws/install/turtlebot3_gazebo/share/turtlebot3_gazebo//models/turtlebot3_autorace/traffic_parking/model.config
[3.175s] -- Up-to-date symlink: /home/yonathanarya/colcon_ws/install/turtlebot3_gazebo/share/turtlebot3_gazebo//models/turtlebot3_autorace/traffic_parking/model.sdf
[3.175s] -- Up-to-date symlink: /home/yonathanarya/colcon_ws/install/turtlebot3_gazebo/share/turtlebot3_gazebo//models/turtlebot3_autorace/traffic_stop/materials/scripts/traffic_stop.material
[3.175s] -- Up-to-date symlink: /home/yonathanarya/colcon_ws/install/turtlebot3_gazebo/share/turtlebot3_gazebo//models/turtlebot3_autorace/traffic_stop/materials/textures/traffic_stop.png
[3.176s] -- Up-to-date symlink: /home/yonathanarya/colcon_ws/install/turtlebot3_gazebo/share/turtlebot3_gazebo//models/turtlebot3_autorace/traffic_stop/model.config
[3.176s] -- Up-to-date symlink: /home/yonathanarya/colcon_ws/install/turtlebot3_gazebo/share/turtlebot3_gazebo//models/turtlebot3_autorace/traffic_stop/model.sdf
[3.176s] -- Up-to-date symlink: /home/yonathanarya/colcon_ws/install/turtlebot3_gazebo/share/turtlebot3_gazebo//models/turtlebot3_autorace/traffic_tunnel/materials/scripts/tunnel.material
[3.177s] -- Up-to-date symlink: /home/yonathanarya/colcon_ws/install/turtlebot3_gazebo/share/turtlebot3_gazebo//models/turtlebot3_autorace/traffic_tunnel/materials/textures/tunnel.png
[3.177s] -- Up-to-date symlink: /home/yonathanarya/colcon_ws/install/turtlebot3_gazebo/share/turtlebot3_gazebo//models/turtlebot3_autorace/traffic_tunnel/model.config
[3.177s] -- Up-to-date symlink: /home/yonathanarya/colcon_ws/install/turtlebot3_gazebo/share/turtlebot3_gazebo//models/turtlebot3_autorace/traffic_tunnel/model.sdf
[3.177s] -- Up-to-date symlink: /home/yonathanarya/colcon_ws/install/turtlebot3_gazebo/share/turtlebot3_gazebo//models/turtlebot3_autorace/tunnel_obstacles/model.config
[3.178s] -- Up-to-date symlink: /home/yonathanarya/colcon_ws/install/turtlebot3_gazebo/share/turtlebot3_gazebo//models/turtlebot3_autorace/tunnel_obstacles/model.sdf
[3.178s] -- Up-to-date symlink: /home/yonathanarya/colcon_ws/install/turtlebot3_gazebo/share/turtlebot3_gazebo//models/turtlebot3_autorace/tunnel_wall/model.config
[3.178s] -- Up-to-date symlink: /home/yonathanarya/colcon_ws/install/turtlebot3_gazebo/share/turtlebot3_gazebo//models/turtlebot3_autorace/tunnel_wall/model.sdf
[3.178s] -- Up-to-date symlink: /home/yonathanarya/colcon_ws/install/turtlebot3_gazebo/share/turtlebot3_gazebo//models/turtlebot3_burger/meshes/burger_base.dae
[3.179s] -- Up-to-date symlink: /home/yonathanarya/colcon_ws/install/turtlebot3_gazebo/share/turtlebot3_gazebo//models/turtlebot3_burger/meshes/lds.dae
[3.179s] -- Up-to-date symlink: /home/yonathanarya/colcon_ws/install/turtlebot3_gazebo/share/turtlebot3_gazebo//models/turtlebot3_burger/meshes/tire.dae
[3.179s] -- Up-to-date symlink: /home/yonathanarya/colcon_ws/install/turtlebot3_gazebo/share/turtlebot3_gazebo//models/turtlebot3_burger/model-1_4.sdf
[3.179s] -- Up-to-date symlink: /home/yonathanarya/colcon_ws/install/turtlebot3_gazebo/share/turtlebot3_gazebo//models/turtlebot3_burger/model.config
[3.180s] -- Up-to-date symlink: /home/yonathanarya/colcon_ws/install/turtlebot3_gazebo/share/turtlebot3_gazebo//models/turtlebot3_burger/model.sdf
[3.180s] -- Up-to-date symlink: /home/yonathanarya/colcon_ws/install/turtlebot3_gazebo/share/turtlebot3_gazebo//models/turtlebot3_dqn_world/goal_box/model.config
[3.180s] -- Up-to-date symlink: /home/yonathanarya/colcon_ws/install/turtlebot3_gazebo/share/turtlebot3_gazebo//models/turtlebot3_dqn_world/goal_box/model.sdf
[3.180s] -- Up-to-date symlink: /home/yonathanarya/colcon_ws/install/turtlebot3_gazebo/share/turtlebot3_gazebo//models/turtlebot3_dqn_world/inner_walls/model.config
[3.181s] -- Up-to-date symlink: /home/yonathanarya/colcon_ws/install/turtlebot3_gazebo/share/turtlebot3_gazebo//models/turtlebot3_dqn_world/inner_walls/model.sdf
[3.181s] -- Up-to-date symlink: /home/yonathanarya/colcon_ws/install/turtlebot3_gazebo/share/turtlebot3_gazebo//models/turtlebot3_dqn_world/model.config
[3.181s] -- Up-to-date symlink: /home/yonathanarya/colcon_ws/install/turtlebot3_gazebo/share/turtlebot3_gazebo//models/turtlebot3_dqn_world/model.sdf
[3.181s] -- Up-to-date symlink: /home/yonathanarya/colcon_ws/install/turtlebot3_gazebo/share/turtlebot3_gazebo//models/turtlebot3_dqn_world/obstacle1/model.config
[3.182s] -- Up-to-date symlink: /home/yonathanarya/colcon_ws/install/turtlebot3_gazebo/share/turtlebot3_gazebo//models/turtlebot3_dqn_world/obstacle1/model.sdf
[3.182s] -- Up-to-date symlink: /home/yonathanarya/colcon_ws/install/turtlebot3_gazebo/share/turtlebot3_gazebo//models/turtlebot3_dqn_world/obstacle2/model.config
[3.182s] -- Up-to-date symlink: /home/yonathanarya/colcon_ws/install/turtlebot3_gazebo/share/turtlebot3_gazebo//models/turtlebot3_dqn_world/obstacle2/model.sdf
[3.182s] -- Up-to-date symlink: /home/yonathanarya/colcon_ws/install/turtlebot3_gazebo/share/turtlebot3_gazebo//models/turtlebot3_dqn_world/obstacle_plugin/CMakeLists.txt
[3.183s] -- Up-to-date symlink: /home/yonathanarya/colcon_ws/install/turtlebot3_gazebo/share/turtlebot3_gazebo//models/turtlebot3_dqn_world/obstacle_plugin/obstacle1.cc
[3.183s] -- Up-to-date symlink: /home/yonathanarya/colcon_ws/install/turtlebot3_gazebo/share/turtlebot3_gazebo//models/turtlebot3_dqn_world/obstacle_plugin/obstacle2.cc
[3.183s] -- Up-to-date symlink: /home/yonathanarya/colcon_ws/install/turtlebot3_gazebo/share/turtlebot3_gazebo//models/turtlebot3_dqn_world/obstacle_plugin/obstacles.cc
[3.183s] -- Up-to-date symlink: /home/yonathanarya/colcon_ws/install/turtlebot3_gazebo/share/turtlebot3_gazebo//models/turtlebot3_dqn_world/obstacles/model.config
[3.184s] -- Up-to-date symlink: /home/yonathanarya/colcon_ws/install/turtlebot3_gazebo/share/turtlebot3_gazebo//models/turtlebot3_dqn_world/obstacles/model.sdf
[3.184s] -- Up-to-date symlink: /home/yonathanarya/colcon_ws/install/turtlebot3_gazebo/share/turtlebot3_gazebo//models/turtlebot3_house/model.config
[3.184s] -- Up-to-date symlink: /home/yonathanarya/colcon_ws/install/turtlebot3_gazebo/share/turtlebot3_gazebo//models/turtlebot3_house/model.sdf
[3.184s] -- Up-to-date symlink: /home/yonathanarya/colcon_ws/install/turtlebot3_gazebo/share/turtlebot3_gazebo//models/turtlebot3_waffle/meshes/lds.dae
[3.184s] -- Up-to-date symlink: /home/yonathanarya/colcon_ws/install/turtlebot3_gazebo/share/turtlebot3_gazebo//models/turtlebot3_waffle/meshes/r200.dae
[3.185s] -- Up-to-date symlink: /home/yonathanarya/colcon_ws/install/turtlebot3_gazebo/share/turtlebot3_gazebo//models/turtlebot3_waffle/meshes/tire.dae
[3.185s] -- Up-to-date symlink: /home/yonathanarya/colcon_ws/install/turtlebot3_gazebo/share/turtlebot3_gazebo//models/turtlebot3_waffle/meshes/waffle_base.dae
[3.185s] -- Up-to-date symlink: /home/yonathanarya/colcon_ws/install/turtlebot3_gazebo/share/turtlebot3_gazebo//models/turtlebot3_waffle/model-1_4.sdf
[3.185s] -- Up-to-date symlink: /home/yonathanarya/colcon_ws/install/turtlebot3_gazebo/share/turtlebot3_gazebo//models/turtlebot3_waffle/model.config
[3.185s] -- Up-to-date symlink: /home/yonathanarya/colcon_ws/install/turtlebot3_gazebo/share/turtlebot3_gazebo//models/turtlebot3_waffle/model.sdf
[3.186s] -- Up-to-date symlink: /home/yonathanarya/colcon_ws/install/turtlebot3_gazebo/share/turtlebot3_gazebo//models/turtlebot3_waffle_pi/meshes/lds.dae
[3.186s] -- Up-to-date symlink: /home/yonathanarya/colcon_ws/install/turtlebot3_gazebo/share/turtlebot3_gazebo//models/turtlebot3_waffle_pi/meshes/tire.dae
[3.186s] -- Up-to-date symlink: /home/yonathanarya/colcon_ws/install/turtlebot3_gazebo/share/turtlebot3_gazebo//models/turtlebot3_waffle_pi/meshes/waffle_pi_base.dae
[3.186s] -- Up-to-date symlink: /home/yonathanarya/colcon_ws/install/turtlebot3_gazebo/share/turtlebot3_gazebo//models/turtlebot3_waffle_pi/model-1_4_.sdf
[3.187s] -- Up-to-date symlink: /home/yonathanarya/colcon_ws/install/turtlebot3_gazebo/share/turtlebot3_gazebo//models/turtlebot3_waffle_pi/model.config
[3.187s] -- Up-to-date symlink: /home/yonathanarya/colcon_ws/install/turtlebot3_gazebo/share/turtlebot3_gazebo//models/turtlebot3_waffle_pi/model.sdf
[3.187s] -- Up-to-date symlink: /home/yonathanarya/colcon_ws/install/turtlebot3_gazebo/share/turtlebot3_gazebo//models/turtlebot3_world/meshes/hexagon.dae
[3.187s] -- Up-to-date symlink: /home/yonathanarya/colcon_ws/install/turtlebot3_gazebo/share/turtlebot3_gazebo//models/turtlebot3_world/meshes/wall.dae
[3.187s] -- Up-to-date symlink: /home/yonathanarya/colcon_ws/install/turtlebot3_gazebo/share/turtlebot3_gazebo//models/turtlebot3_world/model-1_4.sdf
[3.188s] -- Up-to-date symlink: /home/yonathanarya/colcon_ws/install/turtlebot3_gazebo/share/turtlebot3_gazebo//models/turtlebot3_world/model.config
[3.188s] -- Up-to-date symlink: /home/yonathanarya/colcon_ws/install/turtlebot3_gazebo/share/turtlebot3_gazebo//models/turtlebot3_world/model.sdf
[3.188s] -- Up-to-date symlink: /home/yonathanarya/colcon_ws/install/turtlebot3_gazebo/share/turtlebot3_gazebo//rviz/tb3_gazebo.rviz
[3.189s] -- Up-to-date symlink: /home/yonathanarya/colcon_ws/install/turtlebot3_gazebo/share/turtlebot3_gazebo//worlds/empty_worlds/burger.model
[3.189s] -- Up-to-date symlink: /home/yonathanarya/colcon_ws/install/turtlebot3_gazebo/share/turtlebot3_gazebo//worlds/empty_worlds/waffle.model
[3.189s] -- Up-to-date symlink: /home/yonathanarya/colcon_ws/install/turtlebot3_gazebo/share/turtlebot3_gazebo//worlds/empty_worlds/waffle_pi.model
[3.190s] -- Up-to-date symlink: /home/yonathanarya/colcon_ws/install/turtlebot3_gazebo/share/turtlebot3_gazebo//worlds/turtlebot3_autoraces/burger.model
[3.190s] -- Up-to-date symlink: /home/yonathanarya/colcon_ws/install/turtlebot3_gazebo/share/turtlebot3_gazebo//worlds/turtlebot3_autoraces/waffle.model
[3.190s] -- Up-to-date symlink: /home/yonathanarya/colcon_ws/install/turtlebot3_gazebo/share/turtlebot3_gazebo//worlds/turtlebot3_autoraces/waffle_pi.model
[3.190s] -- Up-to-date symlink: /home/yonathanarya/colcon_ws/install/turtlebot3_gazebo/share/turtlebot3_gazebo//worlds/turtlebot3_dqn_stage1/burger.model
[3.191s] -- Up-to-date symlink: /home/yonathanarya/colcon_ws/install/turtlebot3_gazebo/share/turtlebot3_gazebo//worlds/turtlebot3_dqn_stage1/waffle.model
[3.191s] -- Up-to-date symlink: /home/yonathanarya/colcon_ws/install/turtlebot3_gazebo/share/turtlebot3_gazebo//worlds/turtlebot3_dqn_stage1/waffle_pi.model
[3.191s] -- Up-to-date symlink: /home/yonathanarya/colcon_ws/install/turtlebot3_gazebo/share/turtlebot3_gazebo//worlds/turtlebot3_dqn_stage2/burger.model
[3.191s] -- Up-to-date symlink: /home/yonathanarya/colcon_ws/install/turtlebot3_gazebo/share/turtlebot3_gazebo//worlds/turtlebot3_dqn_stage2/waffle.model
[3.191s] -- Up-to-date symlink: /home/yonathanarya/colcon_ws/install/turtlebot3_gazebo/share/turtlebot3_gazebo//worlds/turtlebot3_dqn_stage2/waffle_pi.model
[3.192s] -- Up-to-date symlink: /home/yonathanarya/colcon_ws/install/turtlebot3_gazebo/share/turtlebot3_gazebo//worlds/turtlebot3_dqn_stage3/burger.model
[3.192s] -- Up-to-date symlink: /home/yonathanarya/colcon_ws/install/turtlebot3_gazebo/share/turtlebot3_gazebo//worlds/turtlebot3_dqn_stage3/waffle.model
[3.192s] -- Up-to-date symlink: /home/yonathanarya/colcon_ws/install/turtlebot3_gazebo/share/turtlebot3_gazebo//worlds/turtlebot3_dqn_stage3/waffle_pi.model
[3.192s] -- Up-to-date symlink: /home/yonathanarya/colcon_ws/install/turtlebot3_gazebo/share/turtlebot3_gazebo//worlds/turtlebot3_dqn_stage4/burger.model
[3.192s] -- Up-to-date symlink: /home/yonathanarya/colcon_ws/install/turtlebot3_gazebo/share/turtlebot3_gazebo//worlds/turtlebot3_dqn_stage4/waffle.model
[3.193s] -- Up-to-date symlink: /home/yonathanarya/colcon_ws/install/turtlebot3_gazebo/share/turtlebot3_gazebo//worlds/turtlebot3_dqn_stage4/waffle_pi.model
[3.193s] -- Up-to-date symlink: /home/yonathanarya/colcon_ws/install/turtlebot3_gazebo/share/turtlebot3_gazebo//worlds/turtlebot3_houses/burger.model
[3.193s] -- Up-to-date symlink: /home/yonathanarya/colcon_ws/install/turtlebot3_gazebo/share/turtlebot3_gazebo//worlds/turtlebot3_houses/waffle.model
[3.194s] -- Up-to-date symlink: /home/yonathanarya/colcon_ws/install/turtlebot3_gazebo/share/turtlebot3_gazebo//worlds/turtlebot3_houses/waffle_pi.model
[3.194s] -- Up-to-date symlink: /home/yonathanarya/colcon_ws/install/turtlebot3_gazebo/share/turtlebot3_gazebo//worlds/turtlebot3_worlds/burger.model
[3.194s] -- Up-to-date symlink: /home/yonathanarya/colcon_ws/install/turtlebot3_gazebo/share/turtlebot3_gazebo//worlds/turtlebot3_worlds/waffle.model
[3.194s] -- Up-to-date symlink: /home/yonathanarya/colcon_ws/install/turtlebot3_gazebo/share/turtlebot3_gazebo//worlds/turtlebot3_worlds/waffle_pi.model
[3.195s] -- Up-to-date symlink: /home/yonathanarya/colcon_ws/install/turtlebot3_gazebo/include//turtlebot3_gazebo/turtlebot3_drive.hpp
[3.195s] -- Up-to-date symlink: /home/yonathanarya/colcon_ws/install/turtlebot3_gazebo/share/ament_index/resource_index/package_run_dependencies/turtlebot3_gazebo
[3.195s] -- Up-to-date symlink: /home/yonathanarya/colcon_ws/install/turtlebot3_gazebo/share/ament_index/resource_index/parent_prefix_path/turtlebot3_gazebo
[3.196s] -- Up-to-date symlink: /home/yonathanarya/colcon_ws/install/turtlebot3_gazebo/share/turtlebot3_gazebo/environment/ament_prefix_path.sh
[3.196s] -- Up-to-date symlink: /home/yonathanarya/colcon_ws/install/turtlebot3_gazebo/share/turtlebot3_gazebo/environment/ament_prefix_path.dsv
[3.196s] -- Up-to-date symlink: /home/yonathanarya/colcon_ws/install/turtlebot3_gazebo/share/turtlebot3_gazebo/environment/path.sh
[3.197s] -- Up-to-date symlink: /home/yonathanarya/colcon_ws/install/turtlebot3_gazebo/share/turtlebot3_gazebo/environment/path.dsv
[3.197s] -- Up-to-date symlink: /home/yonathanarya/colcon_ws/install/turtlebot3_gazebo/share/turtlebot3_gazebo/local_setup.bash
[3.197s] -- Up-to-date symlink: /home/yonathanarya/colcon_ws/install/turtlebot3_gazebo/share/turtlebot3_gazebo/local_setup.sh
[3.198s] -- Up-to-date symlink: /home/yonathanarya/colcon_ws/install/turtlebot3_gazebo/share/turtlebot3_gazebo/local_setup.zsh
[3.198s] -- Up-to-date symlink: /home/yonathanarya/colcon_ws/install/turtlebot3_gazebo/share/turtlebot3_gazebo/local_setup.dsv
[3.198s] -- Symlinking: /home/yonathanarya/colcon_ws/install/turtlebot3_gazebo/share/turtlebot3_gazebo/package.dsv
[3.209s] -- Up-to-date symlink: /home/yonathanarya/colcon_ws/install/turtlebot3_gazebo/share/ament_index/resource_index/packages/turtlebot3_gazebo
[3.209s] -- Up-to-date symlink: /home/yonathanarya/colcon_ws/install/turtlebot3_gazebo/share/turtlebot3_gazebo/cmake/ament_cmake_export_include_directories-extras.cmake
[3.210s] -- Up-to-date symlink: /home/yonathanarya/colcon_ws/install/turtlebot3_gazebo/share/turtlebot3_gazebo/cmake/ament_cmake_export_dependencies-extras.cmake
[3.210s] -- Up-to-date symlink: /home/yonathanarya/colcon_ws/install/turtlebot3_gazebo/share/turtlebot3_gazebo/cmake/turtlebot3_gazeboConfig.cmake
[3.210s] -- Up-to-date symlink: /home/yonathanarya/colcon_ws/install/turtlebot3_gazebo/share/turtlebot3_gazebo/cmake/turtlebot3_gazeboConfig-version.cmake
[3.211s] -- Up-to-date symlink: /home/yonathanarya/colcon_ws/install/turtlebot3_gazebo/share/turtlebot3_gazebo/package.xml
[3.215s] Invoked command in '/home/yonathanarya/colcon_ws/build/turtlebot3_gazebo' returned '0': CMAKE_PREFIX_PATH=${CMAKE_PREFIX_PATH}:/home/yonathanarya/colcon_ws/install/turtlebot3_infiniteloop:/home/yonathanarya/colcon_ws/install/turtlebot3_actionserver:/home/yonathanarya/colcon_ws/install/turtlebot3_action:/opt/ros/foxy /usr/bin/cmake --install /home/yonathanarya/colcon_ws/build/turtlebot3_gazebo
