-- Install configuration: ""
-- Execute custom install script
-- Up-to-date symlink: /home/yonathanarya/colcon_ws/install/raspimouse_description/share/raspimouse_description//launch/config/urdf.rviz
-- Up-to-date symlink: /home/yonathanarya/colcon_ws/install/raspimouse_description/share/raspimouse_description//launch/display.launch.py
-- Up-to-date symlink: /home/yonathanarya/colcon_ws/install/raspimouse_description/share/raspimouse_description//meshes/dae/body/RasPiMouse_TopPlate.dae
-- Up-to-date symlink: /home/yonathanarya/colcon_ws/install/raspimouse_description/share/raspimouse_description//meshes/dae/body/RasPiMouse_body-TopPlate-URG.dae
-- Up-to-date symlink: /home/yonathanarya/colcon_ws/install/raspimouse_description/share/raspimouse_description//meshes/dae/body/RasPiMouse_body-TopPlate.dae
-- Up-to-date symlink: /home/yonathanarya/colcon_ws/install/raspimouse_description/share/raspimouse_description//meshes/dae/body/RasPiMouse_body.dae
-- Up-to-date symlink: /home/yonathanarya/colcon_ws/install/raspimouse_description/share/raspimouse_description//meshes/dae/sensor/URG.dae
-- Up-to-date symlink: /home/yonathanarya/colcon_ws/install/raspimouse_description/share/raspimouse_description//meshes/dae/sensor/URG_center.dae
-- Up-to-date symlink: /home/yonathanarya/colcon_ws/install/raspimouse_description/share/raspimouse_description//meshes/dae/wheel/RasPiMouse_wheel.dae
-- Up-to-date symlink: /home/yonathanarya/colcon_ws/install/raspimouse_description/share/raspimouse_description//meshes/stl/RasPiMouse_TopPlate.stl
-- Up-to-date symlink: /home/yonathanarya/colcon_ws/install/raspimouse_description/share/raspimouse_description//meshes/stl/RasPiMouse_base-metric.stl
-- Up-to-date symlink: /home/yonathanarya/colcon_ws/install/raspimouse_description/share/raspimouse_description//meshes/stl/RasPiMouse_sensor-metric.stl
-- Up-to-date symlink: /home/yonathanarya/colcon_ws/install/raspimouse_description/share/raspimouse_description//meshes/stl/RasPiMouse_wheel-metric.stl
-- Up-to-date symlink: /home/yonathanarya/colcon_ws/install/raspimouse_description/share/raspimouse_description//meshes/stl/RasPiMouse_wheel-mm.stl
-- Up-to-date symlink: /home/yonathanarya/colcon_ws/install/raspimouse_description/share/raspimouse_description//meshes/stl/URG-04LX-UG01.stl
-- Up-to-date symlink: /home/yonathanarya/colcon_ws/install/raspimouse_description/share/raspimouse_description//meshes/stl/color/RasPiMouse_body_black.stl
-- Up-to-date symlink: /home/yonathanarya/colcon_ws/install/raspimouse_description/share/raspimouse_description//meshes/stl/color/RasPiMouse_body_gray.stl
-- Up-to-date symlink: /home/yonathanarya/colcon_ws/install/raspimouse_description/share/raspimouse_description//meshes/stl/color/RasPiMouse_body_green.stl
-- Up-to-date symlink: /home/yonathanarya/colcon_ws/install/raspimouse_description/share/raspimouse_description//meshes/stl/color/RasPiMouse_body_red.stl
-- Up-to-date symlink: /home/yonathanarya/colcon_ws/install/raspimouse_description/share/raspimouse_description//meshes/stl/color/RasPiMouse_wheel_black.stl
-- Up-to-date symlink: /home/yonathanarya/colcon_ws/install/raspimouse_description/share/raspimouse_description//meshes/stl/color/RasPiMouse_wheel_gray.stl
-- Up-to-date symlink: /home/yonathanarya/colcon_ws/install/raspimouse_description/share/raspimouse_description//urdf/body/body.urdf.xacro
-- Up-to-date symlink: /home/yonathanarya/colcon_ws/install/raspimouse_description/share/raspimouse_description//urdf/common.xacro
-- Up-to-date symlink: /home/yonathanarya/colcon_ws/install/raspimouse_description/share/raspimouse_description//urdf/raspimouse.urdf.xacro
-- Up-to-date symlink: /home/yonathanarya/colcon_ws/install/raspimouse_description/share/raspimouse_description//urdf/sensors/lightsens.gazebo.xacro
-- Up-to-date symlink: /home/yonathanarya/colcon_ws/install/raspimouse_description/share/raspimouse_description//urdf/sensors/lightsens.urdf.xacro
-- Up-to-date symlink: /home/yonathanarya/colcon_ws/install/raspimouse_description/share/raspimouse_description//urdf/sensors/lrf.gazebo.xacro
-- Up-to-date symlink: /home/yonathanarya/colcon_ws/install/raspimouse_description/share/raspimouse_description//urdf/sensors/lrf.urdf.xacro
-- Up-to-date symlink: /home/yonathanarya/colcon_ws/install/raspimouse_description/share/raspimouse_description//urdf/wheel/diffdrive.gazebo.xacro
-- Up-to-date symlink: /home/yonathanarya/colcon_ws/install/raspimouse_description/share/raspimouse_description//urdf/wheel/wheel.urdf.xacro
-- Up-to-date symlink: /home/yonathanarya/colcon_ws/install/raspimouse_description/share/ament_index/resource_index/package_run_dependencies/raspimouse_description
-- Up-to-date symlink: /home/yonathanarya/colcon_ws/install/raspimouse_description/share/ament_index/resource_index/parent_prefix_path/raspimouse_description
-- Up-to-date symlink: /home/yonathanarya/colcon_ws/install/raspimouse_description/share/raspimouse_description/environment/ament_prefix_path.sh
-- Up-to-date symlink: /home/yonathanarya/colcon_ws/install/raspimouse_description/share/raspimouse_description/environment/ament_prefix_path.dsv
-- Up-to-date symlink: /home/yonathanarya/colcon_ws/install/raspimouse_description/share/raspimouse_description/environment/path.sh
-- Up-to-date symlink: /home/yonathanarya/colcon_ws/install/raspimouse_description/share/raspimouse_description/environment/path.dsv
-- Up-to-date symlink: /home/yonathanarya/colcon_ws/install/raspimouse_description/share/raspimouse_description/local_setup.bash
-- Up-to-date symlink: /home/yonathanarya/colcon_ws/install/raspimouse_description/share/raspimouse_description/local_setup.sh
-- Up-to-date symlink: /home/yonathanarya/colcon_ws/install/raspimouse_description/share/raspimouse_description/local_setup.zsh
-- Up-to-date symlink: /home/yonathanarya/colcon_ws/install/raspimouse_description/share/raspimouse_description/local_setup.dsv
-- Symlinking: /home/yonathanarya/colcon_ws/install/raspimouse_description/share/raspimouse_description/package.dsv
-- Up-to-date symlink: /home/yonathanarya/colcon_ws/install/raspimouse_description/share/ament_index/resource_index/packages/raspimouse_description
-- Up-to-date symlink: /home/yonathanarya/colcon_ws/install/raspimouse_description/share/raspimouse_description/cmake/raspimouse_descriptionConfig.cmake
-- Up-to-date symlink: /home/yonathanarya/colcon_ws/install/raspimouse_description/share/raspimouse_description/cmake/raspimouse_descriptionConfig-version.cmake
-- Up-to-date symlink: /home/yonathanarya/colcon_ws/install/raspimouse_description/share/raspimouse_description/package.xml
