running egg_info
creating ../../build/turtlebot3_actionserver/turtlebot3_actionserver.egg-info
writing ../../build/turtlebot3_actionserver/turtlebot3_actionserver.egg-info/PKG-INFO
writing dependency_links to ../../build/turtlebot3_actionserver/turtlebot3_actionserver.egg-info/dependency_links.txt
writing entry points to ../../build/turtlebot3_actionserver/turtlebot3_actionserver.egg-info/entry_points.txt
writing requirements to ../../build/turtlebot3_actionserver/turtlebot3_actionserver.egg-info/requires.txt
writing top-level names to ../../build/turtlebot3_actionserver/turtlebot3_actionserver.egg-info/top_level.txt
writing manifest file '../../build/turtlebot3_actionserver/turtlebot3_actionserver.egg-info/SOURCES.txt'
reading manifest file '../../build/turtlebot3_actionserver/turtlebot3_actionserver.egg-info/SOURCES.txt'
writing manifest file '../../build/turtlebot3_actionserver/turtlebot3_actionserver.egg-info/SOURCES.txt'
running build
running build_py
creating /home/yonathanarya/colcon_ws/build/turtlebot3_actionserver/build
creating /home/yonathanarya/colcon_ws/build/turtlebot3_actionserver/build/lib
creating /home/yonathanarya/colcon_ws/build/turtlebot3_actionserver/build/lib/turtlebot3_actionserver
copying turtlebot3_actionserver/__init__.py -> /home/yonathanarya/colcon_ws/build/turtlebot3_actionserver/build/lib/turtlebot3_actionserver
running install
running install_lib
creating /home/yonathanarya/colcon_ws/install/turtlebot3_actionserver/lib/python3.8/site-packages/turtlebot3_actionserver
copying /home/yonathanarya/colcon_ws/build/turtlebot3_actionserver/build/lib/turtlebot3_actionserver/__init__.py -> /home/yonathanarya/colcon_ws/install/turtlebot3_actionserver/lib/python3.8/site-packages/turtlebot3_actionserver
byte-compiling /home/yonathanarya/colcon_ws/install/turtlebot3_actionserver/lib/python3.8/site-packages/turtlebot3_actionserver/__init__.py to __init__.cpython-38.pyc
running install_data
creating /home/yonathanarya/colcon_ws/install/turtlebot3_actionserver/share/ament_index
creating /home/yonathanarya/colcon_ws/install/turtlebot3_actionserver/share/ament_index/resource_index
creating /home/yonathanarya/colcon_ws/install/turtlebot3_actionserver/share/ament_index/resource_index/packages
copying resource/turtlebot3_actionserver -> /home/yonathanarya/colcon_ws/install/turtlebot3_actionserver/share/ament_index/resource_index/packages
copying package.xml -> /home/yonathanarya/colcon_ws/install/turtlebot3_actionserver/share/turtlebot3_actionserver
running install_egg_info
Copying ../../build/turtlebot3_actionserver/turtlebot3_actionserver.egg-info to /home/yonathanarya/colcon_ws/install/turtlebot3_actionserver/lib/python3.8/site-packages/turtlebot3_actionserver-0.0.0-py3.8.egg-info
running install_scripts
writing list of installed files to '/home/yonathanarya/colcon_ws/build/turtlebot3_actionserver/install.log'
