[2.675s] DEBUG:colcon:Command line arguments: ['/usr/bin/colcon', 'build', '--packages-select', 'turtlebot3_infiniteloop']
[2.676s] DEBUG:colcon:Parsed command line arguments: Namespace(ament_cmake_args=None, base_paths=['.'], build_base='build', catkin_cmake_args=None, catkin_skip_building_tests=False, cmake_args=None, cmake_clean_cache=False, cmake_clean_first=False, cmake_force_configure=False, cmake_target=None, cmake_target_skip_unavailable=False, continue_on_error=False, event_handlers=None, executor='parallel', ignore_user_meta=False, install_base='install', log_base=None, log_level=None, main=<bound method BuildVerb.main of <colcon_core.verb.build.BuildVerb object at 0x7faf44ae26d0>>, merge_install=False, metas=['./colcon.meta'], packages_above=None, packages_above_and_dependencies=None, packages_above_depth=None, packages_end=None, packages_ignore=None, packages_ignore_regex=None, packages_select=['turtlebot3_infiniteloop'], packages_select_build_failed=False, packages_select_by_dep=None, packages_select_regex=None, packages_select_test_failures=False, packages_skip=None, packages_skip_build_finished=False, packages_skip_by_dep=None, packages_skip_regex=None, packages_skip_test_passed=False, packages_skip_up_to=None, packages_start=None, packages_up_to=None, packages_up_to_regex=None, parallel_workers=8, paths=None, symlink_install=False, test_result_base=None, verb_extension=<colcon_core.verb.build.BuildVerb object at 0x7faf44ae26d0>, verb_name='build', verb_parser=<colcon_defaults.argument_parser.defaults.DefaultArgumentsDecorator object at 0x7faf44ae2c10>)
[2.717s] Level 1:colcon.colcon_core.package_discovery:discover_packages(colcon_meta) check parameters
[2.718s] Level 1:colcon.colcon_core.package_discovery:discover_packages(recursive) check parameters
[2.719s] Level 1:colcon.colcon_core.package_discovery:discover_packages(ignore) check parameters
[2.720s] Level 1:colcon.colcon_core.package_discovery:discover_packages(path) check parameters
[2.720s] Level 1:colcon.colcon_core.package_discovery:discover_packages(colcon_meta) discover
[2.721s] Level 1:colcon.colcon_core.package_discovery:discover_packages(recursive) discover
[2.721s] INFO:colcon.colcon_core.package_discovery:Crawling recursively for packages in '/home/yonathanarya/colcon_ws'
[2.722s] Level 1:colcon.colcon_core.package_identification:_identify(.) by extensions ['ignore', 'ignore_ament_install']
[2.724s] Level 1:colcon.colcon_core.package_identification:_identify(.) by extension 'ignore'
[2.725s] Level 1:colcon.colcon_core.package_identification:_identify(.) by extension 'ignore_ament_install'
[2.727s] Level 1:colcon.colcon_core.package_identification:_identify(.) by extensions ['colcon_pkg']
[2.728s] Level 1:colcon.colcon_core.package_identification:_identify(.) by extension 'colcon_pkg'
[2.730s] Level 1:colcon.colcon_core.package_identification:_identify(.) by extensions ['colcon_meta']
[2.731s] Level 1:colcon.colcon_core.package_identification:_identify(.) by extension 'colcon_meta'
[2.732s] Level 1:colcon.colcon_core.package_identification:_identify(.) by extensions ['ros']
[2.732s] Level 1:colcon.colcon_core.package_identification:_identify(.) by extension 'ros'
[2.831s] Level 1:colcon.colcon_core.package_identification:_identify(.) by extensions ['cmake', 'python']
[2.831s] Level 1:colcon.colcon_core.package_identification:_identify(.) by extension 'cmake'
[2.832s] Level 1:colcon.colcon_core.package_identification:_identify(.) by extension 'python'
[2.833s] Level 1:colcon.colcon_core.package_identification:_identify(.) by extensions ['python_setup_py']
[2.833s] Level 1:colcon.colcon_core.package_identification:_identify(.) by extension 'python_setup_py'
[2.834s] Level 1:colcon.colcon_core.package_identification:_identify(build) by extensions ['ignore', 'ignore_ament_install']
[2.834s] Level 1:colcon.colcon_core.package_identification:_identify(build) by extension 'ignore'
[2.835s] Level 1:colcon.colcon_core.package_identification:_identify(build) ignored
[2.835s] Level 1:colcon.colcon_core.package_identification:_identify(install) by extensions ['ignore', 'ignore_ament_install']
[2.835s] Level 1:colcon.colcon_core.package_identification:_identify(install) by extension 'ignore'
[2.835s] Level 1:colcon.colcon_core.package_identification:_identify(install) ignored
[2.836s] Level 1:colcon.colcon_core.package_identification:_identify(log) by extensions ['ignore', 'ignore_ament_install']
[2.836s] Level 1:colcon.colcon_core.package_identification:_identify(log) by extension 'ignore'
[2.836s] Level 1:colcon.colcon_core.package_identification:_identify(log) ignored
[2.836s] Level 1:colcon.colcon_core.package_identification:_identify(src) by extensions ['ignore', 'ignore_ament_install']
[2.838s] Level 1:colcon.colcon_core.package_identification:_identify(src) by extension 'ignore'
[2.839s] Level 1:colcon.colcon_core.package_identification:_identify(src) by extension 'ignore_ament_install'
[2.841s] Level 1:colcon.colcon_core.package_identification:_identify(src) by extensions ['colcon_pkg']
[2.841s] Level 1:colcon.colcon_core.package_identification:_identify(src) by extension 'colcon_pkg'
[2.842s] Level 1:colcon.colcon_core.package_identification:_identify(src) by extensions ['colcon_meta']
[2.843s] Level 1:colcon.colcon_core.package_identification:_identify(src) by extension 'colcon_meta'
[2.844s] Level 1:colcon.colcon_core.package_identification:_identify(src) by extensions ['ros']
[2.846s] Level 1:colcon.colcon_core.package_identification:_identify(src) by extension 'ros'
[2.847s] Level 1:colcon.colcon_core.package_identification:_identify(src) by extensions ['cmake', 'python']
[2.848s] Level 1:colcon.colcon_core.package_identification:_identify(src) by extension 'cmake'
[2.849s] Level 1:colcon.colcon_core.package_identification:_identify(src) by extension 'python'
[2.850s] Level 1:colcon.colcon_core.package_identification:_identify(src) by extensions ['python_setup_py']
[2.851s] Level 1:colcon.colcon_core.package_identification:_identify(src) by extension 'python_setup_py'
[2.853s] Level 1:colcon.colcon_core.package_identification:_identify(src/turtlebot3_infiniteloop) by extensions ['ignore', 'ignore_ament_install']
[2.854s] Level 1:colcon.colcon_core.package_identification:_identify(src/turtlebot3_infiniteloop) by extension 'ignore'
[2.854s] Level 1:colcon.colcon_core.package_identification:_identify(src/turtlebot3_infiniteloop) by extension 'ignore_ament_install'
[2.854s] Level 1:colcon.colcon_core.package_identification:_identify(src/turtlebot3_infiniteloop) by extensions ['colcon_pkg']
[2.854s] Level 1:colcon.colcon_core.package_identification:_identify(src/turtlebot3_infiniteloop) by extension 'colcon_pkg'
[2.855s] Level 1:colcon.colcon_core.package_identification:_identify(src/turtlebot3_infiniteloop) by extensions ['colcon_meta']
[2.855s] Level 1:colcon.colcon_core.package_identification:_identify(src/turtlebot3_infiniteloop) by extension 'colcon_meta'
[2.855s] Level 1:colcon.colcon_core.package_identification:_identify(src/turtlebot3_infiniteloop) by extensions ['ros']
[2.855s] Level 1:colcon.colcon_core.package_identification:_identify(src/turtlebot3_infiniteloop) by extension 'ros'
[2.875s] DEBUG:colcon.colcon_core.package_identification:Package 'src/turtlebot3_infiniteloop' with type 'ros.ament_python' and name 'turtlebot3_infiniteloop'
[2.875s] Level 1:colcon.colcon_core.package_identification:_identify(src/turtlebot3_simulations) by extensions ['ignore', 'ignore_ament_install']
[2.876s] Level 1:colcon.colcon_core.package_identification:_identify(src/turtlebot3_simulations) by extension 'ignore'
[2.877s] Level 1:colcon.colcon_core.package_identification:_identify(src/turtlebot3_simulations) by extension 'ignore_ament_install'
[2.879s] Level 1:colcon.colcon_core.package_identification:_identify(src/turtlebot3_simulations) by extensions ['colcon_pkg']
[2.880s] Level 1:colcon.colcon_core.package_identification:_identify(src/turtlebot3_simulations) by extension 'colcon_pkg'
[2.881s] Level 1:colcon.colcon_core.package_identification:_identify(src/turtlebot3_simulations) by extensions ['colcon_meta']
[2.882s] Level 1:colcon.colcon_core.package_identification:_identify(src/turtlebot3_simulations) by extension 'colcon_meta'
[2.884s] Level 1:colcon.colcon_core.package_identification:_identify(src/turtlebot3_simulations) by extensions ['ros']
[2.885s] Level 1:colcon.colcon_core.package_identification:_identify(src/turtlebot3_simulations) by extension 'ros'
[2.887s] Level 1:colcon.colcon_core.package_identification:_identify(src/turtlebot3_simulations) by extensions ['cmake', 'python']
[2.888s] Level 1:colcon.colcon_core.package_identification:_identify(src/turtlebot3_simulations) by extension 'cmake'
[2.889s] Level 1:colcon.colcon_core.package_identification:_identify(src/turtlebot3_simulations) by extension 'python'
[2.890s] Level 1:colcon.colcon_core.package_identification:_identify(src/turtlebot3_simulations) by extensions ['python_setup_py']
[2.891s] Level 1:colcon.colcon_core.package_identification:_identify(src/turtlebot3_simulations) by extension 'python_setup_py'
[2.894s] Level 1:colcon.colcon_core.package_identification:_identify(src/turtlebot3_simulations/turtlebot3_fake_node) by extensions ['ignore', 'ignore_ament_install']
[2.895s] Level 1:colcon.colcon_core.package_identification:_identify(src/turtlebot3_simulations/turtlebot3_fake_node) by extension 'ignore'
[2.895s] Level 1:colcon.colcon_core.package_identification:_identify(src/turtlebot3_simulations/turtlebot3_fake_node) by extension 'ignore_ament_install'
[2.895s] Level 1:colcon.colcon_core.package_identification:_identify(src/turtlebot3_simulations/turtlebot3_fake_node) by extensions ['colcon_pkg']
[2.895s] Level 1:colcon.colcon_core.package_identification:_identify(src/turtlebot3_simulations/turtlebot3_fake_node) by extension 'colcon_pkg'
[2.896s] Level 1:colcon.colcon_core.package_identification:_identify(src/turtlebot3_simulations/turtlebot3_fake_node) by extensions ['colcon_meta']
[2.896s] Level 1:colcon.colcon_core.package_identification:_identify(src/turtlebot3_simulations/turtlebot3_fake_node) by extension 'colcon_meta'
[2.896s] Level 1:colcon.colcon_core.package_identification:_identify(src/turtlebot3_simulations/turtlebot3_fake_node) by extensions ['ros']
[2.896s] Level 1:colcon.colcon_core.package_identification:_identify(src/turtlebot3_simulations/turtlebot3_fake_node) by extension 'ros'
[2.904s] DEBUG:colcon.colcon_core.package_identification:Package 'src/turtlebot3_simulations/turtlebot3_fake_node' with type 'ros.ament_cmake' and name 'turtlebot3_fake_node'
[2.906s] Level 1:colcon.colcon_core.package_identification:_identify(src/turtlebot3_simulations/turtlebot3_gazebo) by extensions ['ignore', 'ignore_ament_install']
[2.908s] Level 1:colcon.colcon_core.package_identification:_identify(src/turtlebot3_simulations/turtlebot3_gazebo) by extension 'ignore'
[2.909s] Level 1:colcon.colcon_core.package_identification:_identify(src/turtlebot3_simulations/turtlebot3_gazebo) by extension 'ignore_ament_install'
[2.910s] Level 1:colcon.colcon_core.package_identification:_identify(src/turtlebot3_simulations/turtlebot3_gazebo) by extensions ['colcon_pkg']
[2.910s] Level 1:colcon.colcon_core.package_identification:_identify(src/turtlebot3_simulations/turtlebot3_gazebo) by extension 'colcon_pkg'
[2.911s] Level 1:colcon.colcon_core.package_identification:_identify(src/turtlebot3_simulations/turtlebot3_gazebo) by extensions ['colcon_meta']
[2.912s] Level 1:colcon.colcon_core.package_identification:_identify(src/turtlebot3_simulations/turtlebot3_gazebo) by extension 'colcon_meta'
[2.913s] Level 1:colcon.colcon_core.package_identification:_identify(src/turtlebot3_simulations/turtlebot3_gazebo) by extensions ['ros']
[2.914s] Level 1:colcon.colcon_core.package_identification:_identify(src/turtlebot3_simulations/turtlebot3_gazebo) by extension 'ros'
[2.922s] DEBUG:colcon.colcon_core.package_identification:Package 'src/turtlebot3_simulations/turtlebot3_gazebo' with type 'ros.ament_cmake' and name 'turtlebot3_gazebo'
[2.924s] Level 1:colcon.colcon_core.package_identification:_identify(src/turtlebot3_simulations/turtlebot3_simulations) by extensions ['ignore', 'ignore_ament_install']
[2.926s] Level 1:colcon.colcon_core.package_identification:_identify(src/turtlebot3_simulations/turtlebot3_simulations) by extension 'ignore'
[2.927s] Level 1:colcon.colcon_core.package_identification:_identify(src/turtlebot3_simulations/turtlebot3_simulations) by extension 'ignore_ament_install'
[2.928s] Level 1:colcon.colcon_core.package_identification:_identify(src/turtlebot3_simulations/turtlebot3_simulations) by extensions ['colcon_pkg']
[2.929s] Level 1:colcon.colcon_core.package_identification:_identify(src/turtlebot3_simulations/turtlebot3_simulations) by extension 'colcon_pkg'
[2.931s] Level 1:colcon.colcon_core.package_identification:_identify(src/turtlebot3_simulations/turtlebot3_simulations) by extensions ['colcon_meta']
[2.932s] Level 1:colcon.colcon_core.package_identification:_identify(src/turtlebot3_simulations/turtlebot3_simulations) by extension 'colcon_meta'
[2.933s] Level 1:colcon.colcon_core.package_identification:_identify(src/turtlebot3_simulations/turtlebot3_simulations) by extensions ['ros']
[2.933s] Level 1:colcon.colcon_core.package_identification:_identify(src/turtlebot3_simulations/turtlebot3_simulations) by extension 'ros'
[2.938s] DEBUG:colcon.colcon_core.package_identification:Package 'src/turtlebot3_simulations/turtlebot3_simulations' with type 'ros.ament_cmake' and name 'turtlebot3_simulations'
[2.939s] Level 1:colcon.colcon_core.package_discovery:discover_packages(recursive) using defaults
[2.940s] Level 1:colcon.colcon_core.package_discovery:discover_packages(ignore) discover
[2.941s] Level 1:colcon.colcon_core.package_discovery:discover_packages(ignore) using defaults
[2.942s] Level 1:colcon.colcon_core.package_discovery:discover_packages(path) discover
[2.943s] Level 1:colcon.colcon_core.package_discovery:discover_packages(path) using defaults
[3.080s] INFO:colcon.colcon_core.package_selection:Skipping not selected package 'turtlebot3_fake_node' in 'src/turtlebot3_simulations/turtlebot3_fake_node'
[3.081s] INFO:colcon.colcon_core.package_selection:Skipping not selected package 'turtlebot3_gazebo' in 'src/turtlebot3_simulations/turtlebot3_gazebo'
[3.082s] INFO:colcon.colcon_core.package_selection:Skipping not selected package 'turtlebot3_simulations' in 'src/turtlebot3_simulations/turtlebot3_simulations'
[3.105s] Level 5:colcon.colcon_core.verb:set package 'turtlebot3_infiniteloop' build argument 'cmake_args' from command line to 'None'
[3.106s] Level 5:colcon.colcon_core.verb:set package 'turtlebot3_infiniteloop' build argument 'cmake_target' from command line to 'None'
[3.106s] Level 5:colcon.colcon_core.verb:set package 'turtlebot3_infiniteloop' build argument 'cmake_target_skip_unavailable' from command line to 'False'
[3.106s] Level 5:colcon.colcon_core.verb:set package 'turtlebot3_infiniteloop' build argument 'cmake_clean_cache' from command line to 'False'
[3.106s] Level 5:colcon.colcon_core.verb:set package 'turtlebot3_infiniteloop' build argument 'cmake_clean_first' from command line to 'False'
[3.107s] Level 5:colcon.colcon_core.verb:set package 'turtlebot3_infiniteloop' build argument 'cmake_force_configure' from command line to 'False'
[3.107s] Level 5:colcon.colcon_core.verb:set package 'turtlebot3_infiniteloop' build argument 'ament_cmake_args' from command line to 'None'
[3.107s] Level 5:colcon.colcon_core.verb:set package 'turtlebot3_infiniteloop' build argument 'catkin_cmake_args' from command line to 'None'
[3.107s] Level 5:colcon.colcon_core.verb:set package 'turtlebot3_infiniteloop' build argument 'catkin_skip_building_tests' from command line to 'False'
[3.107s] DEBUG:colcon.colcon_core.verb:Building package 'turtlebot3_infiniteloop' with the following arguments: {'ament_cmake_args': None, 'build_base': '/home/yonathanarya/colcon_ws/build/turtlebot3_infiniteloop', 'catkin_cmake_args': None, 'catkin_skip_building_tests': False, 'cmake_args': None, 'cmake_clean_cache': False, 'cmake_clean_first': False, 'cmake_force_configure': False, 'cmake_target': None, 'cmake_target_skip_unavailable': False, 'install_base': '/home/yonathanarya/colcon_ws/install/turtlebot3_infiniteloop', 'merge_install': False, 'path': '/home/yonathanarya/colcon_ws/src/turtlebot3_infiniteloop', 'symlink_install': False, 'test_result_base': None}
[3.108s] INFO:colcon.colcon_core.executor:Executing jobs using 'parallel' executor
[3.131s] DEBUG:colcon.colcon_parallel_executor.executor.parallel:run_until_complete
[3.135s] INFO:colcon.colcon_ros.task.ament_python.build:Building ROS package in '/home/yonathanarya/colcon_ws/src/turtlebot3_infiniteloop' with build type 'ament_python'
[3.137s] Level 1:colcon.colcon_core.shell:create_environment_hook('turtlebot3_infiniteloop', 'ament_prefix_path')
[3.179s] INFO:colcon.colcon_core.plugin_system:Skipping extension 'colcon_core.shell.bat': Not used on non-Windows systems
[3.181s] INFO:colcon.colcon_core.shell:Creating environment hook '/home/yonathanarya/colcon_ws/install/turtlebot3_infiniteloop/share/turtlebot3_infiniteloop/hook/ament_prefix_path.ps1'
[3.188s] INFO:colcon.colcon_core.shell:Creating environment descriptor '/home/yonathanarya/colcon_ws/install/turtlebot3_infiniteloop/share/turtlebot3_infiniteloop/hook/ament_prefix_path.dsv'
[3.195s] INFO:colcon.colcon_core.shell:Creating environment hook '/home/yonathanarya/colcon_ws/install/turtlebot3_infiniteloop/share/turtlebot3_infiniteloop/hook/ament_prefix_path.sh'
[3.204s] INFO:colcon.colcon_core.shell:Skip shell extension 'powershell' for command environment: Not usable outside of PowerShell
[3.205s] DEBUG:colcon.colcon_core.shell:Skip shell extension 'dsv' for command environment
[3.235s] DEBUG:colcon.colcon_core.shell:Ignoring prefix path '/opt/ros/foxy'
[5.733s] INFO:colcon.colcon_core.task.python.build:Building Python package in '/home/yonathanarya/colcon_ws/src/turtlebot3_infiniteloop'
[5.745s] INFO:colcon.colcon_core.shell:Skip shell extension 'powershell' for command environment: Not usable outside of PowerShell
[5.746s] DEBUG:colcon.colcon_core.shell:Skip shell extension 'dsv' for command environment
[5.767s] DEBUG:colcon.colcon_core.shell:Ignoring prefix path '/opt/ros/foxy'
[5.831s] DEBUG:colcon.colcon_core.event_handler.log_command:Invoking command in '/home/yonathanarya/colcon_ws/src/turtlebot3_infiniteloop': PYTHONPATH=/home/yonathanarya/colcon_ws/install/turtlebot3_infiniteloop/lib/python3.8/site-packages:${PYTHONPATH} /usr/bin/python3 setup.py egg_info --egg-base ../../build/turtlebot3_infiniteloop build --build-base /home/yonathanarya/colcon_ws/build/turtlebot3_infiniteloop/build install --prefix /home/yonathanarya/colcon_ws/install/turtlebot3_infiniteloop --record /home/yonathanarya/colcon_ws/build/turtlebot3_infiniteloop/install.log --single-version-externally-managed
[8.463s] DEBUG:colcon.colcon_core.event_handler.log_command:Invoked command in '/home/yonathanarya/colcon_ws/src/turtlebot3_infiniteloop' returned '0': PYTHONPATH=/home/yonathanarya/colcon_ws/install/turtlebot3_infiniteloop/lib/python3.8/site-packages:${PYTHONPATH} /usr/bin/python3 setup.py egg_info --egg-base ../../build/turtlebot3_infiniteloop build --build-base /home/yonathanarya/colcon_ws/build/turtlebot3_infiniteloop/build install --prefix /home/yonathanarya/colcon_ws/install/turtlebot3_infiniteloop --record /home/yonathanarya/colcon_ws/build/turtlebot3_infiniteloop/install.log --single-version-externally-managed
[8.498s] Level 1:colcon.colcon_core.environment:checking '/home/yonathanarya/colcon_ws/install/turtlebot3_infiniteloop' for CMake module files
[8.505s] Level 1:colcon.colcon_core.environment:checking '/home/yonathanarya/colcon_ws/install/turtlebot3_infiniteloop' for CMake config files
[8.510s] Level 1:colcon.colcon_core.environment:checking '/home/yonathanarya/colcon_ws/install/turtlebot3_infiniteloop/lib'
[8.513s] Level 1:colcon.colcon_core.environment:checking '/home/yonathanarya/colcon_ws/install/turtlebot3_infiniteloop/bin'
[8.514s] Level 1:colcon.colcon_core.environment:checking '/home/yonathanarya/colcon_ws/install/turtlebot3_infiniteloop/lib/pkgconfig/turtlebot3_infiniteloop.pc'
[8.518s] Level 1:colcon.colcon_core.environment:checking '/home/yonathanarya/colcon_ws/install/turtlebot3_infiniteloop/lib/python3.8/site-packages'
[8.519s] Level 1:colcon.colcon_core.shell:create_environment_hook('turtlebot3_infiniteloop', 'pythonpath')
[8.530s] INFO:colcon.colcon_core.shell:Creating environment hook '/home/yonathanarya/colcon_ws/install/turtlebot3_infiniteloop/share/turtlebot3_infiniteloop/hook/pythonpath.ps1'
[8.535s] INFO:colcon.colcon_core.shell:Creating environment descriptor '/home/yonathanarya/colcon_ws/install/turtlebot3_infiniteloop/share/turtlebot3_infiniteloop/hook/pythonpath.dsv'
[8.536s] INFO:colcon.colcon_core.shell:Creating environment hook '/home/yonathanarya/colcon_ws/install/turtlebot3_infiniteloop/share/turtlebot3_infiniteloop/hook/pythonpath.sh'
[8.543s] Level 1:colcon.colcon_core.environment:create_environment_scripts_only(turtlebot3_infiniteloop)
[8.552s] INFO:colcon.colcon_core.shell:Creating package script '/home/yonathanarya/colcon_ws/install/turtlebot3_infiniteloop/share/turtlebot3_infiniteloop/package.ps1'
[8.558s] INFO:colcon.colcon_core.shell:Creating package descriptor '/home/yonathanarya/colcon_ws/install/turtlebot3_infiniteloop/share/turtlebot3_infiniteloop/package.dsv'
[8.568s] INFO:colcon.colcon_core.shell:Creating package script '/home/yonathanarya/colcon_ws/install/turtlebot3_infiniteloop/share/turtlebot3_infiniteloop/package.sh'
[8.577s] INFO:colcon.colcon_core.shell:Creating package script '/home/yonathanarya/colcon_ws/install/turtlebot3_infiniteloop/share/turtlebot3_infiniteloop/package.bash'
[8.585s] INFO:colcon.colcon_core.shell:Creating package script '/home/yonathanarya/colcon_ws/install/turtlebot3_infiniteloop/share/turtlebot3_infiniteloop/package.zsh'
[8.593s] Level 1:colcon.colcon_core.environment:create_file_with_runtime_dependencies(/home/yonathanarya/colcon_ws/install/turtlebot3_infiniteloop/share/colcon-core/packages/turtlebot3_infiniteloop)
[8.596s] DEBUG:colcon.colcon_parallel_executor.executor.parallel:closing loop
[8.597s] DEBUG:colcon.colcon_parallel_executor.executor.parallel:loop closed
[8.597s] DEBUG:colcon.colcon_parallel_executor.executor.parallel:run_until_complete finished with '0'
[8.598s] DEBUG:colcon.colcon_core.event_reactor:joining thread
[8.642s] INFO:colcon.colcon_core.plugin_system:Skipping extension 'colcon_notification.desktop_notification.terminal_notifier': Not used on non-Darwin systems
[8.644s] INFO:colcon.colcon_core.plugin_system:Skipping extension 'colcon_notification.desktop_notification.win32': Not used on non-Windows systems
[8.645s] INFO:colcon.colcon_notification.desktop_notification:Sending desktop notification using 'notify2'
[8.804s] DEBUG:colcon.colcon_core.event_reactor:joined thread
[8.812s] INFO:colcon.colcon_core.shell:Creating prefix script '/home/yonathanarya/colcon_ws/install/local_setup.ps1'
[8.818s] INFO:colcon.colcon_core.shell:Creating prefix util module '/home/yonathanarya/colcon_ws/install/_local_setup_util_ps1.py'
[8.828s] INFO:colcon.colcon_core.shell:Creating prefix chain script '/home/yonathanarya/colcon_ws/install/setup.ps1'
[8.849s] INFO:colcon.colcon_core.shell:Creating prefix script '/home/yonathanarya/colcon_ws/install/local_setup.sh'
[8.857s] INFO:colcon.colcon_core.shell:Creating prefix util module '/home/yonathanarya/colcon_ws/install/_local_setup_util_sh.py'
[8.862s] INFO:colcon.colcon_core.shell:Creating prefix chain script '/home/yonathanarya/colcon_ws/install/setup.sh'
[8.879s] INFO:colcon.colcon_core.shell:Creating prefix script '/home/yonathanarya/colcon_ws/install/local_setup.bash'
[8.882s] INFO:colcon.colcon_core.shell:Creating prefix chain script '/home/yonathanarya/colcon_ws/install/setup.bash'
[8.903s] INFO:colcon.colcon_core.shell:Creating prefix script '/home/yonathanarya/colcon_ws/install/local_setup.zsh'
[8.908s] INFO:colcon.colcon_core.shell:Creating prefix chain script '/home/yonathanarya/colcon_ws/install/setup.zsh'
