[2.466s] Invoking command in '/home/yonathanarya/colcon_ws/src/turtlebot3_infiniteloop': PYTHONPATH=/home/yonathanarya/colcon_ws/install/turtlebot3_infiniteloop/lib/python3.8/site-packages:${PYTHONPATH} /usr/bin/python3 setup.py egg_info --egg-base ../../build/turtlebot3_infiniteloop build --build-base /home/yonathanarya/colcon_ws/build/turtlebot3_infiniteloop/build install --prefix /home/yonathanarya/colcon_ws/install/turtlebot3_infiniteloop --record /home/yonathanarya/colcon_ws/build/turtlebot3_infiniteloop/install.log --single-version-externally-managed
[4.745s] running egg_info
[4.749s] writing ../../build/turtlebot3_infiniteloop/turtlebot3_infiniteloop.egg-info/PKG-INFO
[4.753s] writing dependency_links to ../../build/turtlebot3_infiniteloop/turtlebot3_infiniteloop.egg-info/dependency_links.txt
[4.759s] writing entry points to ../../build/turtlebot3_infiniteloop/turtlebot3_infiniteloop.egg-info/entry_points.txt
[4.765s] writing requirements to ../../build/turtlebot3_infiniteloop/turtlebot3_infiniteloop.egg-info/requires.txt
[4.766s] writing top-level names to ../../build/turtlebot3_infiniteloop/turtlebot3_infiniteloop.egg-info/top_level.txt
[5.037s] reading manifest file '../../build/turtlebot3_infiniteloop/turtlebot3_infiniteloop.egg-info/SOURCES.txt'
[5.044s] writing manifest file '../../build/turtlebot3_infiniteloop/turtlebot3_infiniteloop.egg-info/SOURCES.txt'
[5.045s] running build
[5.047s] running build_py
[5.049s] copying turtlebot3_infiniteloop/force_stop.py -> /home/yonathanarya/colcon_ws/build/turtlebot3_infiniteloop/build/lib/turtlebot3_infiniteloop
[5.052s] running install
[5.059s] running install_lib
[5.067s] copying /home/yonathanarya/colcon_ws/build/turtlebot3_infiniteloop/build/lib/turtlebot3_infiniteloop/force_stop.py -> /home/yonathanarya/colcon_ws/install/turtlebot3_infiniteloop/lib/python3.8/site-packages/turtlebot3_infiniteloop
[5.070s] byte-compiling /home/yonathanarya/colcon_ws/install/turtlebot3_infiniteloop/lib/python3.8/site-packages/turtlebot3_infiniteloop/force_stop.py to force_stop.cpython-38.pyc
[5.085s] running install_data
[5.088s] running install_egg_info
[5.105s] removing '/home/yonathanarya/colcon_ws/install/turtlebot3_infiniteloop/lib/python3.8/site-packages/turtlebot3_infiniteloop-1.0.0-py3.8.egg-info' (and everything under it)
[5.108s] Copying ../../build/turtlebot3_infiniteloop/turtlebot3_infiniteloop.egg-info to /home/yonathanarya/colcon_ws/install/turtlebot3_infiniteloop/lib/python3.8/site-packages/turtlebot3_infiniteloop-1.0.0-py3.8.egg-info
[5.114s] running install_scripts
[5.294s] Installing force_stop script to /home/yonathanarya/colcon_ws/install/turtlebot3_infiniteloop/lib/turtlebot3_infiniteloop
[5.295s] Installing infinite_loop script to /home/yonathanarya/colcon_ws/install/turtlebot3_infiniteloop/lib/turtlebot3_infiniteloop
[5.297s] writing list of installed files to '/home/yonathanarya/colcon_ws/build/turtlebot3_infiniteloop/install.log'
[5.549s] Invoked command in '/home/yonathanarya/colcon_ws/src/turtlebot3_infiniteloop' returned '0': PYTHONPATH=/home/yonathanarya/colcon_ws/install/turtlebot3_infiniteloop/lib/python3.8/site-packages:${PYTHONPATH} /usr/bin/python3 setup.py egg_info --egg-base ../../build/turtlebot3_infiniteloop build --build-base /home/yonathanarya/colcon_ws/build/turtlebot3_infiniteloop/build install --prefix /home/yonathanarya/colcon_ws/install/turtlebot3_infiniteloop --record /home/yonathanarya/colcon_ws/build/turtlebot3_infiniteloop/install.log --single-version-externally-managed
