[2.466s] Invoking command in '/home/yonathanarya/colcon_ws/src/turtlebot3_infiniteloop': PYTHONPATH=/home/yonathanarya/colcon_ws/install/turtlebot3_infiniteloop/lib/python3.8/site-packages:${PYTHONPATH} /usr/bin/python3 setup.py egg_info --egg-base ../../build/turtlebot3_infiniteloop build --build-base /home/yonathanarya/colcon_ws/build/turtlebot3_infiniteloop/build install --prefix /home/yonathanarya/colcon_ws/install/turtlebot3_infiniteloop --record /home/yonathanarya/colcon_ws/build/turtlebot3_infiniteloop/install.log --single-version-externally-managed
[4.661s] running egg_info
[4.662s] writing ../../build/turtlebot3_infiniteloop/turtlebot3_infiniteloop.egg-info/PKG-INFO
[4.662s] writing dependency_links to ../../build/turtlebot3_infiniteloop/turtlebot3_infiniteloop.egg-info/dependency_links.txt
[4.663s] writing entry points to ../../build/turtlebot3_infiniteloop/turtlebot3_infiniteloop.egg-info/entry_points.txt
[4.665s] writing requirements to ../../build/turtlebot3_infiniteloop/turtlebot3_infiniteloop.egg-info/requires.txt
[4.667s] writing top-level names to ../../build/turtlebot3_infiniteloop/turtlebot3_infiniteloop.egg-info/top_level.txt
[4.951s] reading manifest file '../../build/turtlebot3_infiniteloop/turtlebot3_infiniteloop.egg-info/SOURCES.txt'
[4.960s] writing manifest file '../../build/turtlebot3_infiniteloop/turtlebot3_infiniteloop.egg-info/SOURCES.txt'
[4.962s] running build
[4.963s] running build_py
[4.964s] copying turtlebot3_infiniteloop/infinite_loop.py -> /home/yonathanarya/colcon_ws/build/turtlebot3_infiniteloop/build/lib/turtlebot3_infiniteloop
[4.965s] running install
[4.967s] running install_lib
[4.970s] copying /home/yonathanarya/colcon_ws/build/turtlebot3_infiniteloop/build/lib/turtlebot3_infiniteloop/infinite_loop.py -> /home/yonathanarya/colcon_ws/install/turtlebot3_infiniteloop/lib/python3.8/site-packages/turtlebot3_infiniteloop
[4.979s] byte-compiling /home/yonathanarya/colcon_ws/install/turtlebot3_infiniteloop/lib/python3.8/site-packages/turtlebot3_infiniteloop/infinite_loop.py to infinite_loop.cpython-38.pyc
[4.988s] running install_data
[4.990s] running install_egg_info
[5.007s] removing '/home/yonathanarya/colcon_ws/install/turtlebot3_infiniteloop/lib/python3.8/site-packages/turtlebot3_infiniteloop-1.0.0-py3.8.egg-info' (and everything under it)
[5.008s] Copying ../../build/turtlebot3_infiniteloop/turtlebot3_infiniteloop.egg-info to /home/yonathanarya/colcon_ws/install/turtlebot3_infiniteloop/lib/python3.8/site-packages/turtlebot3_infiniteloop-1.0.0-py3.8.egg-info
[5.019s] running install_scripts
[5.170s] Installing infinite_loop script to /home/yonathanarya/colcon_ws/install/turtlebot3_infiniteloop/lib/turtlebot3_infiniteloop
[5.175s] writing list of installed files to '/home/yonathanarya/colcon_ws/build/turtlebot3_infiniteloop/install.log'
[5.378s] Invoked command in '/home/yonathanarya/colcon_ws/src/turtlebot3_infiniteloop' returned '0': PYTHONPATH=/home/yonathanarya/colcon_ws/install/turtlebot3_infiniteloop/lib/python3.8/site-packages:${PYTHONPATH} /usr/bin/python3 setup.py egg_info --egg-base ../../build/turtlebot3_infiniteloop build --build-base /home/yonathanarya/colcon_ws/build/turtlebot3_infiniteloop/build install --prefix /home/yonathanarya/colcon_ws/install/turtlebot3_infiniteloop --record /home/yonathanarya/colcon_ws/build/turtlebot3_infiniteloop/install.log --single-version-externally-managed
