[0.016s] Invoking command in '/home/yonathanarya/colcon_ws/build/ros1_bridge': CMAKE_PREFIX_PATH=/home/yonathanarya/colcon_ws/install/turtlebot3_act_interfaces:/home/yonathanarya/colcon_ws/install/turtlebot3_simulations:/home/yonathanarya/colcon_ws/install/turtlebot3_gazebo:/home/yonathanarya/colcon_ws/install/turtlebot3_fake_node:/home/yonathanarya/colcon_ws/install/raspimouse_description:/home/yonathanarya/colcon_ws/install/turtlebot3_infiniteloop:/home/yonathanarya/colcon_ws/install/turtlebot3_actionserver:/home/yonathanarya/colcon_ws/install/turtlebot3_action:/opt/ros/foxy PYTHONPATH=/home/yonathanarya/colcon_ws/install/turtlebot3_act_interfaces/lib/python3.8/site-packages:/home/yonathanarya/colcon_ws/build/turtlebot3_infiniteloop:/home/yonathanarya/colcon_ws/install/turtlebot3_infiniteloop/lib/python3.8/site-packages:/home/yonathanarya/colcon_ws/build/turtlebot3_actionserver:/home/yonathanarya/colcon_ws/install/turtlebot3_actionserver/lib/python3.8/site-packages:/home/yonathanarya/colcon_ws/build/turtlebot3_action:/home/yonathanarya/colcon_ws/install/turtlebot3_action/lib/python3.8/site-packages:/opt/ros/foxy/lib/python3.8/site-packages /usr/bin/cmake /home/yonathanarya/colcon_ws/src/ros1_bridge -DAMENT_CMAKE_SYMLINK_INSTALL=1 -DCMAKE_INSTALL_PREFIX=/home/yonathanarya/colcon_ws/install/ros1_bridge
[0.034s] -- Found rmw: 1.0.3 (/opt/ros/foxy/share/rmw/cmake)
[0.061s] -- Found PythonInterp: /usr/bin/python3 (found suitable version "3.8.10", minimum required is "3") 
[0.062s] -- Using PYTHON_EXECUTABLE: /usr/bin/python3
[0.244s] -- Override CMake install command with custom implementation using symlinks instead of copying resources
[0.270s] -- Found rclcpp: 2.4.0 (/opt/ros/foxy/share/rclcpp/cmake)
[0.287s] -- Using all available rosidl_typesupport_c: rosidl_typesupport_fastrtps_c;rosidl_typesupport_introspection_c
[0.291s] -- Found rosidl_adapter: 1.2.1 (/opt/ros/foxy/share/rosidl_adapter/cmake)
[0.400s] -- Using all available rosidl_typesupport_cpp: rosidl_typesupport_fastrtps_cpp;rosidl_typesupport_introspection_cpp
[0.447s] -- Found rmw_implementation_cmake: 1.0.3 (/opt/ros/foxy/share/rmw_implementation_cmake/cmake)
[0.449s] -- Using RMW implementation 'rmw_fastrtps_cpp' as default
[0.611s] -- Found ament_lint_auto: 0.9.6 (/opt/ros/foxy/share/ament_lint_auto/cmake)
[0.612s] -- Found diagnostic_msgs: 2.0.4 (/opt/ros/foxy/share/diagnostic_msgs/cmake)
[0.755s] -- Found python_cmake_module: 0.8.1 (/opt/ros/foxy/share/python_cmake_module/cmake)
[0.788s] -- Found PythonInterp: /usr/bin/python3 (found suitable version "3.8.10", minimum required is "3.5") 
[0.790s] -- Using PYTHON_EXECUTABLE: /usr/bin/python3
[0.790s] -- Using PYTHON_INCLUDE_DIRS: /usr/include/python3.8
[0.791s] -- Using PYTHON_LIBRARIES: /usr/lib/x86_64-linux-gnu/libpython3.8.so
[0.824s] -- Added test 'copyright' to check source files copyright and LICENSE
[0.827s] -- Added test 'cppcheck' to perform static code analysis on C / C++ code
[0.828s] -- Configured cppcheck include dirs: 
[0.828s] -- Configured cppcheck exclude dirs and/or files: 
[0.831s] -- Added test 'cpplint' to check C / C++ code against the Google style
[0.831s] -- Configured cpplint exclude dirs and/or files: 
[0.831s] -- Added test 'flake8' to check Python code syntax and style conventions
[0.833s] -- Added test 'lint_cmake' to check CMake code style
[0.833s] -- Added test 'pep257' to check Python code against some of the style conventions in PEP 257
[0.836s] -- Added test 'uncrustify' to check C / C++ code style
[0.836s] -- Configured uncrustify additional arguments: 
[0.837s] -- Added test 'xmllint' to check XML markup files
[0.942s] -- Found turtlebot3_act_interfaces: 1.0.0 (/home/yonathanarya/colcon_ws/install/turtlebot3_act_interfaces/share/turtlebot3_act_interfaces/cmake)
[0.942s] -- Found action_msgs: 1.0.0 (/opt/ros/foxy/share/action_msgs/cmake)
[0.994s] -- Found action_tutorials_interfaces: 0.9.3 (/opt/ros/foxy/share/action_tutorials_interfaces/cmake)
[1.029s] -- Found actionlib_msgs: 2.0.4 (/opt/ros/foxy/share/actionlib_msgs/cmake)
[1.029s] -- Found builtin_interfaces: 1.0.0 (/opt/ros/foxy/share/builtin_interfaces/cmake)
[1.138s] -- Found cartographer_ros_msgs: 1.0.9003 (/opt/ros/foxy/share/cartographer_ros_msgs/cmake)
[1.171s] -- Found composition_interfaces: 1.0.0 (/opt/ros/foxy/share/composition_interfaces/cmake)
[1.481s] -- Found control_msgs: 2.5.1 (/opt/ros/foxy/share/control_msgs/cmake)
[1.498s] -- Found controller_manager_msgs: 0.8.1 (/opt/ros/foxy/share/controller_manager_msgs/cmake)
[1.499s] -- Found diagnostic_msgs: 2.0.4 (/opt/ros/foxy/share/diagnostic_msgs/cmake)
[1.830s] -- Found dwb_msgs: 0.4.7 (/opt/ros/foxy/share/dwb_msgs/cmake)
[1.887s] -- Found example_interfaces: 0.9.1 (/opt/ros/foxy/share/example_interfaces/cmake)
[2.011s] -- Found gazebo_msgs: 3.5.3 (/opt/ros/foxy/share/gazebo_msgs/cmake)
[2.012s] -- Found geometry_msgs: 2.0.4 (/opt/ros/foxy/share/geometry_msgs/cmake)
[2.013s] -- Found libstatistics_collector: 1.0.1 (/opt/ros/foxy/share/libstatistics_collector/cmake)
[2.022s] -- Found lifecycle_msgs: 1.0.0 (/opt/ros/foxy/share/lifecycle_msgs/cmake)
[2.030s] -- Found logging_demo: 0.9.3 (/opt/ros/foxy/share/logging_demo/cmake)
[2.288s] -- Found map_msgs: 2.0.2 (/opt/ros/foxy/share/map_msgs/cmake)
[2.505s] -- Found nav2_msgs: 0.4.7 (/opt/ros/foxy/share/nav2_msgs/cmake)
[2.505s] -- Found nav_2d_msgs: 0.4.7 (/opt/ros/foxy/share/nav_2d_msgs/cmake)
[2.506s] -- Found nav_msgs: 2.0.4 (/opt/ros/foxy/share/nav_msgs/cmake)
[2.621s] -- Found pcl_msgs: 1.0.0 (/opt/ros/foxy/share/pcl_msgs/cmake)
[2.635s] -- Found pendulum_msgs: 0.9.3 (/opt/ros/foxy/share/pendulum_msgs/cmake)
[2.636s] -- Found rcl_interfaces: 1.0.0 (/opt/ros/foxy/share/rcl_interfaces/cmake)
[2.647s] -- Found rmw_dds_common: 1.0.3 (/opt/ros/foxy/share/rmw_dds_common/cmake)
[2.648s] -- Found rosgraph_msgs: 1.0.0 (/opt/ros/foxy/share/rosgraph_msgs/cmake)
[2.648s] -- Found sensor_msgs: 2.0.4 (/opt/ros/foxy/share/sensor_msgs/cmake)
[2.709s] -- Found shape_msgs: 2.0.4 (/opt/ros/foxy/share/shape_msgs/cmake)
[3.297s] -- Found eigen3_cmake_module: 0.1.1 (/opt/ros/foxy/share/eigen3_cmake_module/cmake)
[3.383s] -- Setting OGRE_DIR to: '/opt/ros/foxy/share/rviz_ogre_vendor/cmake/../../../opt/rviz_ogre_vendor/lib/OGRE/cmake'
[3.385s] -- Found OGRE
[3.385s] --   static     : OFF
[3.385s] --   components : HLMS;MeshLodGenerator;Overlay;Paging;Property;RTShaderSystem;Terrain;Volume
[3.385s] --   plugins    : Plugin_BSPSceneManager;Plugin_OctreeSceneManager;Plugin_PCZSceneManager;Plugin_ParticleFX;RenderSystem_GL;RenderSystem_GL3Plus;Codec_STBI
[3.385s] --   media      : /opt/ros/foxy/opt/rviz_ogre_vendor/share/OGRE/Media
[3.386s] -- OGRE_LIBRARIES: OgreHLMS;OgreMeshLodGenerator;OgreOverlay;OgrePaging;OgreProperty;OgreRTShaderSystem;OgreTerrain;OgreVolume;OgreMain
[3.386s] -- OGRE_LIBRARY_DIRS: /opt/ros/foxy/opt/rviz_ogre_vendor/lib
[3.386s] -- OGRE_PLUGINS: Plugin_BSPSceneManager;Plugin_OctreeSceneManager;Plugin_PCZSceneManager;Plugin_ParticleFX;RenderSystem_GL;RenderSystem_GL3Plus;Codec_STBI
[3.386s] -- OGRE_PLUGIN_DIR: /opt/ros/foxy/opt/rviz_ogre_vendor/lib/OGRE
[3.386s] -- rviz_ogre_vendor::OgreOverlay for IMPORTED_LOCATION_RELEASE: /opt/ros/foxy/opt/rviz_ogre_vendor/lib/libOgreOverlay.so
[3.386s] -- rviz_ogre_vendor::OgreOverlay for IMPORTED_LOCATION_DEBUG: /opt/ros/foxy/opt/rviz_ogre_vendor/lib/libOgreOverlay.so
[3.386s] -- rviz_ogre_vendor::OgreMain for IMPORTED_LOCATION_RELEASE: /opt/ros/foxy/opt/rviz_ogre_vendor/lib/libOgreMain.so
[3.386s] -- rviz_ogre_vendor::OgreMain for IMPORTED_LOCATION_DEBUG: /opt/ros/foxy/opt/rviz_ogre_vendor/lib/libOgreMain.so
[3.423s] -- rviz_ogre_vendor::RenderSystem_GL for IMPORTED_LOCATION_RELEASE: _render_system_gl_static_library_abs-NOTFOUND
[3.423s] -- rviz_ogre_vendor::RenderSystem_GL for IMPORTED_LOCATION_DEBUG: _render_system_gl_static_library_abs-NOTFOUND
[3.442s] -- library: /usr/lib/x86_64-linux-gnu/libcurl.so
[3.514s] -- Setting yaml-cpp_DIR to: '/opt/ros/foxy/share/yaml_cpp_vendor/cmake/../../../opt/yaml_cpp_vendor/lib/cmake/yaml-cpp'
[3.710s] -- Found slam_toolbox: 2.4.1 (/opt/ros/foxy/share/slam_toolbox/cmake)
[3.710s] -- Found statistics_msgs: 1.0.0 (/opt/ros/foxy/share/statistics_msgs/cmake)
[3.711s] -- Found std_msgs: 2.0.4 (/opt/ros/foxy/share/std_msgs/cmake)
[3.713s] -- Found std_srvs: 2.0.4 (/opt/ros/foxy/share/std_srvs/cmake)
[3.855s] -- Found stereo_msgs: 2.0.4 (/opt/ros/foxy/share/stereo_msgs/cmake)
[3.922s] -- Found test_msgs: 1.0.0 (/opt/ros/foxy/share/test_msgs/cmake)
[3.923s] -- Found tf2_msgs: 0.13.12 (/opt/ros/foxy/share/tf2_msgs/cmake)
[3.923s] -- Found trajectory_msgs: 2.0.4 (/opt/ros/foxy/share/trajectory_msgs/cmake)
[4.021s] -- Found turtlebot3_msgs: 2.2.1 (/opt/ros/foxy/share/turtlebot3_msgs/cmake)
[4.077s] -- Found turtlesim: 1.2.5 (/opt/ros/foxy/share/turtlesim/cmake)
[4.078s] -- Found unique_identifier_msgs: 2.1.3 (/opt/ros/foxy/share/unique_identifier_msgs/cmake)
[4.078s] -- Found visualization_msgs: 2.0.4 (/opt/ros/foxy/share/visualization_msgs/cmake)
[4.440s] -- Configuring done
[4.774s] -- Generating done
[4.780s] -- Build files have been written to: /home/yonathanarya/colcon_ws/build/ros1_bridge
[4.796s] Invoked command in '/home/yonathanarya/colcon_ws/build/ros1_bridge' returned '0': CMAKE_PREFIX_PATH=/home/yonathanarya/colcon_ws/install/turtlebot3_act_interfaces:/home/yonathanarya/colcon_ws/install/turtlebot3_simulations:/home/yonathanarya/colcon_ws/install/turtlebot3_gazebo:/home/yonathanarya/colcon_ws/install/turtlebot3_fake_node:/home/yonathanarya/colcon_ws/install/raspimouse_description:/home/yonathanarya/colcon_ws/install/turtlebot3_infiniteloop:/home/yonathanarya/colcon_ws/install/turtlebot3_actionserver:/home/yonathanarya/colcon_ws/install/turtlebot3_action:/opt/ros/foxy PYTHONPATH=/home/yonathanarya/colcon_ws/install/turtlebot3_act_interfaces/lib/python3.8/site-packages:/home/yonathanarya/colcon_ws/build/turtlebot3_infiniteloop:/home/yonathanarya/colcon_ws/install/turtlebot3_infiniteloop/lib/python3.8/site-packages:/home/yonathanarya/colcon_ws/build/turtlebot3_actionserver:/home/yonathanarya/colcon_ws/install/turtlebot3_actionserver/lib/python3.8/site-packages:/home/yonathanarya/colcon_ws/build/turtlebot3_action:/home/yonathanarya/colcon_ws/install/turtlebot3_action/lib/python3.8/site-packages:/opt/ros/foxy/lib/python3.8/site-packages /usr/bin/cmake /home/yonathanarya/colcon_ws/src/ros1_bridge -DAMENT_CMAKE_SYMLINK_INSTALL=1 -DCMAKE_INSTALL_PREFIX=/home/yonathanarya/colcon_ws/install/ros1_bridge
[4.802s] Invoking command in '/home/yonathanarya/colcon_ws/build/ros1_bridge': CMAKE_PREFIX_PATH=/home/yonathanarya/colcon_ws/install/turtlebot3_act_interfaces:/home/yonathanarya/colcon_ws/install/turtlebot3_simulations:/home/yonathanarya/colcon_ws/install/turtlebot3_gazebo:/home/yonathanarya/colcon_ws/install/turtlebot3_fake_node:/home/yonathanarya/colcon_ws/install/raspimouse_description:/home/yonathanarya/colcon_ws/install/turtlebot3_infiniteloop:/home/yonathanarya/colcon_ws/install/turtlebot3_actionserver:/home/yonathanarya/colcon_ws/install/turtlebot3_action:/opt/ros/foxy PYTHONPATH=/home/yonathanarya/colcon_ws/install/turtlebot3_act_interfaces/lib/python3.8/site-packages:/home/yonathanarya/colcon_ws/build/turtlebot3_infiniteloop:/home/yonathanarya/colcon_ws/install/turtlebot3_infiniteloop/lib/python3.8/site-packages:/home/yonathanarya/colcon_ws/build/turtlebot3_actionserver:/home/yonathanarya/colcon_ws/install/turtlebot3_actionserver/lib/python3.8/site-packages:/home/yonathanarya/colcon_ws/build/turtlebot3_action:/home/yonathanarya/colcon_ws/install/turtlebot3_action/lib/python3.8/site-packages:/opt/ros/foxy/lib/python3.8/site-packages /usr/bin/cmake --build /home/yonathanarya/colcon_ws/build/ros1_bridge -- -j8 -l8
[4.931s] [  1%] Built target test_ros1_server
[4.936s] [  1%] Built target test_ros1_client
[4.942s] [  1%] Built target test_ros2_client_cpp
[4.944s] [  1%] Built target simple_bridge
[4.945s] [  2%] Built target test_ros2_server_cpp
[4.946s] [  3%] Built target simple_bridge_1_to_2
[4.949s] [  3%] Built target simple_bridge_2_to_1
[5.475s] [35m[1mScanning dependencies of target ros1_bridge[0m
[6.719s] [  3%] [32mBuilding CXX object CMakeFiles/ros1_bridge.dir/src/convert_builtin_interfaces.cpp.o[0m
[6.721s] [  3%] [32mBuilding CXX object CMakeFiles/ros1_bridge.dir/src/builtin_interfaces_factories.cpp.o[0m
[6.722s] [  3%] [32mBuilding CXX object CMakeFiles/ros1_bridge.dir/src/bridge.cpp.o[0m
[6.739s] [  3%] [32mBuilding CXX object CMakeFiles/ros1_bridge.dir/generated/get_mappings.cpp.o[0m
[6.739s] [  3%] [32mBuilding CXX object CMakeFiles/ros1_bridge.dir/generated/turtlebot3_act_interfaces_factories.cpp.o[0m
[6.739s] [  4%] [32mBuilding CXX object CMakeFiles/ros1_bridge.dir/generated/get_factory.cpp.o[0m
[6.742s] [  4%] [32mBuilding CXX object CMakeFiles/ros1_bridge.dir/generated/action_msgs_factories.cpp.o[0m
[6.757s] [  5%] [32mBuilding CXX object CMakeFiles/ros1_bridge.dir/generated/action_msgs__msg__GoalInfo__factories.cpp.o[0m
[8.222s] [  5%] [32mBuilding CXX object CMakeFiles/ros1_bridge.dir/generated/action_msgs__msg__GoalStatus__factories.cpp.o[0m
[8.525s] [  5%] [32mBuilding CXX object CMakeFiles/ros1_bridge.dir/generated/action_msgs__msg__GoalStatusArray__factories.cpp.o[0m
[13.642s] [  5%] [32mBuilding CXX object CMakeFiles/ros1_bridge.dir/generated/action_msgs__srv__CancelGoal__factories.cpp.o[0m
[14.174s] [  5%] [32mBuilding CXX object CMakeFiles/ros1_bridge.dir/generated/action_tutorials_interfaces_factories.cpp.o[0m
[14.889s] [  6%] [32mBuilding CXX object CMakeFiles/ros1_bridge.dir/generated/actionlib_msgs_factories.cpp.o[0m
[15.249s] [  6%] [32mBuilding CXX object CMakeFiles/ros1_bridge.dir/generated/actionlib_msgs__msg__GoalID__factories.cpp.o[0m
[16.152s] [  6%] [32mBuilding CXX object CMakeFiles/ros1_bridge.dir/generated/actionlib_msgs__msg__GoalStatus__factories.cpp.o[0m
[16.556s] [  6%] [32mBuilding CXX object CMakeFiles/ros1_bridge.dir/generated/actionlib_msgs__msg__GoalStatusArray__factories.cpp.o[0m
[18.619s] [  7%] [32mBuilding CXX object CMakeFiles/ros1_bridge.dir/generated/cartographer_ros_msgs_factories.cpp.o[0m
[21.444s] [  7%] [32mBuilding CXX object CMakeFiles/ros1_bridge.dir/generated/cartographer_ros_msgs__msg__LandmarkEntry__factories.cpp.o[0m
[21.707s] [  7%] [32mBuilding CXX object CMakeFiles/ros1_bridge.dir/generated/cartographer_ros_msgs__msg__LandmarkList__factories.cpp.o[0m
[22.931s] [  7%] [32mBuilding CXX object CMakeFiles/ros1_bridge.dir/generated/cartographer_ros_msgs__msg__SensorTopics__factories.cpp.o[0m
[26.382s] [  8%] [32mBuilding CXX object CMakeFiles/ros1_bridge.dir/generated/cartographer_ros_msgs__msg__StatusCode__factories.cpp.o[0m
[28.373s] [  8%] [32mBuilding CXX object CMakeFiles/ros1_bridge.dir/generated/cartographer_ros_msgs__msg__StatusResponse__factories.cpp.o[0m
[29.224s] [  8%] [32mBuilding CXX object CMakeFiles/ros1_bridge.dir/generated/cartographer_ros_msgs__msg__SubmapEntry__factories.cpp.o[0m
[29.344s] [  8%] [32mBuilding CXX object CMakeFiles/ros1_bridge.dir/generated/cartographer_ros_msgs__msg__SubmapList__factories.cpp.o[0m
[31.052s] [  8%] [32mBuilding CXX object CMakeFiles/ros1_bridge.dir/generated/cartographer_ros_msgs__msg__SubmapTexture__factories.cpp.o[0m
[32.556s] [  9%] [32mBuilding CXX object CMakeFiles/ros1_bridge.dir/generated/cartographer_ros_msgs__msg__TrajectoryOptions__factories.cpp.o[0m
[33.112s] [  9%] [32mBuilding CXX object CMakeFiles/ros1_bridge.dir/generated/cartographer_ros_msgs__srv__FinishTrajectory__factories.cpp.o[0m
[34.226s] [  9%] [32mBuilding CXX object CMakeFiles/ros1_bridge.dir/generated/cartographer_ros_msgs__srv__StartTrajectory__factories.cpp.o[0m
[34.253s] [  9%] [32mBuilding CXX object CMakeFiles/ros1_bridge.dir/generated/cartographer_ros_msgs__srv__SubmapQuery__factories.cpp.o[0m
[36.739s] [ 10%] [32mBuilding CXX object CMakeFiles/ros1_bridge.dir/generated/cartographer_ros_msgs__srv__WriteState__factories.cpp.o[0m
[37.120s] [ 10%] [32mBuilding CXX object CMakeFiles/ros1_bridge.dir/generated/composition_interfaces_factories.cpp.o[0m
[37.499s] [ 10%] [32mBuilding CXX object CMakeFiles/ros1_bridge.dir/generated/composition_interfaces__srv__LoadNode__factories.cpp.o[0m
[39.206s] [ 10%] [32mBuilding CXX object CMakeFiles/ros1_bridge.dir/generated/composition_interfaces__srv__ListNodes__factories.cpp.o[0m
[40.650s] [ 11%] [32mBuilding CXX object CMakeFiles/ros1_bridge.dir/generated/composition_interfaces__srv__UnloadNode__factories.cpp.o[0m
[40.865s] [ 11%] [32mBuilding CXX object CMakeFiles/ros1_bridge.dir/generated/control_msgs_factories.cpp.o[0m
[41.777s] [ 11%] [32mBuilding CXX object CMakeFiles/ros1_bridge.dir/generated/control_msgs__msg__DynamicJointState__factories.cpp.o[0m
[41.988s] [ 11%] [32mBuilding CXX object CMakeFiles/ros1_bridge.dir/generated/control_msgs__msg__GripperCommand__factories.cpp.o[0m
[44.416s] [ 11%] [32mBuilding CXX object CMakeFiles/ros1_bridge.dir/generated/control_msgs__msg__InterfaceValue__factories.cpp.o[0m
[44.761s] [ 12%] [32mBuilding CXX object CMakeFiles/ros1_bridge.dir/generated/control_msgs__msg__JointControllerState__factories.cpp.o[0m
[45.307s] [ 12%] [32mBuilding CXX object CMakeFiles/ros1_bridge.dir/generated/control_msgs__msg__JointJog__factories.cpp.o[0m
[46.837s] [ 12%] [32mBuilding CXX object CMakeFiles/ros1_bridge.dir/generated/control_msgs__msg__JointTolerance__factories.cpp.o[0m
[48.312s] [ 12%] [32mBuilding CXX object CMakeFiles/ros1_bridge.dir/generated/control_msgs__msg__JointTrajectoryControllerState__factories.cpp.o[0m
[48.730s] [ 13%] [32mBuilding CXX object CMakeFiles/ros1_bridge.dir/generated/control_msgs__msg__PidState__factories.cpp.o[0m
[49.622s] [ 13%] [32mBuilding CXX object CMakeFiles/ros1_bridge.dir/generated/control_msgs__srv__QueryCalibrationState__factories.cpp.o[0m
[52.115s] [ 13%] [32mBuilding CXX object CMakeFiles/ros1_bridge.dir/generated/control_msgs__srv__QueryTrajectoryState__factories.cpp.o[0m
[58.457s] [ 13%] [32mBuilding CXX object CMakeFiles/ros1_bridge.dir/generated/controller_manager_msgs_factories.cpp.o[0m
[59.818s] [ 14%] [32mBuilding CXX object CMakeFiles/ros1_bridge.dir/generated/controller_manager_msgs__msg__ControllerState__factories.cpp.o[0m
[60.239s] [ 14%] [32mBuilding CXX object CMakeFiles/ros1_bridge.dir/generated/controller_manager_msgs__msg__HardwareInterface__factories.cpp.o[0m
[61.307s] [ 14%] [32mBuilding CXX object CMakeFiles/ros1_bridge.dir/generated/controller_manager_msgs__srv__ConfigureController__factories.cpp.o[0m
[62.127s] [ 14%] [32mBuilding CXX object CMakeFiles/ros1_bridge.dir/generated/controller_manager_msgs__srv__ConfigureStartController__factories.cpp.o[0m
[63.586s] [ 14%] [32mBuilding CXX object CMakeFiles/ros1_bridge.dir/generated/controller_manager_msgs__srv__ListControllers__factories.cpp.o[0m
[65.427s] [ 15%] [32mBuilding CXX object CMakeFiles/ros1_bridge.dir/generated/controller_manager_msgs__srv__ListControllerTypes__factories.cpp.o[0m
[65.767s] [ 15%] [32mBuilding CXX object CMakeFiles/ros1_bridge.dir/generated/controller_manager_msgs__srv__ListHardwareInterfaces__factories.cpp.o[0m
[66.351s] [ 15%] [32mBuilding CXX object CMakeFiles/ros1_bridge.dir/generated/controller_manager_msgs__srv__LoadConfigureController__factories.cpp.o[0m
[67.973s] [ 15%] [32mBuilding CXX object CMakeFiles/ros1_bridge.dir/generated/controller_manager_msgs__srv__LoadController__factories.cpp.o[0m
[68.103s] [ 16%] [32mBuilding CXX object CMakeFiles/ros1_bridge.dir/generated/controller_manager_msgs__srv__LoadStartController__factories.cpp.o[0m
[69.048s] [ 16%] [32mBuilding CXX object CMakeFiles/ros1_bridge.dir/generated/controller_manager_msgs__srv__ReloadControllerLibraries__factories.cpp.o[0m
[70.032s] [ 16%] [32mBuilding CXX object CMakeFiles/ros1_bridge.dir/generated/controller_manager_msgs__srv__SwitchController__factories.cpp.o[0m
[73.554s] [ 16%] [32mBuilding CXX object CMakeFiles/ros1_bridge.dir/generated/controller_manager_msgs__srv__UnloadController__factories.cpp.o[0m
[73.921s] [ 17%] [32mBuilding CXX object CMakeFiles/ros1_bridge.dir/generated/diagnostic_msgs_factories.cpp.o[0m
[75.046s] [ 17%] [32mBuilding CXX object CMakeFiles/ros1_bridge.dir/generated/diagnostic_msgs__msg__DiagnosticArray__factories.cpp.o[0m
[75.788s] [ 17%] [32mBuilding CXX object CMakeFiles/ros1_bridge.dir/generated/diagnostic_msgs__msg__DiagnosticStatus__factories.cpp.o[0m
[76.426s] [ 17%] [32mBuilding CXX object CMakeFiles/ros1_bridge.dir/generated/diagnostic_msgs__msg__KeyValue__factories.cpp.o[0m
[77.703s] [ 18%] [32mBuilding CXX object CMakeFiles/ros1_bridge.dir/generated/diagnostic_msgs__srv__AddDiagnostics__factories.cpp.o[0m
[78.730s] [ 18%] [32mBuilding CXX object CMakeFiles/ros1_bridge.dir/generated/diagnostic_msgs__srv__SelfTest__factories.cpp.o[0m
[80.033s] [ 18%] [32mBuilding CXX object CMakeFiles/ros1_bridge.dir/generated/dwb_msgs_factories.cpp.o[0m
[82.197s] [ 18%] [32mBuilding CXX object CMakeFiles/ros1_bridge.dir/generated/dwb_msgs__msg__CriticScore__factories.cpp.o[0m
[84.527s] [ 18%] [32mBuilding CXX object CMakeFiles/ros1_bridge.dir/generated/dwb_msgs__msg__LocalPlanEvaluation__factories.cpp.o[0m
[88.244s] [ 19%] [32mBuilding CXX object CMakeFiles/ros1_bridge.dir/generated/dwb_msgs__msg__Trajectory2D__factories.cpp.o[0m
[89.163s] [ 19%] [32mBuilding CXX object CMakeFiles/ros1_bridge.dir/generated/dwb_msgs__msg__TrajectoryScore__factories.cpp.o[0m
[90.991s] [ 19%] [32mBuilding CXX object CMakeFiles/ros1_bridge.dir/generated/dwb_msgs__srv__DebugLocalPlan__factories.cpp.o[0m
[91.524s] [ 19%] [32mBuilding CXX object CMakeFiles/ros1_bridge.dir/generated/dwb_msgs__srv__GenerateTrajectory__factories.cpp.o[0m
[93.107s] [ 20%] [32mBuilding CXX object CMakeFiles/ros1_bridge.dir/generated/dwb_msgs__srv__GenerateTwists__factories.cpp.o[0m
[93.158s] [ 20%] [32mBuilding CXX object CMakeFiles/ros1_bridge.dir/generated/dwb_msgs__srv__GetCriticScore__factories.cpp.o[0m
[94.165s] [ 20%] [32mBuilding CXX object CMakeFiles/ros1_bridge.dir/generated/dwb_msgs__srv__ScoreTrajectory__factories.cpp.o[0m
[94.184s] [ 20%] [32mBuilding CXX object CMakeFiles/ros1_bridge.dir/generated/example_interfaces_factories.cpp.o[0m
[97.241s] [ 21%] [32mBuilding CXX object CMakeFiles/ros1_bridge.dir/generated/example_interfaces__msg__Bool__factories.cpp.o[0m
[98.093s] [ 21%] [32mBuilding CXX object CMakeFiles/ros1_bridge.dir/generated/example_interfaces__msg__Byte__factories.cpp.o[0m
[99.733s] [ 21%] [32mBuilding CXX object CMakeFiles/ros1_bridge.dir/generated/example_interfaces__msg__ByteMultiArray__factories.cpp.o[0m
[100.421s] [ 21%] [32mBuilding CXX object CMakeFiles/ros1_bridge.dir/generated/example_interfaces__msg__Char__factories.cpp.o[0m
[101.545s] [ 21%] [32mBuilding CXX object CMakeFiles/ros1_bridge.dir/generated/example_interfaces__msg__Empty__factories.cpp.o[0m
[101.936s] [ 22%] [32mBuilding CXX object CMakeFiles/ros1_bridge.dir/generated/example_interfaces__msg__Float32__factories.cpp.o[0m
[102.751s] [ 22%] [32mBuilding CXX object CMakeFiles/ros1_bridge.dir/generated/example_interfaces__msg__Float32MultiArray__factories.cpp.o[0m
[102.902s] [ 22%] [32mBuilding CXX object CMakeFiles/ros1_bridge.dir/generated/example_interfaces__msg__Float64__factories.cpp.o[0m
[105.406s] [ 22%] [32mBuilding CXX object CMakeFiles/ros1_bridge.dir/generated/example_interfaces__msg__Float64MultiArray__factories.cpp.o[0m
[106.159s] [ 23%] [32mBuilding CXX object CMakeFiles/ros1_bridge.dir/generated/example_interfaces__msg__Int16__factories.cpp.o[0m
[107.652s] [ 23%] [32mBuilding CXX object CMakeFiles/ros1_bridge.dir/generated/example_interfaces__msg__Int16MultiArray__factories.cpp.o[0m
[108.457s] [ 23%] [32mBuilding CXX object CMakeFiles/ros1_bridge.dir/generated/example_interfaces__msg__Int32__factories.cpp.o[0m
[109.395s] [ 23%] [32mBuilding CXX object CMakeFiles/ros1_bridge.dir/generated/example_interfaces__msg__Int32MultiArray__factories.cpp.o[0m
[109.921s] [ 24%] [32mBuilding CXX object CMakeFiles/ros1_bridge.dir/generated/example_interfaces__msg__Int64__factories.cpp.o[0m
[110.577s] [ 24%] [32mBuilding CXX object CMakeFiles/ros1_bridge.dir/generated/example_interfaces__msg__Int64MultiArray__factories.cpp.o[0m
[110.599s] [ 24%] [32mBuilding CXX object CMakeFiles/ros1_bridge.dir/generated/example_interfaces__msg__Int8__factories.cpp.o[0m
[113.319s] [ 24%] [32mBuilding CXX object CMakeFiles/ros1_bridge.dir/generated/example_interfaces__msg__Int8MultiArray__factories.cpp.o[0m
[114.267s] [ 24%] [32mBuilding CXX object CMakeFiles/ros1_bridge.dir/generated/example_interfaces__msg__MultiArrayDimension__factories.cpp.o[0m
[115.393s] [ 25%] [32mBuilding CXX object CMakeFiles/ros1_bridge.dir/generated/example_interfaces__msg__MultiArrayLayout__factories.cpp.o[0m
[116.207s] [ 25%] [32mBuilding CXX object CMakeFiles/ros1_bridge.dir/generated/example_interfaces__msg__String__factories.cpp.o[0m
[117.109s] [ 25%] [32mBuilding CXX object CMakeFiles/ros1_bridge.dir/generated/example_interfaces__msg__UInt16__factories.cpp.o[0m
[117.757s] [ 25%] [32mBuilding CXX object CMakeFiles/ros1_bridge.dir/generated/example_interfaces__msg__UInt16MultiArray__factories.cpp.o[0m
[118.142s] [ 26%] [32mBuilding CXX object CMakeFiles/ros1_bridge.dir/generated/example_interfaces__msg__UInt32__factories.cpp.o[0m
[118.689s] [ 26%] [32mBuilding CXX object CMakeFiles/ros1_bridge.dir/generated/example_interfaces__msg__UInt32MultiArray__factories.cpp.o[0m
[120.679s] [ 26%] [32mBuilding CXX object CMakeFiles/ros1_bridge.dir/generated/example_interfaces__msg__UInt64__factories.cpp.o[0m
[121.812s] [ 26%] [32mBuilding CXX object CMakeFiles/ros1_bridge.dir/generated/example_interfaces__msg__UInt64MultiArray__factories.cpp.o[0m
[122.768s] [ 27%] [32mBuilding CXX object CMakeFiles/ros1_bridge.dir/generated/example_interfaces__msg__UInt8__factories.cpp.o[0m
[123.755s] [ 27%] [32mBuilding CXX object CMakeFiles/ros1_bridge.dir/generated/example_interfaces__msg__UInt8MultiArray__factories.cpp.o[0m
[124.662s] [ 27%] [32mBuilding CXX object CMakeFiles/ros1_bridge.dir/generated/example_interfaces__msg__WString__factories.cpp.o[0m
[125.430s] [ 27%] [32mBuilding CXX object CMakeFiles/ros1_bridge.dir/generated/example_interfaces__srv__AddTwoInts__factories.cpp.o[0m
[125.672s] [ 27%] [32mBuilding CXX object CMakeFiles/ros1_bridge.dir/generated/example_interfaces__srv__SetBool__factories.cpp.o[0m
[126.333s] [ 28%] [32mBuilding CXX object CMakeFiles/ros1_bridge.dir/generated/example_interfaces__srv__Trigger__factories.cpp.o[0m
[129.000s] [ 28%] [32mBuilding CXX object CMakeFiles/ros1_bridge.dir/generated/gazebo_msgs_factories.cpp.o[0m
[130.141s] [ 28%] [32mBuilding CXX object CMakeFiles/ros1_bridge.dir/generated/gazebo_msgs__msg__ContactState__factories.cpp.o[0m
[131.067s] [ 28%] [32mBuilding CXX object CMakeFiles/ros1_bridge.dir/generated/gazebo_msgs__msg__ContactsState__factories.cpp.o[0m
[131.976s] [ 29%] [32mBuilding CXX object CMakeFiles/ros1_bridge.dir/generated/gazebo_msgs__msg__EntityState__factories.cpp.o[0m
[132.550s] [ 29%] [32mBuilding CXX object CMakeFiles/ros1_bridge.dir/generated/gazebo_msgs__msg__LinkState__factories.cpp.o[0m
[134.076s] [ 29%] [32mBuilding CXX object CMakeFiles/ros1_bridge.dir/generated/gazebo_msgs__msg__LinkStates__factories.cpp.o[0m
[134.315s] [ 29%] [32mBuilding CXX object CMakeFiles/ros1_bridge.dir/generated/gazebo_msgs__msg__ModelState__factories.cpp.o[0m
[137.271s] [ 30%] [32mBuilding CXX object CMakeFiles/ros1_bridge.dir/generated/gazebo_msgs__msg__ModelStates__factories.cpp.o[0m
[138.191s] [ 30%] [32mBuilding CXX object CMakeFiles/ros1_bridge.dir/generated/gazebo_msgs__msg__ODEJointProperties__factories.cpp.o[0m
[140.113s] [ 30%] [32mBuilding CXX object CMakeFiles/ros1_bridge.dir/generated/gazebo_msgs__msg__ODEPhysics__factories.cpp.o[0m
[148.069s] [ 30%] [32mBuilding CXX object CMakeFiles/ros1_bridge.dir/generated/gazebo_msgs__msg__PerformanceMetrics__factories.cpp.o[0m
[149.084s] [ 31%] [32mBuilding CXX object CMakeFiles/ros1_bridge.dir/generated/gazebo_msgs__msg__SensorPerformanceMetric__factories.cpp.o[0m
[149.896s] [ 31%] [32mBuilding CXX object CMakeFiles/ros1_bridge.dir/generated/gazebo_msgs__msg__WorldState__factories.cpp.o[0m
[151.762s] [ 31%] [32mBuilding CXX object CMakeFiles/ros1_bridge.dir/generated/gazebo_msgs__srv__ApplyBodyWrench__factories.cpp.o[0m
[152.092s] [ 31%] [32mBuilding CXX object CMakeFiles/ros1_bridge.dir/generated/gazebo_msgs__srv__ApplyLinkWrench__factories.cpp.o[0m
[155.083s] [ 31%] [32mBuilding CXX object CMakeFiles/ros1_bridge.dir/generated/gazebo_msgs__srv__ApplyJointEffort__factories.cpp.o[0m
[155.717s] [ 32%] [32mBuilding CXX object CMakeFiles/ros1_bridge.dir/generated/gazebo_msgs__srv__BodyRequest__factories.cpp.o[0m
[157.267s] [ 32%] [32mBuilding CXX object CMakeFiles/ros1_bridge.dir/generated/gazebo_msgs__srv__DeleteEntity__factories.cpp.o[0m
[159.872s] [ 32%] [32mBuilding CXX object CMakeFiles/ros1_bridge.dir/generated/gazebo_msgs__srv__DeleteLight__factories.cpp.o[0m
[160.246s] [ 32%] [32mBuilding CXX object CMakeFiles/ros1_bridge.dir/generated/gazebo_msgs__srv__DeleteModel__factories.cpp.o[0m
[163.109s] [ 33%] [32mBuilding CXX object CMakeFiles/ros1_bridge.dir/generated/gazebo_msgs__srv__GetJointProperties__factories.cpp.o[0m
[170.581s] [ 33%] [32mBuilding CXX object CMakeFiles/ros1_bridge.dir/generated/gazebo_msgs__srv__GetModelState__factories.cpp.o[0m
[170.581s] [ 33%] [32mBuilding CXX object CMakeFiles/ros1_bridge.dir/generated/gazebo_msgs__srv__GetModelProperties__factories.cpp.o[0m
[171.024s] [ 34%] [32mBuilding CXX object CMakeFiles/ros1_bridge.dir/generated/gazebo_msgs__srv__GetModelList__factories.cpp.o[0m
[171.025s] [ 34%] [32mBuilding CXX object CMakeFiles/ros1_bridge.dir/generated/gazebo_msgs__srv__GetLinkState__factories.cpp.o[0m
[172.042s] [ 34%] [32mBuilding CXX object CMakeFiles/ros1_bridge.dir/generated/gazebo_msgs__srv__GetLinkProperties__factories.cpp.o[0m
[172.042s] [ 34%] [32mBuilding CXX object CMakeFiles/ros1_bridge.dir/generated/gazebo_msgs__srv__GetPhysicsProperties__factories.cpp.o[0m
[173.063s] [ 34%] [32mBuilding CXX object CMakeFiles/ros1_bridge.dir/generated/gazebo_msgs__srv__GetEntityState__factories.cpp.o[0m
[173.063s] [ 34%] [32mBuilding CXX object CMakeFiles/ros1_bridge.dir/generated/gazebo_msgs__srv__GetLightProperties__factories.cpp.o[0m
[177.276s] [ 35%] [32mBuilding CXX object CMakeFiles/ros1_bridge.dir/generated/gazebo_msgs__srv__GetWorldProperties__factories.cpp.o[0m
[180.427s] [ 35%] [32mBuilding CXX object CMakeFiles/ros1_bridge.dir/generated/gazebo_msgs__srv__JointRequest__factories.cpp.o[0m
[180.918s] [ 35%] [32mBuilding CXX object CMakeFiles/ros1_bridge.dir/generated/gazebo_msgs__srv__LinkRequest__factories.cpp.o[0m
[181.150s] [ 35%] [32mBuilding CXX object CMakeFiles/ros1_bridge.dir/generated/gazebo_msgs__srv__SetEntityState__factories.cpp.o[0m
[181.852s] [ 36%] [32mBuilding CXX object CMakeFiles/ros1_bridge.dir/generated/gazebo_msgs__srv__SetJointProperties__factories.cpp.o[0m
[183.495s] [ 36%] [32mBuilding CXX object CMakeFiles/ros1_bridge.dir/generated/gazebo_msgs__srv__SetJointTrajectory__factories.cpp.o[0m
[183.854s] [ 36%] [32mBuilding CXX object CMakeFiles/ros1_bridge.dir/generated/gazebo_msgs__srv__SetLightProperties__factories.cpp.o[0m
[184.754s] [ 36%] [32mBuilding CXX object CMakeFiles/ros1_bridge.dir/generated/gazebo_msgs__srv__SetLinkProperties__factories.cpp.o[0m
[189.216s] [ 37%] [32mBuilding CXX object CMakeFiles/ros1_bridge.dir/generated/gazebo_msgs__srv__SetLinkState__factories.cpp.o[0m
[189.511s] [ 37%] [32mBuilding CXX object CMakeFiles/ros1_bridge.dir/generated/gazebo_msgs__srv__SetModelConfiguration__factories.cpp.o[0m
[189.788s] [ 37%] [32mBuilding CXX object CMakeFiles/ros1_bridge.dir/generated/gazebo_msgs__srv__SetModelState__factories.cpp.o[0m
[192.219s] [ 37%] [32mBuilding CXX object CMakeFiles/ros1_bridge.dir/generated/gazebo_msgs__srv__SetPhysicsProperties__factories.cpp.o[0m
[192.386s] [ 37%] [32mBuilding CXX object CMakeFiles/ros1_bridge.dir/generated/gazebo_msgs__srv__SpawnEntity__factories.cpp.o[0m
[194.109s] [ 38%] [32mBuilding CXX object CMakeFiles/ros1_bridge.dir/generated/gazebo_msgs__srv__SpawnModel__factories.cpp.o[0m
[199.932s] [ 38%] [32mBuilding CXX object CMakeFiles/ros1_bridge.dir/generated/geometry_msgs__msg__Accel__factories.cpp.o[0m
[199.937s] [ 38%] [32mBuilding CXX object CMakeFiles/ros1_bridge.dir/generated/geometry_msgs_factories.cpp.o[0m
[200.315s] [ 38%] [32mBuilding CXX object CMakeFiles/ros1_bridge.dir/generated/geometry_msgs__msg__AccelStamped__factories.cpp.o[0m
[201.341s] [ 39%] [32mBuilding CXX object CMakeFiles/ros1_bridge.dir/generated/geometry_msgs__msg__AccelWithCovariance__factories.cpp.o[0m
[201.441s] [ 39%] [32mBuilding CXX object CMakeFiles/ros1_bridge.dir/generated/geometry_msgs__msg__AccelWithCovarianceStamped__factories.cpp.o[0m
[201.473s] [ 39%] [32mBuilding CXX object CMakeFiles/ros1_bridge.dir/generated/geometry_msgs__msg__Inertia__factories.cpp.o[0m
[202.218s] [ 39%] [32mBuilding CXX object CMakeFiles/ros1_bridge.dir/generated/geometry_msgs__msg__InertiaStamped__factories.cpp.o[0m
[205.532s] [ 40%] [32mBuilding CXX object CMakeFiles/ros1_bridge.dir/generated/geometry_msgs__msg__Point__factories.cpp.o[0m
[207.438s] [ 40%] [32mBuilding CXX object CMakeFiles/ros1_bridge.dir/generated/geometry_msgs__msg__Point32__factories.cpp.o[0m
[219.815s] [ 40%] [32mBuilding CXX object CMakeFiles/ros1_bridge.dir/generated/geometry_msgs__msg__Pose2D__factories.cpp.o[0m
[219.815s] [ 40%] [32mBuilding CXX object CMakeFiles/ros1_bridge.dir/generated/geometry_msgs__msg__PoseArray__factories.cpp.o[0m
[220.382s] [ 41%] [32mBuilding CXX object CMakeFiles/ros1_bridge.dir/generated/geometry_msgs__msg__Pose__factories.cpp.o[0m
[221.399s] [ 41%] [32mBuilding CXX object CMakeFiles/ros1_bridge.dir/generated/geometry_msgs__msg__PoseStamped__factories.cpp.o[0m
[221.399s] [ 41%] [32mBuilding CXX object CMakeFiles/ros1_bridge.dir/generated/geometry_msgs__msg__PolygonStamped__factories.cpp.o[0m
[221.516s] [ 41%] [32mBuilding CXX object CMakeFiles/ros1_bridge.dir/generated/geometry_msgs__msg__Polygon__factories.cpp.o[0m
[222.536s] [ 42%] [32mBuilding CXX object CMakeFiles/ros1_bridge.dir/generated/geometry_msgs__msg__PoseWithCovariance__factories.cpp.o[0m
[222.538s] [ 42%] [32mBuilding CXX object CMakeFiles/ros1_bridge.dir/generated/geometry_msgs__msg__PointStamped__factories.cpp.o[0m
[234.947s] [ 42%] [32mBuilding CXX object CMakeFiles/ros1_bridge.dir/generated/geometry_msgs__msg__PoseWithCovarianceStamped__factories.cpp.o[0m
[234.987s] [ 42%] [32mBuilding CXX object CMakeFiles/ros1_bridge.dir/generated/geometry_msgs__msg__Quaternion__factories.cpp.o[0m
[235.097s] [ 42%] [32mBuilding CXX object CMakeFiles/ros1_bridge.dir/generated/geometry_msgs__msg__QuaternionStamped__factories.cpp.o[0m
[238.116s] [ 43%] [32mBuilding CXX object CMakeFiles/ros1_bridge.dir/generated/geometry_msgs__msg__Transform__factories.cpp.o[0m
[238.179s] [ 43%] [32mBuilding CXX object CMakeFiles/ros1_bridge.dir/generated/geometry_msgs__msg__TransformStamped__factories.cpp.o[0m
[238.216s] [ 43%] [32mBuilding CXX object CMakeFiles/ros1_bridge.dir/generated/geometry_msgs__msg__Twist__factories.cpp.o[0m
[239.443s] [ 43%] [32mBuilding CXX object CMakeFiles/ros1_bridge.dir/generated/geometry_msgs__msg__TwistStamped__factories.cpp.o[0m
[239.594s] [ 43%] [32mBuilding CXX object CMakeFiles/ros1_bridge.dir/generated/geometry_msgs__msg__TwistWithCovariance__factories.cpp.o[0m
[254.734s] [ 43%] [32mBuilding CXX object CMakeFiles/ros1_bridge.dir/generated/libstatistics_collector__msg__DummyMessage__factories.cpp.o[0m
[255.746s] [ 43%] [32mBuilding CXX object CMakeFiles/ros1_bridge.dir/generated/libstatistics_collector_factories.cpp.o[0m
[255.747s] [ 43%] [32mBuilding CXX object CMakeFiles/ros1_bridge.dir/generated/lifecycle_msgs_factories.cpp.o[0m
[255.762s] [ 44%] [32mBuilding CXX object CMakeFiles/ros1_bridge.dir/generated/geometry_msgs__msg__WrenchStamped__factories.cpp.o[0m
[255.762s] [ 44%] [32mBuilding CXX object CMakeFiles/ros1_bridge.dir/generated/geometry_msgs__msg__Wrench__factories.cpp.o[0m
[256.781s] [ 44%] [32mBuilding CXX object CMakeFiles/ros1_bridge.dir/generated/geometry_msgs__msg__Vector3Stamped__factories.cpp.o[0m
[256.781s] [ 44%] [32mBuilding CXX object CMakeFiles/ros1_bridge.dir/generated/geometry_msgs__msg__Vector3__factories.cpp.o[0m
[257.804s] [ 45%] [32mBuilding CXX object CMakeFiles/ros1_bridge.dir/generated/geometry_msgs__msg__TwistWithCovarianceStamped__factories.cpp.o[0m
[259.829s] [ 46%] [32mBuilding CXX object CMakeFiles/ros1_bridge.dir/generated/lifecycle_msgs__msg__State__factories.cpp.o[0m
[262.463s] [ 46%] [32mBuilding CXX object CMakeFiles/ros1_bridge.dir/generated/lifecycle_msgs__msg__Transition__factories.cpp.o[0m
[263.138s] [ 46%] [32mBuilding CXX object CMakeFiles/ros1_bridge.dir/generated/lifecycle_msgs__msg__TransitionDescription__factories.cpp.o[0m
[267.479s] [ 46%] [32mBuilding CXX object CMakeFiles/ros1_bridge.dir/generated/lifecycle_msgs__msg__TransitionEvent__factories.cpp.o[0m
[273.223s] [ 46%] [32mBuilding CXX object CMakeFiles/ros1_bridge.dir/generated/map_msgs_factories.cpp.o[0m
[275.235s] [ 47%] [32mBuilding CXX object CMakeFiles/ros1_bridge.dir/generated/logging_demo__srv__ConfigLogger__factories.cpp.o[0m
[275.235s] [ 47%] [32mBuilding CXX object CMakeFiles/ros1_bridge.dir/generated/map_msgs__msg__OccupancyGridUpdate__factories.cpp.o[0m
[275.239s] [ 47%] [32mBuilding CXX object CMakeFiles/ros1_bridge.dir/generated/logging_demo_factories.cpp.o[0m
[276.257s] [ 47%] [32mBuilding CXX object CMakeFiles/ros1_bridge.dir/generated/lifecycle_msgs__srv__GetAvailableTransitions__factories.cpp.o[0m
[276.258s] [ 47%] [32mBuilding CXX object CMakeFiles/ros1_bridge.dir/generated/lifecycle_msgs__srv__GetState__factories.cpp.o[0m
[277.277s] [ 48%] [32mBuilding CXX object CMakeFiles/ros1_bridge.dir/generated/lifecycle_msgs__srv__ChangeState__factories.cpp.o[0m
[277.277s] [ 48%] [32mBuilding CXX object CMakeFiles/ros1_bridge.dir/generated/lifecycle_msgs__srv__GetAvailableStates__factories.cpp.o[0m
[277.422s] [ 48%] [32mBuilding CXX object CMakeFiles/ros1_bridge.dir/generated/map_msgs__msg__PointCloud2Update__factories.cpp.o[0m
[281.285s] [ 49%] [32mBuilding CXX object CMakeFiles/ros1_bridge.dir/generated/map_msgs__msg__ProjectedMapInfo__factories.cpp.o[0m
[281.938s] [ 49%] [32mBuilding CXX object CMakeFiles/ros1_bridge.dir/generated/map_msgs__msg__ProjectedMap__factories.cpp.o[0m
[283.520s] [ 49%] [32mBuilding CXX object CMakeFiles/ros1_bridge.dir/generated/map_msgs__srv__GetMapROI__factories.cpp.o[0m
[283.575s] [ 49%] [32mBuilding CXX object CMakeFiles/ros1_bridge.dir/generated/map_msgs__srv__GetPointMapROI__factories.cpp.o[0m
[284.779s] [ 50%] [32mBuilding CXX object CMakeFiles/ros1_bridge.dir/generated/map_msgs__srv__GetPointMap__factories.cpp.o[0m
[284.968s] [ 50%] [32mBuilding CXX object CMakeFiles/ros1_bridge.dir/generated/map_msgs__srv__ProjectedMapsInfo__factories.cpp.o[0m
[291.003s] [ 50%] [32mBuilding CXX object CMakeFiles/ros1_bridge.dir/generated/map_msgs__srv__SaveMap__factories.cpp.o[0m
[294.316s] [ 50%] [32mBuilding CXX object CMakeFiles/ros1_bridge.dir/generated/map_msgs__srv__SetMapProjections__factories.cpp.o[0m
[294.911s] [ 50%] [32mBuilding CXX object CMakeFiles/ros1_bridge.dir/generated/nav2_msgs_factories.cpp.o[0m
[295.148s] [ 51%] [32mBuilding CXX object CMakeFiles/ros1_bridge.dir/generated/nav2_msgs__msg__Costmap__factories.cpp.o[0m
[296.557s] [ 51%] [32mBuilding CXX object CMakeFiles/ros1_bridge.dir/generated/nav2_msgs__msg__CostmapMetaData__factories.cpp.o[0m
[296.702s] [ 51%] [32mBuilding CXX object CMakeFiles/ros1_bridge.dir/generated/nav2_msgs__msg__VoxelGrid__factories.cpp.o[0m
[297.867s] [ 51%] [32mBuilding CXX object CMakeFiles/ros1_bridge.dir/generated/nav2_msgs__msg__BehaviorTreeStatusChange__factories.cpp.o[0m
[298.769s] [ 52%] [32mBuilding CXX object CMakeFiles/ros1_bridge.dir/generated/nav2_msgs__msg__BehaviorTreeLog__factories.cpp.o[0m
[302.242s] [ 52%] [32mBuilding CXX object CMakeFiles/ros1_bridge.dir/generated/nav2_msgs__msg__Particle__factories.cpp.o[0m
[302.763s] [ 52%] [32mBuilding CXX object CMakeFiles/ros1_bridge.dir/generated/nav2_msgs__msg__ParticleCloud__factories.cpp.o[0m
[302.818s] [ 52%] [32mBuilding CXX object CMakeFiles/ros1_bridge.dir/generated/nav2_msgs__srv__GetCostmap__factories.cpp.o[0m
[304.062s] [ 53%] [32mBuilding CXX object CMakeFiles/ros1_bridge.dir/generated/nav2_msgs__srv__ClearCostmapExceptRegion__factories.cpp.o[0m
[304.243s] [ 53%] [32mBuilding CXX object CMakeFiles/ros1_bridge.dir/generated/nav2_msgs__srv__ClearCostmapAroundRobot__factories.cpp.o[0m
[305.597s] [ 53%] [32mBuilding CXX object CMakeFiles/ros1_bridge.dir/generated/nav2_msgs__srv__ClearEntireCostmap__factories.cpp.o[0m
[306.291s] [ 53%] [32mBuilding CXX object CMakeFiles/ros1_bridge.dir/generated/nav2_msgs__srv__ManageLifecycleNodes__factories.cpp.o[0m
[306.420s] [ 53%] [32mBuilding CXX object CMakeFiles/ros1_bridge.dir/generated/nav2_msgs__srv__LoadMap__factories.cpp.o[0m
[309.734s] [ 54%] [32mBuilding CXX object CMakeFiles/ros1_bridge.dir/generated/nav2_msgs__srv__SaveMap__factories.cpp.o[0m
[310.433s] [ 54%] [32mBuilding CXX object CMakeFiles/ros1_bridge.dir/generated/nav_2d_msgs_factories.cpp.o[0m
[310.564s] [ 54%] [32mBuilding CXX object CMakeFiles/ros1_bridge.dir/generated/nav_2d_msgs__msg__Path2D__factories.cpp.o[0m
[311.734s] [ 54%] [32mBuilding CXX object CMakeFiles/ros1_bridge.dir/generated/nav_2d_msgs__msg__Pose2D32__factories.cpp.o[0m
[311.774s] [ 55%] [32mBuilding CXX object CMakeFiles/ros1_bridge.dir/generated/nav_2d_msgs__msg__Pose2DStamped__factories.cpp.o[0m
[313.206s] [ 55%] [32mBuilding CXX object CMakeFiles/ros1_bridge.dir/generated/nav_2d_msgs__msg__Twist2D__factories.cpp.o[0m
[313.560s] [ 55%] [32mBuilding CXX object CMakeFiles/ros1_bridge.dir/generated/nav_2d_msgs__msg__Twist2D32__factories.cpp.o[0m
[313.991s] [ 55%] [32mBuilding CXX object CMakeFiles/ros1_bridge.dir/generated/nav_2d_msgs__msg__Twist2DStamped__factories.cpp.o[0m
[317.410s] [ 56%] [32mBuilding CXX object CMakeFiles/ros1_bridge.dir/generated/nav_msgs_factories.cpp.o[0m
[318.030s] [ 56%] [32mBuilding CXX object CMakeFiles/ros1_bridge.dir/generated/nav_msgs__msg__GridCells__factories.cpp.o[0m
[318.282s] [ 56%] [32mBuilding CXX object CMakeFiles/ros1_bridge.dir/generated/nav_msgs__msg__MapMetaData__factories.cpp.o[0m
[319.294s] [ 56%] [32mBuilding CXX object CMakeFiles/ros1_bridge.dir/generated/nav_msgs__msg__OccupancyGrid__factories.cpp.o[0m
[319.553s] [ 56%] [32mBuilding CXX object CMakeFiles/ros1_bridge.dir/generated/nav_msgs__msg__Odometry__factories.cpp.o[0m
[320.704s] [ 57%] [32mBuilding CXX object CMakeFiles/ros1_bridge.dir/generated/nav_msgs__msg__Path__factories.cpp.o[0m
[320.978s] [ 57%] [32mBuilding CXX object CMakeFiles/ros1_bridge.dir/generated/nav_msgs__srv__GetMap__factories.cpp.o[0m
[321.515s] [ 57%] [32mBuilding CXX object CMakeFiles/ros1_bridge.dir/generated/nav_msgs__srv__GetPlan__factories.cpp.o[0m
[325.338s] [ 57%] [32mBuilding CXX object CMakeFiles/ros1_bridge.dir/generated/nav_msgs__srv__SetMap__factories.cpp.o[0m
[331.857s] [ 58%] [32mBuilding CXX object CMakeFiles/ros1_bridge.dir/generated/pcl_msgs_factories.cpp.o[0m
[333.120s] [ 58%] [32mBuilding CXX object CMakeFiles/ros1_bridge.dir/generated/pcl_msgs__msg__ModelCoefficients__factories.cpp.o[0m
[334.596s] [ 58%] [32mBuilding CXX object CMakeFiles/ros1_bridge.dir/generated/pcl_msgs__msg__PointIndices__factories.cpp.o[0m
[334.708s] [ 58%] [32mBuilding CXX object CMakeFiles/ros1_bridge.dir/generated/pcl_msgs__msg__PolygonMesh__factories.cpp.o[0m
[335.973s] [ 59%] [32mBuilding CXX object CMakeFiles/ros1_bridge.dir/generated/pcl_msgs__msg__Vertices__factories.cpp.o[0m
[336.469s] [ 59%] [32mBuilding CXX object CMakeFiles/ros1_bridge.dir/generated/pcl_msgs__srv__UpdateFilename__factories.cpp.o[0m
[337.151s] [ 59%] [32mBuilding CXX object CMakeFiles/ros1_bridge.dir/generated/pendulum_msgs_factories.cpp.o[0m
[337.460s] [ 59%] [32mBuilding CXX object CMakeFiles/ros1_bridge.dir/generated/pendulum_msgs__msg__JointState__factories.cpp.o[0m
[340.093s] [ 60%] [32mBuilding CXX object CMakeFiles/ros1_bridge.dir/generated/pendulum_msgs__msg__JointCommand__factories.cpp.o[0m
[344.692s] [ 60%] [32mBuilding CXX object CMakeFiles/ros1_bridge.dir/generated/pendulum_msgs__msg__RttestResults__factories.cpp.o[0m
[344.809s] [ 60%] [32mBuilding CXX object CMakeFiles/ros1_bridge.dir/generated/rcl_interfaces_factories.cpp.o[0m
[347.535s] [ 60%] [32mBuilding CXX object CMakeFiles/ros1_bridge.dir/generated/rcl_interfaces__msg__FloatingPointRange__factories.cpp.o[0m
[347.903s] [ 60%] [32mBuilding CXX object CMakeFiles/ros1_bridge.dir/generated/rcl_interfaces__msg__IntegerRange__factories.cpp.o[0m
[349.863s] [ 61%] [32mBuilding CXX object CMakeFiles/ros1_bridge.dir/generated/rcl_interfaces__msg__ListParametersResult__factories.cpp.o[0m
[351.394s] [ 61%] [32mBuilding CXX object CMakeFiles/ros1_bridge.dir/generated/rcl_interfaces__msg__Log__factories.cpp.o[0m
[351.767s] [ 61%] [32mBuilding CXX object CMakeFiles/ros1_bridge.dir/generated/rcl_interfaces__msg__ParameterDescriptor__factories.cpp.o[0m
[352.165s] [ 61%] [32mBuilding CXX object CMakeFiles/ros1_bridge.dir/generated/rcl_interfaces__msg__ParameterEventDescriptors__factories.cpp.o[0m
[352.686s] [ 62%] [32mBuilding CXX object CMakeFiles/ros1_bridge.dir/generated/rcl_interfaces__msg__ParameterEvent__factories.cpp.o[0m
[352.885s] [ 62%] [32mBuilding CXX object CMakeFiles/ros1_bridge.dir/generated/rcl_interfaces__msg__Parameter__factories.cpp.o[0m
[355.424s] [ 62%] [32mBuilding CXX object CMakeFiles/ros1_bridge.dir/generated/rcl_interfaces__msg__ParameterType__factories.cpp.o[0m
[355.901s] [ 62%] [32mBuilding CXX object CMakeFiles/ros1_bridge.dir/generated/rcl_interfaces__msg__ParameterValue__factories.cpp.o[0m
[357.468s] [ 63%] [32mBuilding CXX object CMakeFiles/ros1_bridge.dir/generated/rcl_interfaces__msg__SetParametersResult__factories.cpp.o[0m
[359.166s] [ 63%] [32mBuilding CXX object CMakeFiles/ros1_bridge.dir/generated/rcl_interfaces__srv__DescribeParameters__factories.cpp.o[0m
[359.626s] [ 63%] [32mBuilding CXX object CMakeFiles/ros1_bridge.dir/generated/rcl_interfaces__srv__GetParameters__factories.cpp.o[0m
[360.345s] [ 63%] [32mBuilding CXX object CMakeFiles/ros1_bridge.dir/generated/rcl_interfaces__srv__GetParameterTypes__factories.cpp.o[0m
[360.421s] [ 63%] [32mBuilding CXX object CMakeFiles/ros1_bridge.dir/generated/rcl_interfaces__srv__ListParameters__factories.cpp.o[0m
[362.974s] [ 64%] [32mBuilding CXX object CMakeFiles/ros1_bridge.dir/generated/rcl_interfaces__srv__SetParametersAtomically__factories.cpp.o[0m
[363.884s] [ 64%] [32mBuilding CXX object CMakeFiles/ros1_bridge.dir/generated/rcl_interfaces__srv__SetParameters__factories.cpp.o[0m
[368.940s] [ 65%] [32mBuilding CXX object CMakeFiles/ros1_bridge.dir/generated/sensor_msgs_factories.cpp.o[0m
[369.951s] [ 65%] [32mBuilding CXX object CMakeFiles/ros1_bridge.dir/generated/sensor_msgs__msg__BatteryState__factories.cpp.o[0m
[369.951s] [ 65%] [32mBuilding CXX object CMakeFiles/ros1_bridge.dir/generated/rosgraph_msgs__msg__Clock__factories.cpp.o[0m
[370.964s] [ 65%] [32mBuilding CXX object CMakeFiles/ros1_bridge.dir/generated/rosgraph_msgs_factories.cpp.o[0m
[371.981s] [ 66%] [32mBuilding CXX object CMakeFiles/ros1_bridge.dir/generated/rmw_dds_common__msg__ParticipantEntitiesInfo__factories.cpp.o[0m
[371.982s] [ 66%] [32mBuilding CXX object CMakeFiles/ros1_bridge.dir/generated/rmw_dds_common__msg__NodeEntitiesInfo__factories.cpp.o[0m
[373.002s] [ 66%] [32mBuilding CXX object CMakeFiles/ros1_bridge.dir/generated/rmw_dds_common__msg__Gid__factories.cpp.o[0m
[373.454s] [ 66%] [32mBuilding CXX object CMakeFiles/ros1_bridge.dir/generated/rmw_dds_common_factories.cpp.o[0m
[374.475s] [ 66%] [32mBuilding CXX object CMakeFiles/ros1_bridge.dir/generated/sensor_msgs__msg__CameraInfo__factories.cpp.o[0m
[377.652s] [ 66%] [32mBuilding CXX object CMakeFiles/ros1_bridge.dir/generated/sensor_msgs__msg__ChannelFloat32__factories.cpp.o[0m
[379.122s] [ 66%] [32mBuilding CXX object CMakeFiles/ros1_bridge.dir/generated/sensor_msgs__msg__CompressedImage__factories.cpp.o[0m
[379.199s] [ 67%] [32mBuilding CXX object CMakeFiles/ros1_bridge.dir/generated/sensor_msgs__msg__FluidPressure__factories.cpp.o[0m
[380.313s] [ 67%] [32mBuilding CXX object CMakeFiles/ros1_bridge.dir/generated/sensor_msgs__msg__Illuminance__factories.cpp.o[0m
[381.266s] [ 67%] [32mBuilding CXX object CMakeFiles/ros1_bridge.dir/generated/sensor_msgs__msg__Image__factories.cpp.o[0m
[384.048s] [ 67%] [32mBuilding CXX object CMakeFiles/ros1_bridge.dir/generated/sensor_msgs__msg__Imu__factories.cpp.o[0m
[384.054s] [ 68%] [32mBuilding CXX object CMakeFiles/ros1_bridge.dir/generated/sensor_msgs__msg__JointState__factories.cpp.o[0m
[392.229s] [ 68%] [32mBuilding CXX object CMakeFiles/ros1_bridge.dir/generated/sensor_msgs__msg__Joy__factories.cpp.o[0m
[395.182s] [ 68%] [32mBuilding CXX object CMakeFiles/ros1_bridge.dir/generated/sensor_msgs__msg__JoyFeedback__factories.cpp.o[0m
[395.897s] [ 68%] [32mBuilding CXX object CMakeFiles/ros1_bridge.dir/generated/sensor_msgs__msg__JoyFeedbackArray__factories.cpp.o[0m
[396.367s] [ 69%] [32mBuilding CXX object CMakeFiles/ros1_bridge.dir/generated/sensor_msgs__msg__LaserEcho__factories.cpp.o[0m
[397.284s] [ 69%] [32mBuilding CXX object CMakeFiles/ros1_bridge.dir/generated/sensor_msgs__msg__LaserScan__factories.cpp.o[0m
[398.367s] [ 69%] [32mBuilding CXX object CMakeFiles/ros1_bridge.dir/generated/sensor_msgs__msg__MagneticField__factories.cpp.o[0m
[401.552s] [ 69%] [32mBuilding CXX object CMakeFiles/ros1_bridge.dir/generated/sensor_msgs__msg__MultiDOFJointState__factories.cpp.o[0m
[401.577s] [ 69%] [32mBuilding CXX object CMakeFiles/ros1_bridge.dir/generated/sensor_msgs__msg__MultiEchoLaserScan__factories.cpp.o[0m
[415.899s] [ 70%] [32mBuilding CXX object CMakeFiles/ros1_bridge.dir/generated/sensor_msgs__msg__PointField__factories.cpp.o[0m
[415.899s] [ 70%] [32mBuilding CXX object CMakeFiles/ros1_bridge.dir/generated/sensor_msgs__msg__Range__factories.cpp.o[0m
[416.340s] [ 70%] [32mBuilding CXX object CMakeFiles/ros1_bridge.dir/generated/sensor_msgs__msg__RegionOfInterest__factories.cpp.o[0m
[417.352s] [ 70%] [32mBuilding CXX object CMakeFiles/ros1_bridge.dir/generated/sensor_msgs__msg__RelativeHumidity__factories.cpp.o[0m
[418.371s] [ 70%] [32mBuilding CXX object CMakeFiles/ros1_bridge.dir/generated/sensor_msgs__msg__PointCloud2__factories.cpp.o[0m
[419.389s] [ 70%] [32mBuilding CXX object CMakeFiles/ros1_bridge.dir/generated/sensor_msgs__msg__PointCloud__factories.cpp.o[0m
[420.409s] [ 71%] [32mBuilding CXX object CMakeFiles/ros1_bridge.dir/generated/sensor_msgs__msg__NavSatFix__factories.cpp.o[0m
[420.411s] [ 71%] [32mBuilding CXX object CMakeFiles/ros1_bridge.dir/generated/sensor_msgs__msg__NavSatStatus__factories.cpp.o[0m
[429.658s] [ 72%] [32mBuilding CXX object CMakeFiles/ros1_bridge.dir/generated/sensor_msgs__msg__Temperature__factories.cpp.o[0m
[429.878s] [ 72%] [32mBuilding CXX object CMakeFiles/ros1_bridge.dir/generated/sensor_msgs__msg__TimeReference__factories.cpp.o[0m
[429.952s] [ 72%] [32mBuilding CXX object CMakeFiles/ros1_bridge.dir/generated/sensor_msgs__srv__SetCameraInfo__factories.cpp.o[0m
[433.083s] [ 72%] [32mBuilding CXX object CMakeFiles/ros1_bridge.dir/generated/shape_msgs_factories.cpp.o[0m
[435.880s] [ 72%] [32mBuilding CXX object CMakeFiles/ros1_bridge.dir/generated/shape_msgs__msg__Mesh__factories.cpp.o[0m
[437.199s] [ 73%] [32mBuilding CXX object CMakeFiles/ros1_bridge.dir/generated/shape_msgs__msg__MeshTriangle__factories.cpp.o[0m
[437.624s] [ 73%] [32mBuilding CXX object CMakeFiles/ros1_bridge.dir/generated/shape_msgs__msg__Plane__factories.cpp.o[0m
[438.160s] [ 73%] [32mBuilding CXX object CMakeFiles/ros1_bridge.dir/generated/shape_msgs__msg__SolidPrimitive__factories.cpp.o[0m
[440.808s] [ 73%] [32mBuilding CXX object CMakeFiles/ros1_bridge.dir/generated/slam_toolbox_factories.cpp.o[0m
[442.503s] [ 74%] [32mBuilding CXX object CMakeFiles/ros1_bridge.dir/generated/slam_toolbox__srv__Pause__factories.cpp.o[0m
[446.794s] [ 74%] [32mBuilding CXX object CMakeFiles/ros1_bridge.dir/generated/slam_toolbox__srv__ClearQueue__factories.cpp.o[0m
[447.167s] [ 74%] [32mBuilding CXX object CMakeFiles/ros1_bridge.dir/generated/slam_toolbox__srv__ToggleInteractive__factories.cpp.o[0m
[448.541s] [ 74%] [32mBuilding CXX object CMakeFiles/ros1_bridge.dir/generated/slam_toolbox__srv__Clear__factories.cpp.o[0m
[454.477s] [ 74%] [32mBuilding CXX object CMakeFiles/ros1_bridge.dir/generated/statistics_msgs_factories.cpp.o[0m
[455.488s] [ 74%] [32mBuilding CXX object CMakeFiles/ros1_bridge.dir/generated/slam_toolbox__srv__SerializePoseGraph__factories.cpp.o[0m
[455.488s] [ 74%] [32mBuilding CXX object CMakeFiles/ros1_bridge.dir/generated/statistics_msgs__msg__MetricsMessage__factories.cpp.o[0m
[456.501s] [ 74%] [32mBuilding CXX object CMakeFiles/ros1_bridge.dir/generated/slam_toolbox__srv__AddSubmap__factories.cpp.o[0m
[456.505s] [ 75%] [32mBuilding CXX object CMakeFiles/ros1_bridge.dir/generated/slam_toolbox__srv__DeserializePoseGraph__factories.cpp.o[0m
[457.549s] [ 75%] [32mBuilding CXX object CMakeFiles/ros1_bridge.dir/generated/slam_toolbox__srv__MergeMaps__factories.cpp.o[0m
[457.564s] [ 75%] [32mBuilding CXX object CMakeFiles/ros1_bridge.dir/generated/slam_toolbox__srv__LoopClosure__factories.cpp.o[0m
[458.590s] [ 76%] [32mBuilding CXX object CMakeFiles/ros1_bridge.dir/generated/slam_toolbox__srv__SaveMap__factories.cpp.o[0m
[458.602s] [ 76%] [32mBuilding CXX object CMakeFiles/ros1_bridge.dir/generated/statistics_msgs__msg__StatisticDataPoint__factories.cpp.o[0m
[461.098s] [ 77%] [32mBuilding CXX object CMakeFiles/ros1_bridge.dir/generated/statistics_msgs__msg__StatisticDataType__factories.cpp.o[0m
[461.170s] [ 77%] [32mBuilding CXX object CMakeFiles/ros1_bridge.dir/generated/std_msgs_factories.cpp.o[0m
[464.073s] [ 77%] [32mBuilding CXX object CMakeFiles/ros1_bridge.dir/generated/std_msgs__msg__Bool__factories.cpp.o[0m
[464.117s] [ 77%] [32mBuilding CXX object CMakeFiles/ros1_bridge.dir/generated/std_msgs__msg__Byte__factories.cpp.o[0m
[465.114s] [ 78%] [32mBuilding CXX object CMakeFiles/ros1_bridge.dir/generated/std_msgs__msg__ByteMultiArray__factories.cpp.o[0m
[465.296s] [ 78%] [32mBuilding CXX object CMakeFiles/ros1_bridge.dir/generated/std_msgs__msg__Char__factories.cpp.o[0m
[465.970s] [ 78%] [32mBuilding CXX object CMakeFiles/ros1_bridge.dir/generated/std_msgs__msg__ColorRGBA__factories.cpp.o[0m
[466.278s] [ 78%] [32mBuilding CXX object CMakeFiles/ros1_bridge.dir/generated/std_msgs__msg__Empty__factories.cpp.o[0m
[468.513s] [ 79%] [32mBuilding CXX object CMakeFiles/ros1_bridge.dir/generated/std_msgs__msg__Float32__factories.cpp.o[0m
[468.922s] [ 79%] [32mBuilding CXX object CMakeFiles/ros1_bridge.dir/generated/std_msgs__msg__Float32MultiArray__factories.cpp.o[0m
[480.694s] [ 79%] [32mBuilding CXX object CMakeFiles/ros1_bridge.dir/generated/std_msgs__msg__Float64__factories.cpp.o[0m
[480.719s] [ 79%] [32mBuilding CXX object CMakeFiles/ros1_bridge.dir/generated/std_msgs__msg__Float64MultiArray__factories.cpp.o[0m
[482.329s] [ 79%] [32mBuilding CXX object CMakeFiles/ros1_bridge.dir/generated/std_msgs__msg__Header__factories.cpp.o[0m
[482.336s] [ 80%] [32mBuilding CXX object CMakeFiles/ros1_bridge.dir/generated/std_msgs__msg__Int16__factories.cpp.o[0m
[482.808s] [ 80%] [32mBuilding CXX object CMakeFiles/ros1_bridge.dir/generated/std_msgs__msg__Int16MultiArray__factories.cpp.o[0m
[482.814s] [ 80%] [32mBuilding CXX object CMakeFiles/ros1_bridge.dir/generated/std_msgs__msg__Int32__factories.cpp.o[0m
[484.819s] [ 80%] [32mBuilding CXX object CMakeFiles/ros1_bridge.dir/generated/std_msgs__msg__Int32MultiArray__factories.cpp.o[0m
[485.873s] [ 81%] [32mBuilding CXX object CMakeFiles/ros1_bridge.dir/generated/std_msgs__msg__Int64__factories.cpp.o[0m
[497.839s] [ 81%] [32mBuilding CXX object CMakeFiles/ros1_bridge.dir/generated/std_msgs__msg__Int64MultiArray__factories.cpp.o[0m
[498.056s] [ 81%] [32mBuilding CXX object CMakeFiles/ros1_bridge.dir/generated/std_msgs__msg__Int8__factories.cpp.o[0m
[498.917s] [ 81%] [32mBuilding CXX object CMakeFiles/ros1_bridge.dir/generated/std_msgs__msg__Int8MultiArray__factories.cpp.o[0m
[499.034s] [ 82%] [32mBuilding CXX object CMakeFiles/ros1_bridge.dir/generated/std_msgs__msg__MultiArrayDimension__factories.cpp.o[0m
[499.791s] [ 82%] [32mBuilding CXX object CMakeFiles/ros1_bridge.dir/generated/std_msgs__msg__MultiArrayLayout__factories.cpp.o[0m
[499.825s] [ 82%] [32mBuilding CXX object CMakeFiles/ros1_bridge.dir/generated/std_msgs__msg__String__factories.cpp.o[0m
[501.654s] [ 82%] [32mBuilding CXX object CMakeFiles/ros1_bridge.dir/generated/std_msgs__msg__UInt16__factories.cpp.o[0m
[502.751s] [ 82%] [32mBuilding CXX object CMakeFiles/ros1_bridge.dir/generated/std_msgs__msg__UInt16MultiArray__factories.cpp.o[0m
[517.546s] [ 82%] [32mBuilding CXX object CMakeFiles/ros1_bridge.dir/generated/std_srvs_factories.cpp.o[0m
[520.560s] [ 82%] [32mBuilding CXX object CMakeFiles/ros1_bridge.dir/generated/std_msgs__msg__UInt8MultiArray__factories.cpp.o[0m
[520.561s] [ 82%] [32mBuilding CXX object CMakeFiles/ros1_bridge.dir/generated/std_srvs__srv__Empty__factories.cpp.o[0m
[520.561s] [ 83%] [32mBuilding CXX object CMakeFiles/ros1_bridge.dir/generated/std_msgs__msg__UInt8__factories.cpp.o[0m
[520.838s] [ 83%] [32mBuilding CXX object CMakeFiles/ros1_bridge.dir/generated/std_msgs__msg__UInt64__factories.cpp.o[0m
[520.841s] [ 83%] [32mBuilding CXX object CMakeFiles/ros1_bridge.dir/generated/std_msgs__msg__UInt64MultiArray__factories.cpp.o[0m
[521.860s] [ 84%] [32mBuilding CXX object CMakeFiles/ros1_bridge.dir/generated/std_srvs__srv__SetBool__factories.cpp.o[0m
[521.861s] [ 84%] [32mBuilding CXX object CMakeFiles/ros1_bridge.dir/generated/std_msgs__msg__UInt32MultiArray__factories.cpp.o[0m
[522.886s] [ 85%] [32mBuilding CXX object CMakeFiles/ros1_bridge.dir/generated/std_msgs__msg__UInt32__factories.cpp.o[0m
[529.829s] [ 85%] [32mBuilding CXX object CMakeFiles/ros1_bridge.dir/generated/std_srvs__srv__Trigger__factories.cpp.o[0m
[532.420s] [ 85%] [32mBuilding CXX object CMakeFiles/ros1_bridge.dir/generated/stereo_msgs_factories.cpp.o[0m
[536.266s] [ 85%] [32mBuilding CXX object CMakeFiles/ros1_bridge.dir/generated/stereo_msgs__msg__DisparityImage__factories.cpp.o[0m
[536.351s] [ 85%] [32mBuilding CXX object CMakeFiles/ros1_bridge.dir/generated/test_msgs_factories.cpp.o[0m
[536.363s] [ 86%] [32mBuilding CXX object CMakeFiles/ros1_bridge.dir/generated/test_msgs__msg__Arrays__factories.cpp.o[0m
[537.755s] [ 86%] [32mBuilding CXX object CMakeFiles/ros1_bridge.dir/generated/test_msgs__msg__BasicTypes__factories.cpp.o[0m
[539.283s] [ 86%] [32mBuilding CXX object CMakeFiles/ros1_bridge.dir/generated/test_msgs__msg__BoundedSequences__factories.cpp.o[0m
[540.115s] [ 86%] [32mBuilding CXX object CMakeFiles/ros1_bridge.dir/generated/test_msgs__msg__Constants__factories.cpp.o[0m
[540.224s] [ 87%] [32mBuilding CXX object CMakeFiles/ros1_bridge.dir/generated/test_msgs__msg__Defaults__factories.cpp.o[0m
[540.806s] [ 87%] [32mBuilding CXX object CMakeFiles/ros1_bridge.dir/generated/test_msgs__msg__Empty__factories.cpp.o[0m
[543.935s] [ 87%] [32mBuilding CXX object CMakeFiles/ros1_bridge.dir/generated/test_msgs__msg__MultiNested__factories.cpp.o[0m
[544.029s] [ 87%] [32mBuilding CXX object CMakeFiles/ros1_bridge.dir/generated/test_msgs__msg__Nested__factories.cpp.o[0m
[545.492s] [ 88%] [32mBuilding CXX object CMakeFiles/ros1_bridge.dir/generated/test_msgs__msg__Strings__factories.cpp.o[0m
[547.081s] [ 88%] [32mBuilding CXX object CMakeFiles/ros1_bridge.dir/generated/test_msgs__msg__UnboundedSequences__factories.cpp.o[0m
[547.780s] [ 88%] [32mBuilding CXX object CMakeFiles/ros1_bridge.dir/generated/test_msgs__msg__WStrings__factories.cpp.o[0m
[548.083s] [ 88%] [32mBuilding CXX object CMakeFiles/ros1_bridge.dir/generated/test_msgs__srv__Arrays__factories.cpp.o[0m
[548.696s] [ 89%] [32mBuilding CXX object CMakeFiles/ros1_bridge.dir/generated/test_msgs__srv__BasicTypes__factories.cpp.o[0m
[551.856s] [ 89%] [32mBuilding CXX object CMakeFiles/ros1_bridge.dir/generated/test_msgs__srv__Empty__factories.cpp.o[0m
[551.969s] [ 89%] [32mBuilding CXX object CMakeFiles/ros1_bridge.dir/generated/test_msgs__msg__Builtins__factories.cpp.o[0m
[553.386s] [ 89%] [32mBuilding CXX object CMakeFiles/ros1_bridge.dir/generated/tf2_msgs_factories.cpp.o[0m
[553.726s] [ 89%] [32mBuilding CXX object CMakeFiles/ros1_bridge.dir/generated/tf2_msgs__msg__TF2Error__factories.cpp.o[0m
[554.864s] [ 90%] [32mBuilding CXX object CMakeFiles/ros1_bridge.dir/generated/tf2_msgs__msg__TFMessage__factories.cpp.o[0m
[555.390s] [ 90%] [32mBuilding CXX object CMakeFiles/ros1_bridge.dir/generated/tf2_msgs__srv__FrameGraph__factories.cpp.o[0m
[555.838s] [ 90%] [32mBuilding CXX object CMakeFiles/ros1_bridge.dir/generated/trajectory_msgs_factories.cpp.o[0m
[556.504s] [ 90%] [32mBuilding CXX object CMakeFiles/ros1_bridge.dir/generated/trajectory_msgs__msg__JointTrajectory__factories.cpp.o[0m
[559.580s] [ 91%] [32mBuilding CXX object CMakeFiles/ros1_bridge.dir/generated/trajectory_msgs__msg__JointTrajectoryPoint__factories.cpp.o[0m
[559.590s] [ 91%] [32mBuilding CXX object CMakeFiles/ros1_bridge.dir/generated/trajectory_msgs__msg__MultiDOFJointTrajectory__factories.cpp.o[0m
[561.345s] [ 91%] [32mBuilding CXX object CMakeFiles/ros1_bridge.dir/generated/trajectory_msgs__msg__MultiDOFJointTrajectoryPoint__factories.cpp.o[0m
[563.923s] [ 91%] [32mBuilding CXX object CMakeFiles/ros1_bridge.dir/generated/turtlebot3_msgs_factories.cpp.o[0m
[566.427s] [ 92%] [32mBuilding CXX object CMakeFiles/ros1_bridge.dir/generated/turtlebot3_msgs__msg__SensorState__factories.cpp.o[0m
[575.389s] [ 93%] [32mBuilding CXX object CMakeFiles/ros1_bridge.dir/generated/turtlesim_factories.cpp.o[0m
[575.389s] [ 93%] [32mBuilding CXX object CMakeFiles/ros1_bridge.dir/generated/turtlebot3_msgs__srv__Dqn__factories.cpp.o[0m
[575.622s] [ 93%] [32mBuilding CXX object CMakeFiles/ros1_bridge.dir/generated/turtlesim__msg__Color__factories.cpp.o[0m
[576.640s] [ 93%] [32mBuilding CXX object CMakeFiles/ros1_bridge.dir/generated/turtlesim__msg__Pose__factories.cpp.o[0m
[577.658s] [ 93%] [32mBuilding CXX object CMakeFiles/ros1_bridge.dir/generated/turtlebot3_msgs__srv__Sound__factories.cpp.o[0m
[578.679s] [ 93%] [32mBuilding CXX object CMakeFiles/ros1_bridge.dir/generated/turtlebot3_msgs__msg__VersionInfo__factories.cpp.o[0m
[578.762s] [ 93%] [32mBuilding CXX object CMakeFiles/ros1_bridge.dir/generated/turtlebot3_msgs__msg__Sound__factories.cpp.o[0m
[578.767s] [ 93%] [32mBuilding CXX object CMakeFiles/ros1_bridge.dir/generated/turtlesim__srv__Kill__factories.cpp.o[0m
[580.686s] [ 94%] [32mBuilding CXX object CMakeFiles/ros1_bridge.dir/generated/turtlesim__srv__SetPen__factories.cpp.o[0m
[581.702s] [ 94%] [32mBuilding CXX object CMakeFiles/ros1_bridge.dir/generated/turtlesim__srv__Spawn__factories.cpp.o[0m
[581.937s] [ 94%] [32mBuilding CXX object CMakeFiles/ros1_bridge.dir/generated/turtlesim__srv__TeleportAbsolute__factories.cpp.o[0m
[584.023s] [ 94%] [32mBuilding CXX object CMakeFiles/ros1_bridge.dir/generated/turtlesim__srv__TeleportRelative__factories.cpp.o[0m
[585.197s] [ 95%] [32mBuilding CXX object CMakeFiles/ros1_bridge.dir/generated/unique_identifier_msgs_factories.cpp.o[0m
[589.805s] [ 95%] [32mBuilding CXX object CMakeFiles/ros1_bridge.dir/generated/unique_identifier_msgs__msg__UUID__factories.cpp.o[0m
[591.100s] [ 95%] [32mBuilding CXX object CMakeFiles/ros1_bridge.dir/generated/visualization_msgs_factories.cpp.o[0m
[592.479s] [ 95%] [32mBuilding CXX object CMakeFiles/ros1_bridge.dir/generated/visualization_msgs__msg__ImageMarker__factories.cpp.o[0m
[592.665s] [ 95%] [32mBuilding CXX object CMakeFiles/ros1_bridge.dir/generated/visualization_msgs__msg__InteractiveMarker__factories.cpp.o[0m
[593.141s] [ 96%] [32mBuilding CXX object CMakeFiles/ros1_bridge.dir/generated/visualization_msgs__msg__InteractiveMarkerControl__factories.cpp.o[0m
[594.953s] [ 96%] [32mBuilding CXX object CMakeFiles/ros1_bridge.dir/generated/visualization_msgs__msg__InteractiveMarkerFeedback__factories.cpp.o[0m
[595.516s] [ 96%] [32mBuilding CXX object CMakeFiles/ros1_bridge.dir/generated/visualization_msgs__msg__InteractiveMarkerInit__factories.cpp.o[0m
[595.743s] [ 96%] [32mBuilding CXX object CMakeFiles/ros1_bridge.dir/generated/visualization_msgs__msg__InteractiveMarkerPose__factories.cpp.o[0m
[599.058s] [ 97%] [32mBuilding CXX object CMakeFiles/ros1_bridge.dir/generated/visualization_msgs__msg__InteractiveMarkerUpdate__factories.cpp.o[0m
[606.949s] [ 97%] [32mBuilding CXX object CMakeFiles/ros1_bridge.dir/generated/visualization_msgs__msg__Marker__factories.cpp.o[0m
[610.382s] [ 97%] [32mBuilding CXX object CMakeFiles/ros1_bridge.dir/generated/visualization_msgs__msg__MarkerArray__factories.cpp.o[0m
[610.926s] [ 97%] [32mBuilding CXX object CMakeFiles/ros1_bridge.dir/generated/visualization_msgs__msg__MenuEntry__factories.cpp.o[0m
[611.025s] [ 98%] [32mBuilding CXX object CMakeFiles/ros1_bridge.dir/generated/visualization_msgs__srv__GetInteractiveMarkers__factories.cpp.o[0m
[622.314s] [ 98%] [32m[1mLinking CXX shared library libros1_bridge.so[0m
[697.647s] [ 99%] Built target ros1_bridge
[697.660s] [35m[1mScanning dependencies of target static_bridge[0m
[697.660s] [35m[1mScanning dependencies of target dynamic_bridge[0m
[697.660s] [35m[1mScanning dependencies of target parameter_bridge[0m
[697.682s] [ 99%] [32mBuilding CXX object CMakeFiles/static_bridge.dir/src/static_bridge.cpp.o[0m
[697.686s] [ 99%] [32mBuilding CXX object CMakeFiles/parameter_bridge.dir/src/parameter_bridge.cpp.o[0m
[697.686s] [ 99%] [32mBuilding CXX object CMakeFiles/dynamic_bridge.dir/src/dynamic_bridge.cpp.o[0m
[701.621s] [100%] [32m[1mLinking CXX executable static_bridge[0m
[701.906s] [100%] [32m[1mLinking CXX executable parameter_bridge[0m
[703.453s] [100%] [32m[1mLinking CXX executable dynamic_bridge[0m
[765.443s] /usr/bin/ld: libros1_bridge.so: undefined reference to `ros1_bridge::Factory<controller_manager_msgs::ControllerState_<std::allocator<void> >, controller_manager_msgs::msg::ControllerState_<std::allocator<void> > >::convert_1_to_2(controller_manager_msgs::ControllerState_<std::allocator<void> > const&, controller_manager_msgs::msg::ControllerState_<std::allocator<void> >&)'
[765.443s] /usr/bin/ld: libros1_bridge.so: undefined reference to `ros1_bridge::Factory<controller_manager_msgs::ControllerState_<std::allocator<void> >, controller_manager_msgs::msg::ControllerState_<std::allocator<void> > >::convert_2_to_1(controller_manager_msgs::msg::ControllerState_<std::allocator<void> > const&, controller_manager_msgs::ControllerState_<std::allocator<void> >&)'
[765.443s] collect2: error: ld returned 1 exit status
[765.446s] make[2]: *** [CMakeFiles/static_bridge.dir/build.make:393: static_bridge] Error 1
[765.446s] make[1]: *** [CMakeFiles/Makefile2:233: CMakeFiles/static_bridge.dir/all] Error 2
[765.446s] make[1]: *** Waiting for unfinished jobs....
[766.063s] /usr/bin/ld: libros1_bridge.so: undefined reference to `ros1_bridge::Factory<controller_manager_msgs::ControllerState_<std::allocator<void> >, controller_manager_msgs::msg::ControllerState_<std::allocator<void> > >::convert_1_to_2(controller_manager_msgs::ControllerState_<std::allocator<void> > const&, controller_manager_msgs::msg::ControllerState_<std::allocator<void> >&)'
[766.064s] /usr/bin/ld: libros1_bridge.so: undefined reference to `ros1_bridge::Factory<controller_manager_msgs::ControllerState_<std::allocator<void> >, controller_manager_msgs::msg::ControllerState_<std::allocator<void> > >::convert_2_to_1(controller_manager_msgs::msg::ControllerState_<std::allocator<void> > const&, controller_manager_msgs::ControllerState_<std::allocator<void> >&)'
[766.064s] collect2: error: ld returned 1 exit status
[766.066s] make[2]: *** [CMakeFiles/parameter_bridge.dir/build.make:393: parameter_bridge] Error 1
[766.066s] make[1]: *** [CMakeFiles/Makefile2:314: CMakeFiles/parameter_bridge.dir/all] Error 2
[767.272s] /usr/bin/ld: warning: libconsole_bridge.so.0.4, needed by /opt/ros/noetic/lib/libcpp_common.so, may conflict with libconsole_bridge.so.1.0
[767.272s] /usr/bin/ld: libros1_bridge.so: undefined reference to `ros1_bridge::Factory<controller_manager_msgs::ControllerState_<std::allocator<void> >, controller_manager_msgs::msg::ControllerState_<std::allocator<void> > >::convert_1_to_2(controller_manager_msgs::ControllerState_<std::allocator<void> > const&, controller_manager_msgs::msg::ControllerState_<std::allocator<void> >&)'
[767.272s] /usr/bin/ld: libros1_bridge.so: undefined reference to `ros1_bridge::Factory<controller_manager_msgs::ControllerState_<std::allocator<void> >, controller_manager_msgs::msg::ControllerState_<std::allocator<void> > >::convert_2_to_1(controller_manager_msgs::msg::ControllerState_<std::allocator<void> > const&, controller_manager_msgs::ControllerState_<std::allocator<void> >&)'
[767.273s] collect2: error: ld returned 1 exit status
[767.274s] make[2]: *** [CMakeFiles/dynamic_bridge.dir/build.make:393: dynamic_bridge] Error 1
[767.275s] make[1]: *** [CMakeFiles/Makefile2:341: CMakeFiles/dynamic_bridge.dir/all] Error 2
[767.275s] make: *** [Makefile:141: all] Error 2
[767.283s] Invoked command in '/home/yonathanarya/colcon_ws/build/ros1_bridge' returned '2': CMAKE_PREFIX_PATH=/home/yonathanarya/colcon_ws/install/turtlebot3_act_interfaces:/home/yonathanarya/colcon_ws/install/turtlebot3_simulations:/home/yonathanarya/colcon_ws/install/turtlebot3_gazebo:/home/yonathanarya/colcon_ws/install/turtlebot3_fake_node:/home/yonathanarya/colcon_ws/install/raspimouse_description:/home/yonathanarya/colcon_ws/install/turtlebot3_infiniteloop:/home/yonathanarya/colcon_ws/install/turtlebot3_actionserver:/home/yonathanarya/colcon_ws/install/turtlebot3_action:/opt/ros/foxy PYTHONPATH=/home/yonathanarya/colcon_ws/install/turtlebot3_act_interfaces/lib/python3.8/site-packages:/home/yonathanarya/colcon_ws/build/turtlebot3_infiniteloop:/home/yonathanarya/colcon_ws/install/turtlebot3_infiniteloop/lib/python3.8/site-packages:/home/yonathanarya/colcon_ws/build/turtlebot3_actionserver:/home/yonathanarya/colcon_ws/install/turtlebot3_actionserver/lib/python3.8/site-packages:/home/yonathanarya/colcon_ws/build/turtlebot3_action:/home/yonathanarya/colcon_ws/install/turtlebot3_action/lib/python3.8/site-packages:/opt/ros/foxy/lib/python3.8/site-packages /usr/bin/cmake --build /home/yonathanarya/colcon_ws/build/ros1_bridge -- -j8 -l8
