running egg_info
writing ../../build/turtlebot3_actionserver/turtlebot3_actionserver.egg-info/PKG-INFO
writing dependency_links to ../../build/turtlebot3_actionserver/turtlebot3_actionserver.egg-info/dependency_links.txt
writing entry points to ../../build/turtlebot3_actionserver/turtlebot3_actionserver.egg-info/entry_points.txt
writing requirements to ../../build/turtlebot3_actionserver/turtlebot3_actionserver.egg-info/requires.txt
writing top-level names to ../../build/turtlebot3_actionserver/turtlebot3_actionserver.egg-info/top_level.txt
reading manifest file '../../build/turtlebot3_actionserver/turtlebot3_actionserver.egg-info/SOURCES.txt'
writing manifest file '../../build/turtlebot3_actionserver/turtlebot3_actionserver.egg-info/SOURCES.txt'
running build
running build_py
creating /home/yonathanarya/colcon_ws/build/turtlebot3_actionserver/build/lib/turtlebot3_actionserver/turtlebot3_server
copying turtlebot3_actionserver/turtlebot3_server/__init__.py -> /home/yonathanarya/colcon_ws/build/turtlebot3_actionserver/build/lib/turtlebot3_actionserver/turtlebot3_server
copying turtlebot3_actionserver/turtlebot3_server/main.py -> /home/yonathanarya/colcon_ws/build/turtlebot3_actionserver/build/lib/turtlebot3_actionserver/turtlebot3_server
copying turtlebot3_actionserver/turtlebot3_server/turtlebot3_server.py -> /home/yonathanarya/colcon_ws/build/turtlebot3_actionserver/build/lib/turtlebot3_actionserver/turtlebot3_server
copying turtlebot3_actionserver/turtlebot3_server/turtlebot3_path.py -> /home/yonathanarya/colcon_ws/build/turtlebot3_actionserver/build/lib/turtlebot3_actionserver/turtlebot3_server
creating /home/yonathanarya/colcon_ws/build/turtlebot3_actionserver/build/lib/turtlebot3_actionserver/turtlebot3_client
copying turtlebot3_actionserver/turtlebot3_client/__init__.py -> /home/yonathanarya/colcon_ws/build/turtlebot3_actionserver/build/lib/turtlebot3_actionserver/turtlebot3_client
copying turtlebot3_actionserver/turtlebot3_client/turtlebot3_client.py -> /home/yonathanarya/colcon_ws/build/turtlebot3_actionserver/build/lib/turtlebot3_actionserver/turtlebot3_client
copying turtlebot3_actionserver/turtlebot3_client/main.py -> /home/yonathanarya/colcon_ws/build/turtlebot3_actionserver/build/lib/turtlebot3_actionserver/turtlebot3_client
running install
running install_lib
creating /home/yonathanarya/colcon_ws/install/turtlebot3_actionserver/lib/python3.8/site-packages/turtlebot3_actionserver/turtlebot3_server
copying /home/yonathanarya/colcon_ws/build/turtlebot3_actionserver/build/lib/turtlebot3_actionserver/turtlebot3_server/__init__.py -> /home/yonathanarya/colcon_ws/install/turtlebot3_actionserver/lib/python3.8/site-packages/turtlebot3_actionserver/turtlebot3_server
copying /home/yonathanarya/colcon_ws/build/turtlebot3_actionserver/build/lib/turtlebot3_actionserver/turtlebot3_server/main.py -> /home/yonathanarya/colcon_ws/install/turtlebot3_actionserver/lib/python3.8/site-packages/turtlebot3_actionserver/turtlebot3_server
copying /home/yonathanarya/colcon_ws/build/turtlebot3_actionserver/build/lib/turtlebot3_actionserver/turtlebot3_server/turtlebot3_server.py -> /home/yonathanarya/colcon_ws/install/turtlebot3_actionserver/lib/python3.8/site-packages/turtlebot3_actionserver/turtlebot3_server
copying /home/yonathanarya/colcon_ws/build/turtlebot3_actionserver/build/lib/turtlebot3_actionserver/turtlebot3_server/turtlebot3_path.py -> /home/yonathanarya/colcon_ws/install/turtlebot3_actionserver/lib/python3.8/site-packages/turtlebot3_actionserver/turtlebot3_server
creating /home/yonathanarya/colcon_ws/install/turtlebot3_actionserver/lib/python3.8/site-packages/turtlebot3_actionserver/turtlebot3_client
copying /home/yonathanarya/colcon_ws/build/turtlebot3_actionserver/build/lib/turtlebot3_actionserver/turtlebot3_client/__init__.py -> /home/yonathanarya/colcon_ws/install/turtlebot3_actionserver/lib/python3.8/site-packages/turtlebot3_actionserver/turtlebot3_client
copying /home/yonathanarya/colcon_ws/build/turtlebot3_actionserver/build/lib/turtlebot3_actionserver/turtlebot3_client/turtlebot3_client.py -> /home/yonathanarya/colcon_ws/install/turtlebot3_actionserver/lib/python3.8/site-packages/turtlebot3_actionserver/turtlebot3_client
copying /home/yonathanarya/colcon_ws/build/turtlebot3_actionserver/build/lib/turtlebot3_actionserver/turtlebot3_client/main.py -> /home/yonathanarya/colcon_ws/install/turtlebot3_actionserver/lib/python3.8/site-packages/turtlebot3_actionserver/turtlebot3_client
byte-compiling /home/yonathanarya/colcon_ws/install/turtlebot3_actionserver/lib/python3.8/site-packages/turtlebot3_actionserver/turtlebot3_server/__init__.py to __init__.cpython-38.pyc
byte-compiling /home/yonathanarya/colcon_ws/install/turtlebot3_actionserver/lib/python3.8/site-packages/turtlebot3_actionserver/turtlebot3_server/main.py to main.cpython-38.pyc
byte-compiling /home/yonathanarya/colcon_ws/install/turtlebot3_actionserver/lib/python3.8/site-packages/turtlebot3_actionserver/turtlebot3_server/turtlebot3_server.py to turtlebot3_server.cpython-38.pyc
byte-compiling /home/yonathanarya/colcon_ws/install/turtlebot3_actionserver/lib/python3.8/site-packages/turtlebot3_actionserver/turtlebot3_server/turtlebot3_path.py to turtlebot3_path.cpython-38.pyc
byte-compiling /home/yonathanarya/colcon_ws/install/turtlebot3_actionserver/lib/python3.8/site-packages/turtlebot3_actionserver/turtlebot3_client/__init__.py to __init__.cpython-38.pyc
byte-compiling /home/yonathanarya/colcon_ws/install/turtlebot3_actionserver/lib/python3.8/site-packages/turtlebot3_actionserver/turtlebot3_client/turtlebot3_client.py to turtlebot3_client.cpython-38.pyc
byte-compiling /home/yonathanarya/colcon_ws/install/turtlebot3_actionserver/lib/python3.8/site-packages/turtlebot3_actionserver/turtlebot3_client/main.py to main.cpython-38.pyc
running install_data
copying package.xml -> /home/yonathanarya/colcon_ws/install/turtlebot3_actionserver/share/turtlebot3_actionserver
running install_egg_info
removing '/home/yonathanarya/colcon_ws/install/turtlebot3_actionserver/lib/python3.8/site-packages/turtlebot3_actionserver-1.0.0-py3.8.egg-info' (and everything under it)
Copying ../../build/turtlebot3_actionserver/turtlebot3_actionserver.egg-info to /home/yonathanarya/colcon_ws/install/turtlebot3_actionserver/lib/python3.8/site-packages/turtlebot3_actionserver-1.0.0-py3.8.egg-info
running install_scripts
Installing turtlebot3_client script to /home/yonathanarya/colcon_ws/install/turtlebot3_actionserver/lib/turtlebot3_actionserver
Installing turtlebot3_server script to /home/yonathanarya/colcon_ws/install/turtlebot3_actionserver/lib/turtlebot3_actionserver
writing list of installed files to '/home/yonathanarya/colcon_ws/build/turtlebot3_actionserver/install.log'
